ARM GAS  C:\Users\BLACK_~1\AppData\Local\Temp\ccYyuoQi.s 			page 1


   1              		.cpu cortex-m4
   2              		.arch armv7e-m
   3              		.fpu fpv4-sp-d16
   4              		.eabi_attribute 27, 1
   5              		.eabi_attribute 28, 1
   6              		.eabi_attribute 20, 1
   7              		.eabi_attribute 21, 1
   8              		.eabi_attribute 23, 3
   9              		.eabi_attribute 24, 1
  10              		.eabi_attribute 25, 1
  11              		.eabi_attribute 26, 1
  12              		.eabi_attribute 30, 1
  13              		.eabi_attribute 34, 1
  14              		.eabi_attribute 18, 4
  15              		.file	"bridgeif_fdb.c"
  16              		.text
  17              	.Ltext0:
  18              		.cfi_sections	.debug_frame
  19              		.section	.text.bridgeif_fdb_age_one_second,"ax",%progbits
  20              		.align	1
  21              		.syntax unified
  22              		.thumb
  23              		.thumb_func
  25              	bridgeif_fdb_age_one_second:
  26              	.LVL0:
  27              	.LFB158:
  28              		.file 1 "c:/Users/Black_Life/STM32Cube/Repository/STM32Cube_FW_F4_V1.26.2/Middlewares/Third_Party/
   1:c:/Users/Black_Life/STM32Cube/Repository/STM32Cube_FW_F4_V1.26.2/Middlewares/Third_Party/LwIP/src/netif\bridgeif_fdb.c **** /**
   2:c:/Users/Black_Life/STM32Cube/Repository/STM32Cube_FW_F4_V1.26.2/Middlewares/Third_Party/LwIP/src/netif\bridgeif_fdb.c ****  * @file
   3:c:/Users/Black_Life/STM32Cube/Repository/STM32Cube_FW_F4_V1.26.2/Middlewares/Third_Party/LwIP/src/netif\bridgeif_fdb.c ****  * lwIP netif implementing an FDB for IEEE 802.1D MAC Bridge
   4:c:/Users/Black_Life/STM32Cube/Repository/STM32Cube_FW_F4_V1.26.2/Middlewares/Third_Party/LwIP/src/netif\bridgeif_fdb.c ****  */
   5:c:/Users/Black_Life/STM32Cube/Repository/STM32Cube_FW_F4_V1.26.2/Middlewares/Third_Party/LwIP/src/netif\bridgeif_fdb.c **** 
   6:c:/Users/Black_Life/STM32Cube/Repository/STM32Cube_FW_F4_V1.26.2/Middlewares/Third_Party/LwIP/src/netif\bridgeif_fdb.c **** /*
   7:c:/Users/Black_Life/STM32Cube/Repository/STM32Cube_FW_F4_V1.26.2/Middlewares/Third_Party/LwIP/src/netif\bridgeif_fdb.c ****  * Copyright (c) 2017 Simon Goldschmidt.
   8:c:/Users/Black_Life/STM32Cube/Repository/STM32Cube_FW_F4_V1.26.2/Middlewares/Third_Party/LwIP/src/netif\bridgeif_fdb.c ****  * All rights reserved.
   9:c:/Users/Black_Life/STM32Cube/Repository/STM32Cube_FW_F4_V1.26.2/Middlewares/Third_Party/LwIP/src/netif\bridgeif_fdb.c ****  *
  10:c:/Users/Black_Life/STM32Cube/Repository/STM32Cube_FW_F4_V1.26.2/Middlewares/Third_Party/LwIP/src/netif\bridgeif_fdb.c ****  * Redistribution and use in source and binary forms, with or without modification,
  11:c:/Users/Black_Life/STM32Cube/Repository/STM32Cube_FW_F4_V1.26.2/Middlewares/Third_Party/LwIP/src/netif\bridgeif_fdb.c ****  * are permitted provided that the following conditions are met:
  12:c:/Users/Black_Life/STM32Cube/Repository/STM32Cube_FW_F4_V1.26.2/Middlewares/Third_Party/LwIP/src/netif\bridgeif_fdb.c ****  *
  13:c:/Users/Black_Life/STM32Cube/Repository/STM32Cube_FW_F4_V1.26.2/Middlewares/Third_Party/LwIP/src/netif\bridgeif_fdb.c ****  * 1. Redistributions of source code must retain the above copyright notice,
  14:c:/Users/Black_Life/STM32Cube/Repository/STM32Cube_FW_F4_V1.26.2/Middlewares/Third_Party/LwIP/src/netif\bridgeif_fdb.c ****  *    this list of conditions and the following disclaimer.
  15:c:/Users/Black_Life/STM32Cube/Repository/STM32Cube_FW_F4_V1.26.2/Middlewares/Third_Party/LwIP/src/netif\bridgeif_fdb.c ****  * 2. Redistributions in binary form must reproduce the above copyright notice,
  16:c:/Users/Black_Life/STM32Cube/Repository/STM32Cube_FW_F4_V1.26.2/Middlewares/Third_Party/LwIP/src/netif\bridgeif_fdb.c ****  *    this list of conditions and the following disclaimer in the documentation
  17:c:/Users/Black_Life/STM32Cube/Repository/STM32Cube_FW_F4_V1.26.2/Middlewares/Third_Party/LwIP/src/netif\bridgeif_fdb.c ****  *    and/or other materials provided with the distribution.
  18:c:/Users/Black_Life/STM32Cube/Repository/STM32Cube_FW_F4_V1.26.2/Middlewares/Third_Party/LwIP/src/netif\bridgeif_fdb.c ****  * 3. The name of the author may not be used to endorse or promote products
  19:c:/Users/Black_Life/STM32Cube/Repository/STM32Cube_FW_F4_V1.26.2/Middlewares/Third_Party/LwIP/src/netif\bridgeif_fdb.c ****  *    derived from this software without specific prior written permission.
  20:c:/Users/Black_Life/STM32Cube/Repository/STM32Cube_FW_F4_V1.26.2/Middlewares/Third_Party/LwIP/src/netif\bridgeif_fdb.c ****  *
  21:c:/Users/Black_Life/STM32Cube/Repository/STM32Cube_FW_F4_V1.26.2/Middlewares/Third_Party/LwIP/src/netif\bridgeif_fdb.c ****  * THIS SOFTWARE IS PROVIDED BY THE AUTHOR ``AS IS'' AND ANY EXPRESS OR IMPLIED
  22:c:/Users/Black_Life/STM32Cube/Repository/STM32Cube_FW_F4_V1.26.2/Middlewares/Third_Party/LwIP/src/netif\bridgeif_fdb.c ****  * WARRANTIES, INCLUDING, BUT NOT LIMITED TO, THE IMPLIED WARRANTIES OF
  23:c:/Users/Black_Life/STM32Cube/Repository/STM32Cube_FW_F4_V1.26.2/Middlewares/Third_Party/LwIP/src/netif\bridgeif_fdb.c ****  * MERCHANTABILITY AND FITNESS FOR A PARTICULAR PURPOSE ARE DISCLAIMED. IN NO EVENT
  24:c:/Users/Black_Life/STM32Cube/Repository/STM32Cube_FW_F4_V1.26.2/Middlewares/Third_Party/LwIP/src/netif\bridgeif_fdb.c ****  * SHALL THE AUTHOR BE LIABLE FOR ANY DIRECT, INDIRECT, INCIDENTAL, SPECIAL,
  25:c:/Users/Black_Life/STM32Cube/Repository/STM32Cube_FW_F4_V1.26.2/Middlewares/Third_Party/LwIP/src/netif\bridgeif_fdb.c ****  * EXEMPLARY, OR CONSEQUENTIAL DAMAGES (INCLUDING, BUT NOT LIMITED TO, PROCUREMENT
  26:c:/Users/Black_Life/STM32Cube/Repository/STM32Cube_FW_F4_V1.26.2/Middlewares/Third_Party/LwIP/src/netif\bridgeif_fdb.c ****  * OF SUBSTITUTE GOODS OR SERVICES; LOSS OF USE, DATA, OR PROFITS; OR BUSINESS
  27:c:/Users/Black_Life/STM32Cube/Repository/STM32Cube_FW_F4_V1.26.2/Middlewares/Third_Party/LwIP/src/netif\bridgeif_fdb.c ****  * INTERRUPTION) HOWEVER CAUSED AND ON ANY THEORY OF LIABILITY, WHETHER IN
  28:c:/Users/Black_Life/STM32Cube/Repository/STM32Cube_FW_F4_V1.26.2/Middlewares/Third_Party/LwIP/src/netif\bridgeif_fdb.c ****  * CONTRACT, STRICT LIABILITY, OR TORT (INCLUDING NEGLIGENCE OR OTHERWISE) ARISING
  29:c:/Users/Black_Life/STM32Cube/Repository/STM32Cube_FW_F4_V1.26.2/Middlewares/Third_Party/LwIP/src/netif\bridgeif_fdb.c ****  * IN ANY WAY OUT OF THE USE OF THIS SOFTWARE, EVEN IF ADVISED OF THE POSSIBILITY
  30:c:/Users/Black_Life/STM32Cube/Repository/STM32Cube_FW_F4_V1.26.2/Middlewares/Third_Party/LwIP/src/netif\bridgeif_fdb.c ****  * OF SUCH DAMAGE.
ARM GAS  C:\Users\BLACK_~1\AppData\Local\Temp\ccYyuoQi.s 			page 2


  31:c:/Users/Black_Life/STM32Cube/Repository/STM32Cube_FW_F4_V1.26.2/Middlewares/Third_Party/LwIP/src/netif\bridgeif_fdb.c ****  *
  32:c:/Users/Black_Life/STM32Cube/Repository/STM32Cube_FW_F4_V1.26.2/Middlewares/Third_Party/LwIP/src/netif\bridgeif_fdb.c ****  * This file is part of the lwIP TCP/IP stack.
  33:c:/Users/Black_Life/STM32Cube/Repository/STM32Cube_FW_F4_V1.26.2/Middlewares/Third_Party/LwIP/src/netif\bridgeif_fdb.c ****  *
  34:c:/Users/Black_Life/STM32Cube/Repository/STM32Cube_FW_F4_V1.26.2/Middlewares/Third_Party/LwIP/src/netif\bridgeif_fdb.c ****  * Author: Simon Goldschmidt <goldsimon@gmx.de>
  35:c:/Users/Black_Life/STM32Cube/Repository/STM32Cube_FW_F4_V1.26.2/Middlewares/Third_Party/LwIP/src/netif\bridgeif_fdb.c ****  *
  36:c:/Users/Black_Life/STM32Cube/Repository/STM32Cube_FW_F4_V1.26.2/Middlewares/Third_Party/LwIP/src/netif\bridgeif_fdb.c ****  */
  37:c:/Users/Black_Life/STM32Cube/Repository/STM32Cube_FW_F4_V1.26.2/Middlewares/Third_Party/LwIP/src/netif\bridgeif_fdb.c **** 
  38:c:/Users/Black_Life/STM32Cube/Repository/STM32Cube_FW_F4_V1.26.2/Middlewares/Third_Party/LwIP/src/netif\bridgeif_fdb.c **** /**
  39:c:/Users/Black_Life/STM32Cube/Repository/STM32Cube_FW_F4_V1.26.2/Middlewares/Third_Party/LwIP/src/netif\bridgeif_fdb.c ****  * @defgroup bridgeif_fdb FDB example code
  40:c:/Users/Black_Life/STM32Cube/Repository/STM32Cube_FW_F4_V1.26.2/Middlewares/Third_Party/LwIP/src/netif\bridgeif_fdb.c ****  * @ingroup bridgeif
  41:c:/Users/Black_Life/STM32Cube/Repository/STM32Cube_FW_F4_V1.26.2/Middlewares/Third_Party/LwIP/src/netif\bridgeif_fdb.c ****  * This file implements an example for an FDB (Forwarding DataBase)
  42:c:/Users/Black_Life/STM32Cube/Repository/STM32Cube_FW_F4_V1.26.2/Middlewares/Third_Party/LwIP/src/netif\bridgeif_fdb.c ****  */
  43:c:/Users/Black_Life/STM32Cube/Repository/STM32Cube_FW_F4_V1.26.2/Middlewares/Third_Party/LwIP/src/netif\bridgeif_fdb.c **** 
  44:c:/Users/Black_Life/STM32Cube/Repository/STM32Cube_FW_F4_V1.26.2/Middlewares/Third_Party/LwIP/src/netif\bridgeif_fdb.c **** #include "netif/bridgeif.h"
  45:c:/Users/Black_Life/STM32Cube/Repository/STM32Cube_FW_F4_V1.26.2/Middlewares/Third_Party/LwIP/src/netif\bridgeif_fdb.c **** #include "lwip/sys.h"
  46:c:/Users/Black_Life/STM32Cube/Repository/STM32Cube_FW_F4_V1.26.2/Middlewares/Third_Party/LwIP/src/netif\bridgeif_fdb.c **** #include "lwip/mem.h"
  47:c:/Users/Black_Life/STM32Cube/Repository/STM32Cube_FW_F4_V1.26.2/Middlewares/Third_Party/LwIP/src/netif\bridgeif_fdb.c **** #include "lwip/timeouts.h"
  48:c:/Users/Black_Life/STM32Cube/Repository/STM32Cube_FW_F4_V1.26.2/Middlewares/Third_Party/LwIP/src/netif\bridgeif_fdb.c **** #include <string.h>
  49:c:/Users/Black_Life/STM32Cube/Repository/STM32Cube_FW_F4_V1.26.2/Middlewares/Third_Party/LwIP/src/netif\bridgeif_fdb.c **** 
  50:c:/Users/Black_Life/STM32Cube/Repository/STM32Cube_FW_F4_V1.26.2/Middlewares/Third_Party/LwIP/src/netif\bridgeif_fdb.c **** #define BRIDGEIF_AGE_TIMER_MS 1000
  51:c:/Users/Black_Life/STM32Cube/Repository/STM32Cube_FW_F4_V1.26.2/Middlewares/Third_Party/LwIP/src/netif\bridgeif_fdb.c **** 
  52:c:/Users/Black_Life/STM32Cube/Repository/STM32Cube_FW_F4_V1.26.2/Middlewares/Third_Party/LwIP/src/netif\bridgeif_fdb.c **** #define BR_FDB_TIMEOUT_SEC  (60*5) /* 5 minutes FDB timeout */
  53:c:/Users/Black_Life/STM32Cube/Repository/STM32Cube_FW_F4_V1.26.2/Middlewares/Third_Party/LwIP/src/netif\bridgeif_fdb.c **** 
  54:c:/Users/Black_Life/STM32Cube/Repository/STM32Cube_FW_F4_V1.26.2/Middlewares/Third_Party/LwIP/src/netif\bridgeif_fdb.c **** typedef struct bridgeif_dfdb_entry_s {
  55:c:/Users/Black_Life/STM32Cube/Repository/STM32Cube_FW_F4_V1.26.2/Middlewares/Third_Party/LwIP/src/netif\bridgeif_fdb.c ****   u8_t used;
  56:c:/Users/Black_Life/STM32Cube/Repository/STM32Cube_FW_F4_V1.26.2/Middlewares/Third_Party/LwIP/src/netif\bridgeif_fdb.c ****   u8_t port;
  57:c:/Users/Black_Life/STM32Cube/Repository/STM32Cube_FW_F4_V1.26.2/Middlewares/Third_Party/LwIP/src/netif\bridgeif_fdb.c ****   u32_t ts;
  58:c:/Users/Black_Life/STM32Cube/Repository/STM32Cube_FW_F4_V1.26.2/Middlewares/Third_Party/LwIP/src/netif\bridgeif_fdb.c ****   struct eth_addr addr;
  59:c:/Users/Black_Life/STM32Cube/Repository/STM32Cube_FW_F4_V1.26.2/Middlewares/Third_Party/LwIP/src/netif\bridgeif_fdb.c **** } bridgeif_dfdb_entry_t;
  60:c:/Users/Black_Life/STM32Cube/Repository/STM32Cube_FW_F4_V1.26.2/Middlewares/Third_Party/LwIP/src/netif\bridgeif_fdb.c **** 
  61:c:/Users/Black_Life/STM32Cube/Repository/STM32Cube_FW_F4_V1.26.2/Middlewares/Third_Party/LwIP/src/netif\bridgeif_fdb.c **** typedef struct bridgeif_dfdb_s {
  62:c:/Users/Black_Life/STM32Cube/Repository/STM32Cube_FW_F4_V1.26.2/Middlewares/Third_Party/LwIP/src/netif\bridgeif_fdb.c ****   u16_t max_fdb_entries;
  63:c:/Users/Black_Life/STM32Cube/Repository/STM32Cube_FW_F4_V1.26.2/Middlewares/Third_Party/LwIP/src/netif\bridgeif_fdb.c ****   bridgeif_dfdb_entry_t *fdb;
  64:c:/Users/Black_Life/STM32Cube/Repository/STM32Cube_FW_F4_V1.26.2/Middlewares/Third_Party/LwIP/src/netif\bridgeif_fdb.c **** } bridgeif_dfdb_t;
  65:c:/Users/Black_Life/STM32Cube/Repository/STM32Cube_FW_F4_V1.26.2/Middlewares/Third_Party/LwIP/src/netif\bridgeif_fdb.c **** 
  66:c:/Users/Black_Life/STM32Cube/Repository/STM32Cube_FW_F4_V1.26.2/Middlewares/Third_Party/LwIP/src/netif\bridgeif_fdb.c **** /**
  67:c:/Users/Black_Life/STM32Cube/Repository/STM32Cube_FW_F4_V1.26.2/Middlewares/Third_Party/LwIP/src/netif\bridgeif_fdb.c ****  * @ingroup bridgeif_fdb
  68:c:/Users/Black_Life/STM32Cube/Repository/STM32Cube_FW_F4_V1.26.2/Middlewares/Third_Party/LwIP/src/netif\bridgeif_fdb.c ****  * A real simple and slow implementation of an auto-learning forwarding database that
  69:c:/Users/Black_Life/STM32Cube/Repository/STM32Cube_FW_F4_V1.26.2/Middlewares/Third_Party/LwIP/src/netif\bridgeif_fdb.c ****  * remembers known src mac addresses to know which port to send frames destined for that
  70:c:/Users/Black_Life/STM32Cube/Repository/STM32Cube_FW_F4_V1.26.2/Middlewares/Third_Party/LwIP/src/netif\bridgeif_fdb.c ****  * mac address.
  71:c:/Users/Black_Life/STM32Cube/Repository/STM32Cube_FW_F4_V1.26.2/Middlewares/Third_Party/LwIP/src/netif\bridgeif_fdb.c ****  *
  72:c:/Users/Black_Life/STM32Cube/Repository/STM32Cube_FW_F4_V1.26.2/Middlewares/Third_Party/LwIP/src/netif\bridgeif_fdb.c ****  * ATTENTION: This is meant as an example only, in real-world use, you should 
  73:c:/Users/Black_Life/STM32Cube/Repository/STM32Cube_FW_F4_V1.26.2/Middlewares/Third_Party/LwIP/src/netif\bridgeif_fdb.c ****  * provide a better implementation :-)
  74:c:/Users/Black_Life/STM32Cube/Repository/STM32Cube_FW_F4_V1.26.2/Middlewares/Third_Party/LwIP/src/netif\bridgeif_fdb.c ****  */
  75:c:/Users/Black_Life/STM32Cube/Repository/STM32Cube_FW_F4_V1.26.2/Middlewares/Third_Party/LwIP/src/netif\bridgeif_fdb.c **** void
  76:c:/Users/Black_Life/STM32Cube/Repository/STM32Cube_FW_F4_V1.26.2/Middlewares/Third_Party/LwIP/src/netif\bridgeif_fdb.c **** bridgeif_fdb_update_src(void *fdb_ptr, struct eth_addr *src_addr, u8_t port_idx)
  77:c:/Users/Black_Life/STM32Cube/Repository/STM32Cube_FW_F4_V1.26.2/Middlewares/Third_Party/LwIP/src/netif\bridgeif_fdb.c **** {
  78:c:/Users/Black_Life/STM32Cube/Repository/STM32Cube_FW_F4_V1.26.2/Middlewares/Third_Party/LwIP/src/netif\bridgeif_fdb.c ****   int i;
  79:c:/Users/Black_Life/STM32Cube/Repository/STM32Cube_FW_F4_V1.26.2/Middlewares/Third_Party/LwIP/src/netif\bridgeif_fdb.c ****   bridgeif_dfdb_t *fdb = (bridgeif_dfdb_t *)fdb_ptr;
  80:c:/Users/Black_Life/STM32Cube/Repository/STM32Cube_FW_F4_V1.26.2/Middlewares/Third_Party/LwIP/src/netif\bridgeif_fdb.c ****   BRIDGEIF_DECL_PROTECT(lev);
  81:c:/Users/Black_Life/STM32Cube/Repository/STM32Cube_FW_F4_V1.26.2/Middlewares/Third_Party/LwIP/src/netif\bridgeif_fdb.c ****   BRIDGEIF_READ_PROTECT(lev);
  82:c:/Users/Black_Life/STM32Cube/Repository/STM32Cube_FW_F4_V1.26.2/Middlewares/Third_Party/LwIP/src/netif\bridgeif_fdb.c ****   for (i = 0; i < fdb->max_fdb_entries; i++) {
  83:c:/Users/Black_Life/STM32Cube/Repository/STM32Cube_FW_F4_V1.26.2/Middlewares/Third_Party/LwIP/src/netif\bridgeif_fdb.c ****     bridgeif_dfdb_entry_t *e = &fdb->fdb[i];
  84:c:/Users/Black_Life/STM32Cube/Repository/STM32Cube_FW_F4_V1.26.2/Middlewares/Third_Party/LwIP/src/netif\bridgeif_fdb.c ****     if (e->used && e->ts) {
  85:c:/Users/Black_Life/STM32Cube/Repository/STM32Cube_FW_F4_V1.26.2/Middlewares/Third_Party/LwIP/src/netif\bridgeif_fdb.c ****       if (!memcmp(&e->addr, src_addr, sizeof(struct eth_addr))) {
  86:c:/Users/Black_Life/STM32Cube/Repository/STM32Cube_FW_F4_V1.26.2/Middlewares/Third_Party/LwIP/src/netif\bridgeif_fdb.c ****         LWIP_DEBUGF(BRIDGEIF_FDB_DEBUG, ("br: update src %02x:%02x:%02x:%02x:%02x:%02x (from %d) @ 
  87:c:/Users/Black_Life/STM32Cube/Repository/STM32Cube_FW_F4_V1.26.2/Middlewares/Third_Party/LwIP/src/netif\bridgeif_fdb.c ****                                          src_addr->addr[0], src_addr->addr[1], src_addr->addr[2], s
ARM GAS  C:\Users\BLACK_~1\AppData\Local\Temp\ccYyuoQi.s 			page 3


  88:c:/Users/Black_Life/STM32Cube/Repository/STM32Cube_FW_F4_V1.26.2/Middlewares/Third_Party/LwIP/src/netif\bridgeif_fdb.c ****                                          port_idx, i));
  89:c:/Users/Black_Life/STM32Cube/Repository/STM32Cube_FW_F4_V1.26.2/Middlewares/Third_Party/LwIP/src/netif\bridgeif_fdb.c ****         BRIDGEIF_WRITE_PROTECT(lev);
  90:c:/Users/Black_Life/STM32Cube/Repository/STM32Cube_FW_F4_V1.26.2/Middlewares/Third_Party/LwIP/src/netif\bridgeif_fdb.c ****         e->ts = BR_FDB_TIMEOUT_SEC;
  91:c:/Users/Black_Life/STM32Cube/Repository/STM32Cube_FW_F4_V1.26.2/Middlewares/Third_Party/LwIP/src/netif\bridgeif_fdb.c ****         e->port = port_idx;
  92:c:/Users/Black_Life/STM32Cube/Repository/STM32Cube_FW_F4_V1.26.2/Middlewares/Third_Party/LwIP/src/netif\bridgeif_fdb.c ****         BRIDGEIF_WRITE_UNPROTECT(lev);
  93:c:/Users/Black_Life/STM32Cube/Repository/STM32Cube_FW_F4_V1.26.2/Middlewares/Third_Party/LwIP/src/netif\bridgeif_fdb.c ****         BRIDGEIF_READ_UNPROTECT(lev);
  94:c:/Users/Black_Life/STM32Cube/Repository/STM32Cube_FW_F4_V1.26.2/Middlewares/Third_Party/LwIP/src/netif\bridgeif_fdb.c ****         return;
  95:c:/Users/Black_Life/STM32Cube/Repository/STM32Cube_FW_F4_V1.26.2/Middlewares/Third_Party/LwIP/src/netif\bridgeif_fdb.c ****       }
  96:c:/Users/Black_Life/STM32Cube/Repository/STM32Cube_FW_F4_V1.26.2/Middlewares/Third_Party/LwIP/src/netif\bridgeif_fdb.c ****     }
  97:c:/Users/Black_Life/STM32Cube/Repository/STM32Cube_FW_F4_V1.26.2/Middlewares/Third_Party/LwIP/src/netif\bridgeif_fdb.c ****   }
  98:c:/Users/Black_Life/STM32Cube/Repository/STM32Cube_FW_F4_V1.26.2/Middlewares/Third_Party/LwIP/src/netif\bridgeif_fdb.c ****   /* not found, allocate new entry from free */
  99:c:/Users/Black_Life/STM32Cube/Repository/STM32Cube_FW_F4_V1.26.2/Middlewares/Third_Party/LwIP/src/netif\bridgeif_fdb.c ****   for (i = 0; i < fdb->max_fdb_entries; i++) {
 100:c:/Users/Black_Life/STM32Cube/Repository/STM32Cube_FW_F4_V1.26.2/Middlewares/Third_Party/LwIP/src/netif\bridgeif_fdb.c ****     bridgeif_dfdb_entry_t *e = &fdb->fdb[i];
 101:c:/Users/Black_Life/STM32Cube/Repository/STM32Cube_FW_F4_V1.26.2/Middlewares/Third_Party/LwIP/src/netif\bridgeif_fdb.c ****     if (!e->used || !e->ts) {
 102:c:/Users/Black_Life/STM32Cube/Repository/STM32Cube_FW_F4_V1.26.2/Middlewares/Third_Party/LwIP/src/netif\bridgeif_fdb.c ****       BRIDGEIF_WRITE_PROTECT(lev);
 103:c:/Users/Black_Life/STM32Cube/Repository/STM32Cube_FW_F4_V1.26.2/Middlewares/Third_Party/LwIP/src/netif\bridgeif_fdb.c ****       /* check again when protected */
 104:c:/Users/Black_Life/STM32Cube/Repository/STM32Cube_FW_F4_V1.26.2/Middlewares/Third_Party/LwIP/src/netif\bridgeif_fdb.c ****       if (!e->used || !e->ts) {
 105:c:/Users/Black_Life/STM32Cube/Repository/STM32Cube_FW_F4_V1.26.2/Middlewares/Third_Party/LwIP/src/netif\bridgeif_fdb.c ****         LWIP_DEBUGF(BRIDGEIF_FDB_DEBUG, ("br: create src %02x:%02x:%02x:%02x:%02x:%02x (from %d) @ 
 106:c:/Users/Black_Life/STM32Cube/Repository/STM32Cube_FW_F4_V1.26.2/Middlewares/Third_Party/LwIP/src/netif\bridgeif_fdb.c ****                                          src_addr->addr[0], src_addr->addr[1], src_addr->addr[2], s
 107:c:/Users/Black_Life/STM32Cube/Repository/STM32Cube_FW_F4_V1.26.2/Middlewares/Third_Party/LwIP/src/netif\bridgeif_fdb.c ****                                          port_idx, i));
 108:c:/Users/Black_Life/STM32Cube/Repository/STM32Cube_FW_F4_V1.26.2/Middlewares/Third_Party/LwIP/src/netif\bridgeif_fdb.c ****         memcpy(&e->addr, src_addr, sizeof(struct eth_addr));
 109:c:/Users/Black_Life/STM32Cube/Repository/STM32Cube_FW_F4_V1.26.2/Middlewares/Third_Party/LwIP/src/netif\bridgeif_fdb.c ****         e->ts = BR_FDB_TIMEOUT_SEC;
 110:c:/Users/Black_Life/STM32Cube/Repository/STM32Cube_FW_F4_V1.26.2/Middlewares/Third_Party/LwIP/src/netif\bridgeif_fdb.c ****         e->port = port_idx;
 111:c:/Users/Black_Life/STM32Cube/Repository/STM32Cube_FW_F4_V1.26.2/Middlewares/Third_Party/LwIP/src/netif\bridgeif_fdb.c ****         e->used = 1;
 112:c:/Users/Black_Life/STM32Cube/Repository/STM32Cube_FW_F4_V1.26.2/Middlewares/Third_Party/LwIP/src/netif\bridgeif_fdb.c ****         BRIDGEIF_WRITE_UNPROTECT(lev);
 113:c:/Users/Black_Life/STM32Cube/Repository/STM32Cube_FW_F4_V1.26.2/Middlewares/Third_Party/LwIP/src/netif\bridgeif_fdb.c ****         BRIDGEIF_READ_UNPROTECT(lev);
 114:c:/Users/Black_Life/STM32Cube/Repository/STM32Cube_FW_F4_V1.26.2/Middlewares/Third_Party/LwIP/src/netif\bridgeif_fdb.c ****         return;
 115:c:/Users/Black_Life/STM32Cube/Repository/STM32Cube_FW_F4_V1.26.2/Middlewares/Third_Party/LwIP/src/netif\bridgeif_fdb.c ****       }
 116:c:/Users/Black_Life/STM32Cube/Repository/STM32Cube_FW_F4_V1.26.2/Middlewares/Third_Party/LwIP/src/netif\bridgeif_fdb.c ****       BRIDGEIF_WRITE_UNPROTECT(lev);
 117:c:/Users/Black_Life/STM32Cube/Repository/STM32Cube_FW_F4_V1.26.2/Middlewares/Third_Party/LwIP/src/netif\bridgeif_fdb.c ****     }
 118:c:/Users/Black_Life/STM32Cube/Repository/STM32Cube_FW_F4_V1.26.2/Middlewares/Third_Party/LwIP/src/netif\bridgeif_fdb.c ****   }
 119:c:/Users/Black_Life/STM32Cube/Repository/STM32Cube_FW_F4_V1.26.2/Middlewares/Third_Party/LwIP/src/netif\bridgeif_fdb.c ****   BRIDGEIF_READ_UNPROTECT(lev);
 120:c:/Users/Black_Life/STM32Cube/Repository/STM32Cube_FW_F4_V1.26.2/Middlewares/Third_Party/LwIP/src/netif\bridgeif_fdb.c ****   /* not found, no free entry -> flood */
 121:c:/Users/Black_Life/STM32Cube/Repository/STM32Cube_FW_F4_V1.26.2/Middlewares/Third_Party/LwIP/src/netif\bridgeif_fdb.c **** }
 122:c:/Users/Black_Life/STM32Cube/Repository/STM32Cube_FW_F4_V1.26.2/Middlewares/Third_Party/LwIP/src/netif\bridgeif_fdb.c **** 
 123:c:/Users/Black_Life/STM32Cube/Repository/STM32Cube_FW_F4_V1.26.2/Middlewares/Third_Party/LwIP/src/netif\bridgeif_fdb.c **** /** 
 124:c:/Users/Black_Life/STM32Cube/Repository/STM32Cube_FW_F4_V1.26.2/Middlewares/Third_Party/LwIP/src/netif\bridgeif_fdb.c ****  * @ingroup bridgeif_fdb
 125:c:/Users/Black_Life/STM32Cube/Repository/STM32Cube_FW_F4_V1.26.2/Middlewares/Third_Party/LwIP/src/netif\bridgeif_fdb.c ****  * Walk our list of auto-learnt fdb entries and return a port to forward or BR_FLOOD if unknown 
 126:c:/Users/Black_Life/STM32Cube/Repository/STM32Cube_FW_F4_V1.26.2/Middlewares/Third_Party/LwIP/src/netif\bridgeif_fdb.c ****  */
 127:c:/Users/Black_Life/STM32Cube/Repository/STM32Cube_FW_F4_V1.26.2/Middlewares/Third_Party/LwIP/src/netif\bridgeif_fdb.c **** bridgeif_portmask_t
 128:c:/Users/Black_Life/STM32Cube/Repository/STM32Cube_FW_F4_V1.26.2/Middlewares/Third_Party/LwIP/src/netif\bridgeif_fdb.c **** bridgeif_fdb_get_dst_ports(void *fdb_ptr, struct eth_addr *dst_addr)
 129:c:/Users/Black_Life/STM32Cube/Repository/STM32Cube_FW_F4_V1.26.2/Middlewares/Third_Party/LwIP/src/netif\bridgeif_fdb.c **** {
 130:c:/Users/Black_Life/STM32Cube/Repository/STM32Cube_FW_F4_V1.26.2/Middlewares/Third_Party/LwIP/src/netif\bridgeif_fdb.c ****   int i;
 131:c:/Users/Black_Life/STM32Cube/Repository/STM32Cube_FW_F4_V1.26.2/Middlewares/Third_Party/LwIP/src/netif\bridgeif_fdb.c ****   bridgeif_dfdb_t *fdb = (bridgeif_dfdb_t *)fdb_ptr;
 132:c:/Users/Black_Life/STM32Cube/Repository/STM32Cube_FW_F4_V1.26.2/Middlewares/Third_Party/LwIP/src/netif\bridgeif_fdb.c ****   BRIDGEIF_DECL_PROTECT(lev);
 133:c:/Users/Black_Life/STM32Cube/Repository/STM32Cube_FW_F4_V1.26.2/Middlewares/Third_Party/LwIP/src/netif\bridgeif_fdb.c ****   BRIDGEIF_READ_PROTECT(lev);
 134:c:/Users/Black_Life/STM32Cube/Repository/STM32Cube_FW_F4_V1.26.2/Middlewares/Third_Party/LwIP/src/netif\bridgeif_fdb.c ****   for (i = 0; i < fdb->max_fdb_entries; i++) {
 135:c:/Users/Black_Life/STM32Cube/Repository/STM32Cube_FW_F4_V1.26.2/Middlewares/Third_Party/LwIP/src/netif\bridgeif_fdb.c ****     bridgeif_dfdb_entry_t *e = &fdb->fdb[i];
 136:c:/Users/Black_Life/STM32Cube/Repository/STM32Cube_FW_F4_V1.26.2/Middlewares/Third_Party/LwIP/src/netif\bridgeif_fdb.c ****     if (e->used && e->ts) {
 137:c:/Users/Black_Life/STM32Cube/Repository/STM32Cube_FW_F4_V1.26.2/Middlewares/Third_Party/LwIP/src/netif\bridgeif_fdb.c ****       if (!memcmp(&e->addr, dst_addr, sizeof(struct eth_addr))) {
 138:c:/Users/Black_Life/STM32Cube/Repository/STM32Cube_FW_F4_V1.26.2/Middlewares/Third_Party/LwIP/src/netif\bridgeif_fdb.c ****         bridgeif_portmask_t ret = (bridgeif_portmask_t)(1 << e->port);
 139:c:/Users/Black_Life/STM32Cube/Repository/STM32Cube_FW_F4_V1.26.2/Middlewares/Third_Party/LwIP/src/netif\bridgeif_fdb.c ****         BRIDGEIF_READ_UNPROTECT(lev);
 140:c:/Users/Black_Life/STM32Cube/Repository/STM32Cube_FW_F4_V1.26.2/Middlewares/Third_Party/LwIP/src/netif\bridgeif_fdb.c ****         return ret;
 141:c:/Users/Black_Life/STM32Cube/Repository/STM32Cube_FW_F4_V1.26.2/Middlewares/Third_Party/LwIP/src/netif\bridgeif_fdb.c ****       }
 142:c:/Users/Black_Life/STM32Cube/Repository/STM32Cube_FW_F4_V1.26.2/Middlewares/Third_Party/LwIP/src/netif\bridgeif_fdb.c ****     }
 143:c:/Users/Black_Life/STM32Cube/Repository/STM32Cube_FW_F4_V1.26.2/Middlewares/Third_Party/LwIP/src/netif\bridgeif_fdb.c ****   }
 144:c:/Users/Black_Life/STM32Cube/Repository/STM32Cube_FW_F4_V1.26.2/Middlewares/Third_Party/LwIP/src/netif\bridgeif_fdb.c ****   BRIDGEIF_READ_UNPROTECT(lev);
ARM GAS  C:\Users\BLACK_~1\AppData\Local\Temp\ccYyuoQi.s 			page 4


 145:c:/Users/Black_Life/STM32Cube/Repository/STM32Cube_FW_F4_V1.26.2/Middlewares/Third_Party/LwIP/src/netif\bridgeif_fdb.c ****   return BR_FLOOD;
 146:c:/Users/Black_Life/STM32Cube/Repository/STM32Cube_FW_F4_V1.26.2/Middlewares/Third_Party/LwIP/src/netif\bridgeif_fdb.c **** }
 147:c:/Users/Black_Life/STM32Cube/Repository/STM32Cube_FW_F4_V1.26.2/Middlewares/Third_Party/LwIP/src/netif\bridgeif_fdb.c **** 
 148:c:/Users/Black_Life/STM32Cube/Repository/STM32Cube_FW_F4_V1.26.2/Middlewares/Third_Party/LwIP/src/netif\bridgeif_fdb.c **** /**
 149:c:/Users/Black_Life/STM32Cube/Repository/STM32Cube_FW_F4_V1.26.2/Middlewares/Third_Party/LwIP/src/netif\bridgeif_fdb.c ****  * @ingroup bridgeif_fdb
 150:c:/Users/Black_Life/STM32Cube/Repository/STM32Cube_FW_F4_V1.26.2/Middlewares/Third_Party/LwIP/src/netif\bridgeif_fdb.c ****  * Aging implementation of our simple fdb
 151:c:/Users/Black_Life/STM32Cube/Repository/STM32Cube_FW_F4_V1.26.2/Middlewares/Third_Party/LwIP/src/netif\bridgeif_fdb.c ****  */
 152:c:/Users/Black_Life/STM32Cube/Repository/STM32Cube_FW_F4_V1.26.2/Middlewares/Third_Party/LwIP/src/netif\bridgeif_fdb.c **** static void
 153:c:/Users/Black_Life/STM32Cube/Repository/STM32Cube_FW_F4_V1.26.2/Middlewares/Third_Party/LwIP/src/netif\bridgeif_fdb.c **** bridgeif_fdb_age_one_second(void *fdb_ptr)
 154:c:/Users/Black_Life/STM32Cube/Repository/STM32Cube_FW_F4_V1.26.2/Middlewares/Third_Party/LwIP/src/netif\bridgeif_fdb.c **** {
  29              		.loc 1 154 1 view -0
  30              		.cfi_startproc
  31              		@ args = 0, pretend = 0, frame = 0
  32              		@ frame_needed = 0, uses_anonymous_args = 0
  33              		@ link register save eliminated.
 155:c:/Users/Black_Life/STM32Cube/Repository/STM32Cube_FW_F4_V1.26.2/Middlewares/Third_Party/LwIP/src/netif\bridgeif_fdb.c ****   int i;
  34              		.loc 1 155 3 view .LVU1
 156:c:/Users/Black_Life/STM32Cube/Repository/STM32Cube_FW_F4_V1.26.2/Middlewares/Third_Party/LwIP/src/netif\bridgeif_fdb.c ****   bridgeif_dfdb_t *fdb;
  35              		.loc 1 156 3 view .LVU2
 157:c:/Users/Black_Life/STM32Cube/Repository/STM32Cube_FW_F4_V1.26.2/Middlewares/Third_Party/LwIP/src/netif\bridgeif_fdb.c ****   BRIDGEIF_DECL_PROTECT(lev);
  36              		.loc 1 157 29 view .LVU3
 158:c:/Users/Black_Life/STM32Cube/Repository/STM32Cube_FW_F4_V1.26.2/Middlewares/Third_Party/LwIP/src/netif\bridgeif_fdb.c **** 
 159:c:/Users/Black_Life/STM32Cube/Repository/STM32Cube_FW_F4_V1.26.2/Middlewares/Third_Party/LwIP/src/netif\bridgeif_fdb.c ****   fdb = (bridgeif_dfdb_t *)fdb_ptr;
  37              		.loc 1 159 3 view .LVU4
 160:c:/Users/Black_Life/STM32Cube/Repository/STM32Cube_FW_F4_V1.26.2/Middlewares/Third_Party/LwIP/src/netif\bridgeif_fdb.c ****   BRIDGEIF_READ_PROTECT(lev);
  38              		.loc 1 160 29 view .LVU5
 161:c:/Users/Black_Life/STM32Cube/Repository/STM32Cube_FW_F4_V1.26.2/Middlewares/Third_Party/LwIP/src/netif\bridgeif_fdb.c **** 
 162:c:/Users/Black_Life/STM32Cube/Repository/STM32Cube_FW_F4_V1.26.2/Middlewares/Third_Party/LwIP/src/netif\bridgeif_fdb.c ****   for (i = 0; i < fdb->max_fdb_entries; i++) {
  39              		.loc 1 162 3 view .LVU6
  40              		.loc 1 162 10 is_stmt 0 view .LVU7
  41 0000 0023     		movs	r3, #0
  42              	.LVL1:
  43              		.loc 1 162 15 is_stmt 1 view .LVU8
  44              		.loc 1 162 22 is_stmt 0 view .LVU9
  45 0002 0288     		ldrh	r2, [r0]
  46              		.loc 1 162 3 view .LVU10
  47 0004 9A42     		cmp	r2, r3
  48 0006 1ADD     		ble	.L8
 154:c:/Users/Black_Life/STM32Cube/Repository/STM32Cube_FW_F4_V1.26.2/Middlewares/Third_Party/LwIP/src/netif\bridgeif_fdb.c ****   int i;
  49              		.loc 1 154 1 view .LVU11
  50 0008 10B4     		push	{r4}
  51              	.LCFI0:
  52              		.cfi_def_cfa_offset 4
  53              		.cfi_offset 4, -4
  54 000a 03E0     		b	.L4
  55              	.LVL2:
  56              	.L3:
  57              	.LBB2:
 163:c:/Users/Black_Life/STM32Cube/Repository/STM32Cube_FW_F4_V1.26.2/Middlewares/Third_Party/LwIP/src/netif\bridgeif_fdb.c ****     bridgeif_dfdb_entry_t *e = &fdb->fdb[i];
 164:c:/Users/Black_Life/STM32Cube/Repository/STM32Cube_FW_F4_V1.26.2/Middlewares/Third_Party/LwIP/src/netif\bridgeif_fdb.c ****     if (e->used && e->ts) {
 165:c:/Users/Black_Life/STM32Cube/Repository/STM32Cube_FW_F4_V1.26.2/Middlewares/Third_Party/LwIP/src/netif\bridgeif_fdb.c ****       BRIDGEIF_WRITE_PROTECT(lev);
 166:c:/Users/Black_Life/STM32Cube/Repository/STM32Cube_FW_F4_V1.26.2/Middlewares/Third_Party/LwIP/src/netif\bridgeif_fdb.c ****       /* check again when protected */
 167:c:/Users/Black_Life/STM32Cube/Repository/STM32Cube_FW_F4_V1.26.2/Middlewares/Third_Party/LwIP/src/netif\bridgeif_fdb.c ****       if (e->used && e->ts) {
 168:c:/Users/Black_Life/STM32Cube/Repository/STM32Cube_FW_F4_V1.26.2/Middlewares/Third_Party/LwIP/src/netif\bridgeif_fdb.c ****         if (--e->ts == 0) {
 169:c:/Users/Black_Life/STM32Cube/Repository/STM32Cube_FW_F4_V1.26.2/Middlewares/Third_Party/LwIP/src/netif\bridgeif_fdb.c ****           e->used = 0;
 170:c:/Users/Black_Life/STM32Cube/Repository/STM32Cube_FW_F4_V1.26.2/Middlewares/Third_Party/LwIP/src/netif\bridgeif_fdb.c ****         }
 171:c:/Users/Black_Life/STM32Cube/Repository/STM32Cube_FW_F4_V1.26.2/Middlewares/Third_Party/LwIP/src/netif\bridgeif_fdb.c ****       }
ARM GAS  C:\Users\BLACK_~1\AppData\Local\Temp\ccYyuoQi.s 			page 5


 172:c:/Users/Black_Life/STM32Cube/Repository/STM32Cube_FW_F4_V1.26.2/Middlewares/Third_Party/LwIP/src/netif\bridgeif_fdb.c ****       BRIDGEIF_WRITE_UNPROTECT(lev);
  58              		.loc 1 172 36 is_stmt 1 discriminator 2 view .LVU12
  59              	.LBE2:
 162:c:/Users/Black_Life/STM32Cube/Repository/STM32Cube_FW_F4_V1.26.2/Middlewares/Third_Party/LwIP/src/netif\bridgeif_fdb.c ****     bridgeif_dfdb_entry_t *e = &fdb->fdb[i];
  60              		.loc 1 162 41 discriminator 2 view .LVU13
 162:c:/Users/Black_Life/STM32Cube/Repository/STM32Cube_FW_F4_V1.26.2/Middlewares/Third_Party/LwIP/src/netif\bridgeif_fdb.c ****     bridgeif_dfdb_entry_t *e = &fdb->fdb[i];
  61              		.loc 1 162 42 is_stmt 0 discriminator 2 view .LVU14
  62 000c 0133     		adds	r3, r3, #1
  63              	.LVL3:
 162:c:/Users/Black_Life/STM32Cube/Repository/STM32Cube_FW_F4_V1.26.2/Middlewares/Third_Party/LwIP/src/netif\bridgeif_fdb.c ****     bridgeif_dfdb_entry_t *e = &fdb->fdb[i];
  64              		.loc 1 162 15 is_stmt 1 discriminator 2 view .LVU15
 162:c:/Users/Black_Life/STM32Cube/Repository/STM32Cube_FW_F4_V1.26.2/Middlewares/Third_Party/LwIP/src/netif\bridgeif_fdb.c ****     bridgeif_dfdb_entry_t *e = &fdb->fdb[i];
  65              		.loc 1 162 22 is_stmt 0 discriminator 2 view .LVU16
  66 000e 0288     		ldrh	r2, [r0]
 162:c:/Users/Black_Life/STM32Cube/Repository/STM32Cube_FW_F4_V1.26.2/Middlewares/Third_Party/LwIP/src/netif\bridgeif_fdb.c ****     bridgeif_dfdb_entry_t *e = &fdb->fdb[i];
  67              		.loc 1 162 3 discriminator 2 view .LVU17
  68 0010 9A42     		cmp	r2, r3
  69 0012 11DD     		ble	.L9
  70              	.LVL4:
  71              	.L4:
  72              	.LBB3:
 163:c:/Users/Black_Life/STM32Cube/Repository/STM32Cube_FW_F4_V1.26.2/Middlewares/Third_Party/LwIP/src/netif\bridgeif_fdb.c ****     bridgeif_dfdb_entry_t *e = &fdb->fdb[i];
  73              		.loc 1 163 5 is_stmt 1 view .LVU18
 163:c:/Users/Black_Life/STM32Cube/Repository/STM32Cube_FW_F4_V1.26.2/Middlewares/Third_Party/LwIP/src/netif\bridgeif_fdb.c ****     bridgeif_dfdb_entry_t *e = &fdb->fdb[i];
  74              		.loc 1 163 36 is_stmt 0 view .LVU19
  75 0014 4268     		ldr	r2, [r0, #4]
 163:c:/Users/Black_Life/STM32Cube/Repository/STM32Cube_FW_F4_V1.26.2/Middlewares/Third_Party/LwIP/src/netif\bridgeif_fdb.c ****     bridgeif_dfdb_entry_t *e = &fdb->fdb[i];
  76              		.loc 1 163 41 view .LVU20
  77 0016 1901     		lsls	r1, r3, #4
 163:c:/Users/Black_Life/STM32Cube/Repository/STM32Cube_FW_F4_V1.26.2/Middlewares/Third_Party/LwIP/src/netif\bridgeif_fdb.c ****     bridgeif_dfdb_entry_t *e = &fdb->fdb[i];
  78              		.loc 1 163 28 view .LVU21
  79 0018 02EB031C 		add	ip, r2, r3, lsl #4
  80              	.LVL5:
 164:c:/Users/Black_Life/STM32Cube/Repository/STM32Cube_FW_F4_V1.26.2/Middlewares/Third_Party/LwIP/src/netif\bridgeif_fdb.c ****       BRIDGEIF_WRITE_PROTECT(lev);
  81              		.loc 1 164 5 is_stmt 1 view .LVU22
 164:c:/Users/Black_Life/STM32Cube/Repository/STM32Cube_FW_F4_V1.26.2/Middlewares/Third_Party/LwIP/src/netif\bridgeif_fdb.c ****       BRIDGEIF_WRITE_PROTECT(lev);
  82              		.loc 1 164 10 is_stmt 0 view .LVU23
  83 001c 545C     		ldrb	r4, [r2, r1]	@ zero_extendqisi2
 164:c:/Users/Black_Life/STM32Cube/Repository/STM32Cube_FW_F4_V1.26.2/Middlewares/Third_Party/LwIP/src/netif\bridgeif_fdb.c ****       BRIDGEIF_WRITE_PROTECT(lev);
  84              		.loc 1 164 8 view .LVU24
  85 001e 002C     		cmp	r4, #0
  86 0020 F4D0     		beq	.L3
 164:c:/Users/Black_Life/STM32Cube/Repository/STM32Cube_FW_F4_V1.26.2/Middlewares/Third_Party/LwIP/src/netif\bridgeif_fdb.c ****       BRIDGEIF_WRITE_PROTECT(lev);
  87              		.loc 1 164 21 discriminator 1 view .LVU25
  88 0022 DCF80440 		ldr	r4, [ip, #4]
 164:c:/Users/Black_Life/STM32Cube/Repository/STM32Cube_FW_F4_V1.26.2/Middlewares/Third_Party/LwIP/src/netif\bridgeif_fdb.c ****       BRIDGEIF_WRITE_PROTECT(lev);
  89              		.loc 1 164 17 discriminator 1 view .LVU26
  90 0026 002C     		cmp	r4, #0
  91 0028 F0D0     		beq	.L3
 165:c:/Users/Black_Life/STM32Cube/Repository/STM32Cube_FW_F4_V1.26.2/Middlewares/Third_Party/LwIP/src/netif\bridgeif_fdb.c ****       /* check again when protected */
  92              		.loc 1 165 34 is_stmt 1 view .LVU27
 167:c:/Users/Black_Life/STM32Cube/Repository/STM32Cube_FW_F4_V1.26.2/Middlewares/Third_Party/LwIP/src/netif\bridgeif_fdb.c ****         if (--e->ts == 0) {
  93              		.loc 1 167 7 view .LVU28
 168:c:/Users/Black_Life/STM32Cube/Repository/STM32Cube_FW_F4_V1.26.2/Middlewares/Third_Party/LwIP/src/netif\bridgeif_fdb.c ****           e->used = 0;
  94              		.loc 1 168 9 view .LVU29
 168:c:/Users/Black_Life/STM32Cube/Repository/STM32Cube_FW_F4_V1.26.2/Middlewares/Third_Party/LwIP/src/netif\bridgeif_fdb.c ****           e->used = 0;
  95              		.loc 1 168 13 is_stmt 0 view .LVU30
ARM GAS  C:\Users\BLACK_~1\AppData\Local\Temp\ccYyuoQi.s 			page 6


  96 002a 013C     		subs	r4, r4, #1
 168:c:/Users/Black_Life/STM32Cube/Repository/STM32Cube_FW_F4_V1.26.2/Middlewares/Third_Party/LwIP/src/netif\bridgeif_fdb.c ****           e->used = 0;
  97              		.loc 1 168 12 view .LVU31
  98 002c CCF80440 		str	r4, [ip, #4]
  99 0030 002C     		cmp	r4, #0
 100 0032 EBD1     		bne	.L3
 169:c:/Users/Black_Life/STM32Cube/Repository/STM32Cube_FW_F4_V1.26.2/Middlewares/Third_Party/LwIP/src/netif\bridgeif_fdb.c ****         }
 101              		.loc 1 169 11 is_stmt 1 view .LVU32
 169:c:/Users/Black_Life/STM32Cube/Repository/STM32Cube_FW_F4_V1.26.2/Middlewares/Third_Party/LwIP/src/netif\bridgeif_fdb.c ****         }
 102              		.loc 1 169 19 is_stmt 0 view .LVU33
 103 0034 5454     		strb	r4, [r2, r1]
 104 0036 E9E7     		b	.L3
 105              	.L9:
 169:c:/Users/Black_Life/STM32Cube/Repository/STM32Cube_FW_F4_V1.26.2/Middlewares/Third_Party/LwIP/src/netif\bridgeif_fdb.c ****         }
 106              		.loc 1 169 19 view .LVU34
 107              	.LBE3:
 173:c:/Users/Black_Life/STM32Cube/Repository/STM32Cube_FW_F4_V1.26.2/Middlewares/Third_Party/LwIP/src/netif\bridgeif_fdb.c ****     }
 174:c:/Users/Black_Life/STM32Cube/Repository/STM32Cube_FW_F4_V1.26.2/Middlewares/Third_Party/LwIP/src/netif\bridgeif_fdb.c ****   }
 175:c:/Users/Black_Life/STM32Cube/Repository/STM32Cube_FW_F4_V1.26.2/Middlewares/Third_Party/LwIP/src/netif\bridgeif_fdb.c ****   BRIDGEIF_READ_UNPROTECT(lev);
 176:c:/Users/Black_Life/STM32Cube/Repository/STM32Cube_FW_F4_V1.26.2/Middlewares/Third_Party/LwIP/src/netif\bridgeif_fdb.c **** }
 108              		.loc 1 176 1 view .LVU35
 109 0038 5DF8044B 		ldr	r4, [sp], #4
 110              	.LCFI1:
 111              		.cfi_restore 4
 112              		.cfi_def_cfa_offset 0
 113 003c 7047     		bx	lr
 114              	.LVL6:
 115              	.L8:
 116              		.loc 1 176 1 view .LVU36
 117 003e 7047     		bx	lr
 118              		.cfi_endproc
 119              	.LFE158:
 121              		.section	.rodata.bridgeif_age_tmr.str1.4,"aMS",%progbits,1
 122              		.align	2
 123              	.LC0:
 124 0000 633A2F55 		.ascii	"c:/Users/Black_Life/STM32Cube/Repository/STM32Cube_"
 124      73657273 
 124      2F426C61 
 124      636B5F4C 
 124      6966652F 
 125 0033 46575F46 		.ascii	"FW_F4_V1.26.2/Middlewares/Third_Party/LwIP/src/neti"
 125      345F5631 
 125      2E32362E 
 125      322F4D69 
 125      64646C65 
 126 0066 662F6272 		.ascii	"f/bridgeif_fdb.c\000"
 126      69646765 
 126      69665F66 
 126      64622E63 
 126      00
 127 0077 00       		.align	2
 128              	.LC1:
 129 0078 696E7661 		.ascii	"invalid arg\000"
 129      6C696420 
 129      61726700 
 130              		.align	2
 131              	.LC2:
ARM GAS  C:\Users\BLACK_~1\AppData\Local\Temp\ccYyuoQi.s 			page 7


 132 0084 41737365 		.ascii	"Assertion \"%s\" failed at line %d in %s\012\000"
 132      7274696F 
 132      6E202225 
 132      73222066 
 132      61696C65 
 133              		.section	.text.bridgeif_age_tmr,"ax",%progbits
 134              		.align	1
 135              		.syntax unified
 136              		.thumb
 137              		.thumb_func
 139              	bridgeif_age_tmr:
 140              	.LVL7:
 141              	.LFB159:
 177:c:/Users/Black_Life/STM32Cube/Repository/STM32Cube_FW_F4_V1.26.2/Middlewares/Third_Party/LwIP/src/netif\bridgeif_fdb.c **** 
 178:c:/Users/Black_Life/STM32Cube/Repository/STM32Cube_FW_F4_V1.26.2/Middlewares/Third_Party/LwIP/src/netif\bridgeif_fdb.c **** /** Timer callback for fdb aging, called once per second */
 179:c:/Users/Black_Life/STM32Cube/Repository/STM32Cube_FW_F4_V1.26.2/Middlewares/Third_Party/LwIP/src/netif\bridgeif_fdb.c **** static void
 180:c:/Users/Black_Life/STM32Cube/Repository/STM32Cube_FW_F4_V1.26.2/Middlewares/Third_Party/LwIP/src/netif\bridgeif_fdb.c **** bridgeif_age_tmr(void *arg)
 181:c:/Users/Black_Life/STM32Cube/Repository/STM32Cube_FW_F4_V1.26.2/Middlewares/Third_Party/LwIP/src/netif\bridgeif_fdb.c **** {
 142              		.loc 1 181 1 is_stmt 1 view -0
 143              		.cfi_startproc
 144              		@ args = 0, pretend = 0, frame = 0
 145              		@ frame_needed = 0, uses_anonymous_args = 0
 146              		.loc 1 181 1 is_stmt 0 view .LVU38
 147 0000 10B5     		push	{r4, lr}
 148              	.LCFI2:
 149              		.cfi_def_cfa_offset 8
 150              		.cfi_offset 4, -8
 151              		.cfi_offset 14, -4
 182:c:/Users/Black_Life/STM32Cube/Repository/STM32Cube_FW_F4_V1.26.2/Middlewares/Third_Party/LwIP/src/netif\bridgeif_fdb.c ****   bridgeif_dfdb_t *fdb = (bridgeif_dfdb_t *)arg;
 152              		.loc 1 182 3 is_stmt 1 view .LVU39
 153              	.LVL8:
 183:c:/Users/Black_Life/STM32Cube/Repository/STM32Cube_FW_F4_V1.26.2/Middlewares/Third_Party/LwIP/src/netif\bridgeif_fdb.c **** 
 184:c:/Users/Black_Life/STM32Cube/Repository/STM32Cube_FW_F4_V1.26.2/Middlewares/Third_Party/LwIP/src/netif\bridgeif_fdb.c ****   LWIP_ASSERT("invalid arg", arg != NULL);
 154              		.loc 1 184 3 view .LVU40
 155              		.loc 1 184 3 view .LVU41
 156 0002 0446     		mov	r4, r0
 157 0004 48B1     		cbz	r0, .L13
 158              	.LVL9:
 159              	.L11:
 160              		.loc 1 184 3 discriminator 3 view .LVU42
 161              		.loc 1 184 3 discriminator 3 view .LVU43
 185:c:/Users/Black_Life/STM32Cube/Repository/STM32Cube_FW_F4_V1.26.2/Middlewares/Third_Party/LwIP/src/netif\bridgeif_fdb.c **** 
 186:c:/Users/Black_Life/STM32Cube/Repository/STM32Cube_FW_F4_V1.26.2/Middlewares/Third_Party/LwIP/src/netif\bridgeif_fdb.c ****   bridgeif_fdb_age_one_second(fdb);
 162              		.loc 1 186 3 discriminator 3 view .LVU44
 163 0006 2046     		mov	r0, r4
 164 0008 FFF7FEFF 		bl	bridgeif_fdb_age_one_second
 165              	.LVL10:
 187:c:/Users/Black_Life/STM32Cube/Repository/STM32Cube_FW_F4_V1.26.2/Middlewares/Third_Party/LwIP/src/netif\bridgeif_fdb.c ****   sys_timeout(BRIDGEIF_AGE_TIMER_MS, bridgeif_age_tmr, arg);
 166              		.loc 1 187 3 discriminator 3 view .LVU45
 167 000c 2246     		mov	r2, r4
 168 000e 0649     		ldr	r1, .L14
 169 0010 4FF47A70 		mov	r0, #1000
 170 0014 FFF7FEFF 		bl	sys_timeout
 171              	.LVL11:
 188:c:/Users/Black_Life/STM32Cube/Repository/STM32Cube_FW_F4_V1.26.2/Middlewares/Third_Party/LwIP/src/netif\bridgeif_fdb.c **** }
 172              		.loc 1 188 1 is_stmt 0 discriminator 3 view .LVU46
 173 0018 10BD     		pop	{r4, pc}
ARM GAS  C:\Users\BLACK_~1\AppData\Local\Temp\ccYyuoQi.s 			page 8


 174              	.LVL12:
 175              	.L13:
 184:c:/Users/Black_Life/STM32Cube/Repository/STM32Cube_FW_F4_V1.26.2/Middlewares/Third_Party/LwIP/src/netif\bridgeif_fdb.c **** 
 176              		.loc 1 184 3 is_stmt 1 discriminator 1 view .LVU47
 184:c:/Users/Black_Life/STM32Cube/Repository/STM32Cube_FW_F4_V1.26.2/Middlewares/Third_Party/LwIP/src/netif\bridgeif_fdb.c **** 
 177              		.loc 1 184 3 discriminator 1 view .LVU48
 178 001a 044B     		ldr	r3, .L14+4
 179 001c B822     		movs	r2, #184
 180 001e 0449     		ldr	r1, .L14+8
 181 0020 0448     		ldr	r0, .L14+12
 182              	.LVL13:
 184:c:/Users/Black_Life/STM32Cube/Repository/STM32Cube_FW_F4_V1.26.2/Middlewares/Third_Party/LwIP/src/netif\bridgeif_fdb.c **** 
 183              		.loc 1 184 3 is_stmt 0 discriminator 1 view .LVU49
 184 0022 FFF7FEFF 		bl	printf
 185              	.LVL14:
 186 0026 EEE7     		b	.L11
 187              	.L15:
 188              		.align	2
 189              	.L14:
 190 0028 00000000 		.word	bridgeif_age_tmr
 191 002c 00000000 		.word	.LC0
 192 0030 78000000 		.word	.LC1
 193 0034 84000000 		.word	.LC2
 194              		.cfi_endproc
 195              	.LFE159:
 197              		.section	.text.bridgeif_fdb_update_src,"ax",%progbits
 198              		.align	1
 199              		.global	bridgeif_fdb_update_src
 200              		.syntax unified
 201              		.thumb
 202              		.thumb_func
 204              	bridgeif_fdb_update_src:
 205              	.LVL15:
 206              	.LFB156:
  77:c:/Users/Black_Life/STM32Cube/Repository/STM32Cube_FW_F4_V1.26.2/Middlewares/Third_Party/LwIP/src/netif\bridgeif_fdb.c ****   int i;
 207              		.loc 1 77 1 is_stmt 1 view -0
 208              		.cfi_startproc
 209              		@ args = 0, pretend = 0, frame = 0
 210              		@ frame_needed = 0, uses_anonymous_args = 0
  77:c:/Users/Black_Life/STM32Cube/Repository/STM32Cube_FW_F4_V1.26.2/Middlewares/Third_Party/LwIP/src/netif\bridgeif_fdb.c ****   int i;
 211              		.loc 1 77 1 is_stmt 0 view .LVU51
 212 0000 2DE9F843 		push	{r3, r4, r5, r6, r7, r8, r9, lr}
 213              	.LCFI3:
 214              		.cfi_def_cfa_offset 32
 215              		.cfi_offset 3, -32
 216              		.cfi_offset 4, -28
 217              		.cfi_offset 5, -24
 218              		.cfi_offset 6, -20
 219              		.cfi_offset 7, -16
 220              		.cfi_offset 8, -12
 221              		.cfi_offset 9, -8
 222              		.cfi_offset 14, -4
 223 0004 0646     		mov	r6, r0
 224 0006 0F46     		mov	r7, r1
 225 0008 9046     		mov	r8, r2
  78:c:/Users/Black_Life/STM32Cube/Repository/STM32Cube_FW_F4_V1.26.2/Middlewares/Third_Party/LwIP/src/netif\bridgeif_fdb.c ****   bridgeif_dfdb_t *fdb = (bridgeif_dfdb_t *)fdb_ptr;
 226              		.loc 1 78 3 is_stmt 1 view .LVU52
ARM GAS  C:\Users\BLACK_~1\AppData\Local\Temp\ccYyuoQi.s 			page 9


  79:c:/Users/Black_Life/STM32Cube/Repository/STM32Cube_FW_F4_V1.26.2/Middlewares/Third_Party/LwIP/src/netif\bridgeif_fdb.c ****   BRIDGEIF_DECL_PROTECT(lev);
 227              		.loc 1 79 3 view .LVU53
 228              	.LVL16:
  80:c:/Users/Black_Life/STM32Cube/Repository/STM32Cube_FW_F4_V1.26.2/Middlewares/Third_Party/LwIP/src/netif\bridgeif_fdb.c ****   BRIDGEIF_READ_PROTECT(lev);
 229              		.loc 1 80 29 view .LVU54
  81:c:/Users/Black_Life/STM32Cube/Repository/STM32Cube_FW_F4_V1.26.2/Middlewares/Third_Party/LwIP/src/netif\bridgeif_fdb.c ****   for (i = 0; i < fdb->max_fdb_entries; i++) {
 230              		.loc 1 81 29 view .LVU55
  82:c:/Users/Black_Life/STM32Cube/Repository/STM32Cube_FW_F4_V1.26.2/Middlewares/Third_Party/LwIP/src/netif\bridgeif_fdb.c ****     bridgeif_dfdb_entry_t *e = &fdb->fdb[i];
 231              		.loc 1 82 3 view .LVU56
  82:c:/Users/Black_Life/STM32Cube/Repository/STM32Cube_FW_F4_V1.26.2/Middlewares/Third_Party/LwIP/src/netif\bridgeif_fdb.c ****     bridgeif_dfdb_entry_t *e = &fdb->fdb[i];
 232              		.loc 1 82 10 is_stmt 0 view .LVU57
 233 000a 0024     		movs	r4, #0
  82:c:/Users/Black_Life/STM32Cube/Repository/STM32Cube_FW_F4_V1.26.2/Middlewares/Third_Party/LwIP/src/netif\bridgeif_fdb.c ****     bridgeif_dfdb_entry_t *e = &fdb->fdb[i];
 234              		.loc 1 82 3 view .LVU58
 235 000c 00E0     		b	.L17
 236              	.LVL17:
 237              	.L18:
  82:c:/Users/Black_Life/STM32Cube/Repository/STM32Cube_FW_F4_V1.26.2/Middlewares/Third_Party/LwIP/src/netif\bridgeif_fdb.c ****     bridgeif_dfdb_entry_t *e = &fdb->fdb[i];
 238              		.loc 1 82 41 is_stmt 1 discriminator 2 view .LVU59
  82:c:/Users/Black_Life/STM32Cube/Repository/STM32Cube_FW_F4_V1.26.2/Middlewares/Third_Party/LwIP/src/netif\bridgeif_fdb.c ****     bridgeif_dfdb_entry_t *e = &fdb->fdb[i];
 239              		.loc 1 82 42 is_stmt 0 discriminator 2 view .LVU60
 240 000e 0134     		adds	r4, r4, #1
 241              	.LVL18:
 242              	.L17:
  82:c:/Users/Black_Life/STM32Cube/Repository/STM32Cube_FW_F4_V1.26.2/Middlewares/Third_Party/LwIP/src/netif\bridgeif_fdb.c ****     bridgeif_dfdb_entry_t *e = &fdb->fdb[i];
 243              		.loc 1 82 15 is_stmt 1 discriminator 1 view .LVU61
  82:c:/Users/Black_Life/STM32Cube/Repository/STM32Cube_FW_F4_V1.26.2/Middlewares/Third_Party/LwIP/src/netif\bridgeif_fdb.c ****     bridgeif_dfdb_entry_t *e = &fdb->fdb[i];
 244              		.loc 1 82 22 is_stmt 0 discriminator 1 view .LVU62
 245 0010 3288     		ldrh	r2, [r6]
  82:c:/Users/Black_Life/STM32Cube/Repository/STM32Cube_FW_F4_V1.26.2/Middlewares/Third_Party/LwIP/src/netif\bridgeif_fdb.c ****     bridgeif_dfdb_entry_t *e = &fdb->fdb[i];
 246              		.loc 1 82 3 discriminator 1 view .LVU63
 247 0012 A242     		cmp	r2, r4
 248 0014 19DD     		ble	.L27
 249              	.LBB4:
  83:c:/Users/Black_Life/STM32Cube/Repository/STM32Cube_FW_F4_V1.26.2/Middlewares/Third_Party/LwIP/src/netif\bridgeif_fdb.c ****     if (e->used && e->ts) {
 250              		.loc 1 83 5 is_stmt 1 view .LVU64
  83:c:/Users/Black_Life/STM32Cube/Repository/STM32Cube_FW_F4_V1.26.2/Middlewares/Third_Party/LwIP/src/netif\bridgeif_fdb.c ****     if (e->used && e->ts) {
 251              		.loc 1 83 36 is_stmt 0 view .LVU65
 252 0016 7568     		ldr	r5, [r6, #4]
  83:c:/Users/Black_Life/STM32Cube/Repository/STM32Cube_FW_F4_V1.26.2/Middlewares/Third_Party/LwIP/src/netif\bridgeif_fdb.c ****     if (e->used && e->ts) {
 253              		.loc 1 83 41 view .LVU66
 254 0018 2301     		lsls	r3, r4, #4
  83:c:/Users/Black_Life/STM32Cube/Repository/STM32Cube_FW_F4_V1.26.2/Middlewares/Third_Party/LwIP/src/netif\bridgeif_fdb.c ****     if (e->used && e->ts) {
 255              		.loc 1 83 28 view .LVU67
 256 001a 05EB0419 		add	r9, r5, r4, lsl #4
 257              	.LVL19:
  84:c:/Users/Black_Life/STM32Cube/Repository/STM32Cube_FW_F4_V1.26.2/Middlewares/Third_Party/LwIP/src/netif\bridgeif_fdb.c ****       if (!memcmp(&e->addr, src_addr, sizeof(struct eth_addr))) {
 258              		.loc 1 84 5 is_stmt 1 view .LVU68
  84:c:/Users/Black_Life/STM32Cube/Repository/STM32Cube_FW_F4_V1.26.2/Middlewares/Third_Party/LwIP/src/netif\bridgeif_fdb.c ****       if (!memcmp(&e->addr, src_addr, sizeof(struct eth_addr))) {
 259              		.loc 1 84 10 is_stmt 0 view .LVU69
 260 001e EB5C     		ldrb	r3, [r5, r3]	@ zero_extendqisi2
  84:c:/Users/Black_Life/STM32Cube/Repository/STM32Cube_FW_F4_V1.26.2/Middlewares/Third_Party/LwIP/src/netif\bridgeif_fdb.c ****       if (!memcmp(&e->addr, src_addr, sizeof(struct eth_addr))) {
 261              		.loc 1 84 8 view .LVU70
 262 0020 002B     		cmp	r3, #0
 263 0022 F4D0     		beq	.L18
  84:c:/Users/Black_Life/STM32Cube/Repository/STM32Cube_FW_F4_V1.26.2/Middlewares/Third_Party/LwIP/src/netif\bridgeif_fdb.c ****       if (!memcmp(&e->addr, src_addr, sizeof(struct eth_addr))) {
 264              		.loc 1 84 21 discriminator 1 view .LVU71
ARM GAS  C:\Users\BLACK_~1\AppData\Local\Temp\ccYyuoQi.s 			page 10


 265 0024 D9F80430 		ldr	r3, [r9, #4]
  84:c:/Users/Black_Life/STM32Cube/Repository/STM32Cube_FW_F4_V1.26.2/Middlewares/Third_Party/LwIP/src/netif\bridgeif_fdb.c ****       if (!memcmp(&e->addr, src_addr, sizeof(struct eth_addr))) {
 266              		.loc 1 84 17 discriminator 1 view .LVU72
 267 0028 002B     		cmp	r3, #0
 268 002a F0D0     		beq	.L18
  85:c:/Users/Black_Life/STM32Cube/Repository/STM32Cube_FW_F4_V1.26.2/Middlewares/Third_Party/LwIP/src/netif\bridgeif_fdb.c ****         LWIP_DEBUGF(BRIDGEIF_FDB_DEBUG, ("br: update src %02x:%02x:%02x:%02x:%02x:%02x (from %d) @ 
 269              		.loc 1 85 7 is_stmt 1 view .LVU73
  85:c:/Users/Black_Life/STM32Cube/Repository/STM32Cube_FW_F4_V1.26.2/Middlewares/Third_Party/LwIP/src/netif\bridgeif_fdb.c ****         LWIP_DEBUGF(BRIDGEIF_FDB_DEBUG, ("br: update src %02x:%02x:%02x:%02x:%02x:%02x (from %d) @ 
 270              		.loc 1 85 12 is_stmt 0 view .LVU74
 271 002c 0622     		movs	r2, #6
 272 002e 3946     		mov	r1, r7
 273 0030 09F10800 		add	r0, r9, #8
 274 0034 FFF7FEFF 		bl	memcmp
 275              	.LVL20:
  85:c:/Users/Black_Life/STM32Cube/Repository/STM32Cube_FW_F4_V1.26.2/Middlewares/Third_Party/LwIP/src/netif\bridgeif_fdb.c ****         LWIP_DEBUGF(BRIDGEIF_FDB_DEBUG, ("br: update src %02x:%02x:%02x:%02x:%02x:%02x (from %d) @ 
 276              		.loc 1 85 10 view .LVU75
 277 0038 0028     		cmp	r0, #0
 278 003a E8D1     		bne	.L18
  88:c:/Users/Black_Life/STM32Cube/Repository/STM32Cube_FW_F4_V1.26.2/Middlewares/Third_Party/LwIP/src/netif\bridgeif_fdb.c ****         BRIDGEIF_WRITE_PROTECT(lev);
 279              		.loc 1 88 55 is_stmt 1 view .LVU76
  89:c:/Users/Black_Life/STM32Cube/Repository/STM32Cube_FW_F4_V1.26.2/Middlewares/Third_Party/LwIP/src/netif\bridgeif_fdb.c ****         e->ts = BR_FDB_TIMEOUT_SEC;
 280              		.loc 1 89 36 view .LVU77
  90:c:/Users/Black_Life/STM32Cube/Repository/STM32Cube_FW_F4_V1.26.2/Middlewares/Third_Party/LwIP/src/netif\bridgeif_fdb.c ****         e->port = port_idx;
 281              		.loc 1 90 9 view .LVU78
  90:c:/Users/Black_Life/STM32Cube/Repository/STM32Cube_FW_F4_V1.26.2/Middlewares/Third_Party/LwIP/src/netif\bridgeif_fdb.c ****         e->port = port_idx;
 282              		.loc 1 90 15 is_stmt 0 view .LVU79
 283 003c 4FF49673 		mov	r3, #300
 284 0040 C9F80430 		str	r3, [r9, #4]
  91:c:/Users/Black_Life/STM32Cube/Repository/STM32Cube_FW_F4_V1.26.2/Middlewares/Third_Party/LwIP/src/netif\bridgeif_fdb.c ****         BRIDGEIF_WRITE_UNPROTECT(lev);
 285              		.loc 1 91 9 is_stmt 1 view .LVU80
  91:c:/Users/Black_Life/STM32Cube/Repository/STM32Cube_FW_F4_V1.26.2/Middlewares/Third_Party/LwIP/src/netif\bridgeif_fdb.c ****         BRIDGEIF_WRITE_UNPROTECT(lev);
 286              		.loc 1 91 17 is_stmt 0 view .LVU81
 287 0044 89F80180 		strb	r8, [r9, #1]
  92:c:/Users/Black_Life/STM32Cube/Repository/STM32Cube_FW_F4_V1.26.2/Middlewares/Third_Party/LwIP/src/netif\bridgeif_fdb.c ****         BRIDGEIF_READ_UNPROTECT(lev);
 288              		.loc 1 92 38 is_stmt 1 view .LVU82
  93:c:/Users/Black_Life/STM32Cube/Repository/STM32Cube_FW_F4_V1.26.2/Middlewares/Third_Party/LwIP/src/netif\bridgeif_fdb.c ****         return;
 289              		.loc 1 93 37 view .LVU83
  94:c:/Users/Black_Life/STM32Cube/Repository/STM32Cube_FW_F4_V1.26.2/Middlewares/Third_Party/LwIP/src/netif\bridgeif_fdb.c ****       }
 290              		.loc 1 94 9 view .LVU84
 291 0048 1DE0     		b	.L16
 292              	.LVL21:
 293              	.L27:
  94:c:/Users/Black_Life/STM32Cube/Repository/STM32Cube_FW_F4_V1.26.2/Middlewares/Third_Party/LwIP/src/netif\bridgeif_fdb.c ****       }
 294              		.loc 1 94 9 is_stmt 0 view .LVU85
 295              	.LBE4:
  99:c:/Users/Black_Life/STM32Cube/Repository/STM32Cube_FW_F4_V1.26.2/Middlewares/Third_Party/LwIP/src/netif\bridgeif_fdb.c ****     bridgeif_dfdb_entry_t *e = &fdb->fdb[i];
 296              		.loc 1 99 10 view .LVU86
 297 004a 0023     		movs	r3, #0
 298 004c 03E0     		b	.L21
 299              	.LVL22:
 300              	.L22:
 301              	.LBB5:
 102:c:/Users/Black_Life/STM32Cube/Repository/STM32Cube_FW_F4_V1.26.2/Middlewares/Third_Party/LwIP/src/netif\bridgeif_fdb.c ****       /* check again when protected */
 302              		.loc 1 102 34 is_stmt 1 view .LVU87
 104:c:/Users/Black_Life/STM32Cube/Repository/STM32Cube_FW_F4_V1.26.2/Middlewares/Third_Party/LwIP/src/netif\bridgeif_fdb.c ****         LWIP_DEBUGF(BRIDGEIF_FDB_DEBUG, ("br: create src %02x:%02x:%02x:%02x:%02x:%02x (from %d) @ 
 303              		.loc 1 104 7 view .LVU88
 104:c:/Users/Black_Life/STM32Cube/Repository/STM32Cube_FW_F4_V1.26.2/Middlewares/Third_Party/LwIP/src/netif\bridgeif_fdb.c ****         LWIP_DEBUGF(BRIDGEIF_FDB_DEBUG, ("br: create src %02x:%02x:%02x:%02x:%02x:%02x (from %d) @ 
ARM GAS  C:\Users\BLACK_~1\AppData\Local\Temp\ccYyuoQi.s 			page 11


 304              		.loc 1 104 10 is_stmt 0 view .LVU89
 305 004e 79B1     		cbz	r1, .L24
 104:c:/Users/Black_Life/STM32Cube/Repository/STM32Cube_FW_F4_V1.26.2/Middlewares/Third_Party/LwIP/src/netif\bridgeif_fdb.c ****         LWIP_DEBUGF(BRIDGEIF_FDB_DEBUG, ("br: create src %02x:%02x:%02x:%02x:%02x:%02x (from %d) @ 
 306              		.loc 1 104 25 discriminator 1 view .LVU90
 307 0050 6168     		ldr	r1, [r4, #4]
 104:c:/Users/Black_Life/STM32Cube/Repository/STM32Cube_FW_F4_V1.26.2/Middlewares/Third_Party/LwIP/src/netif\bridgeif_fdb.c ****         LWIP_DEBUGF(BRIDGEIF_FDB_DEBUG, ("br: create src %02x:%02x:%02x:%02x:%02x:%02x (from %d) @ 
 308              		.loc 1 104 20 discriminator 1 view .LVU91
 309 0052 69B1     		cbz	r1, .L24
 310              	.L23:
 116:c:/Users/Black_Life/STM32Cube/Repository/STM32Cube_FW_F4_V1.26.2/Middlewares/Third_Party/LwIP/src/netif\bridgeif_fdb.c ****     }
 311              		.loc 1 116 36 is_stmt 1 discriminator 2 view .LVU92
 312              	.LBE5:
  99:c:/Users/Black_Life/STM32Cube/Repository/STM32Cube_FW_F4_V1.26.2/Middlewares/Third_Party/LwIP/src/netif\bridgeif_fdb.c ****     bridgeif_dfdb_entry_t *e = &fdb->fdb[i];
 313              		.loc 1 99 41 discriminator 2 view .LVU93
  99:c:/Users/Black_Life/STM32Cube/Repository/STM32Cube_FW_F4_V1.26.2/Middlewares/Third_Party/LwIP/src/netif\bridgeif_fdb.c ****     bridgeif_dfdb_entry_t *e = &fdb->fdb[i];
 314              		.loc 1 99 42 is_stmt 0 discriminator 2 view .LVU94
 315 0054 0133     		adds	r3, r3, #1
 316              	.LVL23:
 317              	.L21:
  99:c:/Users/Black_Life/STM32Cube/Repository/STM32Cube_FW_F4_V1.26.2/Middlewares/Third_Party/LwIP/src/netif\bridgeif_fdb.c ****     bridgeif_dfdb_entry_t *e = &fdb->fdb[i];
 318              		.loc 1 99 15 is_stmt 1 discriminator 1 view .LVU95
  99:c:/Users/Black_Life/STM32Cube/Repository/STM32Cube_FW_F4_V1.26.2/Middlewares/Third_Party/LwIP/src/netif\bridgeif_fdb.c ****     bridgeif_dfdb_entry_t *e = &fdb->fdb[i];
 319              		.loc 1 99 3 is_stmt 0 discriminator 1 view .LVU96
 320 0056 9A42     		cmp	r2, r3
 321 0058 15DD     		ble	.L16
 322              	.LBB6:
 100:c:/Users/Black_Life/STM32Cube/Repository/STM32Cube_FW_F4_V1.26.2/Middlewares/Third_Party/LwIP/src/netif\bridgeif_fdb.c ****     if (!e->used || !e->ts) {
 323              		.loc 1 100 5 is_stmt 1 view .LVU97
 100:c:/Users/Black_Life/STM32Cube/Repository/STM32Cube_FW_F4_V1.26.2/Middlewares/Third_Party/LwIP/src/netif\bridgeif_fdb.c ****     if (!e->used || !e->ts) {
 324              		.loc 1 100 36 is_stmt 0 view .LVU98
 325 005a 7068     		ldr	r0, [r6, #4]
 100:c:/Users/Black_Life/STM32Cube/Repository/STM32Cube_FW_F4_V1.26.2/Middlewares/Third_Party/LwIP/src/netif\bridgeif_fdb.c ****     if (!e->used || !e->ts) {
 326              		.loc 1 100 41 view .LVU99
 327 005c 1901     		lsls	r1, r3, #4
 100:c:/Users/Black_Life/STM32Cube/Repository/STM32Cube_FW_F4_V1.26.2/Middlewares/Third_Party/LwIP/src/netif\bridgeif_fdb.c ****     if (!e->used || !e->ts) {
 328              		.loc 1 100 28 view .LVU100
 329 005e 00EB0314 		add	r4, r0, r3, lsl #4
 330              	.LVL24:
 101:c:/Users/Black_Life/STM32Cube/Repository/STM32Cube_FW_F4_V1.26.2/Middlewares/Third_Party/LwIP/src/netif\bridgeif_fdb.c ****       BRIDGEIF_WRITE_PROTECT(lev);
 331              		.loc 1 101 5 is_stmt 1 view .LVU101
 101:c:/Users/Black_Life/STM32Cube/Repository/STM32Cube_FW_F4_V1.26.2/Middlewares/Third_Party/LwIP/src/netif\bridgeif_fdb.c ****       BRIDGEIF_WRITE_PROTECT(lev);
 332              		.loc 1 101 11 is_stmt 0 view .LVU102
 333 0062 415C     		ldrb	r1, [r0, r1]	@ zero_extendqisi2
 101:c:/Users/Black_Life/STM32Cube/Repository/STM32Cube_FW_F4_V1.26.2/Middlewares/Third_Party/LwIP/src/netif\bridgeif_fdb.c ****       BRIDGEIF_WRITE_PROTECT(lev);
 334              		.loc 1 101 8 view .LVU103
 335 0064 0029     		cmp	r1, #0
 336 0066 F2D0     		beq	.L22
 101:c:/Users/Black_Life/STM32Cube/Repository/STM32Cube_FW_F4_V1.26.2/Middlewares/Third_Party/LwIP/src/netif\bridgeif_fdb.c ****       BRIDGEIF_WRITE_PROTECT(lev);
 337              		.loc 1 101 23 discriminator 1 view .LVU104
 338 0068 6068     		ldr	r0, [r4, #4]
 101:c:/Users/Black_Life/STM32Cube/Repository/STM32Cube_FW_F4_V1.26.2/Middlewares/Third_Party/LwIP/src/netif\bridgeif_fdb.c ****       BRIDGEIF_WRITE_PROTECT(lev);
 339              		.loc 1 101 18 discriminator 1 view .LVU105
 340 006a 0028     		cmp	r0, #0
 341 006c F2D1     		bne	.L23
 342 006e EEE7     		b	.L22
 343              	.L24:
 107:c:/Users/Black_Life/STM32Cube/Repository/STM32Cube_FW_F4_V1.26.2/Middlewares/Third_Party/LwIP/src/netif\bridgeif_fdb.c ****         memcpy(&e->addr, src_addr, sizeof(struct eth_addr));
ARM GAS  C:\Users\BLACK_~1\AppData\Local\Temp\ccYyuoQi.s 			page 12


 344              		.loc 1 107 55 is_stmt 1 view .LVU106
 108:c:/Users/Black_Life/STM32Cube/Repository/STM32Cube_FW_F4_V1.26.2/Middlewares/Third_Party/LwIP/src/netif\bridgeif_fdb.c ****         e->ts = BR_FDB_TIMEOUT_SEC;
 345              		.loc 1 108 9 view .LVU107
 346 0070 3B68     		ldr	r3, [r7]	@ unaligned
 347              	.LVL25:
 108:c:/Users/Black_Life/STM32Cube/Repository/STM32Cube_FW_F4_V1.26.2/Middlewares/Third_Party/LwIP/src/netif\bridgeif_fdb.c ****         e->ts = BR_FDB_TIMEOUT_SEC;
 348              		.loc 1 108 9 is_stmt 0 view .LVU108
 349 0072 A360     		str	r3, [r4, #8]	@ unaligned
 350 0074 BB88     		ldrh	r3, [r7, #4]	@ unaligned
 351 0076 A381     		strh	r3, [r4, #12]	@ unaligned
 109:c:/Users/Black_Life/STM32Cube/Repository/STM32Cube_FW_F4_V1.26.2/Middlewares/Third_Party/LwIP/src/netif\bridgeif_fdb.c ****         e->port = port_idx;
 352              		.loc 1 109 9 is_stmt 1 view .LVU109
 109:c:/Users/Black_Life/STM32Cube/Repository/STM32Cube_FW_F4_V1.26.2/Middlewares/Third_Party/LwIP/src/netif\bridgeif_fdb.c ****         e->port = port_idx;
 353              		.loc 1 109 15 is_stmt 0 view .LVU110
 354 0078 4FF49673 		mov	r3, #300
 355 007c 6360     		str	r3, [r4, #4]
 110:c:/Users/Black_Life/STM32Cube/Repository/STM32Cube_FW_F4_V1.26.2/Middlewares/Third_Party/LwIP/src/netif\bridgeif_fdb.c ****         e->used = 1;
 356              		.loc 1 110 9 is_stmt 1 view .LVU111
 110:c:/Users/Black_Life/STM32Cube/Repository/STM32Cube_FW_F4_V1.26.2/Middlewares/Third_Party/LwIP/src/netif\bridgeif_fdb.c ****         e->used = 1;
 357              		.loc 1 110 17 is_stmt 0 view .LVU112
 358 007e 84F80180 		strb	r8, [r4, #1]
 111:c:/Users/Black_Life/STM32Cube/Repository/STM32Cube_FW_F4_V1.26.2/Middlewares/Third_Party/LwIP/src/netif\bridgeif_fdb.c ****         BRIDGEIF_WRITE_UNPROTECT(lev);
 359              		.loc 1 111 9 is_stmt 1 view .LVU113
 111:c:/Users/Black_Life/STM32Cube/Repository/STM32Cube_FW_F4_V1.26.2/Middlewares/Third_Party/LwIP/src/netif\bridgeif_fdb.c ****         BRIDGEIF_WRITE_UNPROTECT(lev);
 360              		.loc 1 111 17 is_stmt 0 view .LVU114
 361 0082 0123     		movs	r3, #1
 362 0084 2370     		strb	r3, [r4]
 112:c:/Users/Black_Life/STM32Cube/Repository/STM32Cube_FW_F4_V1.26.2/Middlewares/Third_Party/LwIP/src/netif\bridgeif_fdb.c ****         BRIDGEIF_READ_UNPROTECT(lev);
 363              		.loc 1 112 38 is_stmt 1 view .LVU115
 113:c:/Users/Black_Life/STM32Cube/Repository/STM32Cube_FW_F4_V1.26.2/Middlewares/Third_Party/LwIP/src/netif\bridgeif_fdb.c ****         return;
 364              		.loc 1 113 37 view .LVU116
 114:c:/Users/Black_Life/STM32Cube/Repository/STM32Cube_FW_F4_V1.26.2/Middlewares/Third_Party/LwIP/src/netif\bridgeif_fdb.c ****       }
 365              		.loc 1 114 9 view .LVU117
 366              	.LVL26:
 367              	.L16:
 114:c:/Users/Black_Life/STM32Cube/Repository/STM32Cube_FW_F4_V1.26.2/Middlewares/Third_Party/LwIP/src/netif\bridgeif_fdb.c ****       }
 368              		.loc 1 114 9 is_stmt 0 view .LVU118
 369              	.LBE6:
 121:c:/Users/Black_Life/STM32Cube/Repository/STM32Cube_FW_F4_V1.26.2/Middlewares/Third_Party/LwIP/src/netif\bridgeif_fdb.c **** 
 370              		.loc 1 121 1 view .LVU119
 371 0086 BDE8F883 		pop	{r3, r4, r5, r6, r7, r8, r9, pc}
 121:c:/Users/Black_Life/STM32Cube/Repository/STM32Cube_FW_F4_V1.26.2/Middlewares/Third_Party/LwIP/src/netif\bridgeif_fdb.c **** 
 372              		.loc 1 121 1 view .LVU120
 373              		.cfi_endproc
 374              	.LFE156:
 376              		.section	.text.bridgeif_fdb_get_dst_ports,"ax",%progbits
 377              		.align	1
 378              		.global	bridgeif_fdb_get_dst_ports
 379              		.syntax unified
 380              		.thumb
 381              		.thumb_func
 383              	bridgeif_fdb_get_dst_ports:
 384              	.LVL27:
 385              	.LFB157:
 129:c:/Users/Black_Life/STM32Cube/Repository/STM32Cube_FW_F4_V1.26.2/Middlewares/Third_Party/LwIP/src/netif\bridgeif_fdb.c ****   int i;
 386              		.loc 1 129 1 is_stmt 1 view -0
 387              		.cfi_startproc
ARM GAS  C:\Users\BLACK_~1\AppData\Local\Temp\ccYyuoQi.s 			page 13


 388              		@ args = 0, pretend = 0, frame = 0
 389              		@ frame_needed = 0, uses_anonymous_args = 0
 129:c:/Users/Black_Life/STM32Cube/Repository/STM32Cube_FW_F4_V1.26.2/Middlewares/Third_Party/LwIP/src/netif\bridgeif_fdb.c ****   int i;
 390              		.loc 1 129 1 is_stmt 0 view .LVU122
 391 0000 F8B5     		push	{r3, r4, r5, r6, r7, lr}
 392              	.LCFI4:
 393              		.cfi_def_cfa_offset 24
 394              		.cfi_offset 3, -24
 395              		.cfi_offset 4, -20
 396              		.cfi_offset 5, -16
 397              		.cfi_offset 6, -12
 398              		.cfi_offset 7, -8
 399              		.cfi_offset 14, -4
 400 0002 0546     		mov	r5, r0
 401 0004 0E46     		mov	r6, r1
 130:c:/Users/Black_Life/STM32Cube/Repository/STM32Cube_FW_F4_V1.26.2/Middlewares/Third_Party/LwIP/src/netif\bridgeif_fdb.c ****   bridgeif_dfdb_t *fdb = (bridgeif_dfdb_t *)fdb_ptr;
 402              		.loc 1 130 3 is_stmt 1 view .LVU123
 131:c:/Users/Black_Life/STM32Cube/Repository/STM32Cube_FW_F4_V1.26.2/Middlewares/Third_Party/LwIP/src/netif\bridgeif_fdb.c ****   BRIDGEIF_DECL_PROTECT(lev);
 403              		.loc 1 131 3 view .LVU124
 404              	.LVL28:
 132:c:/Users/Black_Life/STM32Cube/Repository/STM32Cube_FW_F4_V1.26.2/Middlewares/Third_Party/LwIP/src/netif\bridgeif_fdb.c ****   BRIDGEIF_READ_PROTECT(lev);
 405              		.loc 1 132 29 view .LVU125
 133:c:/Users/Black_Life/STM32Cube/Repository/STM32Cube_FW_F4_V1.26.2/Middlewares/Third_Party/LwIP/src/netif\bridgeif_fdb.c ****   for (i = 0; i < fdb->max_fdb_entries; i++) {
 406              		.loc 1 133 29 view .LVU126
 134:c:/Users/Black_Life/STM32Cube/Repository/STM32Cube_FW_F4_V1.26.2/Middlewares/Third_Party/LwIP/src/netif\bridgeif_fdb.c ****     bridgeif_dfdb_entry_t *e = &fdb->fdb[i];
 407              		.loc 1 134 3 view .LVU127
 134:c:/Users/Black_Life/STM32Cube/Repository/STM32Cube_FW_F4_V1.26.2/Middlewares/Third_Party/LwIP/src/netif\bridgeif_fdb.c ****     bridgeif_dfdb_entry_t *e = &fdb->fdb[i];
 408              		.loc 1 134 10 is_stmt 0 view .LVU128
 409 0006 0024     		movs	r4, #0
 134:c:/Users/Black_Life/STM32Cube/Repository/STM32Cube_FW_F4_V1.26.2/Middlewares/Third_Party/LwIP/src/netif\bridgeif_fdb.c ****     bridgeif_dfdb_entry_t *e = &fdb->fdb[i];
 410              		.loc 1 134 3 view .LVU129
 411 0008 00E0     		b	.L29
 412              	.LVL29:
 413              	.L30:
 134:c:/Users/Black_Life/STM32Cube/Repository/STM32Cube_FW_F4_V1.26.2/Middlewares/Third_Party/LwIP/src/netif\bridgeif_fdb.c ****     bridgeif_dfdb_entry_t *e = &fdb->fdb[i];
 414              		.loc 1 134 41 is_stmt 1 discriminator 2 view .LVU130
 134:c:/Users/Black_Life/STM32Cube/Repository/STM32Cube_FW_F4_V1.26.2/Middlewares/Third_Party/LwIP/src/netif\bridgeif_fdb.c ****     bridgeif_dfdb_entry_t *e = &fdb->fdb[i];
 415              		.loc 1 134 42 is_stmt 0 discriminator 2 view .LVU131
 416 000a 0134     		adds	r4, r4, #1
 417              	.LVL30:
 418              	.L29:
 134:c:/Users/Black_Life/STM32Cube/Repository/STM32Cube_FW_F4_V1.26.2/Middlewares/Third_Party/LwIP/src/netif\bridgeif_fdb.c ****     bridgeif_dfdb_entry_t *e = &fdb->fdb[i];
 419              		.loc 1 134 15 is_stmt 1 discriminator 1 view .LVU132
 134:c:/Users/Black_Life/STM32Cube/Repository/STM32Cube_FW_F4_V1.26.2/Middlewares/Third_Party/LwIP/src/netif\bridgeif_fdb.c ****     bridgeif_dfdb_entry_t *e = &fdb->fdb[i];
 420              		.loc 1 134 22 is_stmt 0 discriminator 1 view .LVU133
 421 000c 2B88     		ldrh	r3, [r5]
 134:c:/Users/Black_Life/STM32Cube/Repository/STM32Cube_FW_F4_V1.26.2/Middlewares/Third_Party/LwIP/src/netif\bridgeif_fdb.c ****     bridgeif_dfdb_entry_t *e = &fdb->fdb[i];
 422              		.loc 1 134 3 discriminator 1 view .LVU134
 423 000e A342     		cmp	r3, r4
 424 0010 16DD     		ble	.L34
 425              	.LBB7:
 135:c:/Users/Black_Life/STM32Cube/Repository/STM32Cube_FW_F4_V1.26.2/Middlewares/Third_Party/LwIP/src/netif\bridgeif_fdb.c ****     if (e->used && e->ts) {
 426              		.loc 1 135 5 is_stmt 1 view .LVU135
 135:c:/Users/Black_Life/STM32Cube/Repository/STM32Cube_FW_F4_V1.26.2/Middlewares/Third_Party/LwIP/src/netif\bridgeif_fdb.c ****     if (e->used && e->ts) {
 427              		.loc 1 135 36 is_stmt 0 view .LVU136
 428 0012 6A68     		ldr	r2, [r5, #4]
 135:c:/Users/Black_Life/STM32Cube/Repository/STM32Cube_FW_F4_V1.26.2/Middlewares/Third_Party/LwIP/src/netif\bridgeif_fdb.c ****     if (e->used && e->ts) {
ARM GAS  C:\Users\BLACK_~1\AppData\Local\Temp\ccYyuoQi.s 			page 14


 429              		.loc 1 135 41 view .LVU137
 430 0014 2301     		lsls	r3, r4, #4
 135:c:/Users/Black_Life/STM32Cube/Repository/STM32Cube_FW_F4_V1.26.2/Middlewares/Third_Party/LwIP/src/netif\bridgeif_fdb.c ****     if (e->used && e->ts) {
 431              		.loc 1 135 28 view .LVU138
 432 0016 02EB0417 		add	r7, r2, r4, lsl #4
 433              	.LVL31:
 136:c:/Users/Black_Life/STM32Cube/Repository/STM32Cube_FW_F4_V1.26.2/Middlewares/Third_Party/LwIP/src/netif\bridgeif_fdb.c ****       if (!memcmp(&e->addr, dst_addr, sizeof(struct eth_addr))) {
 434              		.loc 1 136 5 is_stmt 1 view .LVU139
 136:c:/Users/Black_Life/STM32Cube/Repository/STM32Cube_FW_F4_V1.26.2/Middlewares/Third_Party/LwIP/src/netif\bridgeif_fdb.c ****       if (!memcmp(&e->addr, dst_addr, sizeof(struct eth_addr))) {
 435              		.loc 1 136 10 is_stmt 0 view .LVU140
 436 001a D35C     		ldrb	r3, [r2, r3]	@ zero_extendqisi2
 136:c:/Users/Black_Life/STM32Cube/Repository/STM32Cube_FW_F4_V1.26.2/Middlewares/Third_Party/LwIP/src/netif\bridgeif_fdb.c ****       if (!memcmp(&e->addr, dst_addr, sizeof(struct eth_addr))) {
 437              		.loc 1 136 8 view .LVU141
 438 001c 002B     		cmp	r3, #0
 439 001e F4D0     		beq	.L30
 136:c:/Users/Black_Life/STM32Cube/Repository/STM32Cube_FW_F4_V1.26.2/Middlewares/Third_Party/LwIP/src/netif\bridgeif_fdb.c ****       if (!memcmp(&e->addr, dst_addr, sizeof(struct eth_addr))) {
 440              		.loc 1 136 21 discriminator 1 view .LVU142
 441 0020 7B68     		ldr	r3, [r7, #4]
 136:c:/Users/Black_Life/STM32Cube/Repository/STM32Cube_FW_F4_V1.26.2/Middlewares/Third_Party/LwIP/src/netif\bridgeif_fdb.c ****       if (!memcmp(&e->addr, dst_addr, sizeof(struct eth_addr))) {
 442              		.loc 1 136 17 discriminator 1 view .LVU143
 443 0022 002B     		cmp	r3, #0
 444 0024 F1D0     		beq	.L30
 137:c:/Users/Black_Life/STM32Cube/Repository/STM32Cube_FW_F4_V1.26.2/Middlewares/Third_Party/LwIP/src/netif\bridgeif_fdb.c ****         bridgeif_portmask_t ret = (bridgeif_portmask_t)(1 << e->port);
 445              		.loc 1 137 7 is_stmt 1 view .LVU144
 137:c:/Users/Black_Life/STM32Cube/Repository/STM32Cube_FW_F4_V1.26.2/Middlewares/Third_Party/LwIP/src/netif\bridgeif_fdb.c ****         bridgeif_portmask_t ret = (bridgeif_portmask_t)(1 << e->port);
 446              		.loc 1 137 12 is_stmt 0 view .LVU145
 447 0026 0622     		movs	r2, #6
 448 0028 3146     		mov	r1, r6
 449 002a 07F10800 		add	r0, r7, #8
 450 002e FFF7FEFF 		bl	memcmp
 451              	.LVL32:
 137:c:/Users/Black_Life/STM32Cube/Repository/STM32Cube_FW_F4_V1.26.2/Middlewares/Third_Party/LwIP/src/netif\bridgeif_fdb.c ****         bridgeif_portmask_t ret = (bridgeif_portmask_t)(1 << e->port);
 452              		.loc 1 137 10 view .LVU146
 453 0032 0028     		cmp	r0, #0
 454 0034 E9D1     		bne	.L30
 455              	.LBB8:
 138:c:/Users/Black_Life/STM32Cube/Repository/STM32Cube_FW_F4_V1.26.2/Middlewares/Third_Party/LwIP/src/netif\bridgeif_fdb.c ****         BRIDGEIF_READ_UNPROTECT(lev);
 456              		.loc 1 138 9 is_stmt 1 view .LVU147
 138:c:/Users/Black_Life/STM32Cube/Repository/STM32Cube_FW_F4_V1.26.2/Middlewares/Third_Party/LwIP/src/netif\bridgeif_fdb.c ****         BRIDGEIF_READ_UNPROTECT(lev);
 457              		.loc 1 138 63 is_stmt 0 view .LVU148
 458 0036 7B78     		ldrb	r3, [r7, #1]	@ zero_extendqisi2
 138:c:/Users/Black_Life/STM32Cube/Repository/STM32Cube_FW_F4_V1.26.2/Middlewares/Third_Party/LwIP/src/netif\bridgeif_fdb.c ****         BRIDGEIF_READ_UNPROTECT(lev);
 459              		.loc 1 138 59 view .LVU149
 460 0038 0120     		movs	r0, #1
 461 003a 9840     		lsls	r0, r0, r3
 138:c:/Users/Black_Life/STM32Cube/Repository/STM32Cube_FW_F4_V1.26.2/Middlewares/Third_Party/LwIP/src/netif\bridgeif_fdb.c ****         BRIDGEIF_READ_UNPROTECT(lev);
 462              		.loc 1 138 29 view .LVU150
 463 003c C0B2     		uxtb	r0, r0
 464              	.LVL33:
 139:c:/Users/Black_Life/STM32Cube/Repository/STM32Cube_FW_F4_V1.26.2/Middlewares/Third_Party/LwIP/src/netif\bridgeif_fdb.c ****         return ret;
 465              		.loc 1 139 37 is_stmt 1 view .LVU151
 140:c:/Users/Black_Life/STM32Cube/Repository/STM32Cube_FW_F4_V1.26.2/Middlewares/Third_Party/LwIP/src/netif\bridgeif_fdb.c ****       }
 466              		.loc 1 140 9 view .LVU152
 140:c:/Users/Black_Life/STM32Cube/Repository/STM32Cube_FW_F4_V1.26.2/Middlewares/Third_Party/LwIP/src/netif\bridgeif_fdb.c ****       }
 467              		.loc 1 140 16 is_stmt 0 view .LVU153
 468 003e 00E0     		b	.L31
 469              	.LVL34:
ARM GAS  C:\Users\BLACK_~1\AppData\Local\Temp\ccYyuoQi.s 			page 15


 470              	.L34:
 140:c:/Users/Black_Life/STM32Cube/Repository/STM32Cube_FW_F4_V1.26.2/Middlewares/Third_Party/LwIP/src/netif\bridgeif_fdb.c ****       }
 471              		.loc 1 140 16 view .LVU154
 472              	.LBE8:
 473              	.LBE7:
 145:c:/Users/Black_Life/STM32Cube/Repository/STM32Cube_FW_F4_V1.26.2/Middlewares/Third_Party/LwIP/src/netif\bridgeif_fdb.c **** }
 474              		.loc 1 145 10 view .LVU155
 475 0040 FF20     		movs	r0, #255
 476              	.L31:
 146:c:/Users/Black_Life/STM32Cube/Repository/STM32Cube_FW_F4_V1.26.2/Middlewares/Third_Party/LwIP/src/netif\bridgeif_fdb.c **** 
 477              		.loc 1 146 1 view .LVU156
 478 0042 F8BD     		pop	{r3, r4, r5, r6, r7, pc}
 146:c:/Users/Black_Life/STM32Cube/Repository/STM32Cube_FW_F4_V1.26.2/Middlewares/Third_Party/LwIP/src/netif\bridgeif_fdb.c **** 
 479              		.loc 1 146 1 view .LVU157
 480              		.cfi_endproc
 481              	.LFE157:
 483              		.section	.rodata.bridgeif_fdb_init.str1.4,"aMS",%progbits,1
 484              		.align	2
 485              	.LC3:
 486 0000 616C6C6F 		.ascii	"alloc_len == alloc_len_sizet\000"
 486      635F6C65 
 486      6E203D3D 
 486      20616C6C 
 486      6F635F6C 
 487              		.section	.text.bridgeif_fdb_init,"ax",%progbits
 488              		.align	1
 489              		.global	bridgeif_fdb_init
 490              		.syntax unified
 491              		.thumb
 492              		.thumb_func
 494              	bridgeif_fdb_init:
 495              	.LVL35:
 496              	.LFB160:
 189:c:/Users/Black_Life/STM32Cube/Repository/STM32Cube_FW_F4_V1.26.2/Middlewares/Third_Party/LwIP/src/netif\bridgeif_fdb.c **** 
 190:c:/Users/Black_Life/STM32Cube/Repository/STM32Cube_FW_F4_V1.26.2/Middlewares/Third_Party/LwIP/src/netif\bridgeif_fdb.c **** /**
 191:c:/Users/Black_Life/STM32Cube/Repository/STM32Cube_FW_F4_V1.26.2/Middlewares/Third_Party/LwIP/src/netif\bridgeif_fdb.c ****  * @ingroup bridgeif_fdb
 192:c:/Users/Black_Life/STM32Cube/Repository/STM32Cube_FW_F4_V1.26.2/Middlewares/Third_Party/LwIP/src/netif\bridgeif_fdb.c ****  * Init our simple fdb list
 193:c:/Users/Black_Life/STM32Cube/Repository/STM32Cube_FW_F4_V1.26.2/Middlewares/Third_Party/LwIP/src/netif\bridgeif_fdb.c ****  */
 194:c:/Users/Black_Life/STM32Cube/Repository/STM32Cube_FW_F4_V1.26.2/Middlewares/Third_Party/LwIP/src/netif\bridgeif_fdb.c **** void *
 195:c:/Users/Black_Life/STM32Cube/Repository/STM32Cube_FW_F4_V1.26.2/Middlewares/Third_Party/LwIP/src/netif\bridgeif_fdb.c **** bridgeif_fdb_init(u16_t max_fdb_entries)
 196:c:/Users/Black_Life/STM32Cube/Repository/STM32Cube_FW_F4_V1.26.2/Middlewares/Third_Party/LwIP/src/netif\bridgeif_fdb.c **** {
 497              		.loc 1 196 1 is_stmt 1 view -0
 498              		.cfi_startproc
 499              		@ args = 0, pretend = 0, frame = 0
 500              		@ frame_needed = 0, uses_anonymous_args = 0
 501              		.loc 1 196 1 is_stmt 0 view .LVU159
 502 0000 38B5     		push	{r3, r4, r5, lr}
 503              	.LCFI5:
 504              		.cfi_def_cfa_offset 16
 505              		.cfi_offset 3, -16
 506              		.cfi_offset 4, -12
 507              		.cfi_offset 5, -8
 508              		.cfi_offset 14, -4
 509 0002 0446     		mov	r4, r0
 197:c:/Users/Black_Life/STM32Cube/Repository/STM32Cube_FW_F4_V1.26.2/Middlewares/Third_Party/LwIP/src/netif\bridgeif_fdb.c ****   bridgeif_dfdb_t *fdb;
 510              		.loc 1 197 3 is_stmt 1 view .LVU160
 198:c:/Users/Black_Life/STM32Cube/Repository/STM32Cube_FW_F4_V1.26.2/Middlewares/Third_Party/LwIP/src/netif\bridgeif_fdb.c ****   size_t alloc_len_sizet = sizeof(bridgeif_dfdb_t) + (max_fdb_entries * sizeof(bridgeif_dfdb_entry_
ARM GAS  C:\Users\BLACK_~1\AppData\Local\Temp\ccYyuoQi.s 			page 16


 511              		.loc 1 198 3 view .LVU161
 512              		.loc 1 198 71 is_stmt 0 view .LVU162
 513 0004 0301     		lsls	r3, r0, #4
 514              		.loc 1 198 10 view .LVU163
 515 0006 0833     		adds	r3, r3, #8
 516              	.LVL36:
 199:c:/Users/Black_Life/STM32Cube/Repository/STM32Cube_FW_F4_V1.26.2/Middlewares/Third_Party/LwIP/src/netif\bridgeif_fdb.c ****   mem_size_t alloc_len = (mem_size_t)alloc_len_sizet;
 517              		.loc 1 199 3 is_stmt 1 view .LVU164
 518              		.loc 1 199 14 is_stmt 0 view .LVU165
 519 0008 9DB2     		uxth	r5, r3
 520              	.LVL37:
 200:c:/Users/Black_Life/STM32Cube/Repository/STM32Cube_FW_F4_V1.26.2/Middlewares/Third_Party/LwIP/src/netif\bridgeif_fdb.c ****   LWIP_ASSERT("alloc_len == alloc_len_sizet", alloc_len == alloc_len_sizet);
 521              		.loc 1 200 3 is_stmt 1 view .LVU166
 522              		.loc 1 200 3 view .LVU167
 523 000a AB42     		cmp	r3, r5
 524 000c 11D1     		bne	.L39
 525              	.LVL38:
 526              	.L36:
 527              		.loc 1 200 3 discriminator 3 view .LVU168
 528              		.loc 1 200 3 discriminator 3 view .LVU169
 201:c:/Users/Black_Life/STM32Cube/Repository/STM32Cube_FW_F4_V1.26.2/Middlewares/Third_Party/LwIP/src/netif\bridgeif_fdb.c ****   LWIP_DEBUGF(BRIDGEIF_DEBUG, ("bridgeif_fdb_init: allocating %d bytes for private FDB data\n", (in
 529              		.loc 1 201 113 discriminator 3 view .LVU170
 202:c:/Users/Black_Life/STM32Cube/Repository/STM32Cube_FW_F4_V1.26.2/Middlewares/Third_Party/LwIP/src/netif\bridgeif_fdb.c ****   fdb = (bridgeif_dfdb_t *)mem_calloc(1, alloc_len);
 530              		.loc 1 202 3 discriminator 3 view .LVU171
 531              		.loc 1 202 28 is_stmt 0 discriminator 3 view .LVU172
 532 000e 2946     		mov	r1, r5
 533 0010 0120     		movs	r0, #1
 534 0012 FFF7FEFF 		bl	mem_calloc
 535              	.LVL39:
 203:c:/Users/Black_Life/STM32Cube/Repository/STM32Cube_FW_F4_V1.26.2/Middlewares/Third_Party/LwIP/src/netif\bridgeif_fdb.c ****   if (fdb == NULL) {
 536              		.loc 1 203 3 is_stmt 1 discriminator 3 view .LVU173
 537              		.loc 1 203 6 is_stmt 0 discriminator 3 view .LVU174
 538 0016 0546     		mov	r5, r0
 539              	.LVL40:
 540              		.loc 1 203 6 discriminator 3 view .LVU175
 541 0018 48B1     		cbz	r0, .L35
 204:c:/Users/Black_Life/STM32Cube/Repository/STM32Cube_FW_F4_V1.26.2/Middlewares/Third_Party/LwIP/src/netif\bridgeif_fdb.c ****     return NULL;
 205:c:/Users/Black_Life/STM32Cube/Repository/STM32Cube_FW_F4_V1.26.2/Middlewares/Third_Party/LwIP/src/netif\bridgeif_fdb.c ****   }
 206:c:/Users/Black_Life/STM32Cube/Repository/STM32Cube_FW_F4_V1.26.2/Middlewares/Third_Party/LwIP/src/netif\bridgeif_fdb.c ****   fdb->max_fdb_entries = max_fdb_entries;
 542              		.loc 1 206 3 is_stmt 1 view .LVU176
 543              		.loc 1 206 24 is_stmt 0 view .LVU177
 544 001a 0346     		mov	r3, r0
 545 001c 23F8084B 		strh	r4, [r3], #8	@ movhi
 207:c:/Users/Black_Life/STM32Cube/Repository/STM32Cube_FW_F4_V1.26.2/Middlewares/Third_Party/LwIP/src/netif\bridgeif_fdb.c ****   fdb->fdb = (bridgeif_dfdb_entry_t *)(fdb + 1);
 546              		.loc 1 207 3 is_stmt 1 view .LVU178
 547              		.loc 1 207 12 is_stmt 0 view .LVU179
 548 0020 4360     		str	r3, [r0, #4]
 208:c:/Users/Black_Life/STM32Cube/Repository/STM32Cube_FW_F4_V1.26.2/Middlewares/Third_Party/LwIP/src/netif\bridgeif_fdb.c **** 
 209:c:/Users/Black_Life/STM32Cube/Repository/STM32Cube_FW_F4_V1.26.2/Middlewares/Third_Party/LwIP/src/netif\bridgeif_fdb.c ****   sys_timeout(BRIDGEIF_AGE_TIMER_MS, bridgeif_age_tmr, fdb);
 549              		.loc 1 209 3 is_stmt 1 view .LVU180
 550 0022 0246     		mov	r2, r0
 551 0024 0649     		ldr	r1, .L40
 552 0026 4FF47A70 		mov	r0, #1000
 553              	.LVL41:
 554              		.loc 1 209 3 is_stmt 0 view .LVU181
 555 002a FFF7FEFF 		bl	sys_timeout
 556              	.LVL42:
ARM GAS  C:\Users\BLACK_~1\AppData\Local\Temp\ccYyuoQi.s 			page 17


 210:c:/Users/Black_Life/STM32Cube/Repository/STM32Cube_FW_F4_V1.26.2/Middlewares/Third_Party/LwIP/src/netif\bridgeif_fdb.c **** 
 211:c:/Users/Black_Life/STM32Cube/Repository/STM32Cube_FW_F4_V1.26.2/Middlewares/Third_Party/LwIP/src/netif\bridgeif_fdb.c ****   return fdb;
 557              		.loc 1 211 3 is_stmt 1 view .LVU182
 558              	.L35:
 212:c:/Users/Black_Life/STM32Cube/Repository/STM32Cube_FW_F4_V1.26.2/Middlewares/Third_Party/LwIP/src/netif\bridgeif_fdb.c **** }
 559              		.loc 1 212 1 is_stmt 0 view .LVU183
 560 002e 2846     		mov	r0, r5
 561 0030 38BD     		pop	{r3, r4, r5, pc}
 562              	.LVL43:
 563              	.L39:
 200:c:/Users/Black_Life/STM32Cube/Repository/STM32Cube_FW_F4_V1.26.2/Middlewares/Third_Party/LwIP/src/netif\bridgeif_fdb.c ****   LWIP_DEBUGF(BRIDGEIF_DEBUG, ("bridgeif_fdb_init: allocating %d bytes for private FDB data\n", (in
 564              		.loc 1 200 3 is_stmt 1 discriminator 1 view .LVU184
 200:c:/Users/Black_Life/STM32Cube/Repository/STM32Cube_FW_F4_V1.26.2/Middlewares/Third_Party/LwIP/src/netif\bridgeif_fdb.c ****   LWIP_DEBUGF(BRIDGEIF_DEBUG, ("bridgeif_fdb_init: allocating %d bytes for private FDB data\n", (in
 565              		.loc 1 200 3 discriminator 1 view .LVU185
 566 0032 044B     		ldr	r3, .L40+4
 567              	.LVL44:
 200:c:/Users/Black_Life/STM32Cube/Repository/STM32Cube_FW_F4_V1.26.2/Middlewares/Third_Party/LwIP/src/netif\bridgeif_fdb.c ****   LWIP_DEBUGF(BRIDGEIF_DEBUG, ("bridgeif_fdb_init: allocating %d bytes for private FDB data\n", (in
 568              		.loc 1 200 3 is_stmt 0 discriminator 1 view .LVU186
 569 0034 C822     		movs	r2, #200
 570 0036 0449     		ldr	r1, .L40+8
 571 0038 0448     		ldr	r0, .L40+12
 572              	.LVL45:
 200:c:/Users/Black_Life/STM32Cube/Repository/STM32Cube_FW_F4_V1.26.2/Middlewares/Third_Party/LwIP/src/netif\bridgeif_fdb.c ****   LWIP_DEBUGF(BRIDGEIF_DEBUG, ("bridgeif_fdb_init: allocating %d bytes for private FDB data\n", (in
 573              		.loc 1 200 3 discriminator 1 view .LVU187
 574 003a FFF7FEFF 		bl	printf
 575              	.LVL46:
 576 003e E6E7     		b	.L36
 577              	.L41:
 578              		.align	2
 579              	.L40:
 580 0040 00000000 		.word	bridgeif_age_tmr
 581 0044 00000000 		.word	.LC0
 582 0048 00000000 		.word	.LC3
 583 004c 84000000 		.word	.LC2
 584              		.cfi_endproc
 585              	.LFE160:
 587              		.text
 588              	.Letext0:
 589              		.file 2 "e:\\gnu arm embedded toolchain\\10 2021.10\\arm-none-eabi\\include\\machine\\_default_typ
 590              		.file 3 "e:\\gnu arm embedded toolchain\\10 2021.10\\arm-none-eabi\\include\\sys\\_stdint.h"
 591              		.file 4 "e:\\gnu arm embedded toolchain\\10 2021.10\\lib\\gcc\\arm-none-eabi\\10.3.1\\include\\std
 592              		.file 5 "c:/Users/Black_Life/STM32Cube/Repository/STM32Cube_FW_F4_V1.26.2/Middlewares/Third_Party/
 593              		.file 6 "c:/Users/Black_Life/STM32Cube/Repository/STM32Cube_FW_F4_V1.26.2/Middlewares/Third_Party/
 594              		.file 7 "c:/Users/Black_Life/STM32Cube/Repository/STM32Cube_FW_F4_V1.26.2/Middlewares/Third_Party/
 595              		.file 8 "c:/Users/Black_Life/STM32Cube/Repository/STM32Cube_FW_F4_V1.26.2/Middlewares/Third_Party/
 596              		.file 9 "c:/Users/Black_Life/STM32Cube/Repository/STM32Cube_FW_F4_V1.26.2/Middlewares/Third_Party/
 597              		.file 10 "e:\\gnu arm embedded toolchain\\10 2021.10\\arm-none-eabi\\include\\stdio.h"
 598              		.file 11 "e:\\gnu arm embedded toolchain\\10 2021.10\\arm-none-eabi\\include\\string.h"
ARM GAS  C:\Users\BLACK_~1\AppData\Local\Temp\ccYyuoQi.s 			page 18


DEFINED SYMBOLS
                            *ABS*:00000000 bridgeif_fdb.c
C:\Users\BLACK_~1\AppData\Local\Temp\ccYyuoQi.s:20     .text.bridgeif_fdb_age_one_second:00000000 $t
C:\Users\BLACK_~1\AppData\Local\Temp\ccYyuoQi.s:25     .text.bridgeif_fdb_age_one_second:00000000 bridgeif_fdb_age_one_second
C:\Users\BLACK_~1\AppData\Local\Temp\ccYyuoQi.s:122    .rodata.bridgeif_age_tmr.str1.4:00000000 $d
C:\Users\BLACK_~1\AppData\Local\Temp\ccYyuoQi.s:134    .text.bridgeif_age_tmr:00000000 $t
C:\Users\BLACK_~1\AppData\Local\Temp\ccYyuoQi.s:139    .text.bridgeif_age_tmr:00000000 bridgeif_age_tmr
C:\Users\BLACK_~1\AppData\Local\Temp\ccYyuoQi.s:190    .text.bridgeif_age_tmr:00000028 $d
C:\Users\BLACK_~1\AppData\Local\Temp\ccYyuoQi.s:198    .text.bridgeif_fdb_update_src:00000000 $t
C:\Users\BLACK_~1\AppData\Local\Temp\ccYyuoQi.s:204    .text.bridgeif_fdb_update_src:00000000 bridgeif_fdb_update_src
C:\Users\BLACK_~1\AppData\Local\Temp\ccYyuoQi.s:377    .text.bridgeif_fdb_get_dst_ports:00000000 $t
C:\Users\BLACK_~1\AppData\Local\Temp\ccYyuoQi.s:383    .text.bridgeif_fdb_get_dst_ports:00000000 bridgeif_fdb_get_dst_ports
C:\Users\BLACK_~1\AppData\Local\Temp\ccYyuoQi.s:484    .rodata.bridgeif_fdb_init.str1.4:00000000 $d
C:\Users\BLACK_~1\AppData\Local\Temp\ccYyuoQi.s:488    .text.bridgeif_fdb_init:00000000 $t
C:\Users\BLACK_~1\AppData\Local\Temp\ccYyuoQi.s:494    .text.bridgeif_fdb_init:00000000 bridgeif_fdb_init
C:\Users\BLACK_~1\AppData\Local\Temp\ccYyuoQi.s:580    .text.bridgeif_fdb_init:00000040 $d

UNDEFINED SYMBOLS
sys_timeout
printf
memcmp
mem_calloc
