ARM GAS  C:\Users\BLACK_~1\AppData\Local\Temp\ccCwJNxW.s 			page 1


   1              		.cpu cortex-m4
   2              		.arch armv7e-m
   3              		.fpu fpv4-sp-d16
   4              		.eabi_attribute 27, 1
   5              		.eabi_attribute 28, 1
   6              		.eabi_attribute 20, 1
   7              		.eabi_attribute 21, 1
   8              		.eabi_attribute 23, 3
   9              		.eabi_attribute 24, 1
  10              		.eabi_attribute 25, 1
  11              		.eabi_attribute 26, 1
  12              		.eabi_attribute 30, 1
  13              		.eabi_attribute 34, 1
  14              		.eabi_attribute 18, 4
  15              		.file	"dma.c"
  16              		.text
  17              	.Ltext0:
  18              		.cfi_sections	.debug_frame
  19              		.section	.text.MX_DMA_Init,"ax",%progbits
  20              		.align	1
  21              		.global	MX_DMA_Init
  22              		.syntax unified
  23              		.thumb
  24              		.thumb_func
  26              	MX_DMA_Init:
  27              	.LFB130:
  28              		.file 1 "Src/dma.c"
   1:Src/dma.c     **** /**
   2:Src/dma.c     ****   ******************************************************************************
   3:Src/dma.c     ****   * @file    dma.c
   4:Src/dma.c     ****   * @brief   This file provides code for the configuration
   5:Src/dma.c     ****   *          of all the requested memory to memory DMA transfers.
   6:Src/dma.c     ****   ******************************************************************************
   7:Src/dma.c     ****   * @attention
   8:Src/dma.c     ****   *
   9:Src/dma.c     ****   * <h2><center>&copy; Copyright (c) 2021 STMicroelectronics.
  10:Src/dma.c     ****   * All rights reserved.</center></h2>
  11:Src/dma.c     ****   *
  12:Src/dma.c     ****   * This software component is licensed by ST under Ultimate Liberty license
  13:Src/dma.c     ****   * SLA0044, the "License"; You may not use this file except in compliance with
  14:Src/dma.c     ****   * the License. You may obtain a copy of the License at:
  15:Src/dma.c     ****   *                             www.st.com/SLA0044
  16:Src/dma.c     ****   *
  17:Src/dma.c     ****   ******************************************************************************
  18:Src/dma.c     ****   */
  19:Src/dma.c     **** 
  20:Src/dma.c     **** /* Includes ------------------------------------------------------------------*/
  21:Src/dma.c     **** #include "dma.h"
  22:Src/dma.c     **** 
  23:Src/dma.c     **** /* USER CODE BEGIN 0 */
  24:Src/dma.c     **** 
  25:Src/dma.c     **** /* USER CODE END 0 */
  26:Src/dma.c     **** 
  27:Src/dma.c     **** /*----------------------------------------------------------------------------*/
  28:Src/dma.c     **** /* Configure DMA                                                              */
  29:Src/dma.c     **** /*----------------------------------------------------------------------------*/
  30:Src/dma.c     **** 
ARM GAS  C:\Users\BLACK_~1\AppData\Local\Temp\ccCwJNxW.s 			page 2


  31:Src/dma.c     **** /* USER CODE BEGIN 1 */
  32:Src/dma.c     **** 
  33:Src/dma.c     **** /* USER CODE END 1 */
  34:Src/dma.c     **** DMA_HandleTypeDef hdma_memtomem_dma2_stream0;
  35:Src/dma.c     **** 
  36:Src/dma.c     **** /**
  37:Src/dma.c     ****   * Enable DMA controller clock
  38:Src/dma.c     ****   * Configure DMA for memory to memory transfers
  39:Src/dma.c     ****   *   hdma_memtomem_dma2_stream0
  40:Src/dma.c     ****   */
  41:Src/dma.c     **** void MX_DMA_Init(void)
  42:Src/dma.c     **** {
  29              		.loc 1 42 1 view -0
  30              		.cfi_startproc
  31              		@ args = 0, pretend = 0, frame = 8
  32              		@ frame_needed = 0, uses_anonymous_args = 0
  33 0000 00B5     		push	{lr}
  34              	.LCFI0:
  35              		.cfi_def_cfa_offset 4
  36              		.cfi_offset 14, -4
  37 0002 83B0     		sub	sp, sp, #12
  38              	.LCFI1:
  39              		.cfi_def_cfa_offset 16
  43:Src/dma.c     **** 
  44:Src/dma.c     ****   /* DMA controller clock enable */
  45:Src/dma.c     ****   __HAL_RCC_DMA2_CLK_ENABLE();
  40              		.loc 1 45 3 view .LVU1
  41              	.LBB2:
  42              		.loc 1 45 3 view .LVU2
  43 0004 0023     		movs	r3, #0
  44 0006 0193     		str	r3, [sp, #4]
  45              		.loc 1 45 3 view .LVU3
  46 0008 164A     		ldr	r2, .L5
  47 000a 116B     		ldr	r1, [r2, #48]
  48 000c 41F48001 		orr	r1, r1, #4194304
  49 0010 1163     		str	r1, [r2, #48]
  50              		.loc 1 45 3 view .LVU4
  51 0012 126B     		ldr	r2, [r2, #48]
  52 0014 02F48002 		and	r2, r2, #4194304
  53 0018 0192     		str	r2, [sp, #4]
  54              		.loc 1 45 3 view .LVU5
  55 001a 019A     		ldr	r2, [sp, #4]
  56              	.LBE2:
  57              		.loc 1 45 3 view .LVU6
  46:Src/dma.c     **** 
  47:Src/dma.c     ****   /* Configure DMA request hdma_memtomem_dma2_stream0 on DMA2_Stream0 */
  48:Src/dma.c     ****   hdma_memtomem_dma2_stream0.Instance = DMA2_Stream0;
  58              		.loc 1 48 3 view .LVU7
  59              		.loc 1 48 39 is_stmt 0 view .LVU8
  60 001c 1248     		ldr	r0, .L5+4
  61 001e 134A     		ldr	r2, .L5+8
  62 0020 0260     		str	r2, [r0]
  49:Src/dma.c     ****   hdma_memtomem_dma2_stream0.Init.Channel = DMA_CHANNEL_0;
  63              		.loc 1 49 3 is_stmt 1 view .LVU9
  64              		.loc 1 49 43 is_stmt 0 view .LVU10
  65 0022 4360     		str	r3, [r0, #4]
  50:Src/dma.c     ****   hdma_memtomem_dma2_stream0.Init.Direction = DMA_MEMORY_TO_MEMORY;
ARM GAS  C:\Users\BLACK_~1\AppData\Local\Temp\ccCwJNxW.s 			page 3


  66              		.loc 1 50 3 is_stmt 1 view .LVU11
  67              		.loc 1 50 45 is_stmt 0 view .LVU12
  68 0024 8022     		movs	r2, #128
  69 0026 8260     		str	r2, [r0, #8]
  51:Src/dma.c     ****   hdma_memtomem_dma2_stream0.Init.PeriphInc = DMA_PINC_ENABLE;
  70              		.loc 1 51 3 is_stmt 1 view .LVU13
  71              		.loc 1 51 45 is_stmt 0 view .LVU14
  72 0028 4FF40072 		mov	r2, #512
  73 002c C260     		str	r2, [r0, #12]
  52:Src/dma.c     ****   hdma_memtomem_dma2_stream0.Init.MemInc = DMA_MINC_ENABLE;
  74              		.loc 1 52 3 is_stmt 1 view .LVU15
  75              		.loc 1 52 42 is_stmt 0 view .LVU16
  76 002e 4FF48062 		mov	r2, #1024
  77 0032 0261     		str	r2, [r0, #16]
  53:Src/dma.c     ****   hdma_memtomem_dma2_stream0.Init.PeriphDataAlignment = DMA_PDATAALIGN_HALFWORD;
  78              		.loc 1 53 3 is_stmt 1 view .LVU17
  79              		.loc 1 53 55 is_stmt 0 view .LVU18
  80 0034 4FF40062 		mov	r2, #2048
  81 0038 4261     		str	r2, [r0, #20]
  54:Src/dma.c     ****   hdma_memtomem_dma2_stream0.Init.MemDataAlignment = DMA_MDATAALIGN_HALFWORD;
  82              		.loc 1 54 3 is_stmt 1 view .LVU19
  83              		.loc 1 54 52 is_stmt 0 view .LVU20
  84 003a 4FF40052 		mov	r2, #8192
  85 003e 8261     		str	r2, [r0, #24]
  55:Src/dma.c     ****   hdma_memtomem_dma2_stream0.Init.Mode = DMA_NORMAL;
  86              		.loc 1 55 3 is_stmt 1 view .LVU21
  87              		.loc 1 55 40 is_stmt 0 view .LVU22
  88 0040 C361     		str	r3, [r0, #28]
  56:Src/dma.c     ****   hdma_memtomem_dma2_stream0.Init.Priority = DMA_PRIORITY_HIGH;
  89              		.loc 1 56 3 is_stmt 1 view .LVU23
  90              		.loc 1 56 44 is_stmt 0 view .LVU24
  91 0042 4FF40032 		mov	r2, #131072
  92 0046 0262     		str	r2, [r0, #32]
  57:Src/dma.c     ****   hdma_memtomem_dma2_stream0.Init.FIFOMode = DMA_FIFOMODE_ENABLE;
  93              		.loc 1 57 3 is_stmt 1 view .LVU25
  94              		.loc 1 57 44 is_stmt 0 view .LVU26
  95 0048 0422     		movs	r2, #4
  96 004a 4262     		str	r2, [r0, #36]
  58:Src/dma.c     ****   hdma_memtomem_dma2_stream0.Init.FIFOThreshold = DMA_FIFO_THRESHOLD_1QUARTERFULL;
  97              		.loc 1 58 3 is_stmt 1 view .LVU27
  98              		.loc 1 58 49 is_stmt 0 view .LVU28
  99 004c 8362     		str	r3, [r0, #40]
  59:Src/dma.c     ****   hdma_memtomem_dma2_stream0.Init.MemBurst = DMA_MBURST_SINGLE;
 100              		.loc 1 59 3 is_stmt 1 view .LVU29
 101              		.loc 1 59 44 is_stmt 0 view .LVU30
 102 004e C362     		str	r3, [r0, #44]
  60:Src/dma.c     ****   hdma_memtomem_dma2_stream0.Init.PeriphBurst = DMA_PBURST_SINGLE;
 103              		.loc 1 60 3 is_stmt 1 view .LVU31
 104              		.loc 1 60 47 is_stmt 0 view .LVU32
 105 0050 0363     		str	r3, [r0, #48]
  61:Src/dma.c     ****   if (HAL_DMA_Init(&hdma_memtomem_dma2_stream0) != HAL_OK)
 106              		.loc 1 61 3 is_stmt 1 view .LVU33
 107              		.loc 1 61 7 is_stmt 0 view .LVU34
 108 0052 FFF7FEFF 		bl	HAL_DMA_Init
 109              	.LVL0:
 110              		.loc 1 61 6 view .LVU35
 111 0056 10B9     		cbnz	r0, .L4
ARM GAS  C:\Users\BLACK_~1\AppData\Local\Temp\ccCwJNxW.s 			page 4


 112              	.L1:
  62:Src/dma.c     ****   {
  63:Src/dma.c     ****     Error_Handler();
  64:Src/dma.c     ****   }
  65:Src/dma.c     ****   // HAL_DMA_RegisterCallback(&hdma_memtomem_dma2_stream0, HAL_DMA_XFER_CPLT_CB_ID, DMA_TransferCom
  66:Src/dma.c     ****   // HAL_DMA_RegisterCallback(&hdma_memtomem_dma2_stream0, HAL_DMA_XFER_ERROR_CB_ID, DMA_TransferEr
  67:Src/dma.c     **** 
  68:Src/dma.c     ****   // HAL_NVIC_SetPriority(DMA2_Stream0_IRQn, 0, 0);
  69:Src/dma.c     ****   // HAL_NVIC_EnableIRQ(DMA2_Stream0_IRQn);
  70:Src/dma.c     **** }
 113              		.loc 1 70 1 view .LVU36
 114 0058 03B0     		add	sp, sp, #12
 115              	.LCFI2:
 116              		.cfi_remember_state
 117              		.cfi_def_cfa_offset 4
 118              		@ sp needed
 119 005a 5DF804FB 		ldr	pc, [sp], #4
 120              	.L4:
 121              	.LCFI3:
 122              		.cfi_restore_state
  63:Src/dma.c     ****   }
 123              		.loc 1 63 5 is_stmt 1 view .LVU37
 124 005e FFF7FEFF 		bl	Error_Handler
 125              	.LVL1:
 126              		.loc 1 70 1 is_stmt 0 view .LVU38
 127 0062 F9E7     		b	.L1
 128              	.L6:
 129              		.align	2
 130              	.L5:
 131 0064 00380240 		.word	1073887232
 132 0068 00000000 		.word	.LANCHOR0
 133 006c 10640240 		.word	1073898512
 134              		.cfi_endproc
 135              	.LFE130:
 137              		.global	hdma_memtomem_dma2_stream0
 138              		.section	.bss.hdma_memtomem_dma2_stream0,"aw",%nobits
 139              		.align	2
 140              		.set	.LANCHOR0,. + 0
 143              	hdma_memtomem_dma2_stream0:
 144 0000 00000000 		.space	96
 144      00000000 
 144      00000000 
 144      00000000 
 144      00000000 
 145              		.text
 146              	.Letext0:
 147              		.file 2 "e:\\gnu arm embedded toolchain\\10 2021.10\\arm-none-eabi\\include\\machine\\_default_typ
 148              		.file 3 "e:\\gnu arm embedded toolchain\\10 2021.10\\arm-none-eabi\\include\\sys\\_stdint.h"
 149              		.file 4 "c:/Users/Black_Life/STM32Cube/Repository/STM32Cube_FW_F4_V1.26.2/Drivers/CMSIS/Device/ST/
 150              		.file 5 "c:/Users/Black_Life/STM32Cube/Repository/STM32Cube_FW_F4_V1.26.2/Drivers/STM32F4xx_HAL_Dr
 151              		.file 6 "c:/Users/Black_Life/STM32Cube/Repository/STM32Cube_FW_F4_V1.26.2/Drivers/STM32F4xx_HAL_Dr
 152              		.file 7 "Inc/main.h"
 153              		.file 8 "Inc/dma.h"
ARM GAS  C:\Users\BLACK_~1\AppData\Local\Temp\ccCwJNxW.s 			page 5


DEFINED SYMBOLS
                            *ABS*:00000000 dma.c
C:\Users\BLACK_~1\AppData\Local\Temp\ccCwJNxW.s:20     .text.MX_DMA_Init:00000000 $t
C:\Users\BLACK_~1\AppData\Local\Temp\ccCwJNxW.s:26     .text.MX_DMA_Init:00000000 MX_DMA_Init
C:\Users\BLACK_~1\AppData\Local\Temp\ccCwJNxW.s:131    .text.MX_DMA_Init:00000064 $d
C:\Users\BLACK_~1\AppData\Local\Temp\ccCwJNxW.s:143    .bss.hdma_memtomem_dma2_stream0:00000000 hdma_memtomem_dma2_stream0
C:\Users\BLACK_~1\AppData\Local\Temp\ccCwJNxW.s:139    .bss.hdma_memtomem_dma2_stream0:00000000 $d

UNDEFINED SYMBOLS
HAL_DMA_Init
Error_Handler
