ARM GAS  /var/folders/k2/cd9bl_j17z77g23y6ffqb_400000gn/T//ccNnPJSl.s 			page 1


   1              		.cpu cortex-m4
   2              		.eabi_attribute 27, 1
   3              		.eabi_attribute 28, 1
   4              		.eabi_attribute 20, 1
   5              		.eabi_attribute 21, 1
   6              		.eabi_attribute 23, 3
   7              		.eabi_attribute 24, 1
   8              		.eabi_attribute 25, 1
   9              		.eabi_attribute 26, 1
  10              		.eabi_attribute 30, 1
  11              		.eabi_attribute 34, 1
  12              		.eabi_attribute 18, 4
  13              		.file	"gpio.c"
  14              		.text
  15              	.Ltext0:
  16              		.cfi_sections	.debug_frame
  17              		.section	.text.MX_GPIO_Init,"ax",%progbits
  18              		.align	1
  19              		.global	MX_GPIO_Init
  20              		.arch armv7e-m
  21              		.syntax unified
  22              		.thumb
  23              		.thumb_func
  24              		.fpu fpv4-sp-d16
  26              	MX_GPIO_Init:
  27              	.LFB130:
  28              		.file 1 "Src/gpio.c"
   1:Src/gpio.c    **** /**
   2:Src/gpio.c    ****   ******************************************************************************
   3:Src/gpio.c    ****   * @file    gpio.c
   4:Src/gpio.c    ****   * @brief   This file provides code for the configuration
   5:Src/gpio.c    ****   *          of all used GPIO pins.
   6:Src/gpio.c    ****   ******************************************************************************
   7:Src/gpio.c    ****   * @attention
   8:Src/gpio.c    ****   *
   9:Src/gpio.c    ****   * <h2><center>&copy; Copyright (c) 2021 STMicroelectronics.
  10:Src/gpio.c    ****   * All rights reserved.</center></h2>
  11:Src/gpio.c    ****   *
  12:Src/gpio.c    ****   * This software component is licensed by ST under Ultimate Liberty license
  13:Src/gpio.c    ****   * SLA0044, the "License"; You may not use this file except in compliance with
  14:Src/gpio.c    ****   * the License. You may obtain a copy of the License at:
  15:Src/gpio.c    ****   *                             www.st.com/SLA0044
  16:Src/gpio.c    ****   *
  17:Src/gpio.c    ****   ******************************************************************************
  18:Src/gpio.c    ****   */
  19:Src/gpio.c    **** 
  20:Src/gpio.c    **** /* Includes ------------------------------------------------------------------*/
  21:Src/gpio.c    **** #include "gpio.h"
  22:Src/gpio.c    **** 
  23:Src/gpio.c    **** /* USER CODE BEGIN 0 */
  24:Src/gpio.c    **** 
  25:Src/gpio.c    **** /* USER CODE END 0 */
  26:Src/gpio.c    **** 
  27:Src/gpio.c    **** /*----------------------------------------------------------------------------*/
  28:Src/gpio.c    **** /* Configure GPIO                                                             */
  29:Src/gpio.c    **** /*----------------------------------------------------------------------------*/
  30:Src/gpio.c    **** /* USER CODE BEGIN 1 */
ARM GAS  /var/folders/k2/cd9bl_j17z77g23y6ffqb_400000gn/T//ccNnPJSl.s 			page 2


  31:Src/gpio.c    **** 
  32:Src/gpio.c    **** /* USER CODE END 1 */
  33:Src/gpio.c    **** 
  34:Src/gpio.c    **** /** Configure pins as
  35:Src/gpio.c    ****         * Analog
  36:Src/gpio.c    ****         * Input
  37:Src/gpio.c    ****         * Output
  38:Src/gpio.c    ****         * EVENT_OUT
  39:Src/gpio.c    ****         * EXTI
  40:Src/gpio.c    **** */
  41:Src/gpio.c    **** void MX_GPIO_Init(void)
  42:Src/gpio.c    **** {
  29              		.loc 1 42 1 view -0
  30              		.cfi_startproc
  31              		@ args = 0, pretend = 0, frame = 48
  32              		@ frame_needed = 0, uses_anonymous_args = 0
  33 0000 2DE9F041 		push	{r4, r5, r6, r7, r8, lr}
  34              	.LCFI0:
  35              		.cfi_def_cfa_offset 24
  36              		.cfi_offset 4, -24
  37              		.cfi_offset 5, -20
  38              		.cfi_offset 6, -16
  39              		.cfi_offset 7, -12
  40              		.cfi_offset 8, -8
  41              		.cfi_offset 14, -4
  42 0004 8CB0     		sub	sp, sp, #48
  43              	.LCFI1:
  44              		.cfi_def_cfa_offset 72
  43:Src/gpio.c    **** 
  44:Src/gpio.c    ****   GPIO_InitTypeDef GPIO_InitStruct = {0};
  45              		.loc 1 44 3 view .LVU1
  46              		.loc 1 44 20 is_stmt 0 view .LVU2
  47 0006 0024     		movs	r4, #0
  48 0008 0794     		str	r4, [sp, #28]
  49 000a 0894     		str	r4, [sp, #32]
  50 000c 0994     		str	r4, [sp, #36]
  51 000e 0A94     		str	r4, [sp, #40]
  52 0010 0B94     		str	r4, [sp, #44]
  45:Src/gpio.c    **** 
  46:Src/gpio.c    ****   /* GPIO Ports Clock Enable */
  47:Src/gpio.c    ****   __HAL_RCC_GPIOE_CLK_ENABLE();
  53              		.loc 1 47 3 is_stmt 1 view .LVU3
  54              	.LBB2:
  55              		.loc 1 47 3 view .LVU4
  56 0012 0194     		str	r4, [sp, #4]
  57              		.loc 1 47 3 view .LVU5
  58 0014 3D4B     		ldr	r3, .L3
  59 0016 1A6B     		ldr	r2, [r3, #48]
  60 0018 42F01002 		orr	r2, r2, #16
  61 001c 1A63     		str	r2, [r3, #48]
  62              		.loc 1 47 3 view .LVU6
  63 001e 1A6B     		ldr	r2, [r3, #48]
  64 0020 02F01002 		and	r2, r2, #16
  65 0024 0192     		str	r2, [sp, #4]
  66              		.loc 1 47 3 view .LVU7
  67 0026 019A     		ldr	r2, [sp, #4]
  68              	.LBE2:
ARM GAS  /var/folders/k2/cd9bl_j17z77g23y6ffqb_400000gn/T//ccNnPJSl.s 			page 3


  69              		.loc 1 47 3 view .LVU8
  48:Src/gpio.c    ****   __HAL_RCC_GPIOC_CLK_ENABLE();
  70              		.loc 1 48 3 view .LVU9
  71              	.LBB3:
  72              		.loc 1 48 3 view .LVU10
  73 0028 0294     		str	r4, [sp, #8]
  74              		.loc 1 48 3 view .LVU11
  75 002a 1A6B     		ldr	r2, [r3, #48]
  76 002c 42F00402 		orr	r2, r2, #4
  77 0030 1A63     		str	r2, [r3, #48]
  78              		.loc 1 48 3 view .LVU12
  79 0032 1A6B     		ldr	r2, [r3, #48]
  80 0034 02F00402 		and	r2, r2, #4
  81 0038 0292     		str	r2, [sp, #8]
  82              		.loc 1 48 3 view .LVU13
  83 003a 029A     		ldr	r2, [sp, #8]
  84              	.LBE3:
  85              		.loc 1 48 3 view .LVU14
  49:Src/gpio.c    ****   __HAL_RCC_GPIOH_CLK_ENABLE();
  86              		.loc 1 49 3 view .LVU15
  87              	.LBB4:
  88              		.loc 1 49 3 view .LVU16
  89 003c 0394     		str	r4, [sp, #12]
  90              		.loc 1 49 3 view .LVU17
  91 003e 1A6B     		ldr	r2, [r3, #48]
  92 0040 42F08002 		orr	r2, r2, #128
  93 0044 1A63     		str	r2, [r3, #48]
  94              		.loc 1 49 3 view .LVU18
  95 0046 1A6B     		ldr	r2, [r3, #48]
  96 0048 02F08002 		and	r2, r2, #128
  97 004c 0392     		str	r2, [sp, #12]
  98              		.loc 1 49 3 view .LVU19
  99 004e 039A     		ldr	r2, [sp, #12]
 100              	.LBE4:
 101              		.loc 1 49 3 view .LVU20
  50:Src/gpio.c    ****   __HAL_RCC_GPIOA_CLK_ENABLE();
 102              		.loc 1 50 3 view .LVU21
 103              	.LBB5:
 104              		.loc 1 50 3 view .LVU22
 105 0050 0494     		str	r4, [sp, #16]
 106              		.loc 1 50 3 view .LVU23
 107 0052 1A6B     		ldr	r2, [r3, #48]
 108 0054 42F00102 		orr	r2, r2, #1
 109 0058 1A63     		str	r2, [r3, #48]
 110              		.loc 1 50 3 view .LVU24
 111 005a 1A6B     		ldr	r2, [r3, #48]
 112 005c 02F00102 		and	r2, r2, #1
 113 0060 0492     		str	r2, [sp, #16]
 114              		.loc 1 50 3 view .LVU25
 115 0062 049A     		ldr	r2, [sp, #16]
 116              	.LBE5:
 117              		.loc 1 50 3 view .LVU26
  51:Src/gpio.c    ****   __HAL_RCC_GPIOB_CLK_ENABLE();
 118              		.loc 1 51 3 view .LVU27
 119              	.LBB6:
 120              		.loc 1 51 3 view .LVU28
 121 0064 0594     		str	r4, [sp, #20]
ARM GAS  /var/folders/k2/cd9bl_j17z77g23y6ffqb_400000gn/T//ccNnPJSl.s 			page 4


 122              		.loc 1 51 3 view .LVU29
 123 0066 1A6B     		ldr	r2, [r3, #48]
 124 0068 42F00202 		orr	r2, r2, #2
 125 006c 1A63     		str	r2, [r3, #48]
 126              		.loc 1 51 3 view .LVU30
 127 006e 1A6B     		ldr	r2, [r3, #48]
 128 0070 02F00202 		and	r2, r2, #2
 129 0074 0592     		str	r2, [sp, #20]
 130              		.loc 1 51 3 view .LVU31
 131 0076 059A     		ldr	r2, [sp, #20]
 132              	.LBE6:
 133              		.loc 1 51 3 view .LVU32
  52:Src/gpio.c    ****   __HAL_RCC_GPIOD_CLK_ENABLE();
 134              		.loc 1 52 3 view .LVU33
 135              	.LBB7:
 136              		.loc 1 52 3 view .LVU34
 137 0078 0694     		str	r4, [sp, #24]
 138              		.loc 1 52 3 view .LVU35
 139 007a 1A6B     		ldr	r2, [r3, #48]
 140 007c 42F00802 		orr	r2, r2, #8
 141 0080 1A63     		str	r2, [r3, #48]
 142              		.loc 1 52 3 view .LVU36
 143 0082 1B6B     		ldr	r3, [r3, #48]
 144 0084 03F00803 		and	r3, r3, #8
 145 0088 0693     		str	r3, [sp, #24]
 146              		.loc 1 52 3 view .LVU37
 147 008a 069B     		ldr	r3, [sp, #24]
 148              	.LBE7:
 149              		.loc 1 52 3 view .LVU38
  53:Src/gpio.c    **** 
  54:Src/gpio.c    ****   /*Configure GPIO pin Output Level */
  55:Src/gpio.c    ****   HAL_GPIO_WritePin(GPIOA, GPIO_PIN_0|GPIO_PIN_3|GPIO_PIN_4|GPIO_PIN_15, GPIO_PIN_RESET);
 150              		.loc 1 55 3 view .LVU39
 151 008c 204E     		ldr	r6, .L3+4
 152 008e 2246     		mov	r2, r4
 153 0090 48F21901 		movw	r1, #32793
 154 0094 3046     		mov	r0, r6
 155 0096 FFF7FEFF 		bl	HAL_GPIO_WritePin
 156              	.LVL0:
  56:Src/gpio.c    **** 
  57:Src/gpio.c    ****   /*Configure GPIO pin Output Level */
  58:Src/gpio.c    ****   HAL_GPIO_WritePin(GPIOD, GPIO_PIN_12|GPIO_PIN_13, GPIO_PIN_RESET);
 157              		.loc 1 58 3 view .LVU40
 158 009a DFF87C80 		ldr	r8, .L3+12
 159 009e 2246     		mov	r2, r4
 160 00a0 4FF44051 		mov	r1, #12288
 161 00a4 4046     		mov	r0, r8
 162 00a6 FFF7FEFF 		bl	HAL_GPIO_WritePin
 163              	.LVL1:
  59:Src/gpio.c    **** 
  60:Src/gpio.c    ****   /*Configure GPIO pin Output Level */
  61:Src/gpio.c    ****   HAL_GPIO_WritePin(GPIOC, GPIO_PIN_8, GPIO_PIN_RESET);
 164              		.loc 1 61 3 view .LVU41
 165 00aa 1A4F     		ldr	r7, .L3+8
 166 00ac 2246     		mov	r2, r4
 167 00ae 4FF48071 		mov	r1, #256
 168 00b2 3846     		mov	r0, r7
ARM GAS  /var/folders/k2/cd9bl_j17z77g23y6ffqb_400000gn/T//ccNnPJSl.s 			page 5


 169 00b4 FFF7FEFF 		bl	HAL_GPIO_WritePin
 170              	.LVL2:
  62:Src/gpio.c    **** 
  63:Src/gpio.c    ****   /*Configure GPIO pins : PA0 PA3 PA4 PA15 */
  64:Src/gpio.c    ****   GPIO_InitStruct.Pin = GPIO_PIN_0|GPIO_PIN_3|GPIO_PIN_4|GPIO_PIN_15;
 171              		.loc 1 64 3 view .LVU42
 172              		.loc 1 64 23 is_stmt 0 view .LVU43
 173 00b8 48F21903 		movw	r3, #32793
 174 00bc 0793     		str	r3, [sp, #28]
  65:Src/gpio.c    ****   GPIO_InitStruct.Mode = GPIO_MODE_OUTPUT_PP;
 175              		.loc 1 65 3 is_stmt 1 view .LVU44
 176              		.loc 1 65 24 is_stmt 0 view .LVU45
 177 00be 0125     		movs	r5, #1
 178 00c0 0895     		str	r5, [sp, #32]
  66:Src/gpio.c    ****   GPIO_InitStruct.Pull = GPIO_NOPULL;
 179              		.loc 1 66 3 is_stmt 1 view .LVU46
 180              		.loc 1 66 24 is_stmt 0 view .LVU47
 181 00c2 0994     		str	r4, [sp, #36]
  67:Src/gpio.c    ****   GPIO_InitStruct.Speed = GPIO_SPEED_FREQ_LOW;
 182              		.loc 1 67 3 is_stmt 1 view .LVU48
 183              		.loc 1 67 25 is_stmt 0 view .LVU49
 184 00c4 0A94     		str	r4, [sp, #40]
  68:Src/gpio.c    ****   HAL_GPIO_Init(GPIOA, &GPIO_InitStruct);
 185              		.loc 1 68 3 is_stmt 1 view .LVU50
 186 00c6 07A9     		add	r1, sp, #28
 187 00c8 3046     		mov	r0, r6
 188 00ca FFF7FEFF 		bl	HAL_GPIO_Init
 189              	.LVL3:
  69:Src/gpio.c    **** 
  70:Src/gpio.c    ****   /*Configure GPIO pins : PA5 PA6 */
  71:Src/gpio.c    ****   GPIO_InitStruct.Pin = GPIO_PIN_5|GPIO_PIN_6;
 190              		.loc 1 71 3 view .LVU51
 191              		.loc 1 71 23 is_stmt 0 view .LVU52
 192 00ce 6023     		movs	r3, #96
 193 00d0 0793     		str	r3, [sp, #28]
  72:Src/gpio.c    ****   GPIO_InitStruct.Mode = GPIO_MODE_INPUT;
 194              		.loc 1 72 3 is_stmt 1 view .LVU53
 195              		.loc 1 72 24 is_stmt 0 view .LVU54
 196 00d2 0894     		str	r4, [sp, #32]
  73:Src/gpio.c    ****   GPIO_InitStruct.Pull = GPIO_NOPULL;
 197              		.loc 1 73 3 is_stmt 1 view .LVU55
 198              		.loc 1 73 24 is_stmt 0 view .LVU56
 199 00d4 0994     		str	r4, [sp, #36]
  74:Src/gpio.c    ****   HAL_GPIO_Init(GPIOA, &GPIO_InitStruct);
 200              		.loc 1 74 3 is_stmt 1 view .LVU57
 201 00d6 07A9     		add	r1, sp, #28
 202 00d8 3046     		mov	r0, r6
 203 00da FFF7FEFF 		bl	HAL_GPIO_Init
 204              	.LVL4:
  75:Src/gpio.c    **** 
  76:Src/gpio.c    ****   /*Configure GPIO pins : PD12 PD13 */
  77:Src/gpio.c    ****   GPIO_InitStruct.Pin = GPIO_PIN_12|GPIO_PIN_13;
 205              		.loc 1 77 3 view .LVU58
 206              		.loc 1 77 23 is_stmt 0 view .LVU59
 207 00de 4FF44053 		mov	r3, #12288
 208 00e2 0793     		str	r3, [sp, #28]
  78:Src/gpio.c    ****   GPIO_InitStruct.Mode = GPIO_MODE_OUTPUT_PP;
ARM GAS  /var/folders/k2/cd9bl_j17z77g23y6ffqb_400000gn/T//ccNnPJSl.s 			page 6


 209              		.loc 1 78 3 is_stmt 1 view .LVU60
 210              		.loc 1 78 24 is_stmt 0 view .LVU61
 211 00e4 0895     		str	r5, [sp, #32]
  79:Src/gpio.c    ****   GPIO_InitStruct.Pull = GPIO_NOPULL;
 212              		.loc 1 79 3 is_stmt 1 view .LVU62
 213              		.loc 1 79 24 is_stmt 0 view .LVU63
 214 00e6 0994     		str	r4, [sp, #36]
  80:Src/gpio.c    ****   GPIO_InitStruct.Speed = GPIO_SPEED_FREQ_LOW;
 215              		.loc 1 80 3 is_stmt 1 view .LVU64
 216              		.loc 1 80 25 is_stmt 0 view .LVU65
 217 00e8 0A94     		str	r4, [sp, #40]
  81:Src/gpio.c    ****   HAL_GPIO_Init(GPIOD, &GPIO_InitStruct);
 218              		.loc 1 81 3 is_stmt 1 view .LVU66
 219 00ea 07A9     		add	r1, sp, #28
 220 00ec 4046     		mov	r0, r8
 221 00ee FFF7FEFF 		bl	HAL_GPIO_Init
 222              	.LVL5:
  82:Src/gpio.c    **** 
  83:Src/gpio.c    ****   /*Configure GPIO pin : PC8 */
  84:Src/gpio.c    ****   GPIO_InitStruct.Pin = GPIO_PIN_8;
 223              		.loc 1 84 3 view .LVU67
 224              		.loc 1 84 23 is_stmt 0 view .LVU68
 225 00f2 4FF48073 		mov	r3, #256
 226 00f6 0793     		str	r3, [sp, #28]
  85:Src/gpio.c    ****   GPIO_InitStruct.Mode = GPIO_MODE_OUTPUT_PP;
 227              		.loc 1 85 3 is_stmt 1 view .LVU69
 228              		.loc 1 85 24 is_stmt 0 view .LVU70
 229 00f8 0895     		str	r5, [sp, #32]
  86:Src/gpio.c    ****   GPIO_InitStruct.Pull = GPIO_NOPULL;
 230              		.loc 1 86 3 is_stmt 1 view .LVU71
 231              		.loc 1 86 24 is_stmt 0 view .LVU72
 232 00fa 0994     		str	r4, [sp, #36]
  87:Src/gpio.c    ****   GPIO_InitStruct.Speed = GPIO_SPEED_FREQ_LOW;
 233              		.loc 1 87 3 is_stmt 1 view .LVU73
 234              		.loc 1 87 25 is_stmt 0 view .LVU74
 235 00fc 0A94     		str	r4, [sp, #40]
  88:Src/gpio.c    ****   HAL_GPIO_Init(GPIOC, &GPIO_InitStruct);
 236              		.loc 1 88 3 is_stmt 1 view .LVU75
 237 00fe 07A9     		add	r1, sp, #28
 238 0100 3846     		mov	r0, r7
 239 0102 FFF7FEFF 		bl	HAL_GPIO_Init
 240              	.LVL6:
  89:Src/gpio.c    **** 
  90:Src/gpio.c    **** }
 241              		.loc 1 90 1 is_stmt 0 view .LVU76
 242 0106 0CB0     		add	sp, sp, #48
 243              	.LCFI2:
 244              		.cfi_def_cfa_offset 24
 245              		@ sp needed
 246 0108 BDE8F081 		pop	{r4, r5, r6, r7, r8, pc}
 247              	.L4:
 248              		.align	2
 249              	.L3:
 250 010c 00380240 		.word	1073887232
 251 0110 00000240 		.word	1073872896
 252 0114 00080240 		.word	1073874944
 253 0118 000C0240 		.word	1073875968
ARM GAS  /var/folders/k2/cd9bl_j17z77g23y6ffqb_400000gn/T//ccNnPJSl.s 			page 7


 254              		.cfi_endproc
 255              	.LFE130:
 257              		.text
 258              	.Letext0:
 259              		.file 2 "/Users/nhantt/tools/stm32/gcc-arm-none-eabi-10-2020-q4-major/arm-none-eabi/include/machin
 260              		.file 3 "/Users/nhantt/tools/stm32/gcc-arm-none-eabi-10-2020-q4-major/arm-none-eabi/include/sys/_s
 261              		.file 4 "/Users/nhantt/STM32Cube/Repository/STM32Cube_FW_F4_V1.26.0/Drivers/CMSIS/Device/ST/STM32F
 262              		.file 5 "/Users/nhantt/STM32Cube/Repository/STM32Cube_FW_F4_V1.26.0/Drivers/STM32F4xx_HAL_Driver/I
ARM GAS  /var/folders/k2/cd9bl_j17z77g23y6ffqb_400000gn/T//ccNnPJSl.s 			page 8


DEFINED SYMBOLS
                            *ABS*:0000000000000000 gpio.c
/var/folders/k2/cd9bl_j17z77g23y6ffqb_400000gn/T//ccNnPJSl.s:18     .text.MX_GPIO_Init:0000000000000000 $t
/var/folders/k2/cd9bl_j17z77g23y6ffqb_400000gn/T//ccNnPJSl.s:26     .text.MX_GPIO_Init:0000000000000000 MX_GPIO_Init
/var/folders/k2/cd9bl_j17z77g23y6ffqb_400000gn/T//ccNnPJSl.s:250    .text.MX_GPIO_Init:000000000000010c $d

UNDEFINED SYMBOLS
HAL_GPIO_WritePin
HAL_GPIO_Init
