ARM GAS  C:\Users\BLACK_~1\AppData\Local\Temp\ccf5kTvg.s 			page 1


   1              		.cpu cortex-m4
   2              		.arch armv7e-m
   3              		.fpu fpv4-sp-d16
   4              		.eabi_attribute 27, 1
   5              		.eabi_attribute 28, 1
   6              		.eabi_attribute 20, 1
   7              		.eabi_attribute 21, 1
   8              		.eabi_attribute 23, 3
   9              		.eabi_attribute 24, 1
  10              		.eabi_attribute 25, 1
  11              		.eabi_attribute 26, 1
  12              		.eabi_attribute 30, 1
  13              		.eabi_attribute 34, 1
  14              		.eabi_attribute 18, 4
  15              		.file	"img_clothes.c"
  16              		.text
  17              	.Ltext0:
  18              		.cfi_sections	.debug_frame
  19              		.global	img_clothes
  20              		.global	img_clothes_map
  21              		.section	.rodata.img_clothes,"a"
  22              		.align	2
  25              	img_clothes:
  26 0000 05       		.byte	5
  27 0001 E0       		.byte	224
  28 0002 00       		.byte	0
  29 0003 07       		.byte	7
  30 0004 C0240000 		.word	9408
  31 0008 00000000 		.word	img_clothes_map
  32              		.section	.rodata.img_clothes_map,"a"
  33              		.align	2
  36              	img_clothes_map:
  37 0000 7EF7007E 		.ascii	"~\367\000~\367\000~\367\000~\367\000~\367\000\236\367"
  37      F7007EF7 
  37      007EF700 
  37      7EF7009E 
  37      F7
  38 0011 077EF750 		.ascii	"\007~\367P~\367\233~\367\320~\367\350~\367\357~\367"
  38      7EF79B7E 
  38      F7D07EF7 
  38      E87EF7EF 
  38      7EF7
  39 0023 EF7EF7EF 		.ascii	"\357~\367\357}\367\357}\367\357}\367\357\236\367\357"
  39      7DF7EF7D 
  39      F7EF7DF7 
  39      EF9EF7EF 
  40 0033 7DEFEF74 		.ascii	"}\357\357t\305\357-\264\357\311\212\357+\213\3571\315"
  40      C5EF2DB4 
  40      EFC98AEF 
  40      2B8BEF31 
  40      CD
  41 0044 EF55EEEF 		.ascii	"\357U\356\357:\377\357\031\377\357\025\346\357V\346"
  41      3AFFEF19 
  41      FFEF15E6 
  41      EF56E6
  42 0053 EFD8FEEF 		.ascii	"\357\330\376\357\370\376\357w\356\357]\357\357}\367"
  42      F8FEEF77 
ARM GAS  C:\Users\BLACK_~1\AppData\Local\Temp\ccf5kTvg.s 			page 2


  42      EEEF5DEF 
  42      EF7DF7
  43 0062 EF5DF7EF 		.ascii	"\357]\367\357]\367\357]\367\357}\367\357}\357\357}\357"
  43      5DF7EF5D 
  43      F7EF7DF7 
  43      EF7DEFEF 
  43      7DEF
  44 0074 EF7DEFEF 		.ascii	"\357}\357\357}\357\357}\357\357}\357\357}\357\357}\357"
  44      7DEFEF7D 
  44      EFEF7DEF 
  44      EF7DEFEF 
  44      7DEF
  45 0086 EF7DEFEF 		.ascii	"\357}\357\357}\357\343}\357\310}\357\233]\357O]\357"
  45      7DEFE37D 
  45      EFC87DEF 
  45      9B5DEF4F 
  45      5DEF
  46 0098 075DEF00 		.ascii	"\007]\357\000]\357\000]\357\000]\357\000]\357\000]\357"
  46      5DEF005D 
  46      EF005DEF 
  46      005DEF00 
  46      5DEF
  47 00aa 005DEF00 		.ascii	"\000]\357\000]\367\000]\367\000}\367P}\367\333}\367"
  47      5DF7005D 
  47      F7007DF7 
  47      507DF7DB 
  47      7DF7
  48 00bc FF7DF7FF 		.ascii	"\377}\367\377}\367\377}\367\377}\367\377}\367\377}\367"
  48      7DF7FF7D 
  48      F7FF7DF7 
  48      FF7DF7FF 
  48      7DF7
  49 00ce FF7DF7FF 		.ascii	"\377}\367\377}\367\377}\367\377}\367\377\236\367\377"
  49      7DF7FF7D 
  49      F7FF7DF7 
  49      FF9EF7FF 
  50 00de 99DEFF15 		.ascii	"\231\336\377\025\346\3775\356\377\015\274\377\222\345"
  50      E6FF35EE 
  50      FF0DBCFF 
  50      92E5
  51 00ec FF19FFFF 		.ascii	"\377\031\377\377\031\377\377\267\376\377\363\355\377"
  51      19FFFFB7 
  51      FEFFF3ED 
  51      FF
  52 00f9 B2E5FFF8 		.ascii	"\262\345\377\370\376\377\370\376\377\220\254\377=\357"
  52      FEFFF8FE 
  52      FF90ACFF 
  52      3DEF
  53 0107 FF5DEFFF 		.ascii	"\377]\357\377]\357\377]\357\377]\357\377]\357\377]\357"
  53      5DEFFF5D 
  53      EFFF5DEF 
  53      FF5DEFFF 
  53      5DEF
  54 0119 FF5DEFFF 		.ascii	"\377]\357\377]\357\377]\357\377]\357\377]\357\377]\357"
  54      5DEFFF5D 
  54      EFFF5DEF 
  54      FF5DEFFF 
ARM GAS  C:\Users\BLACK_~1\AppData\Local\Temp\ccf5kTvg.s 			page 3


  54      5DEF
  55 012b FF5DEFFF 		.ascii	"\377]\357\377]\357\377]\357\377]\357\377]\357\377]\357"
  55      5DEFFF5D 
  55      EFFF5DEF 
  55      FF5DEFFF 
  55      5DEF
  56 013d FF5DEFDB 		.ascii	"\377]\357\333\\\357S<\357\000<\357\000<\357\000<\357"
  56      5CEF533C 
  56      EF003CEF 
  56      003CEF00 
  56      3CEF
  57 014f 005DEF00 		.ascii	"\000]\357\000}\367\000}\367\003}\367\210~\367\377~\367"
  57      7DF7007D 
  57      F7037DF7 
  57      887EF7FF 
  57      7EF7
  58 0161 FF7DF7FF 		.ascii	"\377}\367\377}\367\377}\367\377}\367\377}\367\377}\367"
  58      7DF7FF7D 
  58      F7FF7DF7 
  58      FF7DF7FF 
  58      7DF7
  59 0173 FF7DF7FF 		.ascii	"\377}\367\377}\367\377}\367\377}\367\377}\367\377}\367"
  59      7DF7FF7D 
  59      F7FF7DF7 
  59      FF7DF7FF 
  59      7DF7
  60 0185 FF3CEFFF 		.ascii	"\377<\357\377\372\376\377{\377\377\327\376\377v\376"
  60      FAFEFF7B 
  60      FFFFD7FE 
  60      FF76FE
  61 0194 FF19FFFF 		.ascii	"\377\031\377\377\330\376\377u\366\377\363\355\377\221"
  61      D8FEFF75 
  61      F6FFF3ED 
  61      FF91
  62 01a2 DDFF72DD 		.ascii	"\335\377r\335\377J\243\377\213\233\377]\357\377]\357"
  62      FF4AA3FF 
  62      8B9BFF5D 
  62      EFFF5DEF 
  63 01b2 FF5DEFFF 		.ascii	"\377]\357\377]\357\377]\357\377]\357\377]\357\377]\357"
  63      5DEFFF5D 
  63      EFFF5DEF 
  63      FF5DEFFF 
  63      5DEF
  64 01c4 FF5DEFFF 		.ascii	"\377]\357\377]\357\377]\357\377]\357\377]\357\377]\357"
  64      5DEFFF5D 
  64      EFFF5DEF 
  64      FF5DEFFF 
  64      5DEF
  65 01d6 FF5DEFFF 		.ascii	"\377]\357\377]\357\377]\357\377]\357\377]\357\377]\357"
  65      5DEFFF5D 
  65      EFFF5DEF 
  65      FF5DEFFF 
  65      5DEF
  66 01e8 FF5DEFFF 		.ascii	"\377]\357\377<\357\210<\357\003<\357\000<\357\000]\357"
  66      3CEF883C 
  66      EF033CEF 
  66      003CEF00 
ARM GAS  C:\Users\BLACK_~1\AppData\Local\Temp\ccf5kTvg.s 			page 4


  66      5DEF
  67 01fa 007DF700 		.ascii	"\000}\367\000}\367\210}\367\377~\367\377~\367\377~\367"
  67      7DF7887D 
  67      F7FF7EF7 
  67      FF7EF7FF 
  67      7EF7
  68 020c FF7DF7FF 		.ascii	"\377}\367\377}\367\377}\367\377}\367\377}\367\377}\367"
  68      7DF7FF7D 
  68      F7FF7DF7 
  68      FF7DF7FF 
  68      7DF7
  69 021e FF7DF7FF 		.ascii	"\377}\367\377}\367\377}\367\377}\357\377}\357\377\033"
  69      7DF7FF7D 
  69      F7FF7DEF 
  69      FF7DEFFF 
  69      1B
  70 022f F7FF1AFF 		.ascii	"\367\377\032\377\377:\377\377\267\376\377\267\376\377"
  70      FF3AFFFF 
  70      B7FEFFB7 
  70      FEFF
  71 023d B7FEFF96 		.ascii	"\267\376\377\226\366\377u\366\3774\356\377\261\345\377"
  71      F6FF75F6 
  71      FF34EEFF 
  71      B1E5FF
  72 024c 0BB4FF0B 		.ascii	"\013\264\377\013\274\377\316\314\377\272\346\377]\357"
  72      BCFFCECC 
  72      FFBAE6FF 
  72      5DEF
  73 025a FF3CEFFF 		.ascii	"\377<\357\377<\357\377<\357\377\\\357\377]\357\377]"
  73      3CEFFF3C 
  73      EFFF5CEF 
  73      FF5DEFFF 
  73      5D
  74 026b EFFF5DEF 		.ascii	"\357\377]\357\377]\357\377]\357\377]\357\377]\357\377"
  74      FF5DEFFF 
  74      5DEFFF5D 
  74      EFFF5DEF 
  74      FF
  75 027c 5DEFFF5D 		.ascii	"]\357\377]\357\377]\357\377]\357\377]\357\377]\357\377"
  75      EFFF5DEF 
  75      FF5DEFFF 
  75      5DEFFF5D 
  75      EFFF
  76 028e 5DEFFF5D 		.ascii	"]\357\377]\357\377<\357\377<\357\210<\357\000<\357\000"
  76      EFFF3CEF 
  76      FF3CEF88 
  76      3CEF003C 
  76      EF00
  77 02a0 5DEF007D 		.ascii	"]\357\000}\367T}\367\377}\367\377~\367\377~\367\377"
  77      F7547DF7 
  77      FF7DF7FF 
  77      7EF7FF7E 
  77      F7FF
  78 02b2 7EF7FF7D 		.ascii	"~\367\377}\367\377}\367\377}\367\377}\367\377}\367\377"
  78      F7FF7DF7 
  78      FF7DF7FF 
  78      7DF7FF7D 
ARM GAS  C:\Users\BLACK_~1\AppData\Local\Temp\ccf5kTvg.s 			page 5


  78      F7FF
  79 02c4 7DF7FF7D 		.ascii	"}\367\377}\367\377}\367\377}\367\377]\357\377}\357\377"
  79      F7FF7DF7 
  79      FF7DF7FF 
  79      5DEFFF7D 
  79      EFFF
  80 02d6 FAEEFFB4 		.ascii	"\372\356\377\264\335\3771\335\377\226\376\377\327\376"
  80      DDFF31DD 
  80      FF96FEFF 
  80      D7FE
  81 02e4 FFD7FEFF 		.ascii	"\377\327\376\377\226\366\377U\356\377U\356\377\221\335"
  81      96F6FF55 
  81      EEFF55EE 
  81      FF91DD
  82 02f3 FF499BFF 		.ascii	"\377I\233\377P\335\377p\335\377\325\325\377]\357\377"
  82      50DDFF70 
  82      DDFFD5D5 
  82      FF5DEFFF 
  83 0303 3CEFFF3C 		.ascii	"<\357\377<\357\377<\357\377<\357\377<\357\377]\357\377"
  83      EFFF3CEF 
  83      FF3CEFFF 
  83      3CEFFF5D 
  83      EFFF
  84 0315 5DEFFF5D 		.ascii	"]\357\377]\357\377]\357\377]\357\377]\357\377]\357\377"
  84      EFFF5DEF 
  84      FF5DEFFF 
  84      5DEFFF5D 
  84      EFFF
  85 0327 5DEFFF5D 		.ascii	"]\357\377]\357\377]\357\377]\357\377]\357\377]\357\377"
  85      EFFF5DEF 
  85      FF5DEFFF 
  85      5DEFFF5D 
  85      EFFF
  86 0339 5DEFFF3C 		.ascii	"]\357\377<\357\377\\\357\377=\357T=\357\000]\357\007"
  86      EFFF5CEF 
  86      FF3DEF54 
  86      3DEF005D 
  86      EF07
  87 034b 7DF7E37D 		.ascii	"}\367\343}\367\377}\367\377~\367\377~\367\377\236\367"
  87      F7FF7DF7 
  87      FF7EF7FF 
  87      7EF7FF9E 
  87      F7
  88 035c FF7DF7FF 		.ascii	"\377}\367\377}\367\377}\367\377}\367\377}\367\377}\367"
  88      7DF7FF7D 
  88      F7FF7DF7 
  88      FF7DF7FF 
  88      7DF7
  89 036e FF7DF7FF 		.ascii	"\377}\367\377}\367\377]\357\377]\357\377]\357\377}\357"
  89      7DF7FF5D 
  89      EFFF5DEF 
  89      FF5DEFFF 
  89      7DEF
  90 0380 FF37D6FF 		.ascii	"\3777\326\377\317\314\3774\366\377U\366\377\370\376"
  90      CFCCFF34 
  90      F6FF55F6 
  90      FFF8FE
ARM GAS  C:\Users\BLACK_~1\AppData\Local\Temp\ccf5kTvg.s 			page 6


  91 038f FF76F6FF 		.ascii	"\377v\366\377\226\366\3774\356\377\212\233\377\010\213"
  91      96F6FF34 
  91      EEFF8A9B 
  91      FF088B
  92 039e FF91E5FF 		.ascii	"\377\221\345\377\220\345\377\357\314\377<\357\377]\357"
  92      90E5FFEF 
  92      CCFF3CEF 
  92      FF5DEF
  93 03ad FF3CEFFF 		.ascii	"\377<\357\377<\357\377<\357\377<\357\377]\357\377]\357"
  93      3CEFFF3C 
  93      EFFF3CEF 
  93      FF5DEFFF 
  93      5DEF
  94 03bf FF5DEFFF 		.ascii	"\377]\357\377]\357\377]\357\377]\357\377]\357\377]\357"
  94      5DEFFF5D 
  94      EFFF5DEF 
  94      FF5DEFFF 
  94      5DEF
  95 03d1 FF5DEFFF 		.ascii	"\377]\357\377]\357\377]\357\377=\357\377]\357\377\\"
  95      5DEFFF5D 
  95      EFFF3DEF 
  95      FF5DEFFF 
  95      5C
  96 03e2 EFFF3CEF 		.ascii	"\357\377<\357\377<\357\377<\357\344=\357\007]\357T}"
  96      FF3CEFFF 
  96      3CEFE43D 
  96      EF075DEF 
  96      547D
  97 03f4 F7FF7DF7 		.ascii	"\367\377}\367\377}\367\377~\367\377~\367\377~\367\377"
  97      FF7DF7FF 
  97      7EF7FF7E 
  97      F7FF7EF7 
  97      FF
  98 0405 7EF7FF9E 		.ascii	"~\367\377\236\367\377\236\367\377}\367\377\235\367\377"
  98      F7FF9EF7 
  98      FF7DF7FF 
  98      9DF7FF
  99 0414 7DF7FF7D 		.ascii	"}\367\377}\367\377}\367\377]\357\377]\357\377]\357\377"
  99      F7FF7DF7 
  99      FF5DEFFF 
  99      5DEFFF5D 
  99      EFFF
 100 0426 BEFFFF5D 		.ascii	"\276\377\377]\357\377P\274\377\220\334\377\322\355\377"
 100      EFFF50BC 
 100      FF90DCFF 
 100      D2EDFF
 101 0435 54EEFF75 		.ascii	"T\356\377u\366\377\023\346\377\350\212\377\203Y\377"
 101      F6FF13E6 
 101      FFE88AFF 
 101      8359FF
 102 0444 CEC4FFD1 		.ascii	"\316\304\377\321\345\377\220\345\377l\304\377s\315\377"
 102      E5FF90E5 
 102      FF6CC4FF 
 102      73CDFF
 103 0453 BADEFF1C 		.ascii	"\272\336\377\034\347\377\236\367\377]\357\377<\357\377"
 103      E7FF9EF7 
 103      FF5DEFFF 
ARM GAS  C:\Users\BLACK_~1\AppData\Local\Temp\ccf5kTvg.s 			page 7


 103      3CEFFF
 104 0462 3CEFFF5D 		.ascii	"<\357\377]\357\377]\357\377]\357\377]\357\377]\357\377"
 104      EFFF5DEF 
 104      FF5DEFFF 
 104      5DEFFF5D 
 104      EFFF
 105 0474 5DEFFF5D 		.ascii	"]\357\377]\357\377]\357\377]\357\377]\357\377=\357\377"
 105      EFFF5DEF 
 105      FF5DEFFF 
 105      5DEFFF3D 
 105      EFFF
 106 0486 3DEFFF3C 		.ascii	"=\357\377<\357\377]\357\377<\357\377<\357\377=\357\\"
 106      EFFF5DEF 
 106      FF3CEFFF 
 106      3CEFFF3D 
 106      EF5C
 107 0498 7DF79F7E 		.ascii	"}\367\237~\367\377~\367\377~\367\377~\367\377~\367\377"
 107      F7FF7EF7 
 107      FF7EF7FF 
 107      7EF7FF7E 
 107      F7FF
 108 04aa 7EF7FF7E 		.ascii	"~\367\377~\367\377\236\367\377\236\367\377}\367\377"
 108      F7FF9EF7 
 108      FF9EF7FF 
 108      7DF7FF
 109 04b9 7DF7FF7D 		.ascii	"}\367\377}\367\377}\367\377}\367\377}\357\377\276\377"
 109      F7FF7DF7 
 109      FF7DF7FF 
 109      7DEFFFBE 
 109      FF
 110 04ca FF7EF7FF 		.ascii	"\377~\367\377\267\265\377+B\377\2069\377p\335\377\326"
 110      B7B5FF2B 
 110      42FF8639 
 110      FF70DDFF 
 110      D6
 111 04db FEFF13EE 		.ascii	"\376\377\023\356\377\017\315\377Fr\377\005b\377\316"
 111      FF0FCDFF 
 111      4672FF05 
 111      62FFCE
 112 04ea C4FFD2E5 		.ascii	"\304\377\322\345\377\362\345\377\220\345\377\214\314"
 112      FFF2E5FF 
 112      90E5FF8C 
 112      CC
 113 04f7 FF4BC4FF 		.ascii	"\377K\304\377\261\345\377\220\244\377\022\204\377\373"
 113      B1E5FF90 
 113      A4FF1284 
 113      FFFB
 114 0505 E6FFBEFF 		.ascii	"\346\377\276\377\377]\357\377]\357\377]\357\377]\357"
 114      FF5DEFFF 
 114      5DEFFF5D 
 114      EFFF5DEF 
 115 0515 FF5DEFFF 		.ascii	"\377]\357\377]\357\377]\357\377]\357\377]\357\377]\357"
 115      5DEFFF5D 
 115      EFFF5DEF 
 115      FF5DEFFF 
 115      5DEF
 116 0527 FF5DEFFF 		.ascii	"\377]\357\377=\357\377=\357\377=\357\377]\357\377\\"
ARM GAS  C:\Users\BLACK_~1\AppData\Local\Temp\ccf5kTvg.s 			page 8


 116      3DEFFF3D 
 116      EFFF3DEF 
 116      FF5DEFFF 
 116      5C
 117 0538 EFFF3CEF 		.ascii	"\357\377<\357\377<\357\254}\367\320~\367\377~\367\377"
 117      FF3CEFAC 
 117      7DF7D07E 
 117      F7FF7EF7 
 117      FF
 118 0549 7EF7FF7E 		.ascii	"~\367\377~\367\377~\367\377~\367\377~\367\377~\367\377"
 118      F7FF7EF7 
 118      FF7EF7FF 
 118      7EF7FF7E 
 118      F7FF
 119 055b 7EF7FF9D 		.ascii	"~\367\377\235\367\377}\367\377}\367\377\236\367\377"
 119      F7FF7DF7 
 119      FF7DF7FF 
 119      9EF7FF
 120 056a DFFFFF7E 		.ascii	"\337\377\377~\367\377\270\275\377\316R\377\307\020\377"
 120      F7FFB8BD 
 120      FFCE52FF 
 120      C710FF
 121 0579 4500FFA4 		.ascii	"E\000\377\244\030\377m\264\377q\325\377\213\223\377"
 121      18FF6DB4 
 121      FF71D5FF 
 121      8B93FF
 122 0588 C238FFE1 		.ascii	"\3028\377\341@\377\017\315\377\221\335\377\261\345\377"
 122      40FF0FCD 
 122      FF91DDFF 
 122      B1E5FF
 123 0597 F2EDFF70 		.ascii	"\362\355\377p\335\377\355\324\377\355\324\377\264\376"
 123      DDFFEDD4 
 123      FFEDD4FF 
 123      B4FE
 124 05a5 FFB0ACFF 		.ascii	"\377\260\254\377%\000\377\211)\377\264\224\377<\357"
 124      2500FF89 
 124      29FFB494 
 124      FF3CEF
 125 05b4 FFBEFFFF 		.ascii	"\377\276\377\377}\357\377]\357\377]\357\377]\357\377"
 125      7DEFFF5D 
 125      EFFF5DEF 
 125      FF5DEFFF 
 126 05c4 5DEFFF5D 		.ascii	"]\357\377]\357\377]\357\377]\357\377]\357\377]\357\377"
 126      EFFF5DEF 
 126      FF5DEFFF 
 126      5DEFFF5D 
 126      EFFF
 127 05d6 5DEFFF3D 		.ascii	"]\357\377=\357\377=\357\377]\357\377]\357\377=\357\340"
 127      EFFF3DEF 
 127      FF5DEFFF 
 127      5DEFFF3D 
 127      EFE0
 128 05e8 7EF7E77E 		.ascii	"~\367\347~\367\377~\367\377~\367\377~\367\377~\367\377"
 128      F7FF7EF7 
 128      FF7EF7FF 
 128      7EF7FF7E 
 128      F7FF
ARM GAS  C:\Users\BLACK_~1\AppData\Local\Temp\ccf5kTvg.s 			page 9


 129 05fa 7EF7FF7E 		.ascii	"~\367\377~\367\377~\367\377\236\367\377}\367\377}\367"
 129      F7FF7EF7 
 129      FF9EF7FF 
 129      7DF7FF7D 
 129      F7
 130 060b FF9EFFFF 		.ascii	"\377\236\377\377]\357\377\365\234\377\256J\377\350\030"
 130      5DEFFFF5 
 130      9CFFAE4A 
 130      FFE818
 131 061a FFC810FF 		.ascii	"\377\310\020\377\010\031\377\010\031\377\206\010\377"
 131      0819FF08 
 131      19FF8608 
 131      FF
 132 0627 6218FFC1 		.ascii	"b\030\377\3010\377  \377\"Y\377\312\263\377\214\304"
 132      30FF2020 
 132      FF2259FF 
 132      CAB3FF8C 
 132      C4
 133 0638 FF2FD5FF 		.ascii	"\377/\325\377\023\356\377\321\345\377\220\335\377\261"
 133      13EEFFD1 
 133      E5FF90DD 
 133      FFB1
 134 0646 E5FF12EE 		.ascii	"\345\377\022\356\377\224\366\377lR\377\307\020\377\246"
 134      FF94F6FF 
 134      6C52FFC7 
 134      10FFA6
 135 0655 08FF8608 		.ascii	"\010\377\206\010\377\3121\377\264\234\377]\357\377\236"
 135      FFCA31FF 
 135      B49CFF5D 
 135      EFFF9E
 136 0664 F7FF5DEF 		.ascii	"\367\377]\357\377]\357\377]\357\377]\357\377]\357\377"
 136      FF5DEFFF 
 136      5DEFFF5D 
 136      EFFF5DEF 
 136      FF
 137 0675 5DEFFF5D 		.ascii	"]\357\377]\357\377]\357\377]\357\377]\357\377]\357\377"
 137      EFFF5DEF 
 137      FF5DEFFF 
 137      5DEFFF5D 
 137      EFFF
 138 0687 3DEFFF5D 		.ascii	"=\357\377]\357\377=\357\370~\367\354~\367\377~\367\377"
 138      EFFF3DEF 
 138      F87EF7EC 
 138      7EF7FF7E 
 138      F7FF
 139 0699 7EF7FF7E 		.ascii	"~\367\377~\367\377~\367\377~\367\377~\367\377~\367\377"
 139      F7FF7EF7 
 139      FF7EF7FF 
 139      7EF7FF7E 
 139      F7FF
 140 06ab 7EF7FF7E 		.ascii	"~\367\377~\367\377\276\377\377\034\347\377mJ\377\307"
 140      F7FFBEFF 
 140      FF1CE7FF 
 140      6D4AFFC7 
 141 06bb 10FFE810 		.ascii	"\020\377\350\020\377\011\031\377)\031\377)\031\377)"
 141      FF0919FF 
 141      2919FF29 
ARM GAS  C:\Users\BLACK_~1\AppData\Local\Temp\ccf5kTvg.s 			page 10


 141      19FF29
 142 06ca 19FFE818 		.ascii	"\031\377\350\030\377D\000\377\000\000\377cY\377*\304"
 142      FF4400FF 
 142      0000FF63 
 142      59FF2AC4 
 143 06da FF11F6FF 		.ascii	"\377\021\366\377\022\356\377\321\345\377\022\356\377"
 143      12EEFFD1 
 143      E5FF12EE 
 143      FF
 144 06e7 F2EDFF53 		.ascii	"\362\355\377S\366\377\326\376\377U\356\377\355b\377"
 144      F6FFD6FE 
 144      FF55EEFF 
 144      ED62FF
 145 06f6 C710FFE7 		.ascii	"\307\020\377\347\020\377\347\020\377\347\020\377\307"
 145      10FFE710 
 145      FFE710FF 
 145      C7
 146 0703 10FF8608 		.ascii	"\020\377\206\010\377KB\3779\306\377\276\377\377]\357"
 146      FF4B42FF 
 146      39C6FFBE 
 146      FFFF5DEF 
 147 0713 FF5DEFFF 		.ascii	"\377]\357\377]\357\377]\357\377]\357\377]\357\377]\357"
 147      5DEFFF5D 
 147      EFFF5DEF 
 147      FF5DEFFF 
 147      5DEF
 148 0725 FF5DEFFF 		.ascii	"\377]\357\377]\357\377]\357\377]\357\377]\357\377]\357"
 148      5DEFFF5D 
 148      EFFF5DEF 
 148      FF5DEFFF 
 148      5DEF
 149 0737 FF7EF7EC 		.ascii	"\377~\367\354~\367\377~\367\377~\367\377~\367\377~\367"
 149      7EF7FF7E 
 149      F7FF7EF7 
 149      FF7EF7FF 
 149      7EF7
 150 0749 FF7EF7FF 		.ascii	"\377~\367\377~\367\377~\367\377~\367\377\236\367\377"
 150      7EF7FF7E 
 150      F7FF7EF7 
 150      FF9EF7FF 
 151 0759 BFFFFF91 		.ascii	"\277\377\377\221k\377\310\020\377)!\377)!\377)!\377"
 151      6BFFC810 
 151      FF2921FF 
 151      2921FF29 
 151      21FF
 152 076b 4A21FF4A 		.ascii	"J!\377J!\377J!\377I!\377\350\030\377\246\020\377\346"
 152      21FF4A21 
 152      FF4921FF 
 152      E818FFA6 
 152      10FFE6
 153 077e 18FF0B73 		.ascii	"\030\377\013s\3771\305\377T\356\377T\366\377t\366\377"
 153      FF31C5FF 
 153      54EEFF54 
 153      F6FF74F6 
 153      FF
 154 078f 55EEFF15 		.ascii	"U\356\377\025\336\3770\224\377\3129\377\310\020\377"
 154      DEFF3094 
ARM GAS  C:\Users\BLACK_~1\AppData\Local\Temp\ccf5kTvg.s 			page 11


 154      FFCA39FF 
 154      C810FF
 155 079e E710FFE8 		.ascii	"\347\020\377\350\030\377\350\030\377\010\031\377\010"
 155      18FFE818 
 155      FF0819FF 
 155      08
 156 07ab 19FF0819 		.ascii	"\031\377\010\031\377\206\010\377\306\020\377\364\244"
 156      FF8608FF 
 156      C610FFF4 
 156      A4
 157 07b8 FFBEFFFF 		.ascii	"\377\276\377\377]\357\377]\357\377]\357\377]\357\377"
 157      5DEFFF5D 
 157      EFFF5DEF 
 157      FF5DEFFF 
 158 07c8 5DEFFF5D 		.ascii	"]\357\377]\357\377]\357"
 158      EFFF5DEF 
 159 07d0 FF5DEFFF 		.ascii	"\377]\357\377]\357\377]\357\377]\357\377]\357\377~\367"
 159      5DEFFF5D 
 159      EFFF5DEF 
 159      FF5DEFFF 
 159      7EF7
 160 07e2 EC7EF7FF 		.ascii	"\354~\367\377~\367\377~\367\377~\367\377~\367\377~\367"
 160      7EF7FF7E 
 160      F7FF7EF7 
 160      FF7EF7FF 
 160      7EF7
 161 07f4 FF7EF7FF 		.ascii	"\377~\367\377~\367\377~\367\377\277\377\377Z\316\377"
 161      7EF7FF7E 
 161      F7FFBFFF 
 161      FF5ACEFF 
 162 0804 4A21FF49 		.ascii	"J!\377I!\377j!\377j!\377j!\377j!\377J!\377j!\377\212"
 162      21FF6A21 
 162      FF6A21FF 
 162      6A21FF6A 
 162      21FF4A21 
 163 081d 21FF8A21 		.ascii	"!\377\212!\377j!\377j!\377)\031\377I!\377\3539\377L"
 163      FF6A21FF 
 163      6A21FF29 
 163      19FF4921 
 163      FFEB39FF 
 164 0832 4AFF4C4A 		.ascii	"J\377LJ\377\013B\377j)\377\011\021\377)\031\377I!\377"
 164      FF0B42FF 
 164      6A29FF09 
 164      11FF2919 
 164      FF4921FF 
 165 0846 4921FF29 		.ascii	"I!\377)!\377)\031\377\010\031\377\010\031\377\010\031"
 165      21FF2919 
 165      FF0819FF 
 165      0819FF08 
 165      19
 166 0857 FFE818FF 		.ascii	"\377\350\030\377\206\010\377\347\030\377z\316\377\236"
 166      8608FFE7 
 166      18FF7ACE 
 166      FF9E
 167 0865 F7FF5DEF 		.ascii	"\367\377]\357\377]\357\377]\357\377]\357\377]\357\377"
 167      FF5DEFFF 
 167      5DEFFF5D 
ARM GAS  C:\Users\BLACK_~1\AppData\Local\Temp\ccf5kTvg.s 			page 12


 167      EFFF5DEF 
 167      FF
 168 0876 5DEFFF5D 		.ascii	"]\357\377]\357\377]\357\377]\357\377]\357\377]\357\377"
 168      EFFF5DEF 
 168      FF5DEFFF 
 168      5DEFFF5D 
 168      EFFF
 169 0888 7DF7EC7E 		.ascii	"}\367\354~\367\377~\367\377~\367\377~\367\377~\367\377"
 169      F7FF7EF7 
 169      FF7EF7FF 
 169      7EF7FF7E 
 169      F7FF
 170 089a 7EF7FF7E 		.ascii	"~\367\377~\367\377~\367\377~\367\377\337\377\377t\214"
 170      F7FF7EF7 
 170      FF7EF7FF 
 170      DFFFFF74 
 170      8C
 171 08ab FFE810FF 		.ascii	"\377\350\020\377j!\377\212!\377j!\377j!\377j!\377j!"
 171      6A21FF8A 
 171      21FF6A21 
 171      FF6A21FF 
 171      6A21FF6A 
 172 08c0 FF6A21FF 		.ascii	"\377j!\377j!\377j!\377j!\377j!\377j!\377j!\377J!\377"
 172      6A21FF6A 
 172      21FF6A21 
 172      FF6A21FF 
 172      6A21FF6A 
 173 08d9 2919FF2A 		.ascii	")\031\377*\031\377J!\377J!\377J!\377J!\377J!\377J!\377"
 173      19FF4A21 
 173      FF4A21FF 
 173      4A21FF4A 
 173      21FF4A21 
 174 08f1 4921FF49 		.ascii	"I!\377I!\377)\031\377)\031\377)\031\377)\031\377\010"
 174      21FF2919 
 174      FF2919FF 
 174      2919FF29 
 174      19FF08
 175 0904 19FFA708 		.ascii	"\031\377\247\010\377pk\377\276\377\377}\357\377]\357"
 175      FF706BFF 
 175      BEFFFF7D 
 175      EFFF5DEF 
 176 0914 FF5DEFFF 		.ascii	"\377]\357\377]\357\377]\357\377]\357\377]\357\377]\357"
 176      5DEFFF5D 
 176      EFFF5DEF 
 176      FF5DEFFF 
 176      5DEF
 177 0926 FF5DEFFF 		.ascii	"\377]\357\377]\357\377]\357\377~\367\354~\367\377~\367"
 177      5DEFFF5D 
 177      EFFF7EF7 
 177      EC7EF7FF 
 177      7EF7
 178 0938 FF7EF7FF 		.ascii	"\377~\367\377~\367\377\236\367\377\236\367\377~\367"
 178      7EF7FF9E 
 178      F7FF9EF7 
 178      FF7EF7
 179 0947 FF7EF7FF 		.ascii	"\377~\367\377\236\367\377\277\377\3770c\377\011\031"
 179      9EF7FFBF 
ARM GAS  C:\Users\BLACK_~1\AppData\Local\Temp\ccf5kTvg.s 			page 13


 179      FFFF3063 
 179      FF0919
 180 0956 FF6A21FF 		.ascii	"\377j!\377\212!\377\212!\377\212!\377\212!\377\212!"
 180      8A21FF8A 
 180      21FF8A21 
 180      FF8A21FF 
 180      8A21
 181 0968 FF6A21FF 		.ascii	"\377j!\377j!\377j!\377j!\377j!\377j!\377j!\377j!\377"
 181      6A21FF6A 
 181      21FF6A21 
 181      FF6A21FF 
 181      6A21FF6A 
 182 0981 6A21FF6A 		.ascii	"j!\377j!\377j!\377j!\377j!\377j!\377j!\377j!\377j!\377"
 182      21FF6A21 
 182      FF6A21FF 
 182      6A21FF6A 
 182      21FF6A21 
 183 099c 6A21FF6A 		.ascii	"j!\377j!\377J!\377)!\377I!\377)\031\377\010\031\377"
 183      21FF4A21 
 183      FF2921FF 
 183      4921FF29 
 183      19FF0819 
 184 09b1 8A29FFDB 		.ascii	"\212)\377\333\336\377\236\367\377]\357\377]\357\377"
 184      DEFF9EF7 
 184      FF5DEFFF 
 184      5DEFFF
 185 09c0 5DEFFF5D 		.ascii	"]\357\377]\357\377]\357\377]\357\377]\357\377]\357\377"
 185      EFFF5DEF 
 185      FF5DEFFF 
 185      5DEFFF5D 
 185      EFFF
 186 09d2 5DEFFF5D 		.ascii	"]\357\377]\357\377~\367\354~\367\377~\367\377~\367\377"
 186      EFFF7EF7 
 186      EC7EF7FF 
 186      7EF7FF7E 
 186      F7FF
 187 09e4 7EF7FF9E 		.ascii	"~\367\377\236\367\377\236\367\377~\367\377\236\367\377"
 187      F7FF9EF7 
 187      FF7EF7FF 
 187      9EF7FF
 188 09f3 9EF7FF7D 		.ascii	"\236\367\377}\367\377mB\377)\031\377j!\377\212!\377"
 188      F7FF6D42 
 188      FF2919FF 
 188      6A21FF8A 
 188      21FF
 189 0a05 8A21FF8A 		.ascii	"\212!\377\212!\377\212!\377\212!\377\212!\377\212!\377"
 189      21FF8A21 
 189      FF8A21FF 
 189      8A21FF8A 
 189      21FF
 190 0a17 8A21FF8A 		.ascii	"\212!\377\212!\377j!\377j!\377j!\377j!\377j!\377\212"
 190      21FF6A21 
 190      FF6A21FF 
 190      6A21FF6A 
 190      21FF6A21 
 191 0a2d 21FF6A21 		.ascii	"!\377j!\377j!\377j!\377\212!\377\212!\377\212!\377\212"
 191      FF6A21FF 
ARM GAS  C:\Users\BLACK_~1\AppData\Local\Temp\ccf5kTvg.s 			page 14


 191      6A21FF8A 
 191      21FF8A21 
 191      FF8A21FF 
 192 0a42 21FF8A21 		.ascii	"!\377\212!\377j!\377j!\377J!\377I!\377)\031\377\010"
 192      FF6A21FF 
 192      6A21FF4A 
 192      21FF4921 
 192      FF2919FF 
 193 0a57 19FFC810 		.ascii	"\031\377\310\020\377V\255\377\276\377\377]\357\377]"
 193      FF56ADFF 
 193      BEFFFF5D 
 193      EFFF5D
 194 0a66 EFFF5DEF 		.ascii	"\357\377]\357\377]\357\377]\357\377]\357\377]\357\377"
 194      FF5DEFFF 
 194      5DEFFF5D 
 194      EFFF5DEF 
 194      FF
 195 0a77 5DEFFF5D 		.ascii	"]\357\377]\357\377]\357\377~\367\354~\367\377~\367\377"
 195      EFFF5DEF 
 195      FF7EF7EC 
 195      7EF7FF7E 
 195      F7FF
 196 0a89 7EF7FF7E 		.ascii	"~\367\377~\367\377\236\367\377\236\367\377\236\367\377"
 196      F7FF9EF7 
 196      FF9EF7FF 
 196      9EF7FF
 197 0a98 9EF7FF9E 		.ascii	"\236\367\377\236\367\377=\347\377\3549\377)\031\377"
 197      F7FF3DE7 
 197      FFEC39FF 
 197      2919FF
 198 0aa7 4921FF6A 		.ascii	"I!\377j!\377\213)\377\213!\377\213!\377\213!\377\212"
 198      21FF8B29 
 198      FF8B21FF 
 198      8B21FF8B 
 198      21FF8A
 199 0aba 21FF8A21 		.ascii	"!\377\212!\377\212!\377\212!\377\212!\377\212!\377\212"
 199      FF8A21FF 
 199      8A21FF8A 
 199      21FF8A21 
 199      FF8A
 200 0acc 21FF8A21 		.ascii	"!\377\212!\377\212!\377\212!\377\212!\377\212!\377\212"
 200      FF8A21FF 
 200      8A21FF8A 
 200      21FF8A21 
 200      FF8A
 201 0ade 21FF8A21 		.ascii	"!\377\212!\377\213!\377\213!\377\212!\377\212!\377\212"
 201      FF8B21FF 
 201      8B21FF8A 
 201      21FF8A21 
 201      FF8A
 202 0af0 21FF6A21 		.ascii	"!\377j!\377J!\377)\031\377\011\031\377\010\031\377\247"
 202      FF4A21FF 
 202      2919FF09 
 202      19FF0819 
 202      FFA7
 203 0b02 10FFD173 		.ascii	"\020\377\321s\377\276\377\377]\357\377]\357\377]\357"
 203      FFBEFFFF 
ARM GAS  C:\Users\BLACK_~1\AppData\Local\Temp\ccf5kTvg.s 			page 15


 203      5DEFFF5D 
 203      EFFF5DEF 
 204 0b12 FF5DEFFF 		.ascii	"\377]\357\377]\357\377]\357\377]\357\377]\357\377]\357"
 204      5DEFFF5D 
 204      EFFF5DEF 
 204      FF5DEFFF 
 204      5DEF
 205 0b24 FF5DEFFF 		.ascii	"\377]\357\377~\367\354~\367\377~\367\377~\367\377~\367"
 205      7EF7EC7E 
 205      F7FF7EF7 
 205      FF7EF7FF 
 205      7EF7
 206 0b36 FF9EF7FF 		.ascii	"\377\236\367\377\236\367\377\236\367\377~\367\377\276"
 206      9EF7FF9E 
 206      F7FF7EF7 
 206      FFBE
 207 0b44 FFFF1CE7 		.ascii	"\377\377\034\347\377\3131\377\011\031\377\010\031\377"
 207      FFCB31FF 
 207      0919FF08 
 207      19FF
 208 0b52 4921FF8B 		.ascii	"I!\377\213!\377\213!\377\213!\377\213)\377j!\377J!\377"
 208      21FF8B21 
 208      FF8B21FF 
 208      8B29FF6A 
 208      21FF4A21 
 209 0b67 4A21FF6A 		.ascii	"J!\377j!\377j!\377J!\377j!\377j!\377j!\377j!\377j!\377"
 209      21FF6A21 
 209      FF4A21FF 
 209      6A21FF6A 
 209      21FF6A21 
 210 0b82 4A21FF6A 		.ascii	"J!\377j!\377j!\377j!\377j!\377\212!\377\212!\377j!\377"
 210      21FF6A21 
 210      FF6A21FF 
 210      6A21FF8A 
 210      21FF8A21 
 211 0b9a 6A21FF4A 		.ascii	"j!\377J!\377\010\031\377\010\031\377\010\031\377\247"
 211      21FF0819 
 211      FF0819FF 
 211      0819FFA7 
 212 0baa 08FFAD52 		.ascii	"\010\377\255R\377\235\367\377]\357\377]\357\377]\357"
 212      FF9DF7FF 
 212      5DEFFF5D 
 212      EFFF5DEF 
 213 0bba FF5DEFFF 		.ascii	"\377]\357\377]\357\377]\357\377]\357\377]\357\377]\357"
 213      5DEFFF5D 
 213      EFFF5DEF 
 213      FF5DEFFF 
 213      5DEF
 214 0bcc FF5DEFFF 		.ascii	"\377]\357\377~\367\354~\367\377~\367\377~\367\377~\367"
 214      7EF7EC7E 
 214      F7FF7EF7 
 214      FF7EF7FF 
 214      7EF7
 215 0bde FF9EF7FF 		.ascii	"\377\236\367\377\236\367\377\236\367\377\236\367\377"
 215      9EF7FF9E 
 215      F7FF9EF7 
 215      FF
ARM GAS  C:\Users\BLACK_~1\AppData\Local\Temp\ccf5kTvg.s 			page 16


 216 0beb 9EF7FF3D 		.ascii	"\236\367\377=\357\377\014:\377\010\031\377\350\030\377"
 216      EFFF0C3A 
 216      FF0819FF 
 216      E818FF
 217 0bfa C710FF29 		.ascii	"\307\020\377)!\377\213!\377\212!\377j!\377m:\377\216"
 217      21FF8B21 
 217      FF8A21FF 
 217      6A21FF6D 
 217      3AFF8E
 218 0c0d 42FF4D3A 		.ascii	"B\377M:\377M:\377,2\377M:\377M:\377-:\377\256B\377-"
 218      FF4D3AFF 
 218      2C32FF4D 
 218      3AFF4D3A 
 218      FF2D3AFF 
 219 0c25 32FF6D42 		.ascii	"2\377mB\377\216B\377M:\377m:\377\0142\377M:\377\253"
 219      FF8E42FF 
 219      4D3AFF6D 
 219      3AFF0C32 
 219      FF4D3AFF 
 220 0c3a 29FF8A21 		.ascii	")\377\212!\377\212!\377j!\377I!\377\010\031\377\350"
 220      FF8A21FF 
 220      6A21FF49 
 220      21FF0819 
 220      FFE8
 221 0c4c 18FFE818 		.ascii	"\030\377\350\030\377\307\020\377LB\377]\357\377}\357"
 221      FFC710FF 
 221      4C42FF5D 
 221      EFFF7DEF 
 222 0c5c FF5DEFFF 		.ascii	"\377]\357\377]\357\377]\357\377]\357\377]\357\377]\357"
 222      5DEFFF5D 
 222      EFFF5DEF 
 222      FF5DEFFF 
 222      5DEF
 223 0c6e FF5DEFFF 		.ascii	"\377]\357\377]\357\377]\357\377}\367\354~\367\377~\367"
 223      5DEFFF5D 
 223      EFFF7DF7 
 223      EC7EF7FF 
 223      7EF7
 224 0c80 FF7EF7FF 		.ascii	"\377~\367\377~\367\377\236\367\377\236\367\377\236\367"
 224      7EF7FF9E 
 224      F7FF9EF7 
 224      FF9EF7
 225 0c8f FF7EF7FF 		.ascii	"\377~\367\377\236\367\377]\357\377MB\377\010\031\377"
 225      9EF7FF5D 
 225      EFFF4D42 
 225      FF0819FF 
 226 0c9f E818FF85 		.ascii	"\350\030\377\205\020\377\307\020\377\213)\377\212!\377"
 226      10FFC710 
 226      FF8B29FF 
 226      8A21FF
 227 0cae 4A21FF30 		.ascii	"J!\3770S\377tt\377\261c\377tt\377Tt\377Tt\3773l\377"
 227      53FF7474 
 227      FFB163FF 
 227      7474FF54 
 227      74FF5474 
 228 0cc6 7474FFF2 		.ascii	"tt\377\362c\377\261[\377\322c\377tt\377\262c\377tt\377"
 228      63FFB15B 
ARM GAS  C:\Users\BLACK_~1\AppData\Local\Temp\ccf5kTvg.s 			page 17


 228      FFD263FF 
 228      7474FFB2 
 228      63FF7474 
 229 0cdb 5374FFF2 		.ascii	"St\377\362c\377\253)\377\212!\377\212!\377j!\377\350"
 229      63FFAB29 
 229      FF8A21FF 
 229      8A21FF6A 
 229      21FFE8
 230 0cee 18FFA610 		.ascii	"\030\377\246\020\377\307\020\377\347\020\377\247\020"
 230      FFC710FF 
 230      E710FFA7 
 230      10
 231 0cfb FFEB39FF 		.ascii	"\377\3539\377\034\357\377]\357\377]\357\377]\357\377"
 231      1CEFFF5D 
 231      EFFF5DEF 
 231      FF5DEFFF 
 232 0d0b 5DEFFF5D 		.ascii	"]\357\377]\357\377]\357\377]\357\377]\357\377]\357\377"
 232      EFFF5DEF 
 232      FF5DEFFF 
 232      5DEFFF5D 
 232      EFFF
 233 0d1d 5DEFFF7E 		.ascii	"]\357\377~\367\354~\367\377~\367\377~\367\377~\367\377"
 233      F7EC7EF7 
 233      FF7EF7FF 
 233      7EF7FF7E 
 233      F7FF
 234 0d2f 9EF7FF7E 		.ascii	"\236\367\377~\367\377~\367\377~\367\377\236\377\377"
 234      F7FF7EF7 
 234      FF7EF7FF 
 234      9EFFFF
 235 0d3e 1CE7FF0C 		.ascii	"\034\347\377\014:\377)\031\377\011\031\377\307\020\377"
 235      3AFF2919 
 235      FF0919FF 
 235      C710FF
 236 0d4d A610FF8A 		.ascii	"\246\020\377\212!\377\213!\377j!\377M:\377\357R\377"
 236      21FF8B21 
 236      FF6A21FF 
 236      4D3AFFEF 
 236      52FF
 237 0d5f CE4AFFCE 		.ascii	"\316J\377\316J\377\316J\377\316J\377\316J\377\316R\377"
 237      4AFFCE4A 
 237      FFCE4AFF 
 237      CE4AFFCE 
 237      52FF
 238 0d71 AE4AFFAE 		.ascii	"\256J\377\256J\377\256J\377\357R\377\256J\377\256J\377"
 238      4AFFAE4A 
 238      FFEF52FF 
 238      AE4AFFAE 
 238      4AFF
 239 0d83 CE4AFF6D 		.ascii	"\316J\377mB\377\253)\377\212!\377\212!\377)\031\377"
 239      42FFAB29 
 239      FF8A21FF 
 239      8A21FF29 
 239      19FF
 240 0d95 8510FF65 		.ascii	"\205\020\377e\010\377\246\020\377\347\020\377\307\020"
 240      08FFA610 
 240      FFE710FF 
ARM GAS  C:\Users\BLACK_~1\AppData\Local\Temp\ccf5kTvg.s 			page 18


 240      C710
 241 0da3 FF8929FF 		.ascii	"\377\211)\377\373\346\377]\357\377<\357\377]\357\377"
 241      FBE6FF5D 
 241      EFFF3CEF 
 241      FF5DEFFF 
 242 0db3 5DEFFF5D 		.ascii	"]\357\377]\357\377]\357\377]\357\377]\357\377]\357\377"
 242      EFFF5DEF 
 242      FF5DEFFF 
 242      5DEFFF5D 
 242      EFFF
 243 0dc5 5DEFFF7E 		.ascii	"]\357\377~\367\354~\367\377~\367\377~\367\377~\367\377"
 243      F7EC7EF7 
 243      FF7EF7FF 
 243      7EF7FF7E 
 243      F7FF
 244 0dd7 9EF7FF7E 		.ascii	"\236\367\377~\367\377~\367\377~\367\377\276\377\377"
 244      F7FF7EF7 
 244      FF7EF7FF 
 244      BEFFFF
 245 0de6 F9C5FF6A 		.ascii	"\371\305\377j!\377j!\377I!\377\010\031\377\246\020\377"
 245      21FF6A21 
 245      FF4921FF 
 245      0819FFA6 
 245      10FF
 246 0df8 0819FF8A 		.ascii	"\010\031\377\212!\377\213!\377\215J\377\3531\377\353"
 246      21FF8B21 
 246      FF8D4AFF 
 246      EB31FFEB 
 247 0e08 31FFEC31 		.ascii	"1\377\3541\377\3131\377\3131\377\3531\377\3531\377\014"
 247      FFCB31FF 
 247      CB31FFEB 
 247      31FFEB31 
 247      FF0C
 248 0e1a 3AFF0C3A 		.ascii	":\377\014:\377\014:\377\014:\377\014:\377\3531\377\353"
 248      FF0C3AFF 
 248      0C3AFF0C 
 248      3AFFEB31 
 248      FFEB
 249 0e2c 31FFCB31 		.ascii	"1\377\3131\377\212)\377j!\377J!\377\347\030\377d\010"
 249      FF8A29FF 
 249      6A21FF4A 
 249      21FFE718 
 249      FF6408
 250 0e3f FF8610FF 		.ascii	"\377\206\020\377\347\030\377\010\031\377\307\020\377"
 250      E718FF08 
 250      19FFC710 
 250      FF
 251 0e4c 4821FF9A 		.ascii	"H!\377\232\326\377]\367\377<\357\377<\357\377]\357\377"
 251      D6FF5DF7 
 251      FF3CEFFF 
 251      3CEFFF5D 
 251      EFFF
 252 0e5e 5DEFFF5D 		.ascii	"]\357\377]\357\377]\357\377]\357\377]\357\377]\357\377"
 252      EFFF5DEF 
 252      FF5DEFFF 
 252      5DEFFF5D 
 252      EFFF
ARM GAS  C:\Users\BLACK_~1\AppData\Local\Temp\ccf5kTvg.s 			page 19


 253 0e70 7EF7EC7E 		.ascii	"~\367\354~\367\377~\367\377~\367\377~\367\377~\367\377"
 253      F7FF7EF7 
 253      FF7EF7FF 
 253      7EF7FF7E 
 253      F7FF
 254 0e82 7EF7FF7E 		.ascii	"~\367\377~\367\377~\367\377\337\377\377\224\224\377"
 254      F7FF7EF7 
 254      FFDFFFFF 
 254      9494FF
 255 0e91 2919FF8A 		.ascii	")\031\377\212!\377)!\377\010\031\377\246\020\377\306"
 255      21FF2921 
 255      FF0819FF 
 255      A610FFC6 
 256 0ea1 10FF6A21 		.ascii	"\020\377j!\377\213)\377\214J\377j!\377j!\377j!\377,"
 256      FF8B29FF 
 256      8C4AFF6A 
 256      21FF6A21 
 256      FF6A21FF 
 257 0eb6 3AFF6C4A 		.ascii	":\377lJ\377\353A\377\3131\377J\031\377j!\377j!\377J"
 257      FFEB41FF 
 257      CB31FF4A 
 257      19FF6A21 
 257      FF6A21FF 
 258 0ecb 21FF4A21 		.ascii	"!\377J!\377J!\377j!\377j!\377\212!\377j!\377I!\377\205"
 258      FF4A21FF 
 258      6A21FF6A 
 258      21FF8A21 
 258      FF6A21FF 
 259 0ee3 10FF8508 		.ascii	"\020\377\205\010\377\347\020\377\010\031\377\350\030"
 259      FFE710FF 
 259      0819FFE8 
 259      18
 260 0ef0 FFE710FF 		.ascii	"\377\347\020\377\010\031\377\031\306\377}\367\377<\357"
 260      0819FF19 
 260      C6FF7DF7 
 260      FF3CEF
 261 0eff FF3CEFFF 		.ascii	"\377<\357\377\\\357\377]\357\377]\357\377]\357\377]"
 261      5CEFFF5D 
 261      EFFF5DEF 
 261      FF5DEFFF 
 261      5D
 262 0f10 EFFF5DEF 		.ascii	"\357\377]\357\377]\357\377~\367\354~\367\377~\367\377"
 262      FF5DEFFF 
 262      7EF7EC7E 
 262      F7FF7EF7 
 262      FF
 263 0f21 7EF7FF7E 		.ascii	"~\367\377~\367\377\236\367\377\236\367\377~\367\377"
 263      F7FF9EF7 
 263      FF9EF7FF 
 263      7EF7FF
 264 0f30 9EF7FFBE 		.ascii	"\236\367\377\276\377\377\221s\377\351\020\377j!\377"
 264      FFFF9173 
 264      FFE910FF 
 264      6A21FF
 265 0f3f 4921FF08 		.ascii	"I!\377\010\031\377\306\020\377\205\020\377I!\377\253"
 265      19FFC610 
 265      FF8510FF 
ARM GAS  C:\Users\BLACK_~1\AppData\Local\Temp\ccf5kTvg.s 			page 20


 265      4921FFAB 
 266 0f4f 29FF8D4A 		.ascii	")\377\215J\377j!\377\212!\377\2531\377\254b\377\015"
 266      FF6A21FF 
 266      8A21FFAB 
 266      31FFAC62 
 266      FF0D
 267 0f61 63FFCC62 		.ascii	"c\377\314b\377lR\377\3131\377\3531\377\3541\377\353"
 267      FF6C52FF 
 267      CB31FFEB 
 267      31FFEC31 
 267      FFEB
 268 0f73 31FFEB31 		.ascii	"1\377\3531\377\3131\377\3131\377\3131\377\212!\377\212"
 268      FFCB31FF 
 268      CB31FFCB 
 268      31FF8A21 
 268      FF8A
 269 0f85 21FF4921 		.ascii	"!\377I!\377\204\020\377\205\020\377\350\020\377\010"
 269      FF8410FF 
 269      8510FFE8 
 269      10FF08
 270 0f94 19FF0819 		.ascii	"\031\377\010\031\377\010\031\377\247\020\377\365"
 270      FF0819FF 
 270      A710FFF5 
 271 0fa0 A4FF7DF7 		.ascii	"\244\377}\367\377<\357\377<\357\377<\357\377]\357\377"
 271      FF3CEFFF 
 271      3CEFFF3C 
 271      EFFF5DEF 
 271      FF
 272 0fb1 5DEFFF5D 		.ascii	"]\357\377]\357\377]\357\377]\357\377]\357\377~\367\354"
 272      EFFF5DEF 
 272      FF5DEFFF 
 272      5DEFFF7E 
 272      F7EC
 273 0fc3 7EF7FF7E 		.ascii	"~\367\377~\367\377~\367\377~\367\377\236\367\377\236"
 273      F7FF7EF7 
 273      FF7EF7FF 
 273      9EF7FF9E 
 274 0fd3 F7FF7EF7 		.ascii	"\367\377~\367\377~\367\377\236\367\377t\315\377\314"
 274      FF7EF7FF 
 274      9EF7FF74 
 274      CDFFCC
 275 0fe2 62FF6A29 		.ascii	"b\377j)\377\350\020\377\307\020\377\206\010\377d\010"
 275      FFE810FF 
 275      C710FF86 
 275      08FF6408 
 276 0ff2 FFE718FF 		.ascii	"\377\347\030\377j!\377\215J\377\213)\377j!\377\255J"
 276      6A21FF8D 
 276      4AFF8B29 
 276      FF6A21FF 
 276      AD4A
 277 1004 FF4C42FF 		.ascii	"\377LB\377,B\377LB\377\215J\377\316R\377,:\377L:\377"
 277      2C42FF4C 
 277      42FF8D4A 
 277      FFCE52FF 
 277      2C3AFF4C 
 278 101a 4D42FF4C 		.ascii	"MB\377LB\377\014:\377\0132\377LB\377\3131\377j!\377"
 278      42FF0C3A 
ARM GAS  C:\Users\BLACK_~1\AppData\Local\Temp\ccf5kTvg.s 			page 21


 278      FF0B32FF 
 278      4C42FFCB 
 278      31FF6A21 
 279 102f 4921FF85 		.ascii	"I!\377\205\020\377e\010\377\307\020\377\010\031\377"
 279      10FF6508 
 279      FFC710FF 
 279      0819FF
 280 103e 0819FF29 		.ascii	"\010\031\377)\031\377\247\010\377Oc\377}\367\377<\357"
 280      19FFA708 
 280      FF4F63FF 
 280      7DF7FF3C 
 280      EF
 281 104f FF3CEFFF 		.ascii	"\377<\357\377<\357\377]\357\377]\357\377]\357\377]\357"
 281      3CEFFF5D 
 281      EFFF5DEF 
 281      FF5DEFFF 
 281      5DEF
 282 1061 FF5DEFFF 		.ascii	"\377]\357\377]\357\377~\367\354~\367\377~\367\377~\367"
 282      5DEFFF7E 
 282      F7EC7EF7 
 282      FF7EF7FF 
 282      7EF7
 283 1073 FF7EF7FF 		.ascii	"\377~\367\377\236\367\377\236\367\377~\367\377~\367"
 283      9EF7FF9E 
 283      F7FF7EF7 
 283      FF7EF7
 284 1082 FF7EF7FF 		.ascii	"\377~\367\377\364\345\377\361\365\377\263\335\377\023"
 284      F4E5FFF1 
 284      F5FFB3DD 
 284      FF13
 285 1090 BDFF91A4 		.ascii	"\275\377\221\244\377\315\233\377E9\377\307\020\377J"
 285      FFCD9BFF 
 285      4539FFC7 
 285      10FF4A
 286 109f 21FF6C42 		.ascii	"!\377lB\377\016c\377\313)\377mB\377\212!\377j!\377J"
 286      FF0E63FF 
 286      CB29FF6D 
 286      42FF8A21 
 286      FF6A21FF 
 287 10b4 19FFAB29 		.ascii	"\031\377\253)\377lJ\377\211)\377\2521\377j!\377J!\377"
 287      FF6C4AFF 
 287      8929FFAA 
 287      31FF6A21 
 287      FF4A21FF 
 288 10c8 6A21FFCB 		.ascii	"j!\377\313)\377+:\377\3131\377J!\377)\031\377\245\020"
 288      29FF2B3A 
 288      FFCB31FF 
 288      4A21FF29 
 288      19FFA510 
 289 10dc FF6408FF 		.ascii	"\377d\010\377\307\020\377\350\030\377\350\030\377\307"
 289      C710FFE8 
 289      18FFE818 
 289      FFC7
 290 10ea 10FF8608 		.ascii	"\020\377\206\010\377.k\377<\357\377\034\357\377<\357"
 290      FF2E6BFF 
 290      3CEFFF1C 
 290      EFFF3CEF 
ARM GAS  C:\Users\BLACK_~1\AppData\Local\Temp\ccf5kTvg.s 			page 22


 291 10fa FF3CEFFF 		.ascii	"\377<\357\377]\357\377]\357\377]\357\377]\357\377]\357"
 291      5DEFFF5D 
 291      EFFF5DEF 
 291      FF5DEFFF 
 291      5DEF
 292 110c FF5DEFFF 		.ascii	"\377]\357\377~\367\354~\367\377~\367\377~\367\377~\367"
 292      7EF7EC7E 
 292      F7FF7EF7 
 292      FF7EF7FF 
 292      7EF7
 293 111e FF9EF7FF 		.ascii	"\377\236\367\377\236\367\377\236\367\377~\367\377\236"
 293      9EF7FF9E 
 293      F7FF7EF7 
 293      FF9E
 294 112c F7FFB3DD 		.ascii	"\367\377\263\335\377\260\355\377\224\376\377\030\377"
 294      FFB0EDFF 
 294      94FEFF18 
 294      FF
 295 1139 FF17FFFF 		.ascii	"\377\027\377\377\220\355\377\206A\377\347\030\377j!"
 295      90EDFF86 
 295      41FFE718 
 295      FF6A21
 296 1148 FF4C42FF 		.ascii	"\377LB\377\361{\377\356Z\377mB\377\253)\377\212!\377"
 296      F17BFFEE 
 296      5AFF6D42 
 296      FFAB29FF 
 296      8A21FF
 297 115b 6A21FFEC 		.ascii	"j!\377\3541\377\313Z\377\353Z\377\014c\377KB\377\253"
 297      31FFCB5A 
 297      FFEB5AFF 
 297      0C63FF4B 
 297      42FFAB
 298 116e 29FFAA29 		.ascii	")\377\252)\377\214J\377\254R\377\3131\377I!\377\350"
 298      FF8C4AFF 
 298      AC52FFCB 
 298      31FF4921 
 298      FFE8
 299 1180 18FF4729 		.ascii	"\030\377G)\377\006)\377\307\020\377\010\031\377h)\377"
 299      FF0629FF 
 299      C710FF08 
 299      19FF6829 
 299      FF
 300 1191 0A42FF6B 		.ascii	"\012B\377k\223\377\360\314\377\034\347\377\034\347\377"
 300      93FFF0CC 
 300      FF1CE7FF 
 300      1CE7FF
 301 11a0 1CEFFF3C 		.ascii	"\034\357\377<\357\377<\357\377]\357\377]\357\377]\357"
 301      EFFF3CEF 
 301      FF5DEFFF 
 301      5DEFFF5D 
 301      EF
 302 11b1 FF5DEFFF 		.ascii	"\377]\357\377]\357\377~\367\354~\367\377~\367\377~\367"
 302      5DEFFF7E 
 302      F7EC7EF7 
 302      FF7EF7FF 
 302      7EF7
 303 11c3 FF7EF7FF 		.ascii	"\377~\367\377\236\367\377\236\367\377\236\367\377~\367"
ARM GAS  C:\Users\BLACK_~1\AppData\Local\Temp\ccf5kTvg.s 			page 23


 303      9EF7FF9E 
 303      F7FF9EF7 
 303      FF7EF7
 304 11d2 FF9EF7FF 		.ascii	"\377\236\367\377\223\335\377o\345\377t\366\377\370\376"
 304      93DDFF6F 
 304      E5FF74F6 
 304      FFF8FE
 305 11e1 FFD6FEFF 		.ascii	"\377\326\376\377\016\325\377\351A\377\350\030\377I!"
 305      0ED5FFE9 
 305      41FFE818 
 305      FF4921
 306 11f0 FF2C42FF 		.ascii	"\377,B\377\320s\377\217s\377LB\377\253)\377j!\377LB"
 306      D073FF8F 
 306      73FF4C42 
 306      FFAB29FF 
 306      6A21FF4C 
 307 1205 FFAD4AFF 		.ascii	"\377\255J\377lB\377mJ\377\215J\377mB\377\255R\377\313"
 307      6C42FF6D 
 307      4AFF8D4A 
 307      FF6D42FF 
 307      AD52FFCB 
 308 1219 31FF8C4A 		.ascii	"1\377\214J\377\214J\377\212)\377\010\031\377\307\020"
 308      FF8C4AFF 
 308      8A29FF08 
 308      19FFC710 
 309 1229 FF084AFF 		.ascii	"\377\010J\377\011\203\377\357\304\377\263\325\377\363"
 309      0983FFEF 
 309      C4FFB3D5 
 309      FFF3
 310 1237 E5FF12EE 		.ascii	"\345\377\022\356\377\217\355\377\317\304\377\373\346"
 310      FF8FEDFF 
 310      CFC4FFFB 
 310      E6
 311 1244 FFFBE6FF 		.ascii	"\377\373\346\377\034\347\377<\357\377<\357\377]\357"
 311      1CE7FF3C 
 311      EFFF3CEF 
 311      FF5DEF
 312 1253 FF5DEFFF 		.ascii	"\377]\357\377]\357\377]\357\377]\357\377~\367\354~\367"
 312      5DEFFF5D 
 312      EFFF5DEF 
 312      FF7EF7EC 
 312      7EF7
 313 1265 FF7EF7FF 		.ascii	"\377~\367\377~\367\377~\367\377\236\367\377\236\367"
 313      7EF7FF7E 
 313      F7FF9EF7 
 313      FF9EF7
 314 1274 FF9EF7FF 		.ascii	"\377\236\367\377~\367\377\236\367\377\223\335\377o\345"
 314      7EF7FF9E 
 314      F7FF93DD 
 314      FF6FE5
 315 1283 FF94F6FF 		.ascii	"\377\224\366\377\327\376\377t\366\377l\304\377+J\377"
 315      D7FEFF74 
 315      F6FF6CC4 
 315      FF2B4AFF 
 316 1293 E818FF28 		.ascii	"\350\030\377(!\377\215J\377ok\377Nc\377\255R\377\253"
 316      21FF8D4A 
 316      FF6F6BFF 
ARM GAS  C:\Users\BLACK_~1\AppData\Local\Temp\ccf5kTvg.s 			page 24


 316      4E63FFAD 
 316      52FFAB
 317 12a6 29FF6A21 		.ascii	")\377j!\377LB\377\253)\377j!\377j!\377j!\377J\031\377"
 317      FF4C42FF 
 317      AB29FF6A 
 317      21FF6A21 
 317      FF6A21FF 
 318 12bd 2C3AFF6C 		.ascii	",:\377lB\377\315R\377\314R\377I!\377\246\020\377\246"
 318      42FFCD52 
 318      FFCC52FF 
 318      4921FFA6 
 318      10FFA6
 319 12d0 10FFE841 		.ascii	"\020\377\350A\377\011\203\377\220\345\377\225\376\377"
 319      FF0983FF 
 319      90E5FF95 
 319      FEFF
 320 12de 95FEFF33 		.ascii	"\225\376\3773\366\377.\335\377\216\304\377\373\346\377"
 320      F6FF2EDD 
 320      FF8EC4FF 
 320      FBE6FF
 321 12ed FBE6FF1C 		.ascii	"\373\346\377\034\347\377\034\357\377<\357\377]\357\377"
 321      E7FF1CEF 
 321      FF3CEFFF 
 321      5DEFFF
 322 12fc 5DEFFF5D 		.ascii	"]\357\377]\357\377]\357\377]\357\377~\367\354~\367\377"
 322      EFFF5DEF 
 322      FF5DEFFF 
 322      7EF7EC7E 
 322      F7FF
 323 130e 7EF7FF7E 		.ascii	"~\367\377~\367\377~\367\377\236\367\377\236\367\377"
 323      F7FF7EF7 
 323      FF9EF7FF 
 323      9EF7FF
 324 131d 9EF7FF7E 		.ascii	"\236\367\377~\367\377\236\367\377\264\335\377o\345\377"
 324      F7FF9EF7 
 324      FFB4DDFF 
 324      6FE5FF
 325 132c 54F6FFB6 		.ascii	"T\366\377\266\376\377\362\355\377\353\263\377\255R\377"
 325      FEFFF2ED 
 325      FFEBB3FF 
 325      AD52FF
 326 133b 0819FF28 		.ascii	"\010\031\377(!\377\215J\377\3131\377\252)\377\215J\377"
 326      21FF8D4A 
 326      FFCB31FF 
 326      AA29FF8D 
 326      4AFF
 327 134d 8B29FF6A 		.ascii	"\213)\377j!\377LB\377\253)\377j!\377j!\377\212!\377"
 327      21FF4C42 
 327      FFAB29FF 
 327      6A21FF6A 
 327      21FF8A21 
 328 1362 6A21FF2C 		.ascii	"j!\377,B\377\013:\377\212)\377\3529\377H!\377e\010\377"
 328      42FF0B3A 
 328      FF8A29FF 
 328      EA39FF48 
 328      21FF6508 
 329 1377 8508FFC8 		.ascii	"\205\010\377\310A\377\351z\377\315\324\3773\366\377"
ARM GAS  C:\Users\BLACK_~1\AppData\Local\Temp\ccf5kTvg.s 			page 25


 329      41FFE97A 
 329      FFCDD4FF 
 329      33F6FF
 330 1386 54F6FF13 		.ascii	"T\366\377\023\356\377/\345\377\216\274\377\333\346\377"
 330      EEFF2FE5 
 330      FF8EBCFF 
 330      DBE6FF
 331 1395 FBE6FF1B 		.ascii	"\373\346\377\033\347\377\034\357\377<\357\377]\357\377"
 331      E7FF1CEF 
 331      FF3CEFFF 
 331      5DEFFF
 332 13a4 5DEFFF5D 		.ascii	"]\357\377]\357\377]\357\377]\357\377~\367\354~\367\377"
 332      EFFF5DEF 
 332      FF5DEFFF 
 332      7EF7EC7E 
 332      F7FF
 333 13b6 7EF7FF7E 		.ascii	"~\367\377~\367\377~\367\377\236\367\377\236\367\377"
 333      F7FF7EF7 
 333      FF9EF7FF 
 333      9EF7FF
 334 13c5 9EF7FF7E 		.ascii	"\236\367\377~\367\377\236\367\377\324\335\377\260\355"
 334      F7FF9EF7 
 334      FFD4DDFF 
 334      B0ED
 335 13d3 FF13F6FF 		.ascii	"\377\023\366\377\362\355\377O\345\377\313\243\377pk"
 335      F2EDFF4F 
 335      E5FFCBA3 
 335      FF706B
 336 13e2 FF0819FF 		.ascii	"\377\010\031\377\010!\377LB\377)!\377)\031\377LB\377"
 336      0821FF4C 
 336      42FF2921 
 336      FF2919FF 
 336      4C42FF
 337 13f5 AB29FF6A 		.ascii	"\253)\377j)\377LB\377\215J\377lB\377,:\377j!\377j!\377"
 337      29FF4C42 
 337      FF8D4AFF 
 337      6C42FF2C 
 337      3AFF6A21 
 338 140d 0C3AFF8A 		.ascii	"\014:\377\212)\377)\031\377\212)\377H!\377\205\020\377"
 338      29FF2919 
 338      FF8A29FF 
 338      4821FF85 
 338      10FF
 339 141f 6508FF09 		.ascii	"e\010\377\011J\377\352r\377L\304\377\322\355\3773\366"
 339      4AFFEA72 
 339      FF4CC4FF 
 339      D2EDFF33 
 339      F6
 340 1430 FFF2EDFF 		.ascii	"\377\362\355\377O\345\377\317\304\377\333\336\377\373"
 340      4FE5FFCF 
 340      C4FFDBDE 
 340      FFFB
 341 143e E6FF1BE7 		.ascii	"\346\377\033\347\377\034\357\377<\357\377]\357\377]"
 341      FF1CEFFF 
 341      3CEFFF5D 
 341      EFFF5D
 342 144d EFFF5DEF 		.ascii	"\357\377]\357\377]\357\377]\357\377~\367\354~\367\377"
ARM GAS  C:\Users\BLACK_~1\AppData\Local\Temp\ccf5kTvg.s 			page 26


 342      FF5DEFFF 
 342      5DEFFF7E 
 342      F7EC7EF7 
 342      FF
 343 145e 7EF7FF7E 		.ascii	"~\367\377~\367\377~\367\377\236\367\377\236\367\377"
 343      F7FF7EF7 
 343      FF9EF7FF 
 343      9EF7FF
 344 146d 9EF7FF7E 		.ascii	"\236\367\377~\367\377~\367\377\222\335\377\022\366\377"
 344      F7FF7EF7 
 344      FF92DDFF 
 344      12F6FF
 345 147c 33F6FF90 		.ascii	"3\366\377\220\355\377\016\335\377M\264\377\220k\377"
 345      EDFF0EDD 
 345      FF4DB4FF 
 345      906BFF
 346 148b 0819FF08 		.ascii	"\010\031\377\010!\377LB\377I!\377)\031\377lJ\377\012"
 346      21FF4C42 
 346      FF4921FF 
 346      2919FF6C 
 346      4AFF0A
 347 149e 42FFCA41 		.ascii	"B\377\312A\377\354Z\377\3119\377\253)\377\212!\377j"
 347      FFEC5AFF 
 347      C939FFAB 
 347      29FF8A21 
 347      FF6A
 348 14b0 21FF6A21 		.ascii	"!\377j!\377\013:\377i!\377\010\031\377\211)\377H!\377"
 348      FF0B3AFF 
 348      6921FF08 
 348      19FF8929 
 348      FF4821FF 
 349 14c4 A610FF65 		.ascii	"\246\020\377e\010\377\011J\377+{\377\252\253\377p\345"
 349      08FF094A 
 349      FF2B7BFF 
 349      AAABFF70 
 349      E5
 350 14d5 FFD1EDFF 		.ascii	"\377\321\355\377\321\355\377\260\355\377\357\314\377"
 350      D1EDFFB0 
 350      EDFFEFCC 
 350      FF
 351 14e2 DBDEFFFB 		.ascii	"\333\336\377\373\346\377\034\347\377\034\357\377<\357"
 351      E6FF1CE7 
 351      FF1CEFFF 
 351      3CEF
 352 14f0 FF5DEFFF 		.ascii	"\377]\357\377]\357\377]\357\377]\357\377]\357\377~\367"
 352      5DEFFF5D 
 352      EFFF5DEF 
 352      FF5DEFFF 
 352      7EF7
 353 1502 EC7EF7FF 		.ascii	"\354~\367\377~\367\377~\367\377~\367\377\236\367\377"
 353      7EF7FF7E 
 353      F7FF7EF7 
 353      FF9EF7FF 
 354 1512 9EF7FF7E 		.ascii	"\236\367\377~\367\377\236\367\377<\357\377q\345\377"
 354      F7FF9EF7 
 354      FF3CEFFF 
 354      71E5FF
ARM GAS  C:\Users\BLACK_~1\AppData\Local\Temp\ccf5kTvg.s 			page 27


 355 1521 74FEFF74 		.ascii	"t\376\377t\366\377\362\355\377\261\355\377\360\314\377"
 355      F6FFF2ED 
 355      FFB1EDFF 
 355      F0CCFF
 356 1530 CE52FF29 		.ascii	"\316R\377)\031\377\010!\377+B\377I!\377\011\031\377"
 356      19FF0821 
 356      FF2B42FF 
 356      4921FF09 
 356      19FF
 357 1542 4C4AFFEA 		.ascii	"LJ\377\352A\377\2119\377lR\377\3129\377j!\377J!\377"
 357      41FF8939 
 357      FF6C52FF 
 357      CA39FF6A 
 357      21FF4A21 
 358 1557 4A21FF4A 		.ascii	"J!\377J!\377\3539\377)!\377\307\020\377\211)\377H!\377"
 358      21FFEB39 
 358      FF2921FF 
 358      C710FF89 
 358      29FF4821 
 359 156c A610FFA7 		.ascii	"\246\020\377\247\020\377\011J\377l{\377\253\253\377"
 359      10FF094A 
 359      FF6C7BFF 
 359      ABABFF
 360 157b CDD4FFEE 		.ascii	"\315\324\377\356\334\377\322\355\377\022\366\377\316"
 360      DCFFD2ED 
 360      FF12F6FF 
 360      CE
 361 1588 CCFF9ADE 		.ascii	"\314\377\232\336\377\373\346\377\033\347\377\034\357"
 361      FFFBE6FF 
 361      1BE7FF1C 
 361      EF
 362 1595 FF3CEFFF 		.ascii	"\377<\357\377]\357\377]\357\377]\357\377]\357\377]\357"
 362      5DEFFF5D 
 362      EFFF5DEF 
 362      FF5DEFFF 
 362      5DEF
 363 15a7 FF7EF7EC 		.ascii	"\377~\367\354~\367\377~\367\377~\367\377~\367\377\236"
 363      7EF7FF7E 
 363      F7FF7EF7 
 363      FF7EF7FF 
 363      9E
 364 15b8 F7FF9EF7 		.ascii	"\367\377\236\367\377\236\367\377\236\367\377\373\356"
 364      FF9EF7FF 
 364      9EF7FFFB 
 364      EE
 365 15c5 FF50E5FF 		.ascii	"\377P\345\377S\376\377t\366\377\362\355\377\022\366"
 365      53FEFF74 
 365      F6FFF2ED 
 365      FF12F6
 366 15d4 FF10D5FF 		.ascii	"\377\020\325\377\013B\377J!\377\010!\377+B\377)\031"
 366      0B42FF4A 
 366      21FF0821 
 366      FF2B42FF 
 366      2919
 367 15e6 FF0919FF 		.ascii	"\377\011\031\377+B\377KJ\377KJ\377\314Z\377KB\377LB"
 367      2B42FF4B 
 367      4AFF4B4A 
ARM GAS  C:\Users\BLACK_~1\AppData\Local\Temp\ccf5kTvg.s 			page 28


 367      FFCC5AFF 
 367      4B42FF4C 
 368 15fb FF0B3AFF 		.ascii	"\377\013:\377\013:\377\013B\377LJ\377(!\377\247\020"
 368      0B3AFF0B 
 368      42FF4C4A 
 368      FF2821FF 
 368      A710
 369 160d FF8929FF 		.ascii	"\377\211)\377(!\377\307\020\377\307\020\377\011J\377"
 369      2821FFC7 
 369      10FFC710 
 369      FF094AFF 
 370 161d 6C83FF4D 		.ascii	"l\203\377M\274\377\221\355\377O\345\377\023\366\377"
 370      BCFF91ED 
 370      FF4FE5FF 
 370      13F6FF
 371 162c 54F6FFEE 		.ascii	"T\366\377\356\324\377X\326\377\034\347\377\033\347\377"
 371      D4FF58D6 
 371      FF1CE7FF 
 371      1BE7FF
 372 163b 1CEFFF3C 		.ascii	"\034\357\377<\357\377]\357\377]\357\377]\357\377]\357"
 372      EFFF5DEF 
 372      FF5DEFFF 
 372      5DEFFF5D 
 372      EF
 373 164c FF5DEFFF 		.ascii	"\377]\357\377~\367\354~\367\377~\367\377~\367\377~\367"
 373      7EF7EC7E 
 373      F7FF7EF7 
 373      FF7EF7FF 
 373      7EF7
 374 165e FF9EF7FF 		.ascii	"\377\236\367\377\236\367\377\236\367\377\236\367\377"
 374      9EF7FF9E 
 374      F7FF9EF7 
 374      FF
 375 166b B9E6FF2F 		.ascii	"\271\346\377/\345\377S\376\377t\376\377\362\355\377"
 375      E5FF53FE 
 375      FF74FEFF 
 375      F2EDFF
 376 167a D2EDFF30 		.ascii	"\322\355\3770\325\377\013B\377J!\377\010!\377\013B\377"
 376      D5FF0B42 
 376      FF4A21FF 
 376      0821FF0B 
 376      42FF
 377 168c 2919FF08 		.ascii	")\031\377\010\031\377\010\031\377I!\377j!\377\212)\377"
 377      19FF0819 
 377      FF4921FF 
 377      6A21FF8A 
 377      29FF
 378 169e 8C4AFF2C 		.ascii	"\214J\377,B\377j!\377\212)\377\252)\377\212)\377H)\377"
 378      42FF6A21 
 378      FF8A29FF 
 378      AA29FF8A 
 378      29FF4829 
 379 16b3 2721FFA9 		.ascii	"'!\377\2511\377H!\377\307\020\377\307\020\377*J\377"
 379      31FF4821 
 379      FFC710FF 
 379      C710FF2A 
 379      4AFF
ARM GAS  C:\Users\BLACK_~1\AppData\Local\Temp\ccf5kTvg.s 			page 29


 380 16c5 AD83FF8D 		.ascii	"\255\203\377\215\304\377\023\366\377\322\355\377T\366"
 380      C4FF13F6 
 380      FFD2EDFF 
 380      54F6
 381 16d3 FF95FEFF 		.ascii	"\377\225\376\377\016\335\377\027\326\377\034\347\377"
 381      0EDDFF17 
 381      D6FF1CE7 
 381      FF
 382 16e0 1BE7FF1C 		.ascii	"\033\347\377\034\347\377<\357\377]\357\377]\357\377"
 382      E7FF3CEF 
 382      FF5DEFFF 
 382      5DEFFF
 383 16ef 5DEFFF5D 		.ascii	"]\357\377]\357\377]\357\377~\367\354~\367\377~\367\377"
 383      EFFF5DEF 
 383      FF7EF7EC 
 383      7EF7FF7E 
 383      F7FF
 384 1701 7EF7FF7E 		.ascii	"~\367\377~\367\377\236\367\377\236\367\377\236\367\377"
 384      F7FF9EF7 
 384      FF9EF7FF 
 384      9EF7FF
 385 1710 9EF7FF78 		.ascii	"\236\367\377x\346\377\016\345\377t\376\377\225\376\377"
 385      E6FF0EE5 
 385      FF74FEFF 
 385      95FEFF
 386 171f 33F6FF91 		.ascii	"3\366\377\221\355\3770\325\377,J\377J!\377\010!\377"
 386      EDFF30D5 
 386      FF2C4AFF 
 386      4A21FF08 
 386      21FF
 387 1731 EA39FF09 		.ascii	"\3529\377\011\031\377\010\021\377I!\377\211)\377I)\377"
 387      19FF0811 
 387      FF4921FF 
 387      8929FF49 
 387      29FF
 388 1743 AA29FFEA 		.ascii	"\252)\377\3529\377\3121\377\351\020\377\011\031\377"
 388      39FFCA31 
 388      FFE910FF 
 388      0919FF
 389 1752 4A21FF4A 		.ascii	"J!\377J\031\377i)\377G)\377\211)\377H!\377\347\020\377"
 389      19FF6929 
 389      FF4729FF 
 389      8929FF48 
 389      21FFE710 
 390 1767 8608FF6A 		.ascii	"\206\010\377jR\377\356\213\377"
 390      52FFEE8B 
 390      FF
 391 1770 CEC4FFD1 		.ascii	"\316\304\377\321\355\377\362\355\377\225\366\377\225"
 391      EDFFF2ED 
 391      FF95F6FF 
 391      95
 392 177d FEFFEDDC 		.ascii	"\376\377\355\334\377\325\315\377\034\347\377\033\347"
 392      FFD5CDFF 
 392      1CE7FF1B 
 392      E7
 393 178a FF1CE7FF 		.ascii	"\377\034\347\377<\357\377]\357\377]\357\377]\357\377"
 393      3CEFFF5D 
ARM GAS  C:\Users\BLACK_~1\AppData\Local\Temp\ccf5kTvg.s 			page 30


 393      EFFF5DEF 
 393      FF5DEFFF 
 394 179a 5DEFFF5D 		.ascii	"]\357\377]\357\377~\367\354~\367\377~\367\377~\367\377"
 394      EFFF7EF7 
 394      EC7EF7FF 
 394      7EF7FF7E 
 394      F7FF
 395 17ac 7EF7FF9E 		.ascii	"~\367\377\236\367\377\236\367\377\236\367\377\236\367"
 395      F7FF9EF7 
 395      FF9EF7FF 
 395      9EF7
 396 17ba FF78E6FF 		.ascii	"\377x\346\377\356\334\377T\366\377\266\376\377T\366"
 396      EEDCFF54 
 396      F6FFB6FE 
 396      FF54F6
 397 17c9 FF70E5FF 		.ascii	"\377p\345\377\017\325\377LJ\377J!\377(!\377KJ\377+B"
 397      0FD5FF4C 
 397      4AFF4A21 
 397      FF2821FF 
 397      4B4AFF2B 
 398 17de FF0B3AFF 		.ascii	"\377\013:\377KR\377lJ\377\013J\377+J\377*:\377KB\377"
 398      4B52FF6C 
 398      4AFF0B4A 
 398      FF2B4AFF 
 398      2A3AFF4B 
 399 17f4 CA31FFEB 		.ascii	"\3121\377\3539\377\013:\377\3131\377\3129\377\2519\377"
 399      39FF0B3A 
 399      FFCB31FF 
 399      CA39FFA9 
 399      39FF
 400 1806 A931FF69 		.ascii	"\2511\377i)\377\350\030\377\246\020\377\014k\3770\224"
 400      29FFE818 
 400      FFA610FF 
 400      0C6BFF30 
 400      94
 401 1817 FFAEC4FF 		.ascii	"\377\256\304\377\260\355\377\023\356\377\225\376\377"
 401      B0EDFF13 
 401      EEFF95FE 
 401      FF
 402 1824 74F6FFAD 		.ascii	"t\366\377\255\324\377t\305\377\034\347\377\033\347\377"
 402      D4FF74C5 
 402      FF1CE7FF 
 402      1BE7FF
 403 1833 1CE7FF3C 		.ascii	"\034\347\377<\357\377]\357\377]\357\377]\357\377]\357"
 403      EFFF5DEF 
 403      FF5DEFFF 
 403      5DEFFF5D 
 403      EF
 404 1844 FF5DEFFF 		.ascii	"\377]\357\377~\367\354~\367\377~\367\377~\367\377~\367"
 404      7EF7EC7E 
 404      F7FF7EF7 
 404      FF7EF7FF 
 404      7EF7
 405 1856 FF9EF7FF 		.ascii	"\377\236\367\377\236\367\377\236\367\377\236\367\377"
 405      9EF7FF9E 
 405      F7FF9EF7 
 405      FF
ARM GAS  C:\Users\BLACK_~1\AppData\Local\Temp\ccf5kTvg.s 			page 31


 406 1863 BAE6FFAD 		.ascii	"\272\346\377\255\324\377\362\365\377u\376\377t\366\377"
 406      D4FFF2F5 
 406      FF75FEFF 
 406      74F6FF
 407 1872 90E5FFCE 		.ascii	"\220\345\377\316\324\377KJ\377J!\377)!\377i)\377\313"
 407      D4FF4B4A 
 407      FF4A21FF 
 407      2921FF69 
 407      29FFCB
 408 1885 39FFCB31 		.ascii	"9\377\3131\377\2521\377\2521\377\2531\377\212)\377\252"
 408      FFAA31FF 
 408      AA31FFAB 
 408      31FF8A29 
 408      FFAA
 409 1897 29FF8A29 		.ascii	")\377\212)\377\2521\377\2511\377i)\377\212)\377\252"
 409      FFAA31FF 
 409      A931FF69 
 409      29FF8A29 
 409      FFAA
 410 18a9 31FF8929 		.ascii	"1\377\211)\377(!\377)!\377)!\377\306\020\377ns\377\221"
 410      FF2821FF 
 410      2921FF29 
 410      21FFC610 
 410      FF6E73FF 
 411 18be 9CFF8EBC 		.ascii	"\234\377\216\274\377o\345\377\023\356\377t\366\3773"
 411      FF6FE5FF 
 411      13EEFF74 
 411      F6FF33
 412 18cd F6FF4BCC 		.ascii	"\366\377K\314\3773\275\377\034\347\377\034\347\377\034"
 412      FF33BDFF 
 412      1CE7FF1C 
 412      E7FF1C
 413 18dc E7FF3CE7 		.ascii	"\347\377<\347\377]\357\377]\357\377]\357\377]\357\377"
 413      FF5DEFFF 
 413      5DEFFF5D 
 413      EFFF5DEF 
 413      FF
 414 18ed 5DEFFF7E 		.ascii	"]\357\377~\367\354~\367\377~\367\377~\367\377~\367\377"
 414      F7EC7EF7 
 414      FF7EF7FF 
 414      7EF7FF7E 
 414      F7FF
 415 18ff 9EF7FF9E 		.ascii	"\236\367\377\236\367\377~\367\377\236\367\377<\357\377"
 415      F7FF7EF7 
 415      FF9EF7FF 
 415      3CEFFF
 416 190e CED4FFD1 		.ascii	"\316\324\377\321\355\377t\366\377t\366\377p\345\377"
 416      EDFF74F6 
 416      FF74F6FF 
 416      70E5FF
 417 191d ADCCFF4B 		.ascii	"\255\314\377KR\377J\031\377I!\377\010\031\377)\031\377"
 417      52FF4A19 
 417      FF4921FF 
 417      0819FF29 
 417      19FF
 418 192f 2919FF09 		.ascii	")\031\377\011\031\377)\031\377)\031\377I!\377)\031\377"
 418      19FF2919 
ARM GAS  C:\Users\BLACK_~1\AppData\Local\Temp\ccf5kTvg.s 			page 32


 418      FF2919FF 
 418      4921FF29 
 418      19FF
 419 1941 0819FFE8 		.ascii	"\010\031\377\350\030\377\307\020\377e\010\377\347\020"
 419      18FFC710 
 419      FF6508FF 
 419      E710
 420 194f FF2919FF 		.ascii	"\377)\031\377\011\031\377\307\020\377\010\031\377\347"
 420      0919FFC7 
 420      10FF0819 
 420      FFE7
 421 195d 18FFA610 		.ascii	"\030\377\246\020\377\256{\377\322\244\377m\274\377/"
 421      FFAE7BFF 
 421      D2A4FF6D 
 421      BCFF2F
 422 196c E5FF13F6 		.ascii	"\345\377\023\366\377T\366\377\362\365\377\012\314\377"
 422      FF54F6FF 
 422      F2F5FF0A 
 422      CCFF
 423 197a 33BDFF1C 		.ascii	"3\275\377\034\347\377\034\347\377\034\347\377<\347\377"
 423      E7FF1CE7 
 423      FF1CE7FF 
 423      3CE7FF
 424 1989 3CEFFF5D 		.ascii	"<\357\377]\357\377]\357\377]\357\377]\357\377~\367\354"
 424      EFFF5DEF 
 424      FF5DEFFF 
 424      5DEFFF7E 
 424      F7EC
 425 199b 7EF7FF7E 		.ascii	"~\367\377~\367\377~\367\377~\367\377\236\367\377\236"
 425      F7FF7EF7 
 425      FF7EF7FF 
 425      9EF7FF9E 
 426 19ab F7FF7EF7 		.ascii	"\367\377~\367\377~\367\377~\357\377\020\325\377O\345"
 426      FF7EF7FF 
 426      7EEFFF10 
 426      D5FF4FE5 
 427 19bb FF54F6FF 		.ascii	"\377T\366\377T\366\377o\345\377l\304\377KR\377*\031"
 427      54F6FF6F 
 427      E5FF6CC4 
 427      FF4B52FF 
 427      2A19
 428 19cd FF4921FF 		.ascii	"\377I!\377\010\031\377)!\377)\031\377)\031\377\011\031"
 428      0819FF29 
 428      21FF2919 
 428      FF2919FF 
 428      0919
 429 19df FF4919FF 		.ascii	"\377I\031\377I!\377)!\377\010\031\377\010\031\377\010"
 429      4921FF29 
 429      21FF0819 
 429      FF0819FF 
 429      08
 430 19f0 19FFA610 		.ascii	"\031\377\246\020\377\206\020\377\010\031\377)!\377\350"
 430      FF8610FF 
 430      0819FF29 
 430      21FFE8
 431 19ff 18FFE718 		.ascii	"\030\377\347\030\377\307\030\377\307\020\377\317\203"
 431      FFC718FF 
ARM GAS  C:\Users\BLACK_~1\AppData\Local\Temp\ccf5kTvg.s 			page 33


 431      C710FFCF 
 431      83
 432 1a0c FF13ADFF 		.ascii	"\377\023\255\377\014\264\377/\335\3773\366\3774\366"
 432      0CB4FF2F 
 432      DDFF33F6 
 432      FF34F6
 433 1a1b FFB1EDFF 		.ascii	"\377\261\355\377\352\303\377T\305\377\034\347\377\034"
 433      EAC3FF54 
 433      C5FF1CE7 
 433      FF1C
 434 1a29 E7FF1CE7 		.ascii	"\347\377\034\347\377<\347\377<\357\377]\357\377]\357"
 434      FF3CE7FF 
 434      3CEFFF5D 
 434      EFFF5DEF 
 435 1a39 FF5DEFFF 		.ascii	"\377]\357\377]\357\377~\367\354~\367\377~\367\377~\367"
 435      5DEFFF7E 
 435      F7EC7EF7 
 435      FF7EF7FF 
 435      7EF7
 436 1a4b FF7EF7FF 		.ascii	"\377~\367\377\236\367\377\236\367\377~\367\377}\367"
 436      9EF7FF9E 
 436      F7FF7EF7 
 436      FF7DF7
 437 1a5a FF9EF7FF 		.ascii	"\377\236\367\377S\325\377\315\334\3773\366\377T\366"
 437      53D5FFCD 
 437      DCFF33F6 
 437      FF54F6
 438 1a69 FF6FE5FF 		.ascii	"\377o\345\377\013\274\377h1\377J\031\377j!\377\010\031"
 438      0BBCFF68 
 438      31FF4A19 
 438      FF6A21FF 
 438      0819
 439 1a7b FF2919FF 		.ascii	"\377)\031\377)\031\377\010\031\377\010\031\377)\031"
 439      2919FF08 
 439      19FF0819 
 439      FF2919
 440 1a8a FF2919FF 		.ascii	"\377)\031\377)!\377)\031\377)\031\377I!\377\350\030"
 440      2921FF29 
 440      19FF2919 
 440      FF4921FF 
 440      E818
 441 1a9c FF4508FF 		.ascii	"\377E\010\377\246\020\377I!\377\010\031\377\307\020"
 441      A610FF49 
 441      21FF0819 
 441      FFC710
 442 1aab FFC710FF 		.ascii	"\377\307\020\377\010\031\377\020\214\3774\265\377\354"
 442      0819FF10 
 442      8CFF34B5 
 442      FFEC
 443 1ab9 A3FF0EDD 		.ascii	"\243\377\016\335\3774\366\3773\366\377o\355\377\251"
 443      FF34F6FF 
 443      33F6FF6F 
 443      EDFFA9
 444 1ac8 BBFFB6C5 		.ascii	"\273\377\266\305\377\034\347\377\034\347\377\034\347"
 444      FF1CE7FF 
 444      1CE7FF1C 
 444      E7
ARM GAS  C:\Users\BLACK_~1\AppData\Local\Temp\ccf5kTvg.s 			page 34


 445 1ad5 FF3CE7FF 		.ascii	"\377<\347\377<\357\377]\357\377]\357\377]\357\377]\357"
 445      3CEFFF5D 
 445      EFFF5DEF 
 445      FF5DEFFF 
 445      5DEF
 446 1ae7 FF7EF7EC 		.ascii	"\377~\367\354~\367\377~\367\377~\367\377~\367\377\236"
 446      7EF7FF7E 
 446      F7FF7EF7 
 446      FF7EF7FF 
 446      9E
 447 1af8 F7FF7EF7 		.ascii	"\367\377~\367\377~\367\377}\367\377\236\367\377\366"
 447      FF7EF7FF 
 447      7DF7FF9E 
 447      F7FFF6
 448 1b07 D5FF8CD4 		.ascii	"\325\377\214\324\377\362\355\3773\366\377O\345\377j"
 448      FFF2EDFF 
 448      33F6FF4F 
 448      E5FF6A
 449 1b16 A3FF2721 		.ascii	"\243\377'!\377)\031\377j!\377\010\031\377)\031\377)"
 449      FF2919FF 
 449      6A21FF08 
 449      19FF2919 
 449      FF29
 450 1b28 19FF0819 		.ascii	"\031\377\010\031\377\010\031\377(\031\377)\031\377)"
 450      FF0819FF 
 450      2819FF29 
 450      19FF29
 451 1b37 19FF2919 		.ascii	"\031\377)\031\377I\031\377)\031\377I!\377\246\020\377"
 451      FF4919FF 
 451      2919FF49 
 451      21FFA610 
 451      FF
 452 1b48 8508FF08 		.ascii	"\205\010\377\010\031\377j!\377)\031\377\347\030\377"
 452      19FF6A21 
 452      FF2919FF 
 452      E718FF
 453 1b57 C710FFEF 		.ascii	"\307\020\377\357\203\377u\275\377.\254\377\254\324\377"
 453      83FF75BD 
 453      FF2EACFF 
 453      ACD4FF
 454 1b66 33F6FF33 		.ascii	"3\366\3773\366\377\016\345\377\211\263\377\027\316\377"
 454      F6FF0EE5 
 454      FF89B3FF 
 454      17CEFF
 455 1b75 FBE6FFFC 		.ascii	"\373\346\377\374\346\377\034\347\377<\347\377<\357\377"
 455      E6FF1CE7 
 455      FF3CE7FF 
 455      3CEFFF
 456 1b84 5DEFFF5D 		.ascii	"]\357\377]\357\377]\357\377]\357\377~\367\354~\367\377"
 456      EFFF5DEF 
 456      FF5DEFFF 
 456      7EF7EC7E 
 456      F7FF
 457 1b96 7EF7FF7E 		.ascii	"~\367\377~\367\377~\367\377\236\367\377~\367\377~\367"
 457      F7FF7EF7 
 457      FF9EF7FF 
 457      7EF7FF7E 
ARM GAS  C:\Users\BLACK_~1\AppData\Local\Temp\ccf5kTvg.s 			page 35


 457      F7
 458 1ba7 FF7DF7FF 		.ascii	"\377}\367\377~\367\377\231\336\377L\314\377\220\355"
 458      7EF7FF99 
 458      DEFF4CCC 
 458      FF90ED
 459 1bb6 FFF1EDFF 		.ascii	"\377\361\355\377.\345\377\250\202\377\246\020\377\307"
 459      2EE5FFA8 
 459      82FFA610 
 459      FFC7
 460 1bc4 10FF4921 		.ascii	"\020\377I!\377(\031\377\010\031\377)\031\377)\031\377"
 460      FF2819FF 
 460      0819FF29 
 460      19FF2919 
 460      FF
 461 1bd5 2919FF49 		.ascii	")\031\377I!\377)\031\377)\031\377)\031\377\350\030\377"
 461      21FF2919 
 461      FF2919FF 
 461      2919FFE8 
 461      18FF
 462 1be7 E710FF29 		.ascii	"\347\020\377)!\377\011\031\377\205\010\377\205\010\377"
 462      21FF0919 
 462      FF8508FF 
 462      8508FF
 463 1bf6 0819FF49 		.ascii	"\010\031\377I!\377\347\030\377\307\020\377\257{\377"
 463      21FFE718 
 463      FFC710FF 
 463      AF7BFF
 464 1c05 B6BDFF70 		.ascii	"\266\275\377p\254\377K\314\377\023\366\377\362\365\377"
 464      ACFF4BCC 
 464      FF13F6FF 
 464      F2F5FF
 465 1c14 CDDCFF8A 		.ascii	"\315\334\377\212\253\377Y\326\377\333\346\377\373\346"
 465      ABFF59D6 
 465      FFDBE6FF 
 465      FBE6
 466 1c22 FF1CE7FF 		.ascii	"\377\034\347\377\034\347\377<\357\377]\357\377]\357"
 466      1CE7FF3C 
 466      EFFF5DEF 
 466      FF5DEF
 467 1c31 FF5DEFFF 		.ascii	"\377]\357\377]\357\377~\367\354~\367\377~\367\377~\367"
 467      5DEFFF7E 
 467      F7EC7EF7 
 467      FF7EF7FF 
 467      7EF7
 468 1c43 FF7EF7FF 		.ascii	"\377~\367\377~\367\377~\367\377~\367\377}\367\377]\357"
 468      7EF7FF7E 
 468      F7FF7EF7 
 468      FF7DF7FF 
 468      5DEF
 469 1c55 FF3DEFFF 		.ascii	"\377=\357\377n\304\377\356\344\377\362\355\377.\345"
 469      6EC4FFEE 
 469      E4FFF2ED 
 469      FF2EE5
 470 1c64 FF2672FF 		.ascii	"\377&r\377\010\031\377I!\377\347\030\377I!\377\010\031"
 470      0819FF49 
 470      21FFE718 
 470      FF4921FF 
ARM GAS  C:\Users\BLACK_~1\AppData\Local\Temp\ccf5kTvg.s 			page 36


 470      0819
 471 1c76 FF2919FF 		.ascii	"\377)\031\377\010\031\377)\031\377I!\377I!\377)\031"
 471      0819FF29 
 471      19FF4921 
 471      FF4921FF 
 471      2919
 472 1c88 FF2819FF 		.ascii	"\377(\031\377\350\030\377\307\020\377)\031\377J!\377"
 472      E818FFC7 
 472      10FF2919 
 472      FF4A21FF 
 473 1c98 C710FF44 		.ascii	"\307\020\377D\010\377e\010\377\010\031\377(\031\377"
 473      08FF6508 
 473      FF0819FF 
 473      2819FF
 474 1ca7 E810FFAF 		.ascii	"\350\020\377\257{\377\326\275\377\322\264\377+\304\377"
 474      7BFFD6BD 
 474      FFD2B4FF 
 474      2BC4FF
 475 1cb6 12EEFFF2 		.ascii	"\022\356\377\362\365\377K\324\377\354\253\377\232\326"
 475      F5FF4BD4 
 475      FFECABFF 
 475      9AD6
 476 1cc4 FFDBE6FF 		.ascii	"\377\333\346\377\373\346\377\034\347\377<\347\377<\357"
 476      FBE6FF1C 
 476      E7FF3CE7 
 476      FF3CEF
 477 1cd3 FF5DEFFF 		.ascii	"\377]\357\377]\357\377]\357\377]\357\377}\367\354~\367"
 477      5DEFFF5D 
 477      EFFF5DEF 
 477      FF7DF7EC 
 477      7EF7
 478 1ce5 FF7EF7FF 		.ascii	"\377~\367\377}\367\377}\367\377~\367\377~\367\377~\367"
 478      7DF7FF7D 
 478      F7FF7EF7 
 478      FF7EF7FF 
 478      7EF7
 479 1cf7 FF7DF7FF 		.ascii	"\377}\367\377]\357\377~\357\377\361\304\377k\324\377"
 479      5DEFFF7E 
 479      EFFFF1C4 
 479      FF6BD4FF 
 480 1d07 12F6FF4F 		.ascii	"\022\366\377O\345\377\346a\377)\031\377\253)\377)\031"
 480      E5FFE661 
 480      FF2919FF 
 480      AB29FF29 
 480      19
 481 1d18 FF0819FF 		.ascii	"\377\010\031\377\010\031\377)\031\377)\031\377\010\031"
 481      0819FF29 
 481      19FF2919 
 481      FF0819
 482 1d27 FF2919FF 		.ascii	"\377)\031\377J!\377)!\377\010\031\377\010\031\377\347"
 482      4A21FF29 
 482      21FF0819 
 482      FF0819FF 
 482      E7
 483 1d38 10FFE810 		.ascii	"\020\377\350\020\377I!\377J!\377\307\020\377D\010\377"
 483      FF4921FF 
 483      4A21FFC7 
ARM GAS  C:\Users\BLACK_~1\AppData\Local\Temp\ccf5kTvg.s 			page 37


 483      10FF4408 
 483      FF
 484 1d49 6508FF29 		.ascii	"e\010\377)!\377\011\031\377Nk\377\326\305\3774\265\377"
 484      21FF0919 
 484      FF4E6BFF 
 484      D6C5FF34 
 484      B5FF
 485 1d5b 2BC4FFF2 		.ascii	"+\304\377\362\355\377\362\355\377*\314\377O\264\377"
 485      EDFFF2ED 
 485      FF2ACCFF 
 485      4FB4FF
 486 1d6a DBDEFFDB 		.ascii	"\333\336\377\333\346\377\373\346\377\034\347\377\034"
 486      E6FFFBE6 
 486      FF1CE7FF 
 486      1C
 487 1d77 E7FF3CEF 		.ascii	"\347\377<\357\377]\357\377]\357\377]\357\377]\357\377"
 487      FF5DEFFF 
 487      5DEFFF5D 
 487      EFFF5DEF 
 487      FF
 488 1d88 7DF7EC7E 		.ascii	"}\367\354~\367\377~\367\377}\367\377~\367\377~\367\377"
 488      F7FF7EF7 
 488      FF7DF7FF 
 488      7EF7FF7E 
 488      F7FF
 489 1d9a 7EF7FF7E 		.ascii	"~\367\377~\367\377}\367\377]\357\377~\357\377t\315\377"
 489      F7FF7DF7 
 489      FF5DEFFF 
 489      7EEFFF74 
 489      CDFF
 490 1dac 2BC4FF12 		.ascii	"+\304\377\022\366\377\220\355\377\007j\377\010\021\377"
 490      F6FF90ED 
 490      FF076AFF 
 490      0811FF
 491 1dbb 6A21FF8A 		.ascii	"j!\377\212!\377I\031\377)\031\377)!\377)\031\377\011"
 491      21FF4919 
 491      FF2919FF 
 491      2921FF29 
 491      19FF09
 492 1dce 19FF2919 		.ascii	"\031\377)\031\377I!\377J!\377)\031\377\347\020\377\347"
 492      FF4921FF 
 492      4A21FF29 
 492      19FFE710 
 492      FFE7
 493 1de0 10FFC710 		.ascii	"\020\377\307\020\377\010\031\377I!\377J!\377)\031\377"
 493      FF0819FF 
 493      4921FF4A 
 493      21FF2919 
 493      FF
 494 1df1 C710FF86 		.ascii	"\307\020\377\206\020\377\307\020\377os\377\326\305\377"
 494      10FFC710 
 494      FF6F73FF 
 494      D6C5FF
 495 1e00 95BDFF0B 		.ascii	"\225\275\377\013\274\377\261\355\377\261\355\377\311"
 495      BCFFB1ED 
 495      FFB1EDFF 
 495      C9
ARM GAS  C:\Users\BLACK_~1\AppData\Local\Temp\ccf5kTvg.s 			page 38


 496 1e0d BBFFF2BC 		.ascii	"\273\377\362\274\377\333\336\377\333\346\377\373\346"
 496      FFDBDEFF 
 496      DBE6FFFB 
 496      E6
 497 1e1a FF1CE7FF 		.ascii	"\377\034\347\377<\347\377<\357\377]\357\377]\357\377"
 497      3CE7FF3C 
 497      EFFF5DEF 
 497      FF5DEFFF 
 498 1e2a 5DEFFF5D 		.ascii	"]\357\377]\357\377}\367\340~\367\377~\367\377}\367\377"
 498      EFFF7DF7 
 498      E07EF7FF 
 498      7EF7FF7D 
 498      F7FF
 499 1e3c 7EF7FF7E 		.ascii	"~\367\377~\367\377~\367\377}\367\377}\367\377]\357\377"
 499      F7FF7EF7 
 499      FF7DF7FF 
 499      7DF7FF5D 
 499      EFFF
 500 1e4e 7EEFFFF7 		.ascii	"~\357\377\367\325\377\353\273\377\023\366\377\261\355"
 500      D5FFEBBB 
 500      FF13F6FF 
 500      B1ED
 501 1e5c FFE661FF 		.ascii	"\377\346a\377\011\021\377)\031\377)\031\377\213!\377"
 501      0911FF29 
 501      19FF2919 
 501      FF8B21FF 
 502 1e6c 4921FF28 		.ascii	"I!\377(\031\377)\031\377\010\031\377\010\031\377)\031"
 502      19FF2919 
 502      FF0819FF 
 502      0819FF29 
 502      19
 503 1e7d FF2919FF 		.ascii	"\377)\031\377I!\377\350\030\377\306\020\377\306\020"
 503      4921FFE8 
 503      18FFC610 
 503      FFC610
 504 1e8c FFE710FF 		.ascii	"\377\347\020\377\010\031\377I!\377j!\377j!\377)!\377"
 504      0819FF49 
 504      21FF6A21 
 504      FF6A21FF 
 504      2921FF
 505 1e9f 8608FF6F 		.ascii	"\206\010\377os\377\326\305\377\326\275\377\014\274\377"
 505      73FFD6C5 
 505      FFD6BDFF 
 505      0CBCFF
 506 1eae 90E5FF90 		.ascii	"\220\345\377\220\355\377H\253\377u\305\377\333\336\377"
 506      EDFF48AB 
 506      FF75C5FF 
 506      DBDEFF
 507 1ebd DBDEFFFB 		.ascii	"\333\336\377\373\346\377\034\347\377\034\347\377<\357"
 507      E6FF1CE7 
 507      FF1CE7FF 
 507      3CEF
 508 1ecb FF5DEFFF 		.ascii	"\377]\357\377]\357\377]\357\377]\357\370~\367\313~\367"
 508      5DEFFF5D 
 508      EFFF5DEF 
 508      F87EF7CB 
 508      7EF7
ARM GAS  C:\Users\BLACK_~1\AppData\Local\Temp\ccf5kTvg.s 			page 39


 509 1edd FF7EF7FF 		.ascii	"\377~\367\377}\367\377}\367\377~\367\377~\367\377}\367"
 509      7DF7FF7D 
 509      F7FF7EF7 
 509      FF7EF7FF 
 509      7DF7
 510 1eef FF7DEFFF 		.ascii	"\377}\357\377]\357\377~\357\377X\326\377\252\263\377"
 510      5DEFFF7E 
 510      EFFF58D6 
 510      FFAAB3FF 
 511 1eff 12F6FF74 		.ascii	"\022\366\377t\376\377'b\377\247\010\377j!\377\350\030"
 511      FEFF2762 
 511      FFA708FF 
 511      6A21FFE8 
 511      18
 512 1f10 FFE818FF 		.ascii	"\377\350\030\377\010\031\377\347\020\377(\031\377\010"
 512      0819FFE7 
 512      10FF2819 
 512      FF08
 513 1f1e 19FF0819 		.ascii	"\031\377\010\031\377\010\031\377)\031\377I!\377I!\377"
 513      FF0819FF 
 513      2919FF49 
 513      21FF4921 
 513      FF
 514 1f2f E818FFA6 		.ascii	"\350\030\377\246\020\377\246\020\377\307\020\377\010"
 514      10FFA610 
 514      FFC710FF 
 514      08
 515 1f3c 19FF2919 		.ascii	"\031\377)\031"
 516 1f40 FF2919FF 		.ascii	"\377)\031\377\010\031\377\307\020\377LJ\377\266\275"
 516      0819FFC7 
 516      10FF4C4A 
 516      FFB6BD
 517 1f4f FFF7C5FF 		.ascii	"\377\367\305\377\313\253\377p\345\377P\345\377\010\243"
 517      CBABFF70 
 517      E5FF50E5 
 517      FF08A3
 518 1f5e FFD6C5FF 		.ascii	"\377\326\305\377\332\336\377\332\336\377\373\346\377"
 518      DADEFFDA 
 518      DEFFFBE6 
 518      FF
 519 1f6b 1CE7FF1C 		.ascii	"\034\347\377\034\347\377<\357\377]\357\377]\357\377"
 519      E7FF3CEF 
 519      FF5DEFFF 
 519      5DEFFF
 520 1f7a 5DEFFF5D 		.ascii	"]\357\377]\357\340~\367\237~\367\377~\367\377~\367\377"
 520      EFE07EF7 
 520      9F7EF7FF 
 520      7EF7FF7E 
 520      F7FF
 521 1f8c 7EF7FF7E 		.ascii	"~\367\377~\367\377~\367\377}\367\377}\367\377]\357\377"
 521      F7FF7EF7 
 521      FF7DF7FF 
 521      7DF7FF5D 
 521      EFFF
 522 1f9e 5DEFFFBA 		.ascii	"]\357\377\272\336\377,\304\377\362\365\377\367\376\377"
 522      DEFF2CC4 
 522      FFF2F5FF 
ARM GAS  C:\Users\BLACK_~1\AppData\Local\Temp\ccf5kTvg.s 			page 40


 522      F7FEFF
 523 1fad EDA3FFC7 		.ascii	"\355\243\377\307\020\377j!\377I!\377\307\020\377\246"
 523      10FF6A21 
 523      FF4921FF 
 523      C710FFA6 
 524 1fbd 10FFC710 		.ascii	"\020\377\307\020\377\010\031\377\010\031\377\010\031"
 524      FF0819FF 
 524      0819FF08 
 524      19
 525 1fca FF2819FF 		.ascii	"\377(\031\377)\031\377)\031\377I!\377)\031\377\350\030"
 525      2919FF29 
 525      19FF4921 
 525      FF2919FF 
 525      E818
 526 1fdc FFC710FF 		.ascii	"\377\307\020\377\246\020\377\307\020\377\010\031\377"
 526      A610FFC7 
 526      10FF0819 
 526      FF
 527 1fe9 2919FF29 		.ascii	")\031\377)\031\377\011\031\377\3539\377\225\275\377"
 527      19FF0919 
 527      FFEB39FF 
 527      95BDFF
 528 1ff8 18C6FF0D 		.ascii	"\030\306\377\015\264\377\261\355\377\016\345\377\350"
 528      B4FFB1ED 
 528      FF0EE5FF 
 528      E8
 529 2005 9AFF18CE 		.ascii	"\232\377\030\316\377\272\336\377\272\336\377\373\346"
 529      FFBADEFF 
 529      BADEFFFB 
 529      E6
 530 2012 FF1CE7FF 		.ascii	"\377\034\347\377\034\347\377<\357\377<\357\377]\357"
 530      1CE7FF3C 
 530      EFFF3CEF 
 530      FF5DEF
 531 2021 FF5DEFFF 		.ascii	"\377]\357\377]\357\254~\367T~\367\377~\367\377~\367"
 531      5DEFAC7E 
 531      F7547EF7 
 531      FF7EF7FF 
 531      7EF7
 532 2033 FF7EF7FF 		.ascii	"\377~\367\377\236\367\377\235\367\377}\367\377}\357"
 532      9EF7FF9D 
 532      F7FF7DF7 
 532      FF7DEF
 533 2042 FF5DEFFF 		.ascii	"\377]\357\377]\357\377\333\346\377\255\314\377\362\365"
 533      5DEFFFDB 
 533      E6FFADCC 
 533      FFF2F5
 534 2051 FFF7FEFF 		.ascii	"\377\367\376\377\263\335\377\346\030\377J\031\377J!"
 534      B3DDFFE6 
 534      18FF4A19 
 534      FF4A21
 535 2060 FF4921FF 		.ascii	"\377I!\377\010\031\377\246\020\377\307\020\377\350\020"
 535      0819FFA6 
 535      10FFC710 
 535      FFE810
 536 206f FF0819FF 		.ascii	"\377\010\031\377(\031\377\010\031\377)\031\377)\031"
 536      2819FF08 
ARM GAS  C:\Users\BLACK_~1\AppData\Local\Temp\ccf5kTvg.s 			page 41


 536      19FF2919 
 536      FF2919
 537 207e FF2919FF 		.ascii	"\377)\031\377)\031\377\010\031\377\347\030\377\307\020"
 537      2919FF08 
 537      19FFE718 
 537      FFC710
 538 208d FFE710FF 		.ascii	"\377\347\020\377\010\031\377(\031\377\350\020\377\252"
 538      0819FF28 
 538      19FFE810 
 538      FFAA
 539 209b 31FF75B5 		.ascii	"1\377u\265\377\030\316\377n\274\377\362\365\377\315"
 539      FF18CEFF 
 539      6EBCFFF2 
 539      F5FFCD
 540 20aa DCFF28A3 		.ascii	"\334\377(\243\377Y\326\377\272\336\377\272\336\377\373"
 540      FF59D6FF 
 540      BADEFFBA 
 540      DEFFFB
 541 20b9 E6FF1CE7 		.ascii	"\346\377\034\347\377\034\347\377<\357\377<\357\377]"
 541      FF1CE7FF 
 541      3CEFFF3C 
 541      EFFF5D
 542 20c8 EFFF5DEF 		.ascii	"\357\377]\357\377]\357\\~\367\007~\367\343~\367\377"
 542      FF5DEF5C 
 542      7EF7077E 
 542      F7E37EF7 
 542      FF
 543 20d9 7EF7FF7D 		.ascii	"~\367\377}\367\377\236\367\377}\367\377}\367\377}\367"
 543      F7FF9EF7 
 543      FF7DF7FF 
 543      7DF7FF7D 
 543      F7
 544 20ea FF5DEFFF 		.ascii	"\377]\357\377]\357\377<\357\377\357\324\377\221\355"
 544      5DEFFF3C 
 544      EFFFEFD4 
 544      FF91ED
 545 20f9 FFB7FEFF 		.ascii	"\377\267\376\377\327\376\377\354r\377\011\021\377j!"
 545      D7FEFFEC 
 545      72FF0911 
 545      FF6A21
 546 2108 FF4A21FF 		.ascii	"\377J!\377)\031\377\010\031\377\307\020\377\307\020"
 546      2919FF08 
 546      19FFC710 
 546      FFC710
 547 2117 FFC710FF 		.ascii	"\377\307\020\377\010\031\377)\031\377)\031\377)\031"
 547      0819FF29 
 547      19FF2919 
 547      FF2919
 548 2126 FF2921FF 		.ascii	"\377)!\377I\031\377)\031\377)\031\377I\031\377)\031"
 548      4919FF29 
 548      19FF2919 
 548      FF4919FF 
 548      2919
 549 2138 FF0819FF 		.ascii	"\377\010\031\377\010\031\377\347\020\377G)\377T\265"
 549      0819FFE7 
 549      10FF4729 
 549      FF54B5
ARM GAS  C:\Users\BLACK_~1\AppData\Local\Temp\ccf5kTvg.s 			page 42


 550 2147 FF18C6FF 		.ascii	"\377\030\306\3771\315\377T\376\377\255\334\377i\243"
 550      31CDFF54 
 550      FEFFADDC 
 550      FF69A3
 551 2156 FF79D6FF 		.ascii	"\377y\326\377\333\336\377\272\336\377\373\346\377\034"
 551      DBDEFFBA 
 551      DEFFFBE6 
 551      FF1C
 552 2164 E7FF3CE7 		.ascii	"\347\377<\347\377<\357\377]\357\377]\357\377]\357\344"
 552      FF3CEFFF 
 552      5DEFFF5D 
 552      EFFF5DEF 
 552      E4
 553 2175 5DEF077E 		.ascii	"]\357\007~\367\000~\367T~\367\377~\367\377}\367\377"
 553      F7007EF7 
 553      547EF7FF 
 553      7EF7FF7D 
 553      F7FF
 554 2187 9EF7FF7D 		.ascii	"\236\367\377}\367\377}\367\377}\367\377]\357\377]\357"
 554      F7FF7DF7 
 554      FF7DF7FF 
 554      5DEFFF5D 
 554      EF
 555 2198 FF5DEFFF 		.ascii	"\377]\357\377\222\335\377\220\355\377\267\376\377\370"
 555      92DDFF90 
 555      EDFFB7FE 
 555      FFF8
 556 21a6 FEFF35EE 		.ascii	"\376\3775\356\377\2509\377\347\020\377\010\031\377)"
 556      FFA839FF 
 556      E710FF08 
 556      19FF29
 557 21b5 19FF2919 		.ascii	"\031\377)\031\377\307\020\377\347\020\377\010\021\377"
 557      FFC710FF 
 557      E710FF08 
 557      11FF
 558 21c3 0819FF49 		.ascii	"\010\031\377I\031\377I\031\377I!\377J!\377J!\377J!\377"
 558      19FF4919 
 558      FF4921FF 
 558      4A21FF4A 
 558      21FF4A21 
 559 21d8 2919FF08 		.ascii	")\031\377\010\031\377\347\030\377\306\020\377\245\020"
 559      19FFE718 
 559      FFC610FF 
 559      A510
 560 21e6 FF6210FF 		.ascii	"\377b\020\377\202\030\377\363\244\377\266\275\377\020"
 560      8218FFF3 
 560      A4FFB6BD 
 560      FF10
 561 21f4 C5FFB6FE 		.ascii	"\305\377\266\376\377\016\345\377I\243\377\231\326\377"
 561      FF0EE5FF 
 561      49A3FF99 
 561      D6FF
 562 2202 DBDEFFDA 		.ascii	"\333\336\377\332\336\377\373\346\377\034\347\377<\347"
 562      DEFFFBE6 
 562      FF1CE7FF 
 562      3CE7
 563 2210 FF3CEFFF 		.ascii	"\377<\357\377<\357\377]\357\377]\357T]\357\000~\367"
ARM GAS  C:\Users\BLACK_~1\AppData\Local\Temp\ccf5kTvg.s 			page 43


 563      3CEFFF5D 
 563      EFFF5DEF 
 563      545DEF00 
 563      7EF7
 564 2222 007EF700 		.ascii	"\000~\367\000~\367\213~\367\377}\367\377}\367\377}\367"
 564      7EF78B7E 
 564      F7FF7DF7 
 564      FF7DF7FF 
 564      7DF7
 565 2234 FF7DF7FF 		.ascii	"\377}\367\377}\367\377]\357\377]\357\377]\357\377\222"
 565      7DF7FF5D 
 565      EFFF5DEF 
 565      FF5DEFFF 
 565      92
 566 2245 D5FFB0ED 		.ascii	"\325\377\260\355\377\226\376\377\267\376\377\030\377"
 566      FF96FEFF 
 566      B7FEFF18 
 566      FF
 567 2252 FFED9BFF 		.ascii	"\377\355\233\377 \010\377\202\020\377\203\020\377\204"
 567      2008FF82 
 567      10FF8310 
 567      FF84
 568 2260 08FF6408 		.ascii	"\010\377d\010\377\205\020\377\306\020\377\306\020\377"
 568      FF8510FF 
 568      C610FFC6 
 568      10FF
 569 226e C610FFE6 		.ascii	"\306\020\377\346\030\377\306\020\377\305\020\377\244"
 569      18FFC610 
 569      FFC510FF 
 569      A4
 570 227b 10FF8310 		.ascii	"\020\377\203\020\377\203\020\377b\020\377a\020\377a"
 570      FF8310FF 
 570      6210FF61 
 570      10FF61
 571 228a 10FF6110 		.ascii	"\020\377a\020\377a\020\377a\020\377\262\234\377q\224"
 571      FF6110FF 
 571      6110FFB2 
 571      9CFF7194 
 572 229a FFA318FF 		.ascii	"\377\243\030\377\251Z\377\305Q\377\013c\377\272\326"
 572      A95AFFC5 
 572      51FF0B63 
 572      FFBAD6
 573 22a9 FFDBE6FF 		.ascii	"\377\333\346\377\332\336\377\373\346\377\034\347\377"
 573      DADEFFFB 
 573      E6FF1CE7 
 573      FF
 574 22b6 3CE7FF3C 		.ascii	"<\347\377<\357\377]\357\377]\357\213]\357\000]\357\000"
 574      EFFF5DEF 
 574      FF5DEF8B 
 574      5DEF005D 
 574      EF00
 575 22c8 7EF7007E 		.ascii	"~\367\000~\367\000~\367\003~\367\223}\367\377}\367\377"
 575      F7007EF7 
 575      037EF793 
 575      7DF7FF7D 
 575      F7FF
 576 22da 7DF7FF7D 		.ascii	"}\367\377}\367\377}\367\377]\357\377]\357\377]\357\377"
ARM GAS  C:\Users\BLACK_~1\AppData\Local\Temp\ccf5kTvg.s 			page 44


 576      F7FF7DF7 
 576      FF5DEFFF 
 576      5DEFFF5D 
 576      EFFF
 577 22ec B3DDFFB1 		.ascii	"\263\335\377\261\355\377u\366\377\267\376\377\267\376"
 577      EDFF75F6 
 577      FFB7FEFF 
 577      B7FE
 578 22fa FFF5E5FF 		.ascii	"\377\365\345\377\303 \377A\010\377A\010\377@\010\377"
 578      C320FF41 
 578      08FF4108 
 578      FF4008FF 
 579 230a 4108FF41 		.ascii	"A\010\377A\010\377A\010\377A\010\377a\020\377\202\020"
 579      08FF4108 
 579      FF4108FF 
 579      6110FF82 
 579      10
 580 231b FF8210FF 		.ascii	"\377\202\020\377\201\020\377a\020\377a\020\377a\010"
 580      8110FF61 
 580      10FF6110 
 580      FF6108
 581 232a FF6110FF 		.ascii	"\377a\020\377a\020\377a\020\377a\020\377a\020\377A\010"
 581      6110FF61 
 581      10FF6110 
 581      FF6110FF 
 581      4108
 582 233c FFEF83FF 		.ascii	"\377\357\203\377s\305\377\355\233\377\211b\377 \010"
 582      73C5FFED 
 582      9BFF8962 
 582      FF2008
 583 234b FF5174FF 		.ascii	"\377Qt\377\034\347\377\333\336\377\333\336\377\373\346"
 583      1CE7FFDB 
 583      DEFFDBDE 
 583      FFFBE6
 584 235a FF1CE7FF 		.ascii	"\377\034\347\377<\347\377<\357\377]\357\224]\357\003"
 584      3CE7FF3C 
 584      EFFF5DEF 
 584      945DEF03 
 585 236a 5DEF005D 		.ascii	"]\357\000]\357\000~\367\000~\367\000~\367\000}\367\000"
 585      EF007EF7 
 585      007EF700 
 585      7EF7007D 
 585      F700
 586 237c 7DF7537D 		.ascii	"}\367S}\367\333}\367\377}\367\377}\367\377]\357\377"
 586      F7DB7DF7 
 586      FF7DF7FF 
 586      7DF7FF5D 
 586      EFFF
 587 238e 5DEFFF5D 		.ascii	"]\357\377]\357\377\264\335\377\261\355\377v\366\377"
 587      EFFFB4DD 
 587      FFB1EDFF 
 587      76F6FF
 588 239d 77FEFFD3 		.ascii	"w\376\377\323\365\377\330\376\377ib\377 \000\377a\020"
 588      F5FFD8FE 
 588      FF6962FF 
 588      2000FF61 
 588      10
ARM GAS  C:\Users\BLACK_~1\AppData\Local\Temp\ccf5kTvg.s 			page 45


 589 23ae FF4108FF 		.ascii	"\377A\010\377A\010\377A\010\377!\010\377!\010\377A\010"
 589      4108FF41 
 589      08FF2108 
 589      FF2108FF 
 589      4108
 590 23c0 FF8210FF 		.ascii	"\377\202\020\377\243\030\377\242\030\377\202\020\377"
 590      A318FFA2 
 590      18FF8210 
 590      FF
 591 23cd 6110FF61 		.ascii	"a\020\377a\020\377a\020\377a\010\377A\010\377A\010\377"
 591      10FF6110 
 591      FF6108FF 
 591      4108FF41 
 591      08FF
 592 23df 6108FF21 		.ascii	"a\010\377!\010\377\215\203\377\226\376\377\367\376\377"
 592      08FF8D83 
 592      FF96FEFF 
 592      F7FEFF
 593 23ee 74FEFFCA 		.ascii	"t\376\377\312\263\377p\224\377\034\347\377\333\336\377"
 593      B3FF7094 
 593      FF1CE7FF 
 593      DBDEFF
 594 23fd DBDEFFFB 		.ascii	"\333\336\377\373\346\377\034\347\377<\347\333<\357T"
 594      E6FF1CE7 
 594      FF3CE7DB 
 594      3CEF54
 595 240c 5DEF005D 		.ascii	"]\357\000]\357\000]\357\000]\357\000~\367\000~\367\000"
 595      EF005DEF 
 595      005DEF00 
 595      7EF7007E 
 595      F700
 596 241e 7EF7007D 		.ascii	"~\367\000}\367\000}\367\000}\367\007}\367[}\367\254"
 596      F7007DF7 
 596      007DF707 
 596      7DF75B7D 
 596      F7AC
 597 2430 7DF7DF5D 		.ascii	"}\367\337]\357\373]\357\377]\357\377\264\335\377\322"
 597      EFFB5DEF 
 597      FF5DEFFF 
 597      B4DDFFD2 
 598 2440 EDFF77FE 		.ascii	"\355\377w\376\377V\376\377n\324\377\267\376\377\013"
 598      FF56FEFF 
 598      6ED4FFB7 
 598      FEFF0B
 599 244f 7BFF2000 		.ascii	"{\377 \000\377\242\020\377\202\020\377\202\020\377b"
 599      FFA210FF 
 599      8210FF82 
 599      10FF62
 600 245e 10FF6110 		.ascii	"\020\377a\020\377a\020\377A\010\377A\010\377A\010\377"
 600      FF6110FF 
 600      4108FF41 
 600      08FF4108 
 600      FF
 601 246f 8210FF82 		.ascii	"\202\020\377\202\020\377A\010\377A\010\377A\010\377"
 601      10FF4108 
 601      FF4108FF 
 601      4108FF
ARM GAS  C:\Users\BLACK_~1\AppData\Local\Temp\ccf5kTvg.s 			page 46


 602 247e 4108FF61 		.ascii	"A\010\377a\010\377a\010\377a\010\377A\010\377o\264\377"
 602      08FF6108 
 602      FF6108FF 
 602      4108FF6F 
 602      B4FF
 603 2490 D7FEFF96 		.ascii	"\327\376\377\226\366\3773\366\377\254\324\377\321\274"
 603      F6FF33F6 
 603      FFACD4FF 
 603      D1BC
 604 249e FFFCE6FF 		.ascii	"\377\374\346\377\333\336\373\333\346\337\373\346\254"
 604      DBDEFBDB 
 604      E6DFFBE6 
 604      AC
 605 24ab 1CE75B3C 		.ascii	"\034\347[<\347\007<\357\000]\357\000]\357\000]\357\000"
 605      E7073CEF 
 605      005DEF00 
 605      5DEF005D 
 605      EF00
 606 24bd 5DEF00   		.ascii	"]\357\000"
 607              		.text
 608              	.Letext0:
 609              		.file 1 "e:\\gnu arm embedded toolchain\\10 2021.10\\arm-none-eabi\\include\\machine\\_default_typ
 610              		.file 2 "e:\\gnu arm embedded toolchain\\10 2021.10\\arm-none-eabi\\include\\sys\\_stdint.h"
 611              		.file 3 "lvgl/src/core/lv_obj.h"
 612              		.file 4 "lvgl/src/core/../draw/lv_img_buf.h"
 613              		.file 5 "lvgl/src/widgets/lv_bar.h"
 614              		.file 6 "lvgl/src/extra/widgets/imgbtn/lv_imgbtn.h"
 615              		.file 7 "lv_demos/src/lv_demo_widgets/assets/img_clothes.c"
ARM GAS  C:\Users\BLACK_~1\AppData\Local\Temp\ccf5kTvg.s 			page 47


DEFINED SYMBOLS
                            *ABS*:00000000 img_clothes.c
C:\Users\BLACK_~1\AppData\Local\Temp\ccf5kTvg.s:25     .rodata.img_clothes:00000000 img_clothes
C:\Users\BLACK_~1\AppData\Local\Temp\ccf5kTvg.s:36     .rodata.img_clothes_map:00000000 img_clothes_map
C:\Users\BLACK_~1\AppData\Local\Temp\ccf5kTvg.s:22     .rodata.img_clothes:00000000 $d
C:\Users\BLACK_~1\AppData\Local\Temp\ccf5kTvg.s:33     .rodata.img_clothes_map:00000000 $d

NO UNDEFINED SYMBOLS
