ARM GAS  C:\Users\BLACK_~1\AppData\Local\Temp\ccryfKJa.s 			page 1


   1              		.cpu cortex-m4
   2              		.arch armv7e-m
   3              		.fpu fpv4-sp-d16
   4              		.eabi_attribute 27, 1
   5              		.eabi_attribute 28, 1
   6              		.eabi_attribute 20, 1
   7              		.eabi_attribute 21, 1
   8              		.eabi_attribute 23, 3
   9              		.eabi_attribute 24, 1
  10              		.eabi_attribute 25, 1
  11              		.eabi_attribute 26, 1
  12              		.eabi_attribute 30, 1
  13              		.eabi_attribute 34, 1
  14              		.eabi_attribute 18, 4
  15              		.file	"img_lvgl_logo.c"
  16              		.text
  17              	.Ltext0:
  18              		.cfi_sections	.debug_frame
  19              		.global	img_lvgl_logo
  20              		.global	img_lvgl_logo_map
  21              		.section	.rodata.img_lvgl_logo,"a"
  22              		.align	2
  25              	img_lvgl_logo:
  26 0000 05       		.byte	5
  27 0001 A8       		.byte	168
  28 0002 60       		.byte	96
  29 0003 05       		.byte	5
  30 0004 2A150000 		.word	5418
  31 0008 00000000 		.word	img_lvgl_logo_map
  32              		.section	.rodata.img_lvgl_logo_map,"a"
  33              		.align	2
  36              	img_lvgl_logo_map:
  37 0000 FFFFFFDF 		.ascii	"\377\377\377\337\377\377}\357\377\333\336\377\232\326"
  37      FFFF7DEF 
  37      FFDBDEFF 
  37      9AD6
  38 000e FF9AD6FF 		.ascii	"\377\232\326\377\232\326\377\232\326\377\232\326\377"
  38      9AD6FF9A 
  38      D6FF9AD6 
  38      FF
  39 001b 9AD6FF9A 		.ascii	"\232\326\377\232\326\377\232\326\377\232\326\377\232"
  39      D6FF9AD6 
  39      FF9AD6FF 
  39      9A
  40 0028 D6FF9AD6 		.ascii	"\326\377\232\326\377\232\326\377\232\326\377\232\326"
  40      FF9AD6FF 
  40      9AD6FF9A 
  40      D6
  41 0035 FF9AD6FF 		.ascii	"\377\232\326\377\232\326\377\232\326\377\232\326\377"
  41      9AD6FF9A 
  41      D6FF9AD6 
  41      FF
  42 0042 9AD6FF9A 		.ascii	"\232\326\377\232\326\377\232\326\377\232\326\377\232"
  42      D6FF9AD6 
  42      FF9AD6FF 
  42      9A
  43 004f D6FF9AD6 		.ascii	"\326\377\232\326\377\232\326\377\232\326\377\232\326"
ARM GAS  C:\Users\BLACK_~1\AppData\Local\Temp\ccryfKJa.s 			page 2


  43      FF9AD6FF 
  43      9AD6FF9A 
  43      D6
  44 005c FF9AD6FF 		.ascii	"\377\232\326\377\232\326\377\232\326\377\232\326\377"
  44      9AD6FF9A 
  44      D6FF9AD6 
  44      FF
  45 0069 9AD6FF9A 		.ascii	"\232\326\377\232\326\377\333\336\377]\357\377\337\377"
  45      D6FFDBDE 
  45      FF5DEFFF 
  45      DFFF
  46 0077 FFFFFFFF 		.ascii	"\377\377\377\377\377\377\377\337\377\377\333\336\377"
  46      FFFFFFDF 
  46      FFFFDBDE 
  46      FF
  47 0084 14A5FF6E 		.ascii	"\024\245\377ns\377\313Z\377\253Z\377\253Z\377\253Z\377"
  47      73FFCB5A 
  47      FFAB5AFF 
  47      AB5AFFAB 
  47      5AFF
  48 0096 AB5AFFAB 		.ascii	"\253Z\377\253Z\377\253Z\377\253Z\377\253Z\377\253Z\377"
  48      5AFFAB5A 
  48      FFAB5AFF 
  48      AB5AFFAB 
  48      5AFF
  49 00a8 AB5AFFAB 		.ascii	"\253Z\377\253Z\377\253Z\377\253Z\377\253Z\377\253Z\377"
  49      5AFFAB5A 
  49      FFAB5AFF 
  49      AB5AFFAB 
  49      5AFF
  50 00ba AB5AFFAB 		.ascii	"\253Z\377\253Z\377\253Z\377\253Z\377\253Z\377\253Z\377"
  50      5AFFAB5A 
  50      FFAB5AFF 
  50      AB5AFFAB 
  50      5AFF
  51 00cc AB5AFFAB 		.ascii	"\253Z\377\253Z\377\253Z\377\253Z\377\253Z\377\253Z\377"
  51      5AFFAB5A 
  51      FFAB5AFF 
  51      AB5AFFAB 
  51      5AFF
  52 00de AB5AFFAB 		.ascii	"\253Z\377\253Z\377\253Z\377\253Z\377\313Z\377Mk\377"
  52      5AFFAB5A 
  52      FFAB5AFF 
  52      CB5AFF4D 
  52      6BFF
  53 00f0 D39CFF7A 		.ascii	"\323\234\377z\326\377\276\367\377\377\377\377\034\347"
  53      D6FFBEF7 
  53      FFFFFFFF 
  53      1CE7
  54 00fe FFEF7BFF 		.ascii	"\377\357{\377\2061\377\004!\377\004!\377\004!\377\004"
  54      8631FF04 
  54      21FF0421 
  54      FF0421FF 
  54      04
  55 010f 21FF0421 		.ascii	"!\377\004!\377\004!\377\004!\377\004!\377\004!\377\004"
  55      FF0421FF 
  55      0421FF04 
ARM GAS  C:\Users\BLACK_~1\AppData\Local\Temp\ccryfKJa.s 			page 3


  55      21FF0421 
  55      FF04
  56 0121 21FF0421 		.ascii	"!\377\004!\377\004!\377\004!\377\004!\377\004!\377\004"
  56      FF0421FF 
  56      0421FF04 
  56      21FF0421 
  56      FF04
  57 0133 21FF0421 		.ascii	"!\377\004!\377\004!\377\004!\377\004!\377\004!\377\004"
  57      FF0421FF 
  57      0421FF04 
  57      21FF0421 
  57      FF04
  58 0145 21FF0421 		.ascii	"!\377\004!\377\004!\377\004!\377\004!\377\004!\377\004"
  58      FF0421FF 
  58      0421FF04 
  58      21FF0421 
  58      FF04
  59 0157 21FF0421 		.ascii	"!\377\004!\377\004!\377\004!\377\004!\377\004!\377\004"
  59      FF0421FF 
  59      0421FF04 
  59      21FF0421 
  59      FF04
  60 0169 21FF0421 		.ascii	"!\377\004!\377E)\377Mk\377y\316\377\377\377\377\364"
  60      FF4529FF 
  60      4D6BFF79 
  60      CEFFFFFF 
  60      FFF4
  61 017b A4FFC739 		.ascii	"\244\377\3079\377\004!\377\004!\377\004!\377\004!\377"
  61      FF0421FF 
  61      0421FF04 
  61      21FF0421 
  61      FF
  62 018c 0421FF04 		.ascii	"\004!\377\004!\377\004!\377\004!\377\004!\377\004!\377"
  62      21FF0421 
  62      FF0421FF 
  62      0421FF04 
  62      21FF
  63 019e 0421FF04 		.ascii	"\004!\377\004!\377\004!\377\004!\377\004!\377\004!\377"
  63      21FF0421 
  63      FF0421FF 
  63      0421FF04 
  63      21FF
  64 01b0 0421FF04 		.ascii	"\004!\377\004!\377\004!\377\004!\377\004!\377\004!\377"
  64      21FF0421 
  64      FF0421FF 
  64      0421FF04 
  64      21FF
  65 01c2 0421FF04 		.ascii	"\004!\377\004!\377\004!\377\004!\377\004!\377\004!\377"
  65      21FF0421 
  65      FF0421FF 
  65      0421FF04 
  65      21FF
  66 01d4 0421FF04 		.ascii	"\004!\377\004!\377\004!\377\004!\377\004!\377\004!\377"
  66      21FF0421 
  66      FF0421FF 
  66      0421FF04 
  66      21FF
ARM GAS  C:\Users\BLACK_~1\AppData\Local\Temp\ccryfKJa.s 			page 4


  67 01e6 0421FF04 		.ascii	"\004!\377\004!\377\004!\377f1\377Q\214\377\276\367\377"
  67      21FF0421 
  67      FF6631FF 
  67      518CFFBE 
  67      F7FF
  68 01f8 2D6BFF45 		.ascii	"-k\377E)\377\004!\377\004!\377\004!\377\004!\377\004"
  68      29FF0421 
  68      FF0421FF 
  68      0421FF04 
  68      21FF04
  69 020b 21FF0421 		.ascii	"!\377\004!\377\004!\377\004!\377\004!\377\004!\377\004"
  69      FF0421FF 
  69      0421FF04 
  69      21FF0421 
  69      FF04
  70 021d 21FF0421 		.ascii	"!\377\004!\377\004!\377\004!\377\004!\377\004!\377\004"
  70      FF0421FF 
  70      0421FF04 
  70      21FF0421 
  70      FF04
  71 022f 21FF0421 		.ascii	"!\377\004!\377\004!\377\004!\377\004!\377\004!\377\004"
  71      FF0421FF 
  71      0421FF04 
  71      21FF0421 
  71      FF04
  72 0241 21FF0421 		.ascii	"!\377\004!\377\004!\377\004!\377\004!\377\004!\377\004"
  72      FF0421FF 
  72      0421FF04 
  72      21FF0421 
  72      FF04
  73 0253 21FF0421 		.ascii	"!\377\004!\377\004!\377\2061\377\010B\377\010B\377f"
  73      FF0421FF 
  73      8631FF08 
  73      42FF0842 
  73      FF66
  74 0265 29FF0421 		.ascii	")\377\004!\377\004!\377\004!\377\014c\377]\357\377\212"
  74      FF0421FF 
  74      0421FF0C 
  74      63FF5DEF 
  74      FF8A
  75 0277 52FF0421 		.ascii	"R\377\004!\377\004!\377\004!\377\004!\377\004!\377\004"
  75      FF0421FF 
  75      0421FF04 
  75      21FF0421 
  75      FF04
  76 0289 21FF0421 		.ascii	"!\377\004!\377\004!\377\004!\377\004!\377\004!\377\004"
  76      FF0421FF 
  76      0421FF04 
  76      21FF0421 
  76      FF04
  77 029b 21FF0421 		.ascii	"!\377\004!\377\004!\377\004!\377\004!\377\004!\377\004"
  77      FF0421FF 
  77      0421FF04 
  77      21FF0421 
  77      FF04
  78 02ad 21FF0421 		.ascii	"!\377\004!\377\004!\377\004!\377\004!\377\004!\377\004"
  78      FF0421FF 
ARM GAS  C:\Users\BLACK_~1\AppData\Local\Temp\ccryfKJa.s 			page 5


  78      0421FF04 
  78      21FF0421 
  78      FF04
  79 02bf 21FF0421 		.ascii	"!\377\004!\377\004!\377\004!\377\004!\377\004!\377\004"
  79      FF0421FF 
  79      0421FF04 
  79      21FF0421 
  79      FF04
  80 02d1 21FF0421 		.ascii	"!\377\004!\377E)\377mk\377\024\245\377\364\244\377\354"
  80      FF4529FF 
  80      6D6BFF14 
  80      A5FFF4A4 
  80      FFEC
  81 02e3 62FF4529 		.ascii	"b\377E)\377\004!\377\004!\377\313Z\377\034\347\377\212"
  81      FF0421FF 
  81      0421FFCB 
  81      5AFF1CE7 
  81      FF8A
  82 02f5 52FF0421 		.ascii	"R\377\004!\377\004!\377\004!\377\004!\377\004!\377\004"
  82      FF0421FF 
  82      0421FF04 
  82      21FF0421 
  82      FF04
  83 0307 21FF0421 		.ascii	"!\377\004!\377\004!\377\004!\377\004!\377\004!\377\004"
  83      FF0421FF 
  83      0421FF04 
  83      21FF0421 
  83      FF04
  84 0319 21FF0421 		.ascii	"!\377\004!\377\004!\377\004!\377\004!\377\004!\377\004"
  84      FF0421FF 
  84      0421FF04 
  84      21FF0421 
  84      FF04
  85 032b 21FF0421 		.ascii	"!\377\004!\377\004!\377\004!\377\004!\377\004!\377\004"
  85      FF0421FF 
  85      0421FF04 
  85      21FF0421 
  85      FF04
  86 033d 21FF0421 		.ascii	"!\377\004!\377\004!\377\004!\377\004!\377\004!\377\004"
  86      FF0421FF 
  86      0421FF04 
  86      21FF0421 
  86      FF04
  87 034f 21FF0421 		.ascii	"!\377\004!\377\3079\377\030\306\377\236\367\377]\357"
  87      FFC739FF 
  87      18C6FF9E 
  87      F7FF5DEF 
  88 035f FF14A5FF 		.ascii	"\377\024\245\377\010B\377\004!\377\004!\377\313Z\377"
  88      0842FF04 
  88      21FF0421 
  88      FFCB5AFF 
  89 036f FCE6FF8A 		.ascii	"\374\346\377\212R\377\004!\377\004!\377\004!\377\004"
  89      52FF0421 
  89      FF0421FF 
  89      0421FF04 
  90 037f 21FF0421 		.ascii	"!\377\004!\377\004!\377\004!\377\004!\377\004!\377\004"
  90      FF0421FF 
ARM GAS  C:\Users\BLACK_~1\AppData\Local\Temp\ccryfKJa.s 			page 6


  90      0421FF04 
  90      21FF0421 
  90      FF04
  91 0391 21FF0421 		.ascii	"!\377\004!\377\004!\377\004!\377\004!\377\004!\377\004"
  91      FF0421FF 
  91      0421FF04 
  91      21FF0421 
  91      FF04
  92 03a3 21FF0421 		.ascii	"!\377\004!\377\004!\377\004!\377\004!\377\004!\377\004"
  92      FF0421FF 
  92      0421FF04 
  92      21FF0421 
  92      FF04
  93 03b5 21FF0421 		.ascii	"!\377\004!\377\004!\377\004!\377\004!\377\004!\377\004"
  93      FF0421FF 
  93      0421FF04 
  93      21FF0421 
  93      FF04
  94 03c7 21FF0421 		.ascii	"!\377\004!\377\004!\377\004!\377\350A\377\373\336\377"
  94      FF0421FF 
  94      0421FFE8 
  94      41FFFBDE 
  94      FF
  95 03d8 FFFFFFBF 		.ascii	"\377\377\377\277\377\377\226\265\377IJ\377\004!\377"
  95      FFFF96B5 
  95      FF494AFF 
  95      0421FF
  96 03e7 0421FFCB 		.ascii	"\004!\377\313Z\377\374\346\377\212R\377\004!\377\004"
  96      5AFFFCE6 
  96      FF8A52FF 
  96      0421FF04 
  97 03f7 21FF0421 		.ascii	"!\377\004!\377\004!\377\004!\377\004!\377\004!\377\004"
  97      FF0421FF 
  97      0421FF04 
  97      21FF0421 
  97      FF04
  98 0409 21FF0421 		.ascii	"!\377\004!\377\004!\377\004!\377\004!\377\004!\377\004"
  98      FF0421FF 
  98      0421FF04 
  98      21FF0421 
  98      FF04
  99 041b 21FF0421 		.ascii	"!\377\004!\377\004!\377\004!\377\004!\377\004!\377\004"
  99      FF0421FF 
  99      0421FF04 
  99      21FF0421 
  99      FF04
 100 042d 21FF0421 		.ascii	"!\377\004!\377\004!\377\004!\377\004!\377\004!\377\004"
 100      FF0421FF 
 100      0421FF04 
 100      21FF0421 
 100      FF04
 101 043f 21FF0421 		.ascii	"!\377\004!\377\004!\377\004!\377\004!\377\004!\377f"
 101      FF0421FF 
 101      0421FF04 
 101      21FF0421 
 101      FF66
 102 0451 29FF9294 		.ascii	")\377\222\224\377\232\326\377Y\316\377\360{\377\206"
ARM GAS  C:\Users\BLACK_~1\AppData\Local\Temp\ccryfKJa.s 			page 7


 102      FF9AD6FF 
 102      59CEFFF0 
 102      7BFF86
 103 0460 31FF0421 		.ascii	"1\377\004!\377\004!\377\313Z\377\374\346\377\212R\377"
 103      FF0421FF 
 103      CB5AFFFC 
 103      E6FF8A52 
 103      FF
 104 0471 0421FF04 		.ascii	"\004!\377\004!\377\004!\377\004!\377\004!\377\004!\377"
 104      21FF0421 
 104      FF0421FF 
 104      0421FF04 
 104      21FF
 105 0483 0421FF04 		.ascii	"\004!\377\004!\377\004!\377\004!\377\004!\377\004!\377"
 105      21FF0421 
 105      FF0421FF 
 105      0421FF04 
 105      21FF
 106 0495 0421FF04 		.ascii	"\004!\377\004!\377\004!\377\004!\377\004!\377\004!\377"
 106      21FF0421 
 106      FF0421FF 
 106      0421FF04 
 106      21FF
 107 04a7 0421FF04 		.ascii	"\004!\377\004!\377\004!\377\004!\377\004!\377\004!\377"
 107      21FF0421 
 107      FF0421FF 
 107      0421FF04 
 107      21FF
 108 04b9 0421FF04 		.ascii	"\004!\377\004!\377\004!\377\004!\377\004!\377\004!\377"
 108      21FF0421 
 108      FF0421FF 
 108      0421FF04 
 108      21FF
 109 04cb 0421FF04 		.ascii	"\004!\377\004!\377\3509\377\253R\377\252R\377\2479\377"
 109      21FFE839 
 109      FFAB52FF 
 109      AA52FFA7 
 109      39FF
 110 04dd 0421FF04 		.ascii	"\004!\377\004!\377\004!\377\313Z\377\374\346\377\212"
 110      21FF0421 
 110      FFCB5AFF 
 110      FCE6FF8A 
 111 04ed 52FF0421 		.ascii	"R\377\004!\377\004!\377\004!\377\004!\377\004!\377\004"
 111      FF0421FF 
 111      0421FF04 
 111      21FF0421 
 111      FF04
 112 04ff 21FF0421 		.ascii	"!\377\004!\377\004!\377\004!\377\004!\377\004!\377\004"
 112      FF0421FF 
 112      0421FF04 
 112      21FF0421 
 112      FF04
 113 0511 21FF0421 		.ascii	"!\377\004!\377\004!\377\004!\377\004!\377\004!\377\004"
 113      FF0421FF 
 113      0421FF04 
 113      21FF0421 
 113      FF04
ARM GAS  C:\Users\BLACK_~1\AppData\Local\Temp\ccryfKJa.s 			page 8


 114 0523 21FF0421 		.ascii	"!\377\004!\377\004!\377\004!\377\004!\377\004!\377\004"
 114      FF0421FF 
 114      0421FF04 
 114      21FF0421 
 114      FF04
 115 0535 21FF0421 		.ascii	"!\377\004!\377\004!\377\004!\377\004!\377\004!\377\004"
 115      FF0421FF 
 115      0421FF04 
 115      21FF0421 
 115      FF04
 116 0547 21FF0421 		.ascii	"!\377\004!\377\004!\377\004!\377\004!\377\004!\377\004"
 116      FF0421FF 
 116      0421FF04 
 116      21FF0421 
 116      FF04
 117 0559 21FF0421 		.ascii	"!\377\004!\377\004!\377\004!\377\313Z\377\374\346\377"
 117      FF0421FF 
 117      0421FFCB 
 117      5AFFFCE6 
 117      FF
 118 056a AB5AFF25 		.ascii	"\253Z\377%!\377\004!\377\004!\377\004!\377\004!\377"
 118      21FF0421 
 118      FF0421FF 
 118      0421FF04 
 118      21FF
 119 057c 0421FF04 		.ascii	"\004!\377\004!\377\004!\377\004!\377\004!\377\004!\377"
 119      21FF0421 
 119      FF0421FF 
 119      0421FF04 
 119      21FF
 120 058e 0421FF04 		.ascii	"\004!\377\004!\377\004!\377\004!\377\004!\377\004!\377"
 120      21FF0421 
 120      FF0421FF 
 120      0421FF04 
 120      21FF
 121 05a0 0421FF04 		.ascii	"\004!\377\004!\377\004!\377\004!\377\004!\377\004!\377"
 121      21FF0421 
 121      FF0421FF 
 121      0421FF04 
 121      21FF
 122 05b2 0421FF04 		.ascii	"\004!\377\004!\377\004!\377\004!\377\004!\377\004!\377"
 122      21FF0421 
 122      FF0421FF 
 122      0421FF04 
 122      21FF
 123 05c4 0421FF04 		.ascii	"\004!\377\004!\377\004!\377\004!\377\004!\377\004!\377"
 123      21FF0421 
 123      FF0421FF 
 123      0421FF04 
 123      21FF
 124 05d6 0421FF04 		.ascii	"\004!\377\004!\377\004!\377\004!\377\313Z\377\374\346"
 124      21FF0421 
 124      FF0421FF 
 124      CB5AFFFC 
 124      E6
 125 05e7 FF3184FF 		.ascii	"\3771\204\377)B\377\2479\377\2471\377\2471\377\2471"
 125      2942FFA7 
ARM GAS  C:\Users\BLACK_~1\AppData\Local\Temp\ccryfKJa.s 			page 9


 125      39FFA731 
 125      FFA731FF 
 125      A731
 126 05f9 FFA731FF 		.ascii	"\377\2471\377\2471\377\2471\377\2471\377\2471\377\247"
 126      A731FFA7 
 126      31FFA731 
 126      FFA731FF 
 126      A7
 127 060a 31FF8631 		.ascii	"1\377\2061\377E)\377\004!\377\004!\377\004!\377\004"
 127      FF4529FF 
 127      0421FF04 
 127      21FF0421 
 127      FF04
 128 061c 21FF0421 		.ascii	"!\377\004!\377\004!\377\004!\377\004!\377\004!\377\004"
 128      FF0421FF 
 128      0421FF04 
 128      21FF0421 
 128      FF04
 129 062e 21FF0421 		.ascii	"!\377\004!\377\004!\377\004!\377\004!\377\004!\377\004"
 129      FF0421FF 
 129      0421FF04 
 129      21FF0421 
 129      FF04
 130 0640 21FF0421 		.ascii	"!\377\004!\377\004!\377\004!\377\004!\377\004!\377\004"
 130      FF0421FF 
 130      0421FF04 
 130      21FF0421 
 130      FF04
 131 0652 21FF0421 		.ascii	"!\377\004!\377\004!\377\004!\377\004!\377\313Z\377\374"
 131      FF0421FF 
 131      0421FF04 
 131      21FFCB5A 
 131      FFFC
 132 0664 E6FF3CE7 		.ascii	"\346\377<\347\377v\265\377\323\234\377\263\234\377\263"
 132      FF76B5FF 
 132      D39CFFB3 
 132      9CFFB3
 133 0673 9CFFB39C 		.ascii	"\234\377\263\234\377\263\234\377\263\234\377\263\234"
 133      FFB39CFF 
 133      B39CFFB3 
 133      9C
 134 0680 FFB39CFF 		.ascii	"\377\263\234\377\263\234\377\263\224\377r\214\377Mk"
 134      B39CFFB3 
 134      94FF728C 
 134      FF4D6B
 135 068f FFA731FF 		.ascii	"\377\2471\377\004!\377\004!\377\004!\377\004!\377\004"
 135      0421FF04 
 135      21FF0421 
 135      FF0421FF 
 135      04
 136 06a0 21FF0421 		.ascii	"!\377\004!\377\004!\377\004!\377\004!\377\004!\377\004"
 136      FF0421FF 
 136      0421FF04 
 136      21FF0421 
 136      FF04
 137 06b2 21FF0421 		.ascii	"!\377\004!\377\004!\377\004!\377\004!\377\004!\377\004"
 137      FF0421FF 
ARM GAS  C:\Users\BLACK_~1\AppData\Local\Temp\ccryfKJa.s 			page 10


 137      0421FF04 
 137      21FF0421 
 137      FF04
 138 06c4 21FF0421 		.ascii	"!\377\004!\377\004!\377\004!\377\004!\377\004!\377\004"
 138      FF0421FF 
 138      0421FF04 
 138      21FF0421 
 138      FF04
 139 06d6 21FF0421 		.ascii	"!\377\004!\377\004!\377\313Z\377\374\346\377\236\377"
 139      FF0421FF 
 139      CB5AFFFC 
 139      E6FF9EFF 
 140 06e6 FF1CF7FF 		.ascii	"\377\034\367\377\373\366\377\333\366\377\333\366\377"
 140      FBF6FFDB 
 140      F6FFDBF6 
 140      FF
 141 06f3 DBF6FFDB 		.ascii	"\333\366\377\333\366\377\333\366\377\333\366\377\333"
 141      F6FFDBF6 
 141      FFDBF6FF 
 141      DB
 142 0700 F6FFDBF6 		.ascii	"\366\377\333\366\377\034\367\377]\357\377z\326\377n"
 142      FF1CF7FF 
 142      5DEFFF7A 
 142      D6FF6E
 143 070f 6BFF0421 		.ascii	"k\377\004!\377\004!\377\004!\377\004!\377\004!\377\004"
 143      FF0421FF 
 143      0421FF04 
 143      21FF0421 
 143      FF04
 144 0721 21FF0421 		.ascii	"!\377\004!\377\004!\377\004!\377\004!\377\004!\377\004"
 144      FF0421FF 
 144      0421FF04 
 144      21FF0421 
 144      FF04
 145 0733 21FF0421 		.ascii	"!\377\004!\377\004!\377\004!\377\004!\377\004!\377\004"
 145      FF0421FF 
 145      0421FF04 
 145      21FF0421 
 145      FF04
 146 0745 21FF0421 		.ascii	"!\377\004!\377\004!\377\004!\377\004!\377\004!\377\004"
 146      FF0421FF 
 146      0421FF04 
 146      21FF0421 
 146      FF04
 147 0757 21FF0421 		.ascii	"!\377\004!\377\313Z\377\374\346\377\327\375\377Q\364"
 147      FFCB5AFF 
 147      FCE6FFD7 
 147      FDFF51F4 
 148 0767 FF10ECFF 		.ascii	"\377\020\354\377\020\354\377\020\354\377\020\354\377"
 148      10ECFF10 
 148      ECFF10EC 
 148      FF
 149 0774 10ECFF10 		.ascii	"\020\354\377\020\354\377\020\354\377\020\354\377\020"
 149      ECFF10EC 
 149      FF10ECFF 
 149      10
 150 0781 ECFFB2F4 		.ascii	"\354\377\262\364\377\273\376\377]\367\377r\214\377%"
ARM GAS  C:\Users\BLACK_~1\AppData\Local\Temp\ccryfKJa.s 			page 11


 150      FFBBFEFF 
 150      5DF7FF72 
 150      8CFF25
 151 0790 21FF0421 		.ascii	"!\377\004!\377\004!\377\004!\377\004!\377\004!\377\004"
 151      FF0421FF 
 151      0421FF04 
 151      21FF0421 
 151      FF04
 152 07a2 21FF0421 		.ascii	"!\377\004!\377\004!\377\004!\377\004!\377\004!\377\004"
 152      FF0421FF 
 152      0421FF04 
 152      21FF0421 
 152      FF04
 153 07b4 21FF0421 		.ascii	"!\377\004!\377\004!\377\004!\377\004!\377\004!\377\004"
 153      FF0421FF 
 153      0421FF04 
 153      21FF0421 
 153      FF04
 154 07c6 21FF0421 		.ascii	"!\377\004!\377\004!\377\004!"
 154      FF0421FF 
 154      0421
 155 07d0 FF0421FF 		.ascii	"\377\004!\377\004!\377\004!\377\313Z\377\374\346\377"
 155      0421FF04 
 155      21FFCB5A 
 155      FFFCE6FF 
 156 07e0 ECEAFF04 		.ascii	"\354\352\377\004\341\377\303\330\377\303\330\377\303"
 156      E1FFC3D8 
 156      FFC3D8FF 
 156      C3
 157 07ed D8FFC3D8 		.ascii	"\330\377\303\330\377\303\330\377\303\330\377\303\330"
 157      FFC3D8FF 
 157      C3D8FFC3 
 157      D8
 158 07fa FFC3D8FF 		.ascii	"\377\303\330\377\303\330\377E\341\3774\365\377]\367"
 158      C3D8FF45 
 158      E1FF34F5 
 158      FF5DF7
 159 0809 FFB394FF 		.ascii	"\377\263\224\377%)\377\004!\377\004!\377\004!\377\004"
 159      2529FF04 
 159      21FF0421 
 159      FF0421FF 
 159      04
 160 081a 21FF0421 		.ascii	"!\377\004!\377\004!\377\004!\377\004!\377\004!\377\004"
 160      FF0421FF 
 160      0421FF04 
 160      21FF0421 
 160      FF04
 161 082c 21FF0421 		.ascii	"!\377\004!\377\004!\377\004!\377\004!\377\004!\377\004"
 161      FF0421FF 
 161      0421FF04 
 161      21FF0421 
 161      FF04
 162 083e 21FF0421 		.ascii	"!\377\004!\377\004!\377\004!\377\004!\377\004!\377\004"
 162      FF0421FF 
 162      0421FF04 
 162      21FF0421 
 162      FF04
ARM GAS  C:\Users\BLACK_~1\AppData\Local\Temp\ccryfKJa.s 			page 12


 163 0850 21FF0421 		.ascii	"!\377\004!\377\004!\377\313Z\377\374\346\377\307\341"
 163      FF0421FF 
 163      CB5AFFFC 
 163      E6FFC7E1 
 164 0860 FF20D8FF 		.ascii	"\377 \330\377\000\330\377\000\330\377\000\330\377\000"
 164      00D8FF00 
 164      D8FF00D8 
 164      FF00
 165 086e D8FF00D8 		.ascii	"\330\377\000\330\377\000\330\377\000\330\377\000\330"
 165      FF00D8FF 
 165      00D8FF00 
 165      D8
 166 087b FF00D8FF 		.ascii	"\377\000\330\377a\330\377q\364\377<\367\377\263\224"
 166      61D8FF71 
 166      F4FF3CF7 
 166      FFB394
 167 088a FF2529FF 		.ascii	"\377%)\377\004!\377\004!\377\004!\377\004!\377\004!"
 167      0421FF04 
 167      21FF0421 
 167      FF0421FF 
 167      0421
 168 089c FF0421FF 		.ascii	"\377\004!\377\004!\377\004!\377\004!\377\004!\377\004"
 168      0421FF04 
 168      21FF0421 
 168      FF0421FF 
 168      04
 169 08ad 21FF0421 		.ascii	"!\377\004!\377\004!\377\004!\377\004!\377\004!\377\004"
 169      FF0421FF 
 169      0421FF04 
 169      21FF0421 
 169      FF04
 170 08bf 21FF0421 		.ascii	"!\377\004!\377\004!\377\004!\377\004!\377\004!\377\004"
 170      FF0421FF 
 170      0421FF04 
 170      21FF0421 
 170      FF04
 171 08d1 21FF0421 		.ascii	"!\377\004!\377\313Z\377\374\346\377\247\341\377 \330"
 171      FFCB5AFF 
 171      FCE6FFA7 
 171      E1FF20D8 
 172 08e1 FF00D8FF 		.ascii	"\377\000\330\377\000\330\377\000\330\377\000\330\377"
 172      00D8FF00 
 172      D8FF00D8 
 172      FF
 173 08ee 00D8FF00 		.ascii	"\000\330\377\000\330\377\000\330\377\000\330\377\000"
 173      D8FF00D8 
 173      FF00D8FF 
 173      00
 174 08fb D8FF61D8 		.ascii	"\330\377a\330\377q\364\377<\367\377\263\224\377%)\377"
 174      FF71F4FF 
 174      3CF7FFB3 
 174      94FF2529 
 174      FF
 175 090c 0421FF04 		.ascii	"\004!\377\004!\377\004!\377\004!\377\004!\377\004!\377"
 175      21FF0421 
 175      FF0421FF 
 175      0421FF04 
ARM GAS  C:\Users\BLACK_~1\AppData\Local\Temp\ccryfKJa.s 			page 13


 175      21FF
 176 091e 0421FF04 		.ascii	"\004!\377\004!\377\004!\377\004!\377\004!\377\004!\377"
 176      21FF0421 
 176      FF0421FF 
 176      0421FF04 
 176      21FF
 177 0930 0421FF04 		.ascii	"\004!\377\004!\377\004!\377\004!\377\004!\377\004!\377"
 177      21FF0421 
 177      FF0421FF 
 177      0421FF04 
 177      21FF
 178 0942 0421FF04 		.ascii	"\004!\377\004!\377\004!\377\004!\377\004!\377\004!\377"
 178      21FF0421 
 178      FF0421FF 
 178      0421FF04 
 178      21FF
 179 0954 CB5AFFFC 		.ascii	"\313Z\377\374\346\377\247\341\377 \330\377\000\330\377"
 179      E6FFA7E1 
 179      FF20D8FF 
 179      00D8FF
 180 0963 00D8FF00 		.ascii	"\000\330\377\000\330\377\000\330\377\000\330\377\000"
 180      D8FF00D8 
 180      FF00D8FF 
 180      00
 181 0970 D8FF00D8 		.ascii	"\330\377\000\330\377\000\330\377\000\330\377a\330\377"
 181      FF00D8FF 
 181      00D8FF61 
 181      D8FF
 182 097e 71F4FF3C 		.ascii	"q\364\377<\367\377\263\224\377%)\377\004!\377\004!\377"
 182      F7FFB394 
 182      FF2529FF 
 182      0421FF04 
 182      21FF
 183 0990 0421FF04 		.ascii	"\004!\377\004!\377\004!\377\004!\377\004!\377\004!\377"
 183      21FF0421 
 183      FF0421FF 
 183      0421FF04 
 183      21FF
 184 09a2 0421FF04 		.ascii	"\004!\377\004!\377\004!\377\004!\377\004!\377\004!\377"
 184      21FF0421 
 184      FF0421FF 
 184      0421FF04 
 184      21FF
 185 09b4 0421FF04 		.ascii	"\004!\377\004!\377\004!\377\004!\377\004!\377\004!\377"
 185      21FF0421 
 185      FF0421FF 
 185      0421FF04 
 185      21FF
 186 09c6 0421FF04 		.ascii	"\004!\377\004!\377\004!\377\004!\377\313Z\377\374\346"
 186      21FF0421 
 186      FF0421FF 
 186      CB5AFFFC 
 186      E6
 187 09d7 FFA7E1FF 		.ascii	"\377\247\341\377 \330\377\000\330\377\000\330\377\000"
 187      20D8FF00 
 187      D8FF00D8 
 187      FF00
ARM GAS  C:\Users\BLACK_~1\AppData\Local\Temp\ccryfKJa.s 			page 14


 188 09e5 D8FF00D8 		.ascii	"\330\377\000\330\377\000\330\377\000\330\377\000\330"
 188      FF00D8FF 
 188      00D8FF00 
 188      D8
 189 09f2 FF00D8FF 		.ascii	"\377\000\330\377\000\330\377a\330\377q\364\377<\367"
 189      00D8FF61 
 189      D8FF71F4 
 189      FF3CF7
 190 0a01 FFB394FF 		.ascii	"\377\263\224\377%)\377\004!\377\004!\377\004!\377\004"
 190      2529FF04 
 190      21FF0421 
 190      FF0421FF 
 190      04
 191 0a12 21FF0421 		.ascii	"!\377\004!\377\004!\377\004!\377\004!\377\004!\377\004"
 191      FF0421FF 
 191      0421FF04 
 191      21FF0421 
 191      FF04
 192 0a24 21FF0421 		.ascii	"!\377\004!\377\004!\377\004!\377\004!\377\004!\377\004"
 192      FF0421FF 
 192      0421FF04 
 192      21FF0421 
 192      FF04
 193 0a36 21FF0421 		.ascii	"!\377\004!\377\004!\377\004!\377\004!\377\004!\377\004"
 193      FF0421FF 
 193      0421FF04 
 193      21FF0421 
 193      FF04
 194 0a48 21FF0421 		.ascii	"!\377\004!\377\004!\377\313Z\377\374\346\377\247\341"
 194      FF0421FF 
 194      CB5AFFFC 
 194      E6FFA7E1 
 195 0a58 FF20D8FF 		.ascii	"\377 \330\377\000\330\377\000\330\377\000\330\377\000"
 195      00D8FF00 
 195      D8FF00D8 
 195      FF00
 196 0a66 D8FF00D8 		.ascii	"\330\377\000\330\377\000\330\377\000\330\377\000\330"
 196      FF00D8FF 
 196      00D8FF00 
 196      D8
 197 0a73 FF00D8FF 		.ascii	"\377\000\330\377a\330\377q\364\377<\367\377\263\224"
 197      61D8FF71 
 197      F4FF3CF7 
 197      FFB394
 198 0a82 FF2529FF 		.ascii	"\377%)\377\004!\377\004!\377\004!\377\004!\377\004!"
 198      0421FF04 
 198      21FF0421 
 198      FF0421FF 
 198      0421
 199 0a94 FF0421FF 		.ascii	"\377\004!\377\004!\377\004!\377\004!\377\004!\377\004"
 199      0421FF04 
 199      21FF0421 
 199      FF0421FF 
 199      04
 200 0aa5 21FF0421 		.ascii	"!\377\004!\377\004!\377\004!\377\004!\377\004!\377\004"
 200      FF0421FF 
 200      0421FF04 
ARM GAS  C:\Users\BLACK_~1\AppData\Local\Temp\ccryfKJa.s 			page 15


 200      21FF0421 
 200      FF04
 201 0ab7 21FF0421 		.ascii	"!\377\004!\377\004!\377\004!\377\004!\377\004!\377\004"
 201      FF0421FF 
 201      0421FF04 
 201      21FF0421 
 201      FF04
 202 0ac9 21FF0421 		.ascii	"!\377\004!\377\313Z\377\374\346\377\247\341\377 \330"
 202      FFCB5AFF 
 202      FCE6FFA7 
 202      E1FF20D8 
 203 0ad9 FF00D8FF 		.ascii	"\377\000\330\377\000\330\377\000\330\377\000\330\377"
 203      00D8FF00 
 203      D8FF00D8 
 203      FF
 204 0ae6 00D8FF00 		.ascii	"\000\330\377\000\330\377\000\330\377\000\330\377\000"
 204      D8FF00D8 
 204      FF00D8FF 
 204      00
 205 0af3 D8FF61D8 		.ascii	"\330\377a\330\377q\364\377<\367\377\263\224\377%)\377"
 205      FF71F4FF 
 205      3CF7FFB3 
 205      94FF2529 
 205      FF
 206 0b04 0421FF04 		.ascii	"\004!\377\004!\377\004!\377\004!\377\004!\377\004!\377"
 206      21FF0421 
 206      FF0421FF 
 206      0421FF04 
 206      21FF
 207 0b16 0421FF04 		.ascii	"\004!\377\004!\377\004!\377\004!\377\004!\377\004!\377"
 207      21FF0421 
 207      FF0421FF 
 207      0421FF04 
 207      21FF
 208 0b28 0421FF04 		.ascii	"\004!\377\004!\377\004!\377\004!\377\004!\377\004!\377"
 208      21FF0421 
 208      FF0421FF 
 208      0421FF04 
 208      21FF
 209 0b3a 0421FF04 		.ascii	"\004!\377\004!\377\004!\377\004!\377\004!\377\004!\377"
 209      21FF0421 
 209      FF0421FF 
 209      0421FF04 
 209      21FF
 210 0b4c CB5AFFFC 		.ascii	"\313Z\377\374\346\377\247\341\377 \330\377\000\330\377"
 210      E6FFA7E1 
 210      FF20D8FF 
 210      00D8FF
 211 0b5b 00D8FF00 		.ascii	"\000\330\377\000\330\377\000\330\377\000\330\377\000"
 211      D8FF00D8 
 211      FF00D8FF 
 211      00
 212 0b68 D8FF00D8 		.ascii	"\330\377\000\330\377\000\330\377\000\330\377a\330\377"
 212      FF00D8FF 
 212      00D8FF61 
 212      D8FF
 213 0b76 71F4FF3C 		.ascii	"q\364\377<\367\377\263\224\377%)\377\004!\377\004!\377"
ARM GAS  C:\Users\BLACK_~1\AppData\Local\Temp\ccryfKJa.s 			page 16


 213      F7FFB394 
 213      FF2529FF 
 213      0421FF04 
 213      21FF
 214 0b88 0421FF04 		.ascii	"\004!\377\004!\377\004!\377\004!\377\004!\377\004!\377"
 214      21FF0421 
 214      FF0421FF 
 214      0421FF04 
 214      21FF
 215 0b9a 0421FF04 		.ascii	"\004!\377\004!\377\004!\377\004!\377\004!\377\004!\377"
 215      21FF0421 
 215      FF0421FF 
 215      0421FF04 
 215      21FF
 216 0bac 0421FF04 		.ascii	"\004!\377\004!\377\004!\377\004!\377\004!\377\004!\377"
 216      21FF0421 
 216      FF0421FF 
 216      0421FF04 
 216      21FF
 217 0bbe 0421FF04 		.ascii	"\004!\377\004!\377\004!\377\004!\377\313Z\377\374\346"
 217      21FF0421 
 217      FF0421FF 
 217      CB5AFFFC 
 217      E6
 218 0bcf FFA7E1FF 		.ascii	"\377\247\341\377 \330\377\000\330\377\000\330\377\000"
 218      20D8FF00 
 218      D8FF00D8 
 218      FF00
 219 0bdd D8FF00D8 		.ascii	"\330\377\000\330\377\000\330\377\000\330\377\000\330"
 219      FF00D8FF 
 219      00D8FF00 
 219      D8
 220 0bea FF00D8FF 		.ascii	"\377\000\330\377\000\330\377a\330\377q\364\377<\367"
 220      00D8FF61 
 220      D8FF71F4 
 220      FF3CF7
 221 0bf9 FFB394FF 		.ascii	"\377\263\224\377%)\377\004!\377\004!\377\004!\377\004"
 221      2529FF04 
 221      21FF0421 
 221      FF0421FF 
 221      04
 222 0c0a 21FF0421 		.ascii	"!\377\004!\377\004!\377\004!\377\004!\377\004!\377\004"
 222      FF0421FF 
 222      0421FF04 
 222      21FF0421 
 222      FF04
 223 0c1c 21FF0421 		.ascii	"!\377\004!\377\004!\377\004!\377\004!\377\004!\377\004"
 223      FF0421FF 
 223      0421FF04 
 223      21FF0421 
 223      FF04
 224 0c2e 21FF0421 		.ascii	"!\377\004!\377\004!\377\004!\377\004!\377\004!\377\004"
 224      FF0421FF 
 224      0421FF04 
 224      21FF0421 
 224      FF04
 225 0c40 21FF0421 		.ascii	"!\377\004!\377\004!\377\313Z\377\374\346\377\307\341"
ARM GAS  C:\Users\BLACK_~1\AppData\Local\Temp\ccryfKJa.s 			page 17


 225      FF0421FF 
 225      CB5AFFFC 
 225      E6FFC7E1 
 226 0c50 FF20D8FF 		.ascii	"\377 \330\377\000\330\377\000\330\377\000\330\377\000"
 226      00D8FF00 
 226      D8FF00D8 
 226      FF00
 227 0c5e D8FF00D8 		.ascii	"\330\377\000\330\377\000\330\377\000\330\377\000\330"
 227      FF00D8FF 
 227      00D8FF00 
 227      D8
 228 0c6b FF00D8FF 		.ascii	"\377\000\330\377a\330\377q\364\377<\367\377\323\234"
 228      61D8FF71 
 228      F4FF3CF7 
 228      FFD39C
 229 0c7a FF4529FF 		.ascii	"\377E)\377\004!\377\004!\377\004!\377\004!\377\004!"
 229      0421FF04 
 229      21FF0421 
 229      FF0421FF 
 229      0421
 230 0c8c FF0421FF 		.ascii	"\377\004!\377\004!\377\004!\377\004!\377\004!\377\004"
 230      0421FF04 
 230      21FF0421 
 230      FF0421FF 
 230      04
 231 0c9d 21FF0421 		.ascii	"!\377\004!\377\004!\377\004!\377\004!\377\004!\377\004"
 231      FF0421FF 
 231      0421FF04 
 231      21FF0421 
 231      FF04
 232 0caf 21FF0421 		.ascii	"!\377\004!\377\004!\377\004!\377\004!\377\004!\377\004"
 232      FF0421FF 
 232      0421FF04 
 232      21FF0421 
 232      FF04
 233 0cc1 21FF0421 		.ascii	"!\377\004!\377\313Z\377\374\346\377i\342\377\202\330"
 233      FFCB5AFF 
 233      FCE6FF69 
 233      E2FF82D8 
 234 0cd1 FF61D8FF 		.ascii	"\377a\330\377a\330\377a\330\377a\330\377a\330\377a\330"
 234      61D8FF61 
 234      D8FF61D8 
 234      FF61D8FF 
 234      61D8
 235 0ce3 FF61D8FF 		.ascii	"\377a\330\377a\330\377a\330\377\303\330\377\323\364"
 235      61D8FF61 
 235      D8FFC3D8 
 235      FFD3F4
 236 0cf2 FF5DF7FF 		.ascii	"\377]\367\377U\255\377\350A\377f)\377E)\377E)\377E)"
 236      55ADFFE8 
 236      41FF6629 
 236      FF4529FF 
 236      4529FF45 
 237 0d07 FF4529FF 		.ascii	"\377E)\377E)\377E)\377E)\377E)\377E)\377E)\377%!\377"
 237      4529FF45 
 237      29FF4529 
 237      FF4529FF 
ARM GAS  C:\Users\BLACK_~1\AppData\Local\Temp\ccryfKJa.s 			page 18


 237      4529FF45 
 238 0d20 0421FF04 		.ascii	"\004!\377\004!\377\004!\377\004!\377\004!\377\004!\377"
 238      21FF0421 
 238      FF0421FF 
 238      0421FF04 
 238      21FF
 239 0d32 0421FF04 		.ascii	"\004!\377\004!\377\004!\377\004!\377\004!\377\004!\377"
 239      21FF0421 
 239      FF0421FF 
 239      0421FF04 
 239      21FF
 240 0d44 CB5AFFFC 		.ascii	"\313Z\377\374\346\377\364\364\377\014\353\377\313\352"
 240      E6FFF4F4 
 240      FF0CEBFF 
 240      CBEA
 241 0d52 FFCBEAFF 		.ascii	"\377\313\352\377\313\352\377\313\352\377\313\352\377"
 241      CBEAFFCB 
 241      EAFFCBEA 
 241      FF
 242 0d5f CBEAFFCB 		.ascii	"\313\352\377\313\352\377\313\352\377\313\352\377m\353"
 242      EAFFCBEA 
 242      FFCBEAFF 
 242      6DEB
 243 0d6d FF59FEFF 		.ascii	"\377Y\376\377\277\377\377\273\326\377\222\224\377\216"
 243      BFFFFFBB 
 243      D6FF9294 
 243      FF8E
 244 0d7b 73FF6E6B 		.ascii	"s\377nk\377mk\377mk\377mk\377mk\377mk\377mk\377mk\377"
 244      FF6D6BFF 
 244      6D6BFF6D 
 244      6BFF6D6B 
 244      FF6D6BFF 
 245 0d95 6D6BFF4D 		.ascii	"mk\377Mk\377\212R\377\2061\377\004!\377\004!\377\004"
 245      6BFF8A52 
 245      FF8631FF 
 245      0421FF04 
 245      21FF04
 246 0da8 21FF0421 		.ascii	"!\377\004!\377\004!\377\004!\377\004!\377\004!\377\004"
 246      FF0421FF 
 246      0421FF04 
 246      21FF0421 
 246      FF04
 247 0dba 21FF0421 		.ascii	"!\377\004!\377\004!\377\313Z\377\374\346\377~\377\377"
 247      FF0421FF 
 247      CB5AFFFC 
 247      E6FF7EFF 
 247      FF
 248 0dcb DBFEFF9A 		.ascii	"\333\376\377\232\376\377\232\376\377\232\376\377\232"
 248      FEFF9AFE 
 248      FF9AFEFF 
 248      9A
 249 0dd8 FEFF9AFE 		.ascii	"\376\377\232\376\377\232\376\377\232\376\377\232\376"
 249      FF9AFEFF 
 249      9AFEFF9A 
 249      FE
 250 0de5 FF9AFEFF 		.ascii	"\377\232\376\377\373\376\377\276\377\377\377\377\377"
 250      FBFEFFBE 
ARM GAS  C:\Users\BLACK_~1\AppData\Local\Temp\ccryfKJa.s 			page 19


 250      FFFFFFFF 
 250      FF
 251 0df2 DFFFFF5D 		.ascii	"\337\377\377]\357\377\333\336\377\333\336\377\333\336"
 251      EFFFDBDE 
 251      FFDBDEFF 
 251      DBDE
 252 0e00 FFDBDEFF 		.ascii	"\377\333\336\377\333\336\377\333\336\377\333\336\377"
 252      DBDEFFDB 
 252      DEFFDBDE 
 252      FF
 253 0e0d DBDEFFDB 		.ascii	"\333\336\377\333\336\377\333\336\377\273\336\377\030"
 253      DEFFDBDE 
 253      FFBBDEFF 
 253      18
 254 0e1a C6FF6E73 		.ascii	"\306\377ns\377E)\377\004!\377\004!\377\004!\377\004"
 254      FF4529FF 
 254      0421FF04 
 254      21FF0421 
 254      FF04
 255 0e2c 21FF0421 		.ascii	"!\377\004!\377\004!\377\004!\377\004!\377\004!\377\004"
 255      FF0421FF 
 255      0421FF04 
 255      21FF0421 
 255      FF04
 256 0e3e 21FFCB5A 		.ascii	"!\377\313Z\377\374\346\377\034\377\377\266\365\377U"
 256      FFFCE6FF 
 256      1CFFFFB6 
 256      F5FF55
 257 0e4d F5FF55F5 		.ascii	"\365\377U\365\377U\365\377U\365\377U\365\377U\365\377"
 257      FF55F5FF 
 257      55F5FF55 
 257      F5FF55F5 
 257      FF
 258 0e5e 55F5FF55 		.ascii	"U\365\377U\365\377U\365\377\367\365\377}\377\377\377"
 258      F5FF55F5 
 258      FFF7F5FF 
 258      7DFFFFFF 
 259 0e6e FFFF5DFF 		.ascii	"\377\377]\377\377\370\375\377U\365\377U\365\377U\365"
 259      FFF8FDFF 
 259      55F5FF55 
 259      F5FF55F5 
 260 0e7e FF55F5FF 		.ascii	"\377U\365\377U\365\377U\365\377U\365\377U\365\377U\365"
 260      55F5FF55 
 260      F5FF55F5 
 260      FF55F5FF 
 260      55F5
 261 0e90 FFD7F5FF 		.ascii	"\377\327\365\377\034\377\377\277\377\377\363\234\377"
 261      1CFFFFBF 
 261      FFFFF39C 
 261      FF
 262 0e9d A731FF04 		.ascii	"\2471\377\004!\377\004!\377\004!\377\004!\377\004!\377"
 262      21FF0421 
 262      FF0421FF 
 262      0421FF04 
 262      21FF
 263 0eaf 0421FF04 		.ascii	"\004!\377\004!\377\004!\377\004!\377\004!\377\313Z\377"
 263      21FF0421 
ARM GAS  C:\Users\BLACK_~1\AppData\Local\Temp\ccryfKJa.s 			page 20


 263      FF0421FF 
 263      0421FFCB 
 263      5AFF
 264 0ec1 FCE6FFEF 		.ascii	"\374\346\377\357\353\377\347\341\377\206\341\377\206"
 264      EBFFE7E1 
 264      FF86E1FF 
 264      86
 265 0ece E1FF86E1 		.ascii	"\341\377\206\341\377\206\341\377\206\341\377\206\341"
 265      FF86E1FF 
 265      86E1FF86 
 265      E1
 266 0edb FF86E1FF 		.ascii	"\377\206\341\377\206\341\377\206\341\377I\342\377\266"
 266      86E1FF86 
 266      E1FF49E2 
 266      FFB6
 267 0ee9 F5FF9EFF 		.ascii	"\365\377\236\377\377v\365\377)\342\377\246\341\377\206"
 267      FF76F5FF 
 267      29E2FFA6 
 267      E1FF86
 268 0ef8 E1FF86E1 		.ascii	"\341\377\206\341\377\206\341\377\206\341\377\206\341"
 268      FF86E1FF 
 268      86E1FF86 
 268      E1
 269 0f05 FF86E1FF 		.ascii	"\377\206\341\377\206\341\377\246\341\377\350\341\377"
 269      86E1FFA6 
 269      E1FFE8E1 
 269      FF
 270 0f12 B3F4FF7E 		.ascii	"\263\364\377~\377\3775\255\377\3079\377\004!\377\004"
 270      FFFF35AD 
 270      FFC739FF 
 270      0421FF04 
 271 0f22 21FF0421 		.ascii	"!\377\004!\377\004!\377\004!\377\004!\377\004!\377\004"
 271      FF0421FF 
 271      0421FF04 
 271      21FF0421 
 271      FF04
 272 0f34 21FF0421 		.ascii	"!\377\004!\377\004!\377\313Z\377\374\346\377\347\341"
 272      FF0421FF 
 272      CB5AFFFC 
 272      E6FFE7E1 
 273 0f44 FF21D8FF 		.ascii	"\377!\330\377\000\330\377\000\330\377\000\330\377\000"
 273      00D8FF00 
 273      D8FF00D8 
 273      FF00
 274 0f52 D8FF00D8 		.ascii	"\330\377\000\330\377\000\330\377\000\330\377\000\330"
 274      FF00D8FF 
 274      00D8FF00 
 274      D8
 275 0f5f FF00D8FF 		.ascii	"\377\000\330\377\202\330\377\222\364\377=\377\377Q\364"
 275      82D8FF92 
 275      F4FF3DFF 
 275      FF51F4
 276 0f6e FF62D8FF 		.ascii	"\377b\330\377\000\330\377\000\330\377\000\330\377\000"
 276      00D8FF00 
 276      D8FF00D8 
 276      FF00
 277 0f7c D8FF00D8 		.ascii	"\330\377\000\330\377\000\330\377\000\330\377\000\330"
ARM GAS  C:\Users\BLACK_~1\AppData\Local\Temp\ccryfKJa.s 			page 21


 277      FF00D8FF 
 277      00D8FF00 
 277      D8
 278 0f89 FF00D8FF 		.ascii	"\377\000\330\377A\330\377m\353\377\034\377\3775\255"
 278      41D8FF6D 
 278      EBFF1CFF 
 278      FF35AD
 279 0f98 FFC739FF 		.ascii	"\377\3079\377\004!\377\004"
 279      0421FF04 
 280 0fa0 21FF0421 		.ascii	"!\377\004!\377\004!\377\004!\377\004!\377\004!\377\004"
 280      FF0421FF 
 280      0421FF04 
 280      21FF0421 
 280      FF04
 281 0fb2 21FF0421 		.ascii	"!\377\004!\377\004!\377\313Z\377\374\346\377\247\341"
 281      FF0421FF 
 281      CB5AFFFC 
 281      E6FFA7E1 
 282 0fc2 FF20D8FF 		.ascii	"\377 \330\377\000\330\377\000\330\377\000\330\377\000"
 282      00D8FF00 
 282      D8FF00D8 
 282      FF00
 283 0fd0 D8FF00D8 		.ascii	"\330\377\000\330\377\000\330\377\000\330\377\000\330"
 283      FF00D8FF 
 283      00D8FF00 
 283      D8
 284 0fdd FF00D8FF 		.ascii	"\377\000\330\377a\330\377q\364\377\034\377\3771\354"
 284      61D8FF71 
 284      F4FF1CFF 
 284      FF31EC
 285 0fec FF41D8FF 		.ascii	"\377A\330\377\000\330\377\000\330\377\000\330\377\000"
 285      00D8FF00 
 285      D8FF00D8 
 285      FF00
 286 0ffa D8FF00D8 		.ascii	"\330\377\000\330\377\000\330\377\000\330\377\000\330"
 286      FF00D8FF 
 286      00D8FF00 
 286      D8
 287 1007 FF00D8FF 		.ascii	"\377\000\330\377!\330\377M\353\377\374\376\3775\255"
 287      21D8FF4D 
 287      EBFFFCFE 
 287      FF35AD
 288 1016 FFC739FF 		.ascii	"\377\3079\377\004!\377\004!\377\004!\377\004!\377\004"
 288      0421FF04 
 288      21FF0421 
 288      FF0421FF 
 288      04
 289 1027 21FF0421 		.ascii	"!\377\004!\377\004!\377\004!\377\004!\377\004!\377\313"
 289      FF0421FF 
 289      0421FF04 
 289      21FF0421 
 289      FFCB
 290 1039 5AFFFCE6 		.ascii	"Z\377\374\346\377\247\341\377 \330\377\000\330\377\000"
 290      FFA7E1FF 
 290      20D8FF00 
 290      D8FF00
 291 1048 D8FF00D8 		.ascii	"\330\377\000\330\377\000\330\377\000\330\377\000\330"
ARM GAS  C:\Users\BLACK_~1\AppData\Local\Temp\ccryfKJa.s 			page 22


 291      FF00D8FF 
 291      00D8FF00 
 291      D8
 292 1055 FF00D8FF 		.ascii	"\377\000\330\377\000\330\377\000\330\377a\330\377q\364"
 292      00D8FF00 
 292      D8FF61D8 
 292      FF71F4
 293 1064 FF1CFFFF 		.ascii	"\377\034\377\3771\354\377A\330\377\000\330\377\000\330"
 293      31ECFF41 
 293      D8FF00D8 
 293      FF00D8
 294 1073 FF00D8FF 		.ascii	"\377\000\330\377\000\330\377\000\330\377\000\330\377"
 294      00D8FF00 
 294      D8FF00D8 
 294      FF
 295 1080 00D8FF00 		.ascii	"\000\330\377\000\330\377\000\330\377!\330\377M\353\377"
 295      D8FF00D8 
 295      FF21D8FF 
 295      4DEBFF
 296 108f FCFEFF35 		.ascii	"\374\376\3775\255\377\3079\377\004!\377\004!\377\004"
 296      ADFFC739 
 296      FF0421FF 
 296      0421FF04 
 297 109f 21FF0421 		.ascii	"!\377\004!\377\004!\377\004!\377\004!\377\004!\377\004"
 297      FF0421FF 
 297      0421FF04 
 297      21FF0421 
 297      FF04
 298 10b1 21FF0421 		.ascii	"!\377\004!\377\313Z\377\374\346\377\247\341\377 \330"
 298      FFCB5AFF 
 298      FCE6FFA7 
 298      E1FF20D8 
 299 10c1 FF00D8FF 		.ascii	"\377\000\330\377\000\330\377\000\330\377\000\330\377"
 299      00D8FF00 
 299      D8FF00D8 
 299      FF
 300 10ce 00D8FF00 		.ascii	"\000\330\377\000\330\377\000\330\377\000\330\377\000"
 300      D8FF00D8 
 300      FF00D8FF 
 300      00
 301 10db D8FF61D8 		.ascii	"\330\377a\330\377q\364\377\034\377\3771\354\377A\330"
 301      FF71F4FF 
 301      1CFFFF31 
 301      ECFF41D8 
 302 10eb FF00D8FF 		.ascii	"\377\000\330\377\000\330\377\000\330\377\000\330\377"
 302      00D8FF00 
 302      D8FF00D8 
 302      FF
 303 10f8 00D8FF00 		.ascii	"\000\330\377\000\330\377\000\330\377\000\330\377\000"
 303      D8FF00D8 
 303      FF00D8FF 
 303      00
 304 1105 D8FF21D8 		.ascii	"\330\377!\330\377M\353\377\374\376\3775\255\377\307"
 304      FF4DEBFF 
 304      FCFEFF35 
 304      ADFFC7
 305 1114 39FF0421 		.ascii	"9\377\004!\377\004!\377\004!\377\004!\377\004!\377\004"
ARM GAS  C:\Users\BLACK_~1\AppData\Local\Temp\ccryfKJa.s 			page 23


 305      FF0421FF 
 305      0421FF04 
 305      21FF0421 
 305      FF04
 306 1126 21FF0421 		.ascii	"!\377\004!\377\004!\377\004!\377\004!\377\313Z\377\374"
 306      FF0421FF 
 306      0421FF04 
 306      21FFCB5A 
 306      FFFC
 307 1138 E6FFA7E1 		.ascii	"\346\377\247\341\377 \330\377\000\330\377\000\330\377"
 307      FF20D8FF 
 307      00D8FF00 
 307      D8FF
 308 1146 00D8FF00 		.ascii	"\000\330\377\000\330\377\000\330\377\000\330\377\000"
 308      D8FF00D8 
 308      FF00D8FF 
 308      00
 309 1153 D8FF00D8 		.ascii	"\330\377\000\330\377\000\330\377a\330\377q\364\377\034"
 309      FF00D8FF 
 309      61D8FF71 
 309      F4FF1C
 310 1162 FFFF31EC 		.ascii	"\377\3771\354\377A\330\377\000\330\377\000\330\377\000"
 310      FF41D8FF 
 310      00D8FF00 
 310      D8FF00
 311 1171 D8FF00D8 		.ascii	"\330\377\000\330\377\000\330\377\000\330\377\000\330"
 311      FF00D8FF 
 311      00D8FF00 
 311      D8
 312 117e FF00D8FF 		.ascii	"\377\000\330\377\000\330\377!\330\377M\353\377\374\376"
 312      00D8FF21 
 312      D8FF4DEB 
 312      FFFCFE
 313 118d FF35ADFF 		.ascii	"\3775\255\377\3079\377\004!\377\004!\377\004!\377\004"
 313      C739FF04 
 313      21FF0421 
 313      FF0421FF 
 313      04
 314 119e 21FF0421 		.ascii	"!\377\004!\377\004!\377\004!\377\004!\377\004!\377\004"
 314      FF0421FF 
 314      0421FF04 
 314      21FF0421 
 314      FF04
 315 11b0 21FFCB5A 		.ascii	"!\377\313Z\377\374\346\377\247\341\377 \330\377\000"
 315      FFFCE6FF 
 315      A7E1FF20 
 315      D8FF00
 316 11bf D8FF00D8 		.ascii	"\330\377\000\330\377\000\330\377\000\330\377\000\330"
 316      FF00D8FF 
 316      00D8FF00 
 316      D8
 317 11cc FF00D8FF 		.ascii	"\377\000\330\377\000\330\377\000\330\377\000\330\377"
 317      00D8FF00 
 317      D8FF00D8 
 317      FF
 318 11d9 61D8FF71 		.ascii	"a\330\377q\364\377\034\377\3771\354\377A\330\377\000"
 318      F4FF1CFF 
ARM GAS  C:\Users\BLACK_~1\AppData\Local\Temp\ccryfKJa.s 			page 24


 318      FF31ECFF 
 318      41D8FF00 
 319 11e9 D8FF00D8 		.ascii	"\330\377\000\330\377\000\330\377\000\330\377\000\330"
 319      FF00D8FF 
 319      00D8FF00 
 319      D8
 320 11f6 FF00D8FF 		.ascii	"\377\000\330\377\000\330\377\000\330\377\000\330\377"
 320      00D8FF00 
 320      D8FF00D8 
 320      FF
 321 1203 21D8FF4D 		.ascii	"!\330\377M\353\377\374\376\3775\255\377\3079\377\004"
 321      EBFFFCFE 
 321      FF35ADFF 
 321      C739FF04 
 322 1213 21FF0421 		.ascii	"!\377\004!\377\004!\377\004!\377\004!\377\004!\377\004"
 322      FF0421FF 
 322      0421FF04 
 322      21FF0421 
 322      FF04
 323 1225 21FF0421 		.ascii	"!\377\004!\377\004!\377\004!\377\313Z\377\374\346\377"
 323      FF0421FF 
 323      0421FFCB 
 323      5AFFFCE6 
 323      FF
 324 1236 A7E1FF20 		.ascii	"\247\341\377 \330\377\000\330\377\000\330\377\000\330"
 324      D8FF00D8 
 324      FF00D8FF 
 324      00D8
 325 1244 FF00D8FF 		.ascii	"\377\000\330\377\000\330\377\000\330\377\000\330\377"
 325      00D8FF00 
 325      D8FF00D8 
 325      FF
 326 1251 00D8FF00 		.ascii	"\000\330\377\000\330\377a\330\377q\364\377\034\377\377"
 326      D8FF61D8 
 326      FF71F4FF 
 326      1CFFFF
 327 1260 31ECFF41 		.ascii	"1\354\377A\330\377\000\330\377\000\330\377\000\330\377"
 327      D8FF00D8 
 327      FF00D8FF 
 327      00D8FF
 328 126f 00D8FF00 		.ascii	"\000\330\377\000\330\377\000\330\377\000\330\377\000"
 328      D8FF00D8 
 328      FF00D8FF 
 328      00
 329 127c D8FF00D8 		.ascii	"\330\377\000\330\377!\330\377M\353\377\374\376\3775"
 329      FF21D8FF 
 329      4DEBFFFC 
 329      FEFF35
 330 128b ADFFC739 		.ascii	"\255\377\3079\377\004!\377\004!\377\004!\377\004!\377"
 330      FF0421FF 
 330      0421FF04 
 330      21FF0421 
 330      FF
 331 129c 0421FF04 		.ascii	"\004!\377\004!\377\004!\377\004!\377\004!\377\004!\377"
 331      21FF0421 
 331      FF0421FF 
 331      0421FF04 
ARM GAS  C:\Users\BLACK_~1\AppData\Local\Temp\ccryfKJa.s 			page 25


 331      21FF
 332 12ae CB5AFFFC 		.ascii	"\313Z\377\374\346\377\247\341\377 \330\377\000\330\377"
 332      E6FFA7E1 
 332      FF20D8FF 
 332      00D8FF
 333 12bd 00D8FF00 		.ascii	"\000\330\377\000\330\377\000\330\377\000\330\377\000"
 333      D8FF00D8 
 333      FF00D8FF 
 333      00
 334 12ca D8FF00D8 		.ascii	"\330\377\000\330\377\000\330\377\000\330\377a\330\377"
 334      FF00D8FF 
 334      00D8FF61 
 334      D8FF
 335 12d8 71F4FF1C 		.ascii	"q\364\377\034\377\3771\354\377A\330\377\000\330\377"
 335      FFFF31EC 
 335      FF41D8FF 
 335      00D8FF
 336 12e7 00D8FF00 		.ascii	"\000\330\377\000\330\377\000\330\377\000\330\377\000"
 336      D8FF00D8 
 336      FF00D8FF 
 336      00
 337 12f4 D8FF00D8 		.ascii	"\330\377\000\330\377\000\330\377\000\330\377!\330\377"
 337      FF00D8FF 
 337      00D8FF21 
 337      D8FF
 338 1302 4DEBFFFC 		.ascii	"M\353\377\374\376\3775\255\377\3079\377\004!\377\004"
 338      FEFF35AD 
 338      FFC739FF 
 338      0421FF04 
 339 1312 21FF0421 		.ascii	"!\377\004!\377\004!\377\004!\377\004!\377\004!\377\004"
 339      FF0421FF 
 339      0421FF04 
 339      21FF0421 
 339      FF04
 340 1324 21FF0421 		.ascii	"!\377\004!\377\004!\377\353Z\377\034\347\377\247\341"
 340      FF0421FF 
 340      EB5AFF1C 
 340      E7FFA7E1 
 341 1334 FF20D8FF 		.ascii	"\377 \330\377\000\330\377\000\330\377\000\330\377\000"
 341      00D8FF00 
 341      D8FF00D8 
 341      FF00
 342 1342 D8FF00D8 		.ascii	"\330\377\000\330\377\000\330\377\000\330\377\000\330"
 342      FF00D8FF 
 342      00D8FF00 
 342      D8
 343 134f FF00D8FF 		.ascii	"\377\000\330\377a\330\377q\364\377\034\377\3771\354"
 343      61D8FF71 
 343      F4FF1CFF 
 343      FF31EC
 344 135e FF41D8FF 		.ascii	"\377A\330\377\000\330\377\000\330\377\000\330\377\000"
 344      00D8FF00 
 344      D8FF00D8 
 344      FF00
 345 136c D8FF00D8 		.ascii	"\330\377\000\330\377\000\330\377\000\330\377\000\330"
 345      FF00D8FF 
 345      00D8FF00 
ARM GAS  C:\Users\BLACK_~1\AppData\Local\Temp\ccryfKJa.s 			page 26


 345      D8
 346 1379 FF00D8FF 		.ascii	"\377\000\330\377!\330\377M\353\377\374\376\3775\255"
 346      21D8FF4D 
 346      EBFFFCFE 
 346      FF35AD
 347 1388 FFC739FF 		.ascii	"\377\3079\377\004!\377\004!\377\004!\377\004!\377\004"
 347      0421FF04 
 347      21FF0421 
 347      FF0421FF 
 347      04
 348 1399 21FF0421 		.ascii	"!\377\004!\377\004!\377\004!\377\004!\377E)\377\257"
 348      FF0421FF 
 348      0421FF04 
 348      21FF4529 
 348      FFAF
 349 13ab 7BFF9EF7 		.ascii	"{\377\236\367\377\307\341\377 \330\377\000\330\377\000"
 349      FFC7E1FF 
 349      20D8FF00 
 349      D8FF00
 350 13ba D8FF00D8 		.ascii	"\330\377\000\330\377\000\330\377\000\330\377\000\330"
 350      FF00D8FF 
 350      00D8FF00 
 350      D8
 351 13c7 FF00D8FF 		.ascii	"\377\000\330\377\000\330\377\000\330\377a\330\377r\364"
 351      00D8FF00 
 351      D8FF61D8 
 351      FF72F4
 352 13d6 FF3CFFFF 		.ascii	"\377<\377\377Q\364\377A\330\377\000\330\377\000\330"
 352      51F4FF41 
 352      D8FF00D8 
 352      FF00D8
 353 13e5 FF00D8FF 		.ascii	"\377\000\330\377\000\330\377\000\330\377\000\330\377"
 353      00D8FF00 
 353      D8FF00D8 
 353      FF
 354 13f2 00D8FF00 		.ascii	"\000\330\377\000\330\377\000\330\377!\330\377M\353\377"
 354      D8FF00D8 
 354      FF21D8FF 
 354      4DEBFF
 355 1401 1CFFFF75 		.ascii	"\034\377\377u\265\377\010B\377\004!\377\004!\377\004"
 355      B5FF0842 
 355      FF0421FF 
 355      0421FF04 
 356 1411 21FF0421 		.ascii	"!\377\004!\377\004!\377\004!\377\004!\377\004!\377%"
 356      FF0421FF 
 356      0421FF04 
 356      21FF0421 
 356      FF25
 357 1423 21FFAB52 		.ascii	"!\377\253R\377\267\275\377\337\377\377\317\353\377\206"
 357      FFB7BDFF 
 357      DFFFFFCF 
 357      EBFF86
 358 1432 E1FF45E1 		.ascii	"\341\377E\341\377E\341\377E\341\377E\341\377E\341\377"
 358      FF45E1FF 
 358      45E1FF45 
 358      E1FF45E1 
 358      FF
ARM GAS  C:\Users\BLACK_~1\AppData\Local\Temp\ccryfKJa.s 			page 27


 359 1443 45E1FF45 		.ascii	"E\341\377E\341\377E\341\377E\341\377\347\341\377\226"
 359      E1FF45E1 
 359      FF45E1FF 
 359      E7E1FF96 
 360 1453 F5FF7EFF 		.ascii	"\365\377~\377\377U\365\377\350\341\377E\341\377E\341"
 360      FF55F5FF 
 360      E8E1FF45 
 360      E1FF45E1 
 361 1463 FF45E1FF 		.ascii	"\377E\341\377E\341\377E\341\377E\341\377E\341\377E\341"
 361      45E1FF45 
 361      E1FF45E1 
 361      FF45E1FF 
 361      45E1
 362 1475 FF45E1FF 		.ascii	"\377E\341\377\246\341\377\222\364\377~\377\377\232\326"
 362      A6E1FF92 
 362      F4FF7EFF 
 362      FF9AD6
 363 1484 FFAF7BFF 		.ascii	"\377\257{\377IJ\377\010B\377\010B\377\010B\377\010B"
 363      494AFF08 
 363      42FF0842 
 363      FF0842FF 
 363      0842
 364 1496 FF0842FF 		.ascii	"\377\010B\377\010B\377IJ\377Mk\377\226\265\377]\357"
 364      0842FF49 
 364      4AFF4D6B 
 364      FF96B5FF 
 364      5DEF
 365 14a8 FFFFFFFF 		.ascii	"\377\377\377\377\333\376\377\327\375\377v\365\377v\365"
 365      DBFEFFD7 
 365      FDFF76F5 
 365      FF76F5
 366 14b7 FF76F5FF 		.ascii	"\377v\365\377v\365\377v\365\377v\365\377v\365\377v\365"
 366      76F5FF76 
 366      F5FF76F5 
 366      FF76F5FF 
 366      76F5
 367 14c9 FF76F5FF 		.ascii	"\377v\365\377\370\375\377]\377\377\337\377\377<\377"
 367      F8FDFF5D 
 367      FFFFDFFF 
 367      FF3CFF
 368 14d8 FF18FEFF 		.ascii	"\377\030\376\377\226\365\377v\365\377v\365\377v\365"
 368      96F5FF76 
 368      F5FF76F5 
 368      FF76F5
 369 14e7 FF76F5FF 		.ascii	"\377v\365\377v\365\377v\365\377v\365\377\226\365\377"
 369      76F5FF76 
 369      F5FF76F5 
 369      FF96F5FF 
 370 14f7 D7F5FFFC 		.ascii	"\327\365\377\374\376\377\377\377\377\277\367\377\333"
 370      FEFFFFFF 
 370      FFBFF7FF 
 370      DB
 371 1504 DEFFF8C5 		.ascii	"\336\377\370\305\377\327\275\377\327\275\377\327\275"
 371      FFD7BDFF 
 371      D7BDFFD7 
 371      BD
 372 1511 FFD7BDFF 		.ascii	"\377\327\275\377\327\275\377\327\275\377\030\306\377"
ARM GAS  C:\Users\BLACK_~1\AppData\Local\Temp\ccryfKJa.s 			page 28


 372      D7BDFFD7 
 372      BDFF18C6 
 372      FF
 373 151e DBDEFF9E 		.ascii	"\333\336\377\236\367\377\377\377\377\377\377\377"
 373      F7FFFFFF 
 373      FFFFFFFF 
 374              		.text
 375              	.Letext0:
 376              		.file 1 "e:\\gnu arm embedded toolchain\\10 2021.10\\arm-none-eabi\\include\\machine\\_default_typ
 377              		.file 2 "e:\\gnu arm embedded toolchain\\10 2021.10\\arm-none-eabi\\include\\sys\\_stdint.h"
 378              		.file 3 "lvgl/src/core/lv_obj.h"
 379              		.file 4 "lvgl/src/core/../draw/lv_img_buf.h"
 380              		.file 5 "lvgl/src/widgets/lv_bar.h"
 381              		.file 6 "lvgl/src/extra/widgets/imgbtn/lv_imgbtn.h"
 382              		.file 7 "lv_demos/src/lv_demo_widgets/assets/img_lvgl_logo.c"
ARM GAS  C:\Users\BLACK_~1\AppData\Local\Temp\ccryfKJa.s 			page 29


DEFINED SYMBOLS
                            *ABS*:00000000 img_lvgl_logo.c
C:\Users\BLACK_~1\AppData\Local\Temp\ccryfKJa.s:25     .rodata.img_lvgl_logo:00000000 img_lvgl_logo
C:\Users\BLACK_~1\AppData\Local\Temp\ccryfKJa.s:36     .rodata.img_lvgl_logo_map:00000000 img_lvgl_logo_map
C:\Users\BLACK_~1\AppData\Local\Temp\ccryfKJa.s:22     .rodata.img_lvgl_logo:00000000 $d
C:\Users\BLACK_~1\AppData\Local\Temp\ccryfKJa.s:33     .rodata.img_lvgl_logo_map:00000000 $d

NO UNDEFINED SYMBOLS
