ARM GAS  /var/folders/k2/cd9bl_j17z77g23y6ffqb_400000gn/T//cccUFsoH.s 			page 1


   1              		.cpu cortex-m4
   2              		.eabi_attribute 27, 1
   3              		.eabi_attribute 28, 1
   4              		.eabi_attribute 20, 1
   5              		.eabi_attribute 21, 1
   6              		.eabi_attribute 23, 3
   7              		.eabi_attribute 24, 1
   8              		.eabi_attribute 25, 1
   9              		.eabi_attribute 26, 1
  10              		.eabi_attribute 30, 1
  11              		.eabi_attribute 34, 1
  12              		.eabi_attribute 18, 4
  13              		.file	"init.c"
  14              		.text
  15              	.Ltext0:
  16              		.cfi_sections	.debug_frame
  17              		.section	.text.lwip_init,"ax",%progbits
  18              		.align	1
  19              		.global	lwip_init
  20              		.arch armv7e-m
  21              		.syntax unified
  22              		.thumb
  23              		.thumb_func
  24              		.fpu fpv4-sp-d16
  26              	lwip_init:
  27              	.LFB155:
  28              		.file 1 "/Users/nhantt/STM32Cube/Repository/STM32Cube_FW_F4_V1.26.0/Middlewares/Third_Party/LwIP/s
   1:/Users/nhantt/STM32Cube/Repository/STM32Cube_FW_F4_V1.26.0/Middlewares/Third_Party/LwIP/src/core/init.c **** /**
   2:/Users/nhantt/STM32Cube/Repository/STM32Cube_FW_F4_V1.26.0/Middlewares/Third_Party/LwIP/src/core/init.c ****  * @file
   3:/Users/nhantt/STM32Cube/Repository/STM32Cube_FW_F4_V1.26.0/Middlewares/Third_Party/LwIP/src/core/init.c ****  * Modules initialization
   4:/Users/nhantt/STM32Cube/Repository/STM32Cube_FW_F4_V1.26.0/Middlewares/Third_Party/LwIP/src/core/init.c ****  *
   5:/Users/nhantt/STM32Cube/Repository/STM32Cube_FW_F4_V1.26.0/Middlewares/Third_Party/LwIP/src/core/init.c ****  */
   6:/Users/nhantt/STM32Cube/Repository/STM32Cube_FW_F4_V1.26.0/Middlewares/Third_Party/LwIP/src/core/init.c **** 
   7:/Users/nhantt/STM32Cube/Repository/STM32Cube_FW_F4_V1.26.0/Middlewares/Third_Party/LwIP/src/core/init.c **** /*
   8:/Users/nhantt/STM32Cube/Repository/STM32Cube_FW_F4_V1.26.0/Middlewares/Third_Party/LwIP/src/core/init.c ****  * Copyright (c) 2001-2004 Swedish Institute of Computer Science.
   9:/Users/nhantt/STM32Cube/Repository/STM32Cube_FW_F4_V1.26.0/Middlewares/Third_Party/LwIP/src/core/init.c ****  * All rights reserved.
  10:/Users/nhantt/STM32Cube/Repository/STM32Cube_FW_F4_V1.26.0/Middlewares/Third_Party/LwIP/src/core/init.c ****  *
  11:/Users/nhantt/STM32Cube/Repository/STM32Cube_FW_F4_V1.26.0/Middlewares/Third_Party/LwIP/src/core/init.c ****  * Redistribution and use in source and binary forms, with or without modification,
  12:/Users/nhantt/STM32Cube/Repository/STM32Cube_FW_F4_V1.26.0/Middlewares/Third_Party/LwIP/src/core/init.c ****  * are permitted provided that the following conditions are met:
  13:/Users/nhantt/STM32Cube/Repository/STM32Cube_FW_F4_V1.26.0/Middlewares/Third_Party/LwIP/src/core/init.c ****  *
  14:/Users/nhantt/STM32Cube/Repository/STM32Cube_FW_F4_V1.26.0/Middlewares/Third_Party/LwIP/src/core/init.c ****  * 1. Redistributions of source code must retain the above copyright notice,
  15:/Users/nhantt/STM32Cube/Repository/STM32Cube_FW_F4_V1.26.0/Middlewares/Third_Party/LwIP/src/core/init.c ****  *    this list of conditions and the following disclaimer.
  16:/Users/nhantt/STM32Cube/Repository/STM32Cube_FW_F4_V1.26.0/Middlewares/Third_Party/LwIP/src/core/init.c ****  * 2. Redistributions in binary form must reproduce the above copyright notice,
  17:/Users/nhantt/STM32Cube/Repository/STM32Cube_FW_F4_V1.26.0/Middlewares/Third_Party/LwIP/src/core/init.c ****  *    this list of conditions and the following disclaimer in the documentation
  18:/Users/nhantt/STM32Cube/Repository/STM32Cube_FW_F4_V1.26.0/Middlewares/Third_Party/LwIP/src/core/init.c ****  *    and/or other materials provided with the distribution.
  19:/Users/nhantt/STM32Cube/Repository/STM32Cube_FW_F4_V1.26.0/Middlewares/Third_Party/LwIP/src/core/init.c ****  * 3. The name of the author may not be used to endorse or promote products
  20:/Users/nhantt/STM32Cube/Repository/STM32Cube_FW_F4_V1.26.0/Middlewares/Third_Party/LwIP/src/core/init.c ****  *    derived from this software without specific prior written permission.
  21:/Users/nhantt/STM32Cube/Repository/STM32Cube_FW_F4_V1.26.0/Middlewares/Third_Party/LwIP/src/core/init.c ****  *
  22:/Users/nhantt/STM32Cube/Repository/STM32Cube_FW_F4_V1.26.0/Middlewares/Third_Party/LwIP/src/core/init.c ****  * THIS SOFTWARE IS PROVIDED BY THE AUTHOR ``AS IS'' AND ANY EXPRESS OR IMPLIED
  23:/Users/nhantt/STM32Cube/Repository/STM32Cube_FW_F4_V1.26.0/Middlewares/Third_Party/LwIP/src/core/init.c ****  * WARRANTIES, INCLUDING, BUT NOT LIMITED TO, THE IMPLIED WARRANTIES OF
  24:/Users/nhantt/STM32Cube/Repository/STM32Cube_FW_F4_V1.26.0/Middlewares/Third_Party/LwIP/src/core/init.c ****  * MERCHANTABILITY AND FITNESS FOR A PARTICULAR PURPOSE ARE DISCLAIMED. IN NO EVENT
  25:/Users/nhantt/STM32Cube/Repository/STM32Cube_FW_F4_V1.26.0/Middlewares/Third_Party/LwIP/src/core/init.c ****  * SHALL THE AUTHOR BE LIABLE FOR ANY DIRECT, INDIRECT, INCIDENTAL, SPECIAL,
  26:/Users/nhantt/STM32Cube/Repository/STM32Cube_FW_F4_V1.26.0/Middlewares/Third_Party/LwIP/src/core/init.c ****  * EXEMPLARY, OR CONSEQUENTIAL DAMAGES (INCLUDING, BUT NOT LIMITED TO, PROCUREMENT
  27:/Users/nhantt/STM32Cube/Repository/STM32Cube_FW_F4_V1.26.0/Middlewares/Third_Party/LwIP/src/core/init.c ****  * OF SUBSTITUTE GOODS OR SERVICES; LOSS OF USE, DATA, OR PROFITS; OR BUSINESS
  28:/Users/nhantt/STM32Cube/Repository/STM32Cube_FW_F4_V1.26.0/Middlewares/Third_Party/LwIP/src/core/init.c ****  * INTERRUPTION) HOWEVER CAUSED AND ON ANY THEORY OF LIABILITY, WHETHER IN
  29:/Users/nhantt/STM32Cube/Repository/STM32Cube_FW_F4_V1.26.0/Middlewares/Third_Party/LwIP/src/core/init.c ****  * CONTRACT, STRICT LIABILITY, OR TORT (INCLUDING NEGLIGENCE OR OTHERWISE) ARISING
  30:/Users/nhantt/STM32Cube/Repository/STM32Cube_FW_F4_V1.26.0/Middlewares/Third_Party/LwIP/src/core/init.c ****  * IN ANY WAY OUT OF THE USE OF THIS SOFTWARE, EVEN IF ADVISED OF THE POSSIBILITY
ARM GAS  /var/folders/k2/cd9bl_j17z77g23y6ffqb_400000gn/T//cccUFsoH.s 			page 2


  31:/Users/nhantt/STM32Cube/Repository/STM32Cube_FW_F4_V1.26.0/Middlewares/Third_Party/LwIP/src/core/init.c ****  * OF SUCH DAMAGE.
  32:/Users/nhantt/STM32Cube/Repository/STM32Cube_FW_F4_V1.26.0/Middlewares/Third_Party/LwIP/src/core/init.c ****  *
  33:/Users/nhantt/STM32Cube/Repository/STM32Cube_FW_F4_V1.26.0/Middlewares/Third_Party/LwIP/src/core/init.c ****  * This file is part of the lwIP TCP/IP stack.
  34:/Users/nhantt/STM32Cube/Repository/STM32Cube_FW_F4_V1.26.0/Middlewares/Third_Party/LwIP/src/core/init.c ****  *
  35:/Users/nhantt/STM32Cube/Repository/STM32Cube_FW_F4_V1.26.0/Middlewares/Third_Party/LwIP/src/core/init.c ****  * Author: Adam Dunkels <adam@sics.se>
  36:/Users/nhantt/STM32Cube/Repository/STM32Cube_FW_F4_V1.26.0/Middlewares/Third_Party/LwIP/src/core/init.c ****  */
  37:/Users/nhantt/STM32Cube/Repository/STM32Cube_FW_F4_V1.26.0/Middlewares/Third_Party/LwIP/src/core/init.c **** 
  38:/Users/nhantt/STM32Cube/Repository/STM32Cube_FW_F4_V1.26.0/Middlewares/Third_Party/LwIP/src/core/init.c **** #include "lwip/opt.h"
  39:/Users/nhantt/STM32Cube/Repository/STM32Cube_FW_F4_V1.26.0/Middlewares/Third_Party/LwIP/src/core/init.c **** 
  40:/Users/nhantt/STM32Cube/Repository/STM32Cube_FW_F4_V1.26.0/Middlewares/Third_Party/LwIP/src/core/init.c **** #include "lwip/init.h"
  41:/Users/nhantt/STM32Cube/Repository/STM32Cube_FW_F4_V1.26.0/Middlewares/Third_Party/LwIP/src/core/init.c **** #include "lwip/stats.h"
  42:/Users/nhantt/STM32Cube/Repository/STM32Cube_FW_F4_V1.26.0/Middlewares/Third_Party/LwIP/src/core/init.c **** #include "lwip/sys.h"
  43:/Users/nhantt/STM32Cube/Repository/STM32Cube_FW_F4_V1.26.0/Middlewares/Third_Party/LwIP/src/core/init.c **** #include "lwip/mem.h"
  44:/Users/nhantt/STM32Cube/Repository/STM32Cube_FW_F4_V1.26.0/Middlewares/Third_Party/LwIP/src/core/init.c **** #include "lwip/memp.h"
  45:/Users/nhantt/STM32Cube/Repository/STM32Cube_FW_F4_V1.26.0/Middlewares/Third_Party/LwIP/src/core/init.c **** #include "lwip/pbuf.h"
  46:/Users/nhantt/STM32Cube/Repository/STM32Cube_FW_F4_V1.26.0/Middlewares/Third_Party/LwIP/src/core/init.c **** #include "lwip/netif.h"
  47:/Users/nhantt/STM32Cube/Repository/STM32Cube_FW_F4_V1.26.0/Middlewares/Third_Party/LwIP/src/core/init.c **** #include "lwip/sockets.h"
  48:/Users/nhantt/STM32Cube/Repository/STM32Cube_FW_F4_V1.26.0/Middlewares/Third_Party/LwIP/src/core/init.c **** #include "lwip/ip.h"
  49:/Users/nhantt/STM32Cube/Repository/STM32Cube_FW_F4_V1.26.0/Middlewares/Third_Party/LwIP/src/core/init.c **** #include "lwip/raw.h"
  50:/Users/nhantt/STM32Cube/Repository/STM32Cube_FW_F4_V1.26.0/Middlewares/Third_Party/LwIP/src/core/init.c **** #include "lwip/udp.h"
  51:/Users/nhantt/STM32Cube/Repository/STM32Cube_FW_F4_V1.26.0/Middlewares/Third_Party/LwIP/src/core/init.c **** #include "lwip/priv/tcp_priv.h"
  52:/Users/nhantt/STM32Cube/Repository/STM32Cube_FW_F4_V1.26.0/Middlewares/Third_Party/LwIP/src/core/init.c **** #include "lwip/igmp.h"
  53:/Users/nhantt/STM32Cube/Repository/STM32Cube_FW_F4_V1.26.0/Middlewares/Third_Party/LwIP/src/core/init.c **** #include "lwip/dns.h"
  54:/Users/nhantt/STM32Cube/Repository/STM32Cube_FW_F4_V1.26.0/Middlewares/Third_Party/LwIP/src/core/init.c **** #include "lwip/timeouts.h"
  55:/Users/nhantt/STM32Cube/Repository/STM32Cube_FW_F4_V1.26.0/Middlewares/Third_Party/LwIP/src/core/init.c **** #include "lwip/etharp.h"
  56:/Users/nhantt/STM32Cube/Repository/STM32Cube_FW_F4_V1.26.0/Middlewares/Third_Party/LwIP/src/core/init.c **** #include "lwip/ip6.h"
  57:/Users/nhantt/STM32Cube/Repository/STM32Cube_FW_F4_V1.26.0/Middlewares/Third_Party/LwIP/src/core/init.c **** #include "lwip/nd6.h"
  58:/Users/nhantt/STM32Cube/Repository/STM32Cube_FW_F4_V1.26.0/Middlewares/Third_Party/LwIP/src/core/init.c **** #include "lwip/mld6.h"
  59:/Users/nhantt/STM32Cube/Repository/STM32Cube_FW_F4_V1.26.0/Middlewares/Third_Party/LwIP/src/core/init.c **** #include "lwip/api.h"
  60:/Users/nhantt/STM32Cube/Repository/STM32Cube_FW_F4_V1.26.0/Middlewares/Third_Party/LwIP/src/core/init.c **** 
  61:/Users/nhantt/STM32Cube/Repository/STM32Cube_FW_F4_V1.26.0/Middlewares/Third_Party/LwIP/src/core/init.c **** #include "netif/ppp/ppp_opts.h"
  62:/Users/nhantt/STM32Cube/Repository/STM32Cube_FW_F4_V1.26.0/Middlewares/Third_Party/LwIP/src/core/init.c **** #include "netif/ppp/ppp_impl.h"
  63:/Users/nhantt/STM32Cube/Repository/STM32Cube_FW_F4_V1.26.0/Middlewares/Third_Party/LwIP/src/core/init.c **** 
  64:/Users/nhantt/STM32Cube/Repository/STM32Cube_FW_F4_V1.26.0/Middlewares/Third_Party/LwIP/src/core/init.c **** #ifndef LWIP_SKIP_PACKING_CHECK
  65:/Users/nhantt/STM32Cube/Repository/STM32Cube_FW_F4_V1.26.0/Middlewares/Third_Party/LwIP/src/core/init.c **** 
  66:/Users/nhantt/STM32Cube/Repository/STM32Cube_FW_F4_V1.26.0/Middlewares/Third_Party/LwIP/src/core/init.c **** #ifdef PACK_STRUCT_USE_INCLUDES
  67:/Users/nhantt/STM32Cube/Repository/STM32Cube_FW_F4_V1.26.0/Middlewares/Third_Party/LwIP/src/core/init.c **** #  include "arch/bpstruct.h"
  68:/Users/nhantt/STM32Cube/Repository/STM32Cube_FW_F4_V1.26.0/Middlewares/Third_Party/LwIP/src/core/init.c **** #endif
  69:/Users/nhantt/STM32Cube/Repository/STM32Cube_FW_F4_V1.26.0/Middlewares/Third_Party/LwIP/src/core/init.c **** PACK_STRUCT_BEGIN
  70:/Users/nhantt/STM32Cube/Repository/STM32Cube_FW_F4_V1.26.0/Middlewares/Third_Party/LwIP/src/core/init.c **** struct packed_struct_test {
  71:/Users/nhantt/STM32Cube/Repository/STM32Cube_FW_F4_V1.26.0/Middlewares/Third_Party/LwIP/src/core/init.c ****   PACK_STRUCT_FLD_8(u8_t  dummy1);
  72:/Users/nhantt/STM32Cube/Repository/STM32Cube_FW_F4_V1.26.0/Middlewares/Third_Party/LwIP/src/core/init.c ****   PACK_STRUCT_FIELD(u32_t dummy2);
  73:/Users/nhantt/STM32Cube/Repository/STM32Cube_FW_F4_V1.26.0/Middlewares/Third_Party/LwIP/src/core/init.c **** } PACK_STRUCT_STRUCT;
  74:/Users/nhantt/STM32Cube/Repository/STM32Cube_FW_F4_V1.26.0/Middlewares/Third_Party/LwIP/src/core/init.c **** PACK_STRUCT_END
  75:/Users/nhantt/STM32Cube/Repository/STM32Cube_FW_F4_V1.26.0/Middlewares/Third_Party/LwIP/src/core/init.c **** #ifdef PACK_STRUCT_USE_INCLUDES
  76:/Users/nhantt/STM32Cube/Repository/STM32Cube_FW_F4_V1.26.0/Middlewares/Third_Party/LwIP/src/core/init.c **** #  include "arch/epstruct.h"
  77:/Users/nhantt/STM32Cube/Repository/STM32Cube_FW_F4_V1.26.0/Middlewares/Third_Party/LwIP/src/core/init.c **** #endif
  78:/Users/nhantt/STM32Cube/Repository/STM32Cube_FW_F4_V1.26.0/Middlewares/Third_Party/LwIP/src/core/init.c **** #define PACKED_STRUCT_TEST_EXPECTED_SIZE 5
  79:/Users/nhantt/STM32Cube/Repository/STM32Cube_FW_F4_V1.26.0/Middlewares/Third_Party/LwIP/src/core/init.c **** 
  80:/Users/nhantt/STM32Cube/Repository/STM32Cube_FW_F4_V1.26.0/Middlewares/Third_Party/LwIP/src/core/init.c **** #endif
  81:/Users/nhantt/STM32Cube/Repository/STM32Cube_FW_F4_V1.26.0/Middlewares/Third_Party/LwIP/src/core/init.c **** 
  82:/Users/nhantt/STM32Cube/Repository/STM32Cube_FW_F4_V1.26.0/Middlewares/Third_Party/LwIP/src/core/init.c **** /* Compile-time sanity checks for configuration errors.
  83:/Users/nhantt/STM32Cube/Repository/STM32Cube_FW_F4_V1.26.0/Middlewares/Third_Party/LwIP/src/core/init.c ****  * These can be done independently of LWIP_DEBUG, without penalty.
  84:/Users/nhantt/STM32Cube/Repository/STM32Cube_FW_F4_V1.26.0/Middlewares/Third_Party/LwIP/src/core/init.c ****  */
  85:/Users/nhantt/STM32Cube/Repository/STM32Cube_FW_F4_V1.26.0/Middlewares/Third_Party/LwIP/src/core/init.c **** #ifndef BYTE_ORDER
  86:/Users/nhantt/STM32Cube/Repository/STM32Cube_FW_F4_V1.26.0/Middlewares/Third_Party/LwIP/src/core/init.c **** #error "BYTE_ORDER is not defined, you have to define it in your cc.h"
  87:/Users/nhantt/STM32Cube/Repository/STM32Cube_FW_F4_V1.26.0/Middlewares/Third_Party/LwIP/src/core/init.c **** #endif
ARM GAS  /var/folders/k2/cd9bl_j17z77g23y6ffqb_400000gn/T//cccUFsoH.s 			page 3


  88:/Users/nhantt/STM32Cube/Repository/STM32Cube_FW_F4_V1.26.0/Middlewares/Third_Party/LwIP/src/core/init.c **** #if (!IP_SOF_BROADCAST && IP_SOF_BROADCAST_RECV)
  89:/Users/nhantt/STM32Cube/Repository/STM32Cube_FW_F4_V1.26.0/Middlewares/Third_Party/LwIP/src/core/init.c **** #error "If you want to use broadcast filter per pcb on recv operations, you have to define IP_SOF_B
  90:/Users/nhantt/STM32Cube/Repository/STM32Cube_FW_F4_V1.26.0/Middlewares/Third_Party/LwIP/src/core/init.c **** #endif
  91:/Users/nhantt/STM32Cube/Repository/STM32Cube_FW_F4_V1.26.0/Middlewares/Third_Party/LwIP/src/core/init.c **** #if (!LWIP_UDP && LWIP_UDPLITE)
  92:/Users/nhantt/STM32Cube/Repository/STM32Cube_FW_F4_V1.26.0/Middlewares/Third_Party/LwIP/src/core/init.c **** #error "If you want to use UDP Lite, you have to define LWIP_UDP=1 in your lwipopts.h"
  93:/Users/nhantt/STM32Cube/Repository/STM32Cube_FW_F4_V1.26.0/Middlewares/Third_Party/LwIP/src/core/init.c **** #endif
  94:/Users/nhantt/STM32Cube/Repository/STM32Cube_FW_F4_V1.26.0/Middlewares/Third_Party/LwIP/src/core/init.c **** #if (!LWIP_UDP && LWIP_DHCP)
  95:/Users/nhantt/STM32Cube/Repository/STM32Cube_FW_F4_V1.26.0/Middlewares/Third_Party/LwIP/src/core/init.c **** #error "If you want to use DHCP, you have to define LWIP_UDP=1 in your lwipopts.h"
  96:/Users/nhantt/STM32Cube/Repository/STM32Cube_FW_F4_V1.26.0/Middlewares/Third_Party/LwIP/src/core/init.c **** #endif
  97:/Users/nhantt/STM32Cube/Repository/STM32Cube_FW_F4_V1.26.0/Middlewares/Third_Party/LwIP/src/core/init.c **** #if (!LWIP_UDP && !LWIP_RAW && LWIP_MULTICAST_TX_OPTIONS)
  98:/Users/nhantt/STM32Cube/Repository/STM32Cube_FW_F4_V1.26.0/Middlewares/Third_Party/LwIP/src/core/init.c **** #error "If you want to use LWIP_MULTICAST_TX_OPTIONS, you have to define LWIP_UDP=1 and/or LWIP_RAW
  99:/Users/nhantt/STM32Cube/Repository/STM32Cube_FW_F4_V1.26.0/Middlewares/Third_Party/LwIP/src/core/init.c **** #endif
 100:/Users/nhantt/STM32Cube/Repository/STM32Cube_FW_F4_V1.26.0/Middlewares/Third_Party/LwIP/src/core/init.c **** #if (!LWIP_UDP && LWIP_DNS)
 101:/Users/nhantt/STM32Cube/Repository/STM32Cube_FW_F4_V1.26.0/Middlewares/Third_Party/LwIP/src/core/init.c **** #error "If you want to use DNS, you have to define LWIP_UDP=1 in your lwipopts.h"
 102:/Users/nhantt/STM32Cube/Repository/STM32Cube_FW_F4_V1.26.0/Middlewares/Third_Party/LwIP/src/core/init.c **** #endif
 103:/Users/nhantt/STM32Cube/Repository/STM32Cube_FW_F4_V1.26.0/Middlewares/Third_Party/LwIP/src/core/init.c **** #if !MEMP_MEM_MALLOC /* MEMP_NUM_* checks are disabled when not using the pool allocator */
 104:/Users/nhantt/STM32Cube/Repository/STM32Cube_FW_F4_V1.26.0/Middlewares/Third_Party/LwIP/src/core/init.c **** #if (LWIP_ARP && ARP_QUEUEING && (MEMP_NUM_ARP_QUEUE<=0))
 105:/Users/nhantt/STM32Cube/Repository/STM32Cube_FW_F4_V1.26.0/Middlewares/Third_Party/LwIP/src/core/init.c **** #error "If you want to use ARP Queueing, you have to define MEMP_NUM_ARP_QUEUE>=1 in your lwipopts.
 106:/Users/nhantt/STM32Cube/Repository/STM32Cube_FW_F4_V1.26.0/Middlewares/Third_Party/LwIP/src/core/init.c **** #endif
 107:/Users/nhantt/STM32Cube/Repository/STM32Cube_FW_F4_V1.26.0/Middlewares/Third_Party/LwIP/src/core/init.c **** #if (LWIP_RAW && (MEMP_NUM_RAW_PCB<=0))
 108:/Users/nhantt/STM32Cube/Repository/STM32Cube_FW_F4_V1.26.0/Middlewares/Third_Party/LwIP/src/core/init.c **** #error "If you want to use RAW, you have to define MEMP_NUM_RAW_PCB>=1 in your lwipopts.h"
 109:/Users/nhantt/STM32Cube/Repository/STM32Cube_FW_F4_V1.26.0/Middlewares/Third_Party/LwIP/src/core/init.c **** #endif
 110:/Users/nhantt/STM32Cube/Repository/STM32Cube_FW_F4_V1.26.0/Middlewares/Third_Party/LwIP/src/core/init.c **** #if (LWIP_UDP && (MEMP_NUM_UDP_PCB<=0))
 111:/Users/nhantt/STM32Cube/Repository/STM32Cube_FW_F4_V1.26.0/Middlewares/Third_Party/LwIP/src/core/init.c **** #error "If you want to use UDP, you have to define MEMP_NUM_UDP_PCB>=1 in your lwipopts.h"
 112:/Users/nhantt/STM32Cube/Repository/STM32Cube_FW_F4_V1.26.0/Middlewares/Third_Party/LwIP/src/core/init.c **** #endif
 113:/Users/nhantt/STM32Cube/Repository/STM32Cube_FW_F4_V1.26.0/Middlewares/Third_Party/LwIP/src/core/init.c **** #if (LWIP_TCP && (MEMP_NUM_TCP_PCB<=0))
 114:/Users/nhantt/STM32Cube/Repository/STM32Cube_FW_F4_V1.26.0/Middlewares/Third_Party/LwIP/src/core/init.c **** #error "If you want to use TCP, you have to define MEMP_NUM_TCP_PCB>=1 in your lwipopts.h"
 115:/Users/nhantt/STM32Cube/Repository/STM32Cube_FW_F4_V1.26.0/Middlewares/Third_Party/LwIP/src/core/init.c **** #endif
 116:/Users/nhantt/STM32Cube/Repository/STM32Cube_FW_F4_V1.26.0/Middlewares/Third_Party/LwIP/src/core/init.c **** #if (LWIP_IGMP && (MEMP_NUM_IGMP_GROUP<=1))
 117:/Users/nhantt/STM32Cube/Repository/STM32Cube_FW_F4_V1.26.0/Middlewares/Third_Party/LwIP/src/core/init.c **** #error "If you want to use IGMP, you have to define MEMP_NUM_IGMP_GROUP>1 in your lwipopts.h"
 118:/Users/nhantt/STM32Cube/Repository/STM32Cube_FW_F4_V1.26.0/Middlewares/Third_Party/LwIP/src/core/init.c **** #endif
 119:/Users/nhantt/STM32Cube/Repository/STM32Cube_FW_F4_V1.26.0/Middlewares/Third_Party/LwIP/src/core/init.c **** #if (LWIP_IGMP && !LWIP_MULTICAST_TX_OPTIONS)
 120:/Users/nhantt/STM32Cube/Repository/STM32Cube_FW_F4_V1.26.0/Middlewares/Third_Party/LwIP/src/core/init.c **** #error "If you want to use IGMP, you have to define LWIP_MULTICAST_TX_OPTIONS==1 in your lwipopts.h
 121:/Users/nhantt/STM32Cube/Repository/STM32Cube_FW_F4_V1.26.0/Middlewares/Third_Party/LwIP/src/core/init.c **** #endif
 122:/Users/nhantt/STM32Cube/Repository/STM32Cube_FW_F4_V1.26.0/Middlewares/Third_Party/LwIP/src/core/init.c **** #if (LWIP_IGMP && !LWIP_IPV4)
 123:/Users/nhantt/STM32Cube/Repository/STM32Cube_FW_F4_V1.26.0/Middlewares/Third_Party/LwIP/src/core/init.c **** #error "IGMP needs LWIP_IPV4 enabled in your lwipopts.h"
 124:/Users/nhantt/STM32Cube/Repository/STM32Cube_FW_F4_V1.26.0/Middlewares/Third_Party/LwIP/src/core/init.c **** #endif
 125:/Users/nhantt/STM32Cube/Repository/STM32Cube_FW_F4_V1.26.0/Middlewares/Third_Party/LwIP/src/core/init.c **** #if ((LWIP_NETCONN || LWIP_SOCKET) && (MEMP_NUM_TCPIP_MSG_API<=0))
 126:/Users/nhantt/STM32Cube/Repository/STM32Cube_FW_F4_V1.26.0/Middlewares/Third_Party/LwIP/src/core/init.c **** #error "If you want to use Sequential API, you have to define MEMP_NUM_TCPIP_MSG_API>=1 in your lwi
 127:/Users/nhantt/STM32Cube/Repository/STM32Cube_FW_F4_V1.26.0/Middlewares/Third_Party/LwIP/src/core/init.c **** #endif
 128:/Users/nhantt/STM32Cube/Repository/STM32Cube_FW_F4_V1.26.0/Middlewares/Third_Party/LwIP/src/core/init.c **** /* There must be sufficient timeouts, taking into account requirements of the subsystems. */
 129:/Users/nhantt/STM32Cube/Repository/STM32Cube_FW_F4_V1.26.0/Middlewares/Third_Party/LwIP/src/core/init.c **** #if LWIP_TIMERS && (MEMP_NUM_SYS_TIMEOUT < LWIP_NUM_SYS_TIMEOUT_INTERNAL)
 130:/Users/nhantt/STM32Cube/Repository/STM32Cube_FW_F4_V1.26.0/Middlewares/Third_Party/LwIP/src/core/init.c **** #error "MEMP_NUM_SYS_TIMEOUT is too low to accomodate all required timeouts"
 131:/Users/nhantt/STM32Cube/Repository/STM32Cube_FW_F4_V1.26.0/Middlewares/Third_Party/LwIP/src/core/init.c **** #endif
 132:/Users/nhantt/STM32Cube/Repository/STM32Cube_FW_F4_V1.26.0/Middlewares/Third_Party/LwIP/src/core/init.c **** #if (IP_REASSEMBLY && (MEMP_NUM_REASSDATA > IP_REASS_MAX_PBUFS))
 133:/Users/nhantt/STM32Cube/Repository/STM32Cube_FW_F4_V1.26.0/Middlewares/Third_Party/LwIP/src/core/init.c **** #error "MEMP_NUM_REASSDATA > IP_REASS_MAX_PBUFS doesn't make sense since each struct ip_reassdata m
 134:/Users/nhantt/STM32Cube/Repository/STM32Cube_FW_F4_V1.26.0/Middlewares/Third_Party/LwIP/src/core/init.c **** #endif
 135:/Users/nhantt/STM32Cube/Repository/STM32Cube_FW_F4_V1.26.0/Middlewares/Third_Party/LwIP/src/core/init.c **** #endif /* !MEMP_MEM_MALLOC */
 136:/Users/nhantt/STM32Cube/Repository/STM32Cube_FW_F4_V1.26.0/Middlewares/Third_Party/LwIP/src/core/init.c **** #if LWIP_WND_SCALE
 137:/Users/nhantt/STM32Cube/Repository/STM32Cube_FW_F4_V1.26.0/Middlewares/Third_Party/LwIP/src/core/init.c **** #if (LWIP_TCP && (TCP_WND > 0xffffffff))
 138:/Users/nhantt/STM32Cube/Repository/STM32Cube_FW_F4_V1.26.0/Middlewares/Third_Party/LwIP/src/core/init.c **** #error "If you want to use TCP, TCP_WND must fit in an u32_t, so, you have to reduce it in your lwi
 139:/Users/nhantt/STM32Cube/Repository/STM32Cube_FW_F4_V1.26.0/Middlewares/Third_Party/LwIP/src/core/init.c **** #endif
 140:/Users/nhantt/STM32Cube/Repository/STM32Cube_FW_F4_V1.26.0/Middlewares/Third_Party/LwIP/src/core/init.c **** #if (LWIP_TCP && (TCP_RCV_SCALE > 14))
 141:/Users/nhantt/STM32Cube/Repository/STM32Cube_FW_F4_V1.26.0/Middlewares/Third_Party/LwIP/src/core/init.c **** #error "The maximum valid window scale value is 14!"
 142:/Users/nhantt/STM32Cube/Repository/STM32Cube_FW_F4_V1.26.0/Middlewares/Third_Party/LwIP/src/core/init.c **** #endif
 143:/Users/nhantt/STM32Cube/Repository/STM32Cube_FW_F4_V1.26.0/Middlewares/Third_Party/LwIP/src/core/init.c **** #if (LWIP_TCP && (TCP_WND > (0xFFFFU << TCP_RCV_SCALE)))
 144:/Users/nhantt/STM32Cube/Repository/STM32Cube_FW_F4_V1.26.0/Middlewares/Third_Party/LwIP/src/core/init.c **** #error "TCP_WND is bigger than the configured LWIP_WND_SCALE allows!"
ARM GAS  /var/folders/k2/cd9bl_j17z77g23y6ffqb_400000gn/T//cccUFsoH.s 			page 4


 145:/Users/nhantt/STM32Cube/Repository/STM32Cube_FW_F4_V1.26.0/Middlewares/Third_Party/LwIP/src/core/init.c **** #endif
 146:/Users/nhantt/STM32Cube/Repository/STM32Cube_FW_F4_V1.26.0/Middlewares/Third_Party/LwIP/src/core/init.c **** #if (LWIP_TCP && ((TCP_WND >> TCP_RCV_SCALE) == 0))
 147:/Users/nhantt/STM32Cube/Repository/STM32Cube_FW_F4_V1.26.0/Middlewares/Third_Party/LwIP/src/core/init.c **** #error "TCP_WND is too small for the configured LWIP_WND_SCALE (results in zero window)!"
 148:/Users/nhantt/STM32Cube/Repository/STM32Cube_FW_F4_V1.26.0/Middlewares/Third_Party/LwIP/src/core/init.c **** #endif
 149:/Users/nhantt/STM32Cube/Repository/STM32Cube_FW_F4_V1.26.0/Middlewares/Third_Party/LwIP/src/core/init.c **** #else /* LWIP_WND_SCALE */
 150:/Users/nhantt/STM32Cube/Repository/STM32Cube_FW_F4_V1.26.0/Middlewares/Third_Party/LwIP/src/core/init.c **** #if (LWIP_TCP && (TCP_WND > 0xffff))
 151:/Users/nhantt/STM32Cube/Repository/STM32Cube_FW_F4_V1.26.0/Middlewares/Third_Party/LwIP/src/core/init.c **** #error "If you want to use TCP, TCP_WND must fit in an u16_t, so, you have to reduce it in your lwi
 152:/Users/nhantt/STM32Cube/Repository/STM32Cube_FW_F4_V1.26.0/Middlewares/Third_Party/LwIP/src/core/init.c **** #endif
 153:/Users/nhantt/STM32Cube/Repository/STM32Cube_FW_F4_V1.26.0/Middlewares/Third_Party/LwIP/src/core/init.c **** #endif /* LWIP_WND_SCALE */
 154:/Users/nhantt/STM32Cube/Repository/STM32Cube_FW_F4_V1.26.0/Middlewares/Third_Party/LwIP/src/core/init.c **** #if (LWIP_TCP && (TCP_SND_QUEUELEN > 0xffff))
 155:/Users/nhantt/STM32Cube/Repository/STM32Cube_FW_F4_V1.26.0/Middlewares/Third_Party/LwIP/src/core/init.c **** #error "If you want to use TCP, TCP_SND_QUEUELEN must fit in an u16_t, so, you have to reduce it in
 156:/Users/nhantt/STM32Cube/Repository/STM32Cube_FW_F4_V1.26.0/Middlewares/Third_Party/LwIP/src/core/init.c **** #endif
 157:/Users/nhantt/STM32Cube/Repository/STM32Cube_FW_F4_V1.26.0/Middlewares/Third_Party/LwIP/src/core/init.c **** #if (LWIP_TCP && (TCP_SND_QUEUELEN < 2))
 158:/Users/nhantt/STM32Cube/Repository/STM32Cube_FW_F4_V1.26.0/Middlewares/Third_Party/LwIP/src/core/init.c **** #error "TCP_SND_QUEUELEN must be at least 2 for no-copy TCP writes to work"
 159:/Users/nhantt/STM32Cube/Repository/STM32Cube_FW_F4_V1.26.0/Middlewares/Third_Party/LwIP/src/core/init.c **** #endif
 160:/Users/nhantt/STM32Cube/Repository/STM32Cube_FW_F4_V1.26.0/Middlewares/Third_Party/LwIP/src/core/init.c **** #if (LWIP_TCP && ((TCP_MAXRTX > 12) || (TCP_SYNMAXRTX > 12)))
 161:/Users/nhantt/STM32Cube/Repository/STM32Cube_FW_F4_V1.26.0/Middlewares/Third_Party/LwIP/src/core/init.c **** #error "If you want to use TCP, TCP_MAXRTX and TCP_SYNMAXRTX must less or equal to 12 (due to tcp_b
 162:/Users/nhantt/STM32Cube/Repository/STM32Cube_FW_F4_V1.26.0/Middlewares/Third_Party/LwIP/src/core/init.c **** #endif
 163:/Users/nhantt/STM32Cube/Repository/STM32Cube_FW_F4_V1.26.0/Middlewares/Third_Party/LwIP/src/core/init.c **** #if (LWIP_TCP && TCP_LISTEN_BACKLOG && ((TCP_DEFAULT_LISTEN_BACKLOG < 0) || (TCP_DEFAULT_LISTEN_BAC
 164:/Users/nhantt/STM32Cube/Repository/STM32Cube_FW_F4_V1.26.0/Middlewares/Third_Party/LwIP/src/core/init.c **** #error "If you want to use TCP backlog, TCP_DEFAULT_LISTEN_BACKLOG must fit into an u8_t"
 165:/Users/nhantt/STM32Cube/Repository/STM32Cube_FW_F4_V1.26.0/Middlewares/Third_Party/LwIP/src/core/init.c **** #endif
 166:/Users/nhantt/STM32Cube/Repository/STM32Cube_FW_F4_V1.26.0/Middlewares/Third_Party/LwIP/src/core/init.c **** #if (LWIP_TCP && LWIP_TCP_SACK_OUT && !TCP_QUEUE_OOSEQ)
 167:/Users/nhantt/STM32Cube/Repository/STM32Cube_FW_F4_V1.26.0/Middlewares/Third_Party/LwIP/src/core/init.c **** #error "To use LWIP_TCP_SACK_OUT, TCP_QUEUE_OOSEQ needs to be enabled"
 168:/Users/nhantt/STM32Cube/Repository/STM32Cube_FW_F4_V1.26.0/Middlewares/Third_Party/LwIP/src/core/init.c **** #endif
 169:/Users/nhantt/STM32Cube/Repository/STM32Cube_FW_F4_V1.26.0/Middlewares/Third_Party/LwIP/src/core/init.c **** #if (LWIP_TCP && LWIP_TCP_SACK_OUT && (LWIP_TCP_MAX_SACK_NUM < 1))
 170:/Users/nhantt/STM32Cube/Repository/STM32Cube_FW_F4_V1.26.0/Middlewares/Third_Party/LwIP/src/core/init.c **** #error "LWIP_TCP_MAX_SACK_NUM must be greater than 0"
 171:/Users/nhantt/STM32Cube/Repository/STM32Cube_FW_F4_V1.26.0/Middlewares/Third_Party/LwIP/src/core/init.c **** #endif
 172:/Users/nhantt/STM32Cube/Repository/STM32Cube_FW_F4_V1.26.0/Middlewares/Third_Party/LwIP/src/core/init.c **** #if (LWIP_NETIF_API && (NO_SYS==1))
 173:/Users/nhantt/STM32Cube/Repository/STM32Cube_FW_F4_V1.26.0/Middlewares/Third_Party/LwIP/src/core/init.c **** #error "If you want to use NETIF API, you have to define NO_SYS=0 in your lwipopts.h"
 174:/Users/nhantt/STM32Cube/Repository/STM32Cube_FW_F4_V1.26.0/Middlewares/Third_Party/LwIP/src/core/init.c **** #endif
 175:/Users/nhantt/STM32Cube/Repository/STM32Cube_FW_F4_V1.26.0/Middlewares/Third_Party/LwIP/src/core/init.c **** #if ((LWIP_SOCKET || LWIP_NETCONN) && (NO_SYS==1))
 176:/Users/nhantt/STM32Cube/Repository/STM32Cube_FW_F4_V1.26.0/Middlewares/Third_Party/LwIP/src/core/init.c **** #error "If you want to use Sequential API, you have to define NO_SYS=0 in your lwipopts.h"
 177:/Users/nhantt/STM32Cube/Repository/STM32Cube_FW_F4_V1.26.0/Middlewares/Third_Party/LwIP/src/core/init.c **** #endif
 178:/Users/nhantt/STM32Cube/Repository/STM32Cube_FW_F4_V1.26.0/Middlewares/Third_Party/LwIP/src/core/init.c **** #if (LWIP_PPP_API && (NO_SYS==1))
 179:/Users/nhantt/STM32Cube/Repository/STM32Cube_FW_F4_V1.26.0/Middlewares/Third_Party/LwIP/src/core/init.c **** #error "If you want to use PPP API, you have to define NO_SYS=0 in your lwipopts.h"
 180:/Users/nhantt/STM32Cube/Repository/STM32Cube_FW_F4_V1.26.0/Middlewares/Third_Party/LwIP/src/core/init.c **** #endif
 181:/Users/nhantt/STM32Cube/Repository/STM32Cube_FW_F4_V1.26.0/Middlewares/Third_Party/LwIP/src/core/init.c **** #if (LWIP_PPP_API && (PPP_SUPPORT==0))
 182:/Users/nhantt/STM32Cube/Repository/STM32Cube_FW_F4_V1.26.0/Middlewares/Third_Party/LwIP/src/core/init.c **** #error "If you want to use PPP API, you have to enable PPP_SUPPORT in your lwipopts.h"
 183:/Users/nhantt/STM32Cube/Repository/STM32Cube_FW_F4_V1.26.0/Middlewares/Third_Party/LwIP/src/core/init.c **** #endif
 184:/Users/nhantt/STM32Cube/Repository/STM32Cube_FW_F4_V1.26.0/Middlewares/Third_Party/LwIP/src/core/init.c **** #if (((!LWIP_DHCP) || (!LWIP_AUTOIP)) && LWIP_DHCP_AUTOIP_COOP)
 185:/Users/nhantt/STM32Cube/Repository/STM32Cube_FW_F4_V1.26.0/Middlewares/Third_Party/LwIP/src/core/init.c **** #error "If you want to use DHCP/AUTOIP cooperation mode, you have to define LWIP_DHCP=1 and LWIP_AU
 186:/Users/nhantt/STM32Cube/Repository/STM32Cube_FW_F4_V1.26.0/Middlewares/Third_Party/LwIP/src/core/init.c **** #endif
 187:/Users/nhantt/STM32Cube/Repository/STM32Cube_FW_F4_V1.26.0/Middlewares/Third_Party/LwIP/src/core/init.c **** #if (((!LWIP_DHCP) || (!LWIP_ARP)) && DHCP_DOES_ARP_CHECK)
 188:/Users/nhantt/STM32Cube/Repository/STM32Cube_FW_F4_V1.26.0/Middlewares/Third_Party/LwIP/src/core/init.c **** #error "If you want to use DHCP ARP checking, you have to define LWIP_DHCP=1 and LWIP_ARP=1 in your
 189:/Users/nhantt/STM32Cube/Repository/STM32Cube_FW_F4_V1.26.0/Middlewares/Third_Party/LwIP/src/core/init.c **** #endif
 190:/Users/nhantt/STM32Cube/Repository/STM32Cube_FW_F4_V1.26.0/Middlewares/Third_Party/LwIP/src/core/init.c **** #if (!LWIP_ARP && LWIP_AUTOIP)
 191:/Users/nhantt/STM32Cube/Repository/STM32Cube_FW_F4_V1.26.0/Middlewares/Third_Party/LwIP/src/core/init.c **** #error "If you want to use AUTOIP, you have to define LWIP_ARP=1 in your lwipopts.h"
 192:/Users/nhantt/STM32Cube/Repository/STM32Cube_FW_F4_V1.26.0/Middlewares/Third_Party/LwIP/src/core/init.c **** #endif
 193:/Users/nhantt/STM32Cube/Repository/STM32Cube_FW_F4_V1.26.0/Middlewares/Third_Party/LwIP/src/core/init.c **** #if (LWIP_TCP && ((LWIP_EVENT_API && LWIP_CALLBACK_API) || (!LWIP_EVENT_API && !LWIP_CALLBACK_API))
 194:/Users/nhantt/STM32Cube/Repository/STM32Cube_FW_F4_V1.26.0/Middlewares/Third_Party/LwIP/src/core/init.c **** #error "One and exactly one of LWIP_EVENT_API and LWIP_CALLBACK_API has to be enabled in your lwipo
 195:/Users/nhantt/STM32Cube/Repository/STM32Cube_FW_F4_V1.26.0/Middlewares/Third_Party/LwIP/src/core/init.c **** #endif
 196:/Users/nhantt/STM32Cube/Repository/STM32Cube_FW_F4_V1.26.0/Middlewares/Third_Party/LwIP/src/core/init.c **** #if (LWIP_ALTCP && LWIP_EVENT_API)
 197:/Users/nhantt/STM32Cube/Repository/STM32Cube_FW_F4_V1.26.0/Middlewares/Third_Party/LwIP/src/core/init.c **** #error "The application layered tcp API does not work with LWIP_EVENT_API"
 198:/Users/nhantt/STM32Cube/Repository/STM32Cube_FW_F4_V1.26.0/Middlewares/Third_Party/LwIP/src/core/init.c **** #endif
 199:/Users/nhantt/STM32Cube/Repository/STM32Cube_FW_F4_V1.26.0/Middlewares/Third_Party/LwIP/src/core/init.c **** #if (MEM_LIBC_MALLOC && MEM_USE_POOLS)
 200:/Users/nhantt/STM32Cube/Repository/STM32Cube_FW_F4_V1.26.0/Middlewares/Third_Party/LwIP/src/core/init.c **** #error "MEM_LIBC_MALLOC and MEM_USE_POOLS may not both be simultaneously enabled in your lwipopts.h
 201:/Users/nhantt/STM32Cube/Repository/STM32Cube_FW_F4_V1.26.0/Middlewares/Third_Party/LwIP/src/core/init.c **** #endif
ARM GAS  /var/folders/k2/cd9bl_j17z77g23y6ffqb_400000gn/T//cccUFsoH.s 			page 5


 202:/Users/nhantt/STM32Cube/Repository/STM32Cube_FW_F4_V1.26.0/Middlewares/Third_Party/LwIP/src/core/init.c **** #if (MEM_USE_POOLS && !MEMP_USE_CUSTOM_POOLS)
 203:/Users/nhantt/STM32Cube/Repository/STM32Cube_FW_F4_V1.26.0/Middlewares/Third_Party/LwIP/src/core/init.c **** #error "MEM_USE_POOLS requires custom pools (MEMP_USE_CUSTOM_POOLS) to be enabled in your lwipopts.
 204:/Users/nhantt/STM32Cube/Repository/STM32Cube_FW_F4_V1.26.0/Middlewares/Third_Party/LwIP/src/core/init.c **** #endif
 205:/Users/nhantt/STM32Cube/Repository/STM32Cube_FW_F4_V1.26.0/Middlewares/Third_Party/LwIP/src/core/init.c **** #if (PBUF_POOL_BUFSIZE <= MEM_ALIGNMENT)
 206:/Users/nhantt/STM32Cube/Repository/STM32Cube_FW_F4_V1.26.0/Middlewares/Third_Party/LwIP/src/core/init.c **** #error "PBUF_POOL_BUFSIZE must be greater than MEM_ALIGNMENT or the offset may take the full first 
 207:/Users/nhantt/STM32Cube/Repository/STM32Cube_FW_F4_V1.26.0/Middlewares/Third_Party/LwIP/src/core/init.c **** #endif
 208:/Users/nhantt/STM32Cube/Repository/STM32Cube_FW_F4_V1.26.0/Middlewares/Third_Party/LwIP/src/core/init.c **** #if (DNS_LOCAL_HOSTLIST && !DNS_LOCAL_HOSTLIST_IS_DYNAMIC && !(defined(DNS_LOCAL_HOSTLIST_INIT)))
 209:/Users/nhantt/STM32Cube/Repository/STM32Cube_FW_F4_V1.26.0/Middlewares/Third_Party/LwIP/src/core/init.c **** #error "you have to define define DNS_LOCAL_HOSTLIST_INIT {{'host1', 0x123}, {'host2', 0x234}} to i
 210:/Users/nhantt/STM32Cube/Repository/STM32Cube_FW_F4_V1.26.0/Middlewares/Third_Party/LwIP/src/core/init.c **** #endif
 211:/Users/nhantt/STM32Cube/Repository/STM32Cube_FW_F4_V1.26.0/Middlewares/Third_Party/LwIP/src/core/init.c **** #if PPP_SUPPORT && !PPPOS_SUPPORT && !PPPOE_SUPPORT && !PPPOL2TP_SUPPORT
 212:/Users/nhantt/STM32Cube/Repository/STM32Cube_FW_F4_V1.26.0/Middlewares/Third_Party/LwIP/src/core/init.c **** #error "PPP_SUPPORT needs at least one of PPPOS_SUPPORT, PPPOE_SUPPORT or PPPOL2TP_SUPPORT turned o
 213:/Users/nhantt/STM32Cube/Repository/STM32Cube_FW_F4_V1.26.0/Middlewares/Third_Party/LwIP/src/core/init.c **** #endif
 214:/Users/nhantt/STM32Cube/Repository/STM32Cube_FW_F4_V1.26.0/Middlewares/Third_Party/LwIP/src/core/init.c **** #if PPP_SUPPORT && !PPP_IPV4_SUPPORT && !PPP_IPV6_SUPPORT
 215:/Users/nhantt/STM32Cube/Repository/STM32Cube_FW_F4_V1.26.0/Middlewares/Third_Party/LwIP/src/core/init.c **** #error "PPP_SUPPORT needs PPP_IPV4_SUPPORT and/or PPP_IPV6_SUPPORT turned on"
 216:/Users/nhantt/STM32Cube/Repository/STM32Cube_FW_F4_V1.26.0/Middlewares/Third_Party/LwIP/src/core/init.c **** #endif
 217:/Users/nhantt/STM32Cube/Repository/STM32Cube_FW_F4_V1.26.0/Middlewares/Third_Party/LwIP/src/core/init.c **** #if PPP_SUPPORT && PPP_IPV4_SUPPORT && !LWIP_IPV4
 218:/Users/nhantt/STM32Cube/Repository/STM32Cube_FW_F4_V1.26.0/Middlewares/Third_Party/LwIP/src/core/init.c **** #error "PPP_IPV4_SUPPORT needs LWIP_IPV4 turned on"
 219:/Users/nhantt/STM32Cube/Repository/STM32Cube_FW_F4_V1.26.0/Middlewares/Third_Party/LwIP/src/core/init.c **** #endif
 220:/Users/nhantt/STM32Cube/Repository/STM32Cube_FW_F4_V1.26.0/Middlewares/Third_Party/LwIP/src/core/init.c **** #if PPP_SUPPORT && PPP_IPV6_SUPPORT && !LWIP_IPV6
 221:/Users/nhantt/STM32Cube/Repository/STM32Cube_FW_F4_V1.26.0/Middlewares/Third_Party/LwIP/src/core/init.c **** #error "PPP_IPV6_SUPPORT needs LWIP_IPV6 turned on"
 222:/Users/nhantt/STM32Cube/Repository/STM32Cube_FW_F4_V1.26.0/Middlewares/Third_Party/LwIP/src/core/init.c **** #endif
 223:/Users/nhantt/STM32Cube/Repository/STM32Cube_FW_F4_V1.26.0/Middlewares/Third_Party/LwIP/src/core/init.c **** #if !LWIP_ETHERNET && (LWIP_ARP || PPPOE_SUPPORT)
 224:/Users/nhantt/STM32Cube/Repository/STM32Cube_FW_F4_V1.26.0/Middlewares/Third_Party/LwIP/src/core/init.c **** #error "LWIP_ETHERNET needs to be turned on for LWIP_ARP or PPPOE_SUPPORT"
 225:/Users/nhantt/STM32Cube/Repository/STM32Cube_FW_F4_V1.26.0/Middlewares/Third_Party/LwIP/src/core/init.c **** #endif
 226:/Users/nhantt/STM32Cube/Repository/STM32Cube_FW_F4_V1.26.0/Middlewares/Third_Party/LwIP/src/core/init.c **** #if LWIP_TCPIP_CORE_LOCKING_INPUT && !LWIP_TCPIP_CORE_LOCKING
 227:/Users/nhantt/STM32Cube/Repository/STM32Cube_FW_F4_V1.26.0/Middlewares/Third_Party/LwIP/src/core/init.c **** #error "When using LWIP_TCPIP_CORE_LOCKING_INPUT, LWIP_TCPIP_CORE_LOCKING must be enabled, too"
 228:/Users/nhantt/STM32Cube/Repository/STM32Cube_FW_F4_V1.26.0/Middlewares/Third_Party/LwIP/src/core/init.c **** #endif
 229:/Users/nhantt/STM32Cube/Repository/STM32Cube_FW_F4_V1.26.0/Middlewares/Third_Party/LwIP/src/core/init.c **** #if LWIP_TCP && LWIP_NETIF_TX_SINGLE_PBUF && !TCP_OVERSIZE
 230:/Users/nhantt/STM32Cube/Repository/STM32Cube_FW_F4_V1.26.0/Middlewares/Third_Party/LwIP/src/core/init.c **** #error "LWIP_NETIF_TX_SINGLE_PBUF needs TCP_OVERSIZE enabled to create single-pbuf TCP packets"
 231:/Users/nhantt/STM32Cube/Repository/STM32Cube_FW_F4_V1.26.0/Middlewares/Third_Party/LwIP/src/core/init.c **** #endif
 232:/Users/nhantt/STM32Cube/Repository/STM32Cube_FW_F4_V1.26.0/Middlewares/Third_Party/LwIP/src/core/init.c **** #if LWIP_NETCONN && LWIP_TCP
 233:/Users/nhantt/STM32Cube/Repository/STM32Cube_FW_F4_V1.26.0/Middlewares/Third_Party/LwIP/src/core/init.c **** #if NETCONN_COPY != TCP_WRITE_FLAG_COPY
 234:/Users/nhantt/STM32Cube/Repository/STM32Cube_FW_F4_V1.26.0/Middlewares/Third_Party/LwIP/src/core/init.c **** #error "NETCONN_COPY != TCP_WRITE_FLAG_COPY"
 235:/Users/nhantt/STM32Cube/Repository/STM32Cube_FW_F4_V1.26.0/Middlewares/Third_Party/LwIP/src/core/init.c **** #endif
 236:/Users/nhantt/STM32Cube/Repository/STM32Cube_FW_F4_V1.26.0/Middlewares/Third_Party/LwIP/src/core/init.c **** #if NETCONN_MORE != TCP_WRITE_FLAG_MORE
 237:/Users/nhantt/STM32Cube/Repository/STM32Cube_FW_F4_V1.26.0/Middlewares/Third_Party/LwIP/src/core/init.c **** #error "NETCONN_MORE != TCP_WRITE_FLAG_MORE"
 238:/Users/nhantt/STM32Cube/Repository/STM32Cube_FW_F4_V1.26.0/Middlewares/Third_Party/LwIP/src/core/init.c **** #endif
 239:/Users/nhantt/STM32Cube/Repository/STM32Cube_FW_F4_V1.26.0/Middlewares/Third_Party/LwIP/src/core/init.c **** #endif /* LWIP_NETCONN && LWIP_TCP */
 240:/Users/nhantt/STM32Cube/Repository/STM32Cube_FW_F4_V1.26.0/Middlewares/Third_Party/LwIP/src/core/init.c **** #if LWIP_SOCKET
 241:/Users/nhantt/STM32Cube/Repository/STM32Cube_FW_F4_V1.26.0/Middlewares/Third_Party/LwIP/src/core/init.c **** #endif /* LWIP_SOCKET */
 242:/Users/nhantt/STM32Cube/Repository/STM32Cube_FW_F4_V1.26.0/Middlewares/Third_Party/LwIP/src/core/init.c **** 
 243:/Users/nhantt/STM32Cube/Repository/STM32Cube_FW_F4_V1.26.0/Middlewares/Third_Party/LwIP/src/core/init.c **** 
 244:/Users/nhantt/STM32Cube/Repository/STM32Cube_FW_F4_V1.26.0/Middlewares/Third_Party/LwIP/src/core/init.c **** /* Compile-time checks for deprecated options.
 245:/Users/nhantt/STM32Cube/Repository/STM32Cube_FW_F4_V1.26.0/Middlewares/Third_Party/LwIP/src/core/init.c ****  */
 246:/Users/nhantt/STM32Cube/Repository/STM32Cube_FW_F4_V1.26.0/Middlewares/Third_Party/LwIP/src/core/init.c **** #ifdef MEMP_NUM_TCPIP_MSG
 247:/Users/nhantt/STM32Cube/Repository/STM32Cube_FW_F4_V1.26.0/Middlewares/Third_Party/LwIP/src/core/init.c **** #error "MEMP_NUM_TCPIP_MSG option is deprecated. Remove it from your lwipopts.h."
 248:/Users/nhantt/STM32Cube/Repository/STM32Cube_FW_F4_V1.26.0/Middlewares/Third_Party/LwIP/src/core/init.c **** #endif
 249:/Users/nhantt/STM32Cube/Repository/STM32Cube_FW_F4_V1.26.0/Middlewares/Third_Party/LwIP/src/core/init.c **** #ifdef TCP_REXMIT_DEBUG
 250:/Users/nhantt/STM32Cube/Repository/STM32Cube_FW_F4_V1.26.0/Middlewares/Third_Party/LwIP/src/core/init.c **** #error "TCP_REXMIT_DEBUG option is deprecated. Remove it from your lwipopts.h."
 251:/Users/nhantt/STM32Cube/Repository/STM32Cube_FW_F4_V1.26.0/Middlewares/Third_Party/LwIP/src/core/init.c **** #endif
 252:/Users/nhantt/STM32Cube/Repository/STM32Cube_FW_F4_V1.26.0/Middlewares/Third_Party/LwIP/src/core/init.c **** #ifdef RAW_STATS
 253:/Users/nhantt/STM32Cube/Repository/STM32Cube_FW_F4_V1.26.0/Middlewares/Third_Party/LwIP/src/core/init.c **** #error "RAW_STATS option is deprecated. Remove it from your lwipopts.h."
 254:/Users/nhantt/STM32Cube/Repository/STM32Cube_FW_F4_V1.26.0/Middlewares/Third_Party/LwIP/src/core/init.c **** #endif
 255:/Users/nhantt/STM32Cube/Repository/STM32Cube_FW_F4_V1.26.0/Middlewares/Third_Party/LwIP/src/core/init.c **** #ifdef ETHARP_QUEUE_FIRST
 256:/Users/nhantt/STM32Cube/Repository/STM32Cube_FW_F4_V1.26.0/Middlewares/Third_Party/LwIP/src/core/init.c **** #error "ETHARP_QUEUE_FIRST option is deprecated. Remove it from your lwipopts.h."
 257:/Users/nhantt/STM32Cube/Repository/STM32Cube_FW_F4_V1.26.0/Middlewares/Third_Party/LwIP/src/core/init.c **** #endif
 258:/Users/nhantt/STM32Cube/Repository/STM32Cube_FW_F4_V1.26.0/Middlewares/Third_Party/LwIP/src/core/init.c **** #ifdef ETHARP_ALWAYS_INSERT
ARM GAS  /var/folders/k2/cd9bl_j17z77g23y6ffqb_400000gn/T//cccUFsoH.s 			page 6


 259:/Users/nhantt/STM32Cube/Repository/STM32Cube_FW_F4_V1.26.0/Middlewares/Third_Party/LwIP/src/core/init.c **** #error "ETHARP_ALWAYS_INSERT option is deprecated. Remove it from your lwipopts.h."
 260:/Users/nhantt/STM32Cube/Repository/STM32Cube_FW_F4_V1.26.0/Middlewares/Third_Party/LwIP/src/core/init.c **** #endif
 261:/Users/nhantt/STM32Cube/Repository/STM32Cube_FW_F4_V1.26.0/Middlewares/Third_Party/LwIP/src/core/init.c **** #if !NO_SYS && LWIP_TCPIP_CORE_LOCKING && LWIP_COMPAT_MUTEX && !defined(LWIP_COMPAT_MUTEX_ALLOWED)
 262:/Users/nhantt/STM32Cube/Repository/STM32Cube_FW_F4_V1.26.0/Middlewares/Third_Party/LwIP/src/core/init.c **** #error "LWIP_COMPAT_MUTEX cannot prevent priority inversion. It is recommended to implement priorit
 263:/Users/nhantt/STM32Cube/Repository/STM32Cube_FW_F4_V1.26.0/Middlewares/Third_Party/LwIP/src/core/init.c **** #endif
 264:/Users/nhantt/STM32Cube/Repository/STM32Cube_FW_F4_V1.26.0/Middlewares/Third_Party/LwIP/src/core/init.c **** 
 265:/Users/nhantt/STM32Cube/Repository/STM32Cube_FW_F4_V1.26.0/Middlewares/Third_Party/LwIP/src/core/init.c **** #ifndef LWIP_DISABLE_TCP_SANITY_CHECKS
 266:/Users/nhantt/STM32Cube/Repository/STM32Cube_FW_F4_V1.26.0/Middlewares/Third_Party/LwIP/src/core/init.c **** #define LWIP_DISABLE_TCP_SANITY_CHECKS  0
 267:/Users/nhantt/STM32Cube/Repository/STM32Cube_FW_F4_V1.26.0/Middlewares/Third_Party/LwIP/src/core/init.c **** #endif
 268:/Users/nhantt/STM32Cube/Repository/STM32Cube_FW_F4_V1.26.0/Middlewares/Third_Party/LwIP/src/core/init.c **** #ifndef LWIP_DISABLE_MEMP_SANITY_CHECKS
 269:/Users/nhantt/STM32Cube/Repository/STM32Cube_FW_F4_V1.26.0/Middlewares/Third_Party/LwIP/src/core/init.c **** #define LWIP_DISABLE_MEMP_SANITY_CHECKS 0
 270:/Users/nhantt/STM32Cube/Repository/STM32Cube_FW_F4_V1.26.0/Middlewares/Third_Party/LwIP/src/core/init.c **** #endif
 271:/Users/nhantt/STM32Cube/Repository/STM32Cube_FW_F4_V1.26.0/Middlewares/Third_Party/LwIP/src/core/init.c **** 
 272:/Users/nhantt/STM32Cube/Repository/STM32Cube_FW_F4_V1.26.0/Middlewares/Third_Party/LwIP/src/core/init.c **** /* MEMP sanity checks */
 273:/Users/nhantt/STM32Cube/Repository/STM32Cube_FW_F4_V1.26.0/Middlewares/Third_Party/LwIP/src/core/init.c **** #if MEMP_MEM_MALLOC
 274:/Users/nhantt/STM32Cube/Repository/STM32Cube_FW_F4_V1.26.0/Middlewares/Third_Party/LwIP/src/core/init.c **** #if !LWIP_DISABLE_MEMP_SANITY_CHECKS
 275:/Users/nhantt/STM32Cube/Repository/STM32Cube_FW_F4_V1.26.0/Middlewares/Third_Party/LwIP/src/core/init.c **** #if LWIP_NETCONN || LWIP_SOCKET
 276:/Users/nhantt/STM32Cube/Repository/STM32Cube_FW_F4_V1.26.0/Middlewares/Third_Party/LwIP/src/core/init.c **** #if !MEMP_NUM_NETCONN && LWIP_SOCKET
 277:/Users/nhantt/STM32Cube/Repository/STM32Cube_FW_F4_V1.26.0/Middlewares/Third_Party/LwIP/src/core/init.c **** #error "lwip_sanity_check: WARNING: MEMP_NUM_NETCONN cannot be 0 when using sockets!"
 278:/Users/nhantt/STM32Cube/Repository/STM32Cube_FW_F4_V1.26.0/Middlewares/Third_Party/LwIP/src/core/init.c **** #endif
 279:/Users/nhantt/STM32Cube/Repository/STM32Cube_FW_F4_V1.26.0/Middlewares/Third_Party/LwIP/src/core/init.c **** #else /* MEMP_MEM_MALLOC */
 280:/Users/nhantt/STM32Cube/Repository/STM32Cube_FW_F4_V1.26.0/Middlewares/Third_Party/LwIP/src/core/init.c **** #if MEMP_NUM_NETCONN > (MEMP_NUM_TCP_PCB+MEMP_NUM_TCP_PCB_LISTEN+MEMP_NUM_UDP_PCB+MEMP_NUM_RAW_PCB)
 281:/Users/nhantt/STM32Cube/Repository/STM32Cube_FW_F4_V1.26.0/Middlewares/Third_Party/LwIP/src/core/init.c **** #error "lwip_sanity_check: WARNING: MEMP_NUM_NETCONN should be less than the sum of MEMP_NUM_{TCP,R
 282:/Users/nhantt/STM32Cube/Repository/STM32Cube_FW_F4_V1.26.0/Middlewares/Third_Party/LwIP/src/core/init.c **** #endif
 283:/Users/nhantt/STM32Cube/Repository/STM32Cube_FW_F4_V1.26.0/Middlewares/Third_Party/LwIP/src/core/init.c **** #endif /* LWIP_NETCONN || LWIP_SOCKET */
 284:/Users/nhantt/STM32Cube/Repository/STM32Cube_FW_F4_V1.26.0/Middlewares/Third_Party/LwIP/src/core/init.c **** #endif /* !LWIP_DISABLE_MEMP_SANITY_CHECKS */
 285:/Users/nhantt/STM32Cube/Repository/STM32Cube_FW_F4_V1.26.0/Middlewares/Third_Party/LwIP/src/core/init.c **** #if MEM_USE_POOLS
 286:/Users/nhantt/STM32Cube/Repository/STM32Cube_FW_F4_V1.26.0/Middlewares/Third_Party/LwIP/src/core/init.c **** #error "MEMP_MEM_MALLOC and MEM_USE_POOLS cannot be enabled at the same time"
 287:/Users/nhantt/STM32Cube/Repository/STM32Cube_FW_F4_V1.26.0/Middlewares/Third_Party/LwIP/src/core/init.c **** #endif
 288:/Users/nhantt/STM32Cube/Repository/STM32Cube_FW_F4_V1.26.0/Middlewares/Third_Party/LwIP/src/core/init.c **** #ifdef LWIP_HOOK_MEMP_AVAILABLE
 289:/Users/nhantt/STM32Cube/Repository/STM32Cube_FW_F4_V1.26.0/Middlewares/Third_Party/LwIP/src/core/init.c **** #error "LWIP_HOOK_MEMP_AVAILABLE doesn't make sense with MEMP_MEM_MALLOC"
 290:/Users/nhantt/STM32Cube/Repository/STM32Cube_FW_F4_V1.26.0/Middlewares/Third_Party/LwIP/src/core/init.c **** #endif
 291:/Users/nhantt/STM32Cube/Repository/STM32Cube_FW_F4_V1.26.0/Middlewares/Third_Party/LwIP/src/core/init.c **** #endif /* MEMP_MEM_MALLOC */
 292:/Users/nhantt/STM32Cube/Repository/STM32Cube_FW_F4_V1.26.0/Middlewares/Third_Party/LwIP/src/core/init.c **** 
 293:/Users/nhantt/STM32Cube/Repository/STM32Cube_FW_F4_V1.26.0/Middlewares/Third_Party/LwIP/src/core/init.c **** /* TCP sanity checks */
 294:/Users/nhantt/STM32Cube/Repository/STM32Cube_FW_F4_V1.26.0/Middlewares/Third_Party/LwIP/src/core/init.c **** #if !LWIP_DISABLE_TCP_SANITY_CHECKS
 295:/Users/nhantt/STM32Cube/Repository/STM32Cube_FW_F4_V1.26.0/Middlewares/Third_Party/LwIP/src/core/init.c **** #if LWIP_TCP
 296:/Users/nhantt/STM32Cube/Repository/STM32Cube_FW_F4_V1.26.0/Middlewares/Third_Party/LwIP/src/core/init.c **** #if !MEMP_MEM_MALLOC && (MEMP_NUM_TCP_SEG < TCP_SND_QUEUELEN)
 297:/Users/nhantt/STM32Cube/Repository/STM32Cube_FW_F4_V1.26.0/Middlewares/Third_Party/LwIP/src/core/init.c **** #error "lwip_sanity_check: WARNING: MEMP_NUM_TCP_SEG should be at least as big as TCP_SND_QUEUELEN.
 298:/Users/nhantt/STM32Cube/Repository/STM32Cube_FW_F4_V1.26.0/Middlewares/Third_Party/LwIP/src/core/init.c **** #endif
 299:/Users/nhantt/STM32Cube/Repository/STM32Cube_FW_F4_V1.26.0/Middlewares/Third_Party/LwIP/src/core/init.c **** #if TCP_SND_BUF < (2 * TCP_MSS)
 300:/Users/nhantt/STM32Cube/Repository/STM32Cube_FW_F4_V1.26.0/Middlewares/Third_Party/LwIP/src/core/init.c **** #error "lwip_sanity_check: WARNING: TCP_SND_BUF must be at least as much as (2 * TCP_MSS) for thing
 301:/Users/nhantt/STM32Cube/Repository/STM32Cube_FW_F4_V1.26.0/Middlewares/Third_Party/LwIP/src/core/init.c **** #endif
 302:/Users/nhantt/STM32Cube/Repository/STM32Cube_FW_F4_V1.26.0/Middlewares/Third_Party/LwIP/src/core/init.c **** #if TCP_SND_QUEUELEN < (2 * (TCP_SND_BUF / TCP_MSS))
 303:/Users/nhantt/STM32Cube/Repository/STM32Cube_FW_F4_V1.26.0/Middlewares/Third_Party/LwIP/src/core/init.c **** #error "lwip_sanity_check: WARNING: TCP_SND_QUEUELEN must be at least as much as (2 * TCP_SND_BUF/T
 304:/Users/nhantt/STM32Cube/Repository/STM32Cube_FW_F4_V1.26.0/Middlewares/Third_Party/LwIP/src/core/init.c **** #endif
 305:/Users/nhantt/STM32Cube/Repository/STM32Cube_FW_F4_V1.26.0/Middlewares/Third_Party/LwIP/src/core/init.c **** #if TCP_SNDLOWAT >= TCP_SND_BUF
 306:/Users/nhantt/STM32Cube/Repository/STM32Cube_FW_F4_V1.26.0/Middlewares/Third_Party/LwIP/src/core/init.c **** #error "lwip_sanity_check: WARNING: TCP_SNDLOWAT must be less than TCP_SND_BUF. If you know what yo
 307:/Users/nhantt/STM32Cube/Repository/STM32Cube_FW_F4_V1.26.0/Middlewares/Third_Party/LwIP/src/core/init.c **** #endif
 308:/Users/nhantt/STM32Cube/Repository/STM32Cube_FW_F4_V1.26.0/Middlewares/Third_Party/LwIP/src/core/init.c **** #if TCP_SNDLOWAT >= (0xFFFF - (4 * TCP_MSS))
 309:/Users/nhantt/STM32Cube/Repository/STM32Cube_FW_F4_V1.26.0/Middlewares/Third_Party/LwIP/src/core/init.c **** #error "lwip_sanity_check: WARNING: TCP_SNDLOWAT must at least be 4*MSS below u16_t overflow!"
 310:/Users/nhantt/STM32Cube/Repository/STM32Cube_FW_F4_V1.26.0/Middlewares/Third_Party/LwIP/src/core/init.c **** #endif
 311:/Users/nhantt/STM32Cube/Repository/STM32Cube_FW_F4_V1.26.0/Middlewares/Third_Party/LwIP/src/core/init.c **** #if TCP_SNDQUEUELOWAT >= TCP_SND_QUEUELEN
 312:/Users/nhantt/STM32Cube/Repository/STM32Cube_FW_F4_V1.26.0/Middlewares/Third_Party/LwIP/src/core/init.c **** #error "lwip_sanity_check: WARNING: TCP_SNDQUEUELOWAT must be less than TCP_SND_QUEUELEN. If you kn
 313:/Users/nhantt/STM32Cube/Repository/STM32Cube_FW_F4_V1.26.0/Middlewares/Third_Party/LwIP/src/core/init.c **** #endif
 314:/Users/nhantt/STM32Cube/Repository/STM32Cube_FW_F4_V1.26.0/Middlewares/Third_Party/LwIP/src/core/init.c **** #if !MEMP_MEM_MALLOC && PBUF_POOL_SIZE && (PBUF_POOL_BUFSIZE <= (PBUF_LINK_ENCAPSULATION_HLEN + PBU
 315:/Users/nhantt/STM32Cube/Repository/STM32Cube_FW_F4_V1.26.0/Middlewares/Third_Party/LwIP/src/core/init.c **** #error "lwip_sanity_check: WARNING: PBUF_POOL_BUFSIZE does not provide enough space for protocol he
ARM GAS  /var/folders/k2/cd9bl_j17z77g23y6ffqb_400000gn/T//cccUFsoH.s 			page 7


 316:/Users/nhantt/STM32Cube/Repository/STM32Cube_FW_F4_V1.26.0/Middlewares/Third_Party/LwIP/src/core/init.c **** #endif
 317:/Users/nhantt/STM32Cube/Repository/STM32Cube_FW_F4_V1.26.0/Middlewares/Third_Party/LwIP/src/core/init.c **** #if !MEMP_MEM_MALLOC && PBUF_POOL_SIZE && (TCP_WND > (PBUF_POOL_SIZE * (PBUF_POOL_BUFSIZE - (PBUF_L
 318:/Users/nhantt/STM32Cube/Repository/STM32Cube_FW_F4_V1.26.0/Middlewares/Third_Party/LwIP/src/core/init.c **** #error "lwip_sanity_check: WARNING: TCP_WND is larger than space provided by PBUF_POOL_SIZE * (PBUF
 319:/Users/nhantt/STM32Cube/Repository/STM32Cube_FW_F4_V1.26.0/Middlewares/Third_Party/LwIP/src/core/init.c **** #endif
 320:/Users/nhantt/STM32Cube/Repository/STM32Cube_FW_F4_V1.26.0/Middlewares/Third_Party/LwIP/src/core/init.c **** #if TCP_WND < TCP_MSS
 321:/Users/nhantt/STM32Cube/Repository/STM32Cube_FW_F4_V1.26.0/Middlewares/Third_Party/LwIP/src/core/init.c **** #error "lwip_sanity_check: WARNING: TCP_WND is smaller than MSS. If you know what you are doing, de
 322:/Users/nhantt/STM32Cube/Repository/STM32Cube_FW_F4_V1.26.0/Middlewares/Third_Party/LwIP/src/core/init.c **** #endif
 323:/Users/nhantt/STM32Cube/Repository/STM32Cube_FW_F4_V1.26.0/Middlewares/Third_Party/LwIP/src/core/init.c **** #endif /* LWIP_TCP */
 324:/Users/nhantt/STM32Cube/Repository/STM32Cube_FW_F4_V1.26.0/Middlewares/Third_Party/LwIP/src/core/init.c **** #endif /* !LWIP_DISABLE_TCP_SANITY_CHECKS */
 325:/Users/nhantt/STM32Cube/Repository/STM32Cube_FW_F4_V1.26.0/Middlewares/Third_Party/LwIP/src/core/init.c **** 
 326:/Users/nhantt/STM32Cube/Repository/STM32Cube_FW_F4_V1.26.0/Middlewares/Third_Party/LwIP/src/core/init.c **** /**
 327:/Users/nhantt/STM32Cube/Repository/STM32Cube_FW_F4_V1.26.0/Middlewares/Third_Party/LwIP/src/core/init.c ****  * @ingroup lwip_nosys
 328:/Users/nhantt/STM32Cube/Repository/STM32Cube_FW_F4_V1.26.0/Middlewares/Third_Party/LwIP/src/core/init.c ****  * Initialize all modules.
 329:/Users/nhantt/STM32Cube/Repository/STM32Cube_FW_F4_V1.26.0/Middlewares/Third_Party/LwIP/src/core/init.c ****  * Use this in NO_SYS mode. Use tcpip_init() otherwise.
 330:/Users/nhantt/STM32Cube/Repository/STM32Cube_FW_F4_V1.26.0/Middlewares/Third_Party/LwIP/src/core/init.c ****  */
 331:/Users/nhantt/STM32Cube/Repository/STM32Cube_FW_F4_V1.26.0/Middlewares/Third_Party/LwIP/src/core/init.c **** void
 332:/Users/nhantt/STM32Cube/Repository/STM32Cube_FW_F4_V1.26.0/Middlewares/Third_Party/LwIP/src/core/init.c **** lwip_init(void)
 333:/Users/nhantt/STM32Cube/Repository/STM32Cube_FW_F4_V1.26.0/Middlewares/Third_Party/LwIP/src/core/init.c **** {
  29              		.loc 1 333 1 view -0
  30              		.cfi_startproc
  31              		@ args = 0, pretend = 0, frame = 0
  32              		@ frame_needed = 0, uses_anonymous_args = 0
  33 0000 08B5     		push	{r3, lr}
  34              	.LCFI0:
  35              		.cfi_def_cfa_offset 8
  36              		.cfi_offset 3, -8
  37              		.cfi_offset 14, -4
 334:/Users/nhantt/STM32Cube/Repository/STM32Cube_FW_F4_V1.26.0/Middlewares/Third_Party/LwIP/src/core/init.c **** #ifndef LWIP_SKIP_CONST_CHECK
 335:/Users/nhantt/STM32Cube/Repository/STM32Cube_FW_F4_V1.26.0/Middlewares/Third_Party/LwIP/src/core/init.c ****   int a = 0;
  38              		.loc 1 335 3 view .LVU1
  39              	.LVL0:
 336:/Users/nhantt/STM32Cube/Repository/STM32Cube_FW_F4_V1.26.0/Middlewares/Third_Party/LwIP/src/core/init.c ****   LWIP_UNUSED_ARG(a);
  40              		.loc 1 336 3 view .LVU2
 337:/Users/nhantt/STM32Cube/Repository/STM32Cube_FW_F4_V1.26.0/Middlewares/Third_Party/LwIP/src/core/init.c ****   LWIP_ASSERT("LWIP_CONST_CAST not implemented correctly. Check your lwIP port.", LWIP_CONST_CAST(v
  41              		.loc 1 337 3 view .LVU3
  42              		.loc 1 337 3 view .LVU4
  43              		.loc 1 337 3 view .LVU5
  44              		.loc 1 337 3 view .LVU6
 338:/Users/nhantt/STM32Cube/Repository/STM32Cube_FW_F4_V1.26.0/Middlewares/Third_Party/LwIP/src/core/init.c **** #endif
 339:/Users/nhantt/STM32Cube/Repository/STM32Cube_FW_F4_V1.26.0/Middlewares/Third_Party/LwIP/src/core/init.c **** #ifndef LWIP_SKIP_PACKING_CHECK
 340:/Users/nhantt/STM32Cube/Repository/STM32Cube_FW_F4_V1.26.0/Middlewares/Third_Party/LwIP/src/core/init.c ****   LWIP_ASSERT("Struct packing not implemented correctly. Check your lwIP port.", sizeof(struct pack
  45              		.loc 1 340 3 view .LVU7
  46              		.loc 1 340 3 view .LVU8
  47              		.loc 1 340 3 view .LVU9
  48              		.loc 1 340 3 view .LVU10
 341:/Users/nhantt/STM32Cube/Repository/STM32Cube_FW_F4_V1.26.0/Middlewares/Third_Party/LwIP/src/core/init.c **** #endif
 342:/Users/nhantt/STM32Cube/Repository/STM32Cube_FW_F4_V1.26.0/Middlewares/Third_Party/LwIP/src/core/init.c **** 
 343:/Users/nhantt/STM32Cube/Repository/STM32Cube_FW_F4_V1.26.0/Middlewares/Third_Party/LwIP/src/core/init.c ****   /* Modules initialization */
 344:/Users/nhantt/STM32Cube/Repository/STM32Cube_FW_F4_V1.26.0/Middlewares/Third_Party/LwIP/src/core/init.c ****   stats_init();
  49              		.loc 1 344 15 view .LVU11
 345:/Users/nhantt/STM32Cube/Repository/STM32Cube_FW_F4_V1.26.0/Middlewares/Third_Party/LwIP/src/core/init.c **** #if !NO_SYS
 346:/Users/nhantt/STM32Cube/Repository/STM32Cube_FW_F4_V1.26.0/Middlewares/Third_Party/LwIP/src/core/init.c ****   sys_init();
 347:/Users/nhantt/STM32Cube/Repository/STM32Cube_FW_F4_V1.26.0/Middlewares/Third_Party/LwIP/src/core/init.c **** #endif /* !NO_SYS */
 348:/Users/nhantt/STM32Cube/Repository/STM32Cube_FW_F4_V1.26.0/Middlewares/Third_Party/LwIP/src/core/init.c ****   mem_init();
  50              		.loc 1 348 3 view .LVU12
  51 0002 FFF7FEFF 		bl	mem_init
  52              	.LVL1:
ARM GAS  /var/folders/k2/cd9bl_j17z77g23y6ffqb_400000gn/T//cccUFsoH.s 			page 8


 349:/Users/nhantt/STM32Cube/Repository/STM32Cube_FW_F4_V1.26.0/Middlewares/Third_Party/LwIP/src/core/init.c ****   memp_init();
  53              		.loc 1 349 3 view .LVU13
  54 0006 FFF7FEFF 		bl	memp_init
  55              	.LVL2:
 350:/Users/nhantt/STM32Cube/Repository/STM32Cube_FW_F4_V1.26.0/Middlewares/Third_Party/LwIP/src/core/init.c ****   pbuf_init();
  56              		.loc 1 350 14 view .LVU14
 351:/Users/nhantt/STM32Cube/Repository/STM32Cube_FW_F4_V1.26.0/Middlewares/Third_Party/LwIP/src/core/init.c ****   netif_init();
  57              		.loc 1 351 3 view .LVU15
  58 000a FFF7FEFF 		bl	netif_init
  59              	.LVL3:
 352:/Users/nhantt/STM32Cube/Repository/STM32Cube_FW_F4_V1.26.0/Middlewares/Third_Party/LwIP/src/core/init.c **** #if LWIP_IPV4
 353:/Users/nhantt/STM32Cube/Repository/STM32Cube_FW_F4_V1.26.0/Middlewares/Third_Party/LwIP/src/core/init.c ****   ip_init();
  60              		.loc 1 353 12 view .LVU16
 354:/Users/nhantt/STM32Cube/Repository/STM32Cube_FW_F4_V1.26.0/Middlewares/Third_Party/LwIP/src/core/init.c **** #if LWIP_ARP
 355:/Users/nhantt/STM32Cube/Repository/STM32Cube_FW_F4_V1.26.0/Middlewares/Third_Party/LwIP/src/core/init.c ****   etharp_init();
  61              		.loc 1 355 16 view .LVU17
 356:/Users/nhantt/STM32Cube/Repository/STM32Cube_FW_F4_V1.26.0/Middlewares/Third_Party/LwIP/src/core/init.c **** #endif /* LWIP_ARP */
 357:/Users/nhantt/STM32Cube/Repository/STM32Cube_FW_F4_V1.26.0/Middlewares/Third_Party/LwIP/src/core/init.c **** #endif /* LWIP_IPV4 */
 358:/Users/nhantt/STM32Cube/Repository/STM32Cube_FW_F4_V1.26.0/Middlewares/Third_Party/LwIP/src/core/init.c **** #if LWIP_RAW
 359:/Users/nhantt/STM32Cube/Repository/STM32Cube_FW_F4_V1.26.0/Middlewares/Third_Party/LwIP/src/core/init.c ****   raw_init();
 360:/Users/nhantt/STM32Cube/Repository/STM32Cube_FW_F4_V1.26.0/Middlewares/Third_Party/LwIP/src/core/init.c **** #endif /* LWIP_RAW */
 361:/Users/nhantt/STM32Cube/Repository/STM32Cube_FW_F4_V1.26.0/Middlewares/Third_Party/LwIP/src/core/init.c **** #if LWIP_UDP
 362:/Users/nhantt/STM32Cube/Repository/STM32Cube_FW_F4_V1.26.0/Middlewares/Third_Party/LwIP/src/core/init.c ****   udp_init();
  62              		.loc 1 362 3 view .LVU18
  63 000e FFF7FEFF 		bl	udp_init
  64              	.LVL4:
 363:/Users/nhantt/STM32Cube/Repository/STM32Cube_FW_F4_V1.26.0/Middlewares/Third_Party/LwIP/src/core/init.c **** #endif /* LWIP_UDP */
 364:/Users/nhantt/STM32Cube/Repository/STM32Cube_FW_F4_V1.26.0/Middlewares/Third_Party/LwIP/src/core/init.c **** #if LWIP_TCP
 365:/Users/nhantt/STM32Cube/Repository/STM32Cube_FW_F4_V1.26.0/Middlewares/Third_Party/LwIP/src/core/init.c ****   tcp_init();
  65              		.loc 1 365 3 view .LVU19
  66 0012 FFF7FEFF 		bl	tcp_init
  67              	.LVL5:
 366:/Users/nhantt/STM32Cube/Repository/STM32Cube_FW_F4_V1.26.0/Middlewares/Third_Party/LwIP/src/core/init.c **** #endif /* LWIP_TCP */
 367:/Users/nhantt/STM32Cube/Repository/STM32Cube_FW_F4_V1.26.0/Middlewares/Third_Party/LwIP/src/core/init.c **** #if LWIP_IGMP
 368:/Users/nhantt/STM32Cube/Repository/STM32Cube_FW_F4_V1.26.0/Middlewares/Third_Party/LwIP/src/core/init.c ****   igmp_init();
 369:/Users/nhantt/STM32Cube/Repository/STM32Cube_FW_F4_V1.26.0/Middlewares/Third_Party/LwIP/src/core/init.c **** #endif /* LWIP_IGMP */
 370:/Users/nhantt/STM32Cube/Repository/STM32Cube_FW_F4_V1.26.0/Middlewares/Third_Party/LwIP/src/core/init.c **** #if LWIP_DNS
 371:/Users/nhantt/STM32Cube/Repository/STM32Cube_FW_F4_V1.26.0/Middlewares/Third_Party/LwIP/src/core/init.c ****   dns_init();
 372:/Users/nhantt/STM32Cube/Repository/STM32Cube_FW_F4_V1.26.0/Middlewares/Third_Party/LwIP/src/core/init.c **** #endif /* LWIP_DNS */
 373:/Users/nhantt/STM32Cube/Repository/STM32Cube_FW_F4_V1.26.0/Middlewares/Third_Party/LwIP/src/core/init.c **** #if PPP_SUPPORT
 374:/Users/nhantt/STM32Cube/Repository/STM32Cube_FW_F4_V1.26.0/Middlewares/Third_Party/LwIP/src/core/init.c ****   ppp_init();
 375:/Users/nhantt/STM32Cube/Repository/STM32Cube_FW_F4_V1.26.0/Middlewares/Third_Party/LwIP/src/core/init.c **** #endif
 376:/Users/nhantt/STM32Cube/Repository/STM32Cube_FW_F4_V1.26.0/Middlewares/Third_Party/LwIP/src/core/init.c **** 
 377:/Users/nhantt/STM32Cube/Repository/STM32Cube_FW_F4_V1.26.0/Middlewares/Third_Party/LwIP/src/core/init.c **** #if LWIP_TIMERS
 378:/Users/nhantt/STM32Cube/Repository/STM32Cube_FW_F4_V1.26.0/Middlewares/Third_Party/LwIP/src/core/init.c ****   sys_timeouts_init();
  68              		.loc 1 378 3 view .LVU20
  69 0016 FFF7FEFF 		bl	sys_timeouts_init
  70              	.LVL6:
 379:/Users/nhantt/STM32Cube/Repository/STM32Cube_FW_F4_V1.26.0/Middlewares/Third_Party/LwIP/src/core/init.c **** #endif /* LWIP_TIMERS */
 380:/Users/nhantt/STM32Cube/Repository/STM32Cube_FW_F4_V1.26.0/Middlewares/Third_Party/LwIP/src/core/init.c **** }
  71              		.loc 1 380 1 is_stmt 0 view .LVU21
  72 001a 08BD     		pop	{r3, pc}
  73              		.cfi_endproc
  74              	.LFE155:
  76              		.text
  77              	.Letext0:
  78              		.file 2 "/Users/nhantt/STM32Cube/Repository/STM32Cube_FW_F4_V1.26.0/Middlewares/Third_Party/LwIP/s
ARM GAS  /var/folders/k2/cd9bl_j17z77g23y6ffqb_400000gn/T//cccUFsoH.s 			page 9


  79              		.file 3 "/Users/nhantt/STM32Cube/Repository/STM32Cube_FW_F4_V1.26.0/Middlewares/Third_Party/LwIP/s
  80              		.file 4 "/Users/nhantt/STM32Cube/Repository/STM32Cube_FW_F4_V1.26.0/Middlewares/Third_Party/LwIP/s
  81              		.file 5 "/Users/nhantt/STM32Cube/Repository/STM32Cube_FW_F4_V1.26.0/Middlewares/Third_Party/LwIP/s
  82              		.file 6 "/Users/nhantt/STM32Cube/Repository/STM32Cube_FW_F4_V1.26.0/Middlewares/Third_Party/LwIP/s
  83              		.file 7 "/Users/nhantt/STM32Cube/Repository/STM32Cube_FW_F4_V1.26.0/Middlewares/Third_Party/LwIP/s
  84              		.file 8 "/Users/nhantt/tools/stm32/gcc-arm-none-eabi-10-2020-q4-major/lib/gcc/arm-none-eabi/10.2.1
ARM GAS  /var/folders/k2/cd9bl_j17z77g23y6ffqb_400000gn/T//cccUFsoH.s 			page 10


DEFINED SYMBOLS
                            *ABS*:0000000000000000 init.c
/var/folders/k2/cd9bl_j17z77g23y6ffqb_400000gn/T//cccUFsoH.s:18     .text.lwip_init:0000000000000000 $t
/var/folders/k2/cd9bl_j17z77g23y6ffqb_400000gn/T//cccUFsoH.s:26     .text.lwip_init:0000000000000000 lwip_init

UNDEFINED SYMBOLS
mem_init
memp_init
netif_init
udp_init
tcp_init
sys_timeouts_init
