ARM GAS  C:\Users\BLACK_~1\AppData\Local\Temp\ccVGVP3I.s 			page 1


   1              		.cpu cortex-m4
   2              		.arch armv7e-m
   3              		.fpu fpv4-sp-d16
   4              		.eabi_attribute 27, 1
   5              		.eabi_attribute 28, 1
   6              		.eabi_attribute 20, 1
   7              		.eabi_attribute 21, 1
   8              		.eabi_attribute 23, 3
   9              		.eabi_attribute 24, 1
  10              		.eabi_attribute 25, 1
  11              		.eabi_attribute 26, 1
  12              		.eabi_attribute 30, 1
  13              		.eabi_attribute 34, 1
  14              		.eabi_attribute 18, 4
  15              		.file	"ip.c"
  16              		.text
  17              	.Ltext0:
  18              		.cfi_sections	.debug_frame
  19              		.global	ip_data
  20              		.section	.bss.ip_data,"aw",%nobits
  21              		.align	2
  24              	ip_data:
  25 0000 00000000 		.space	24
  25      00000000 
  25      00000000 
  25      00000000 
  25      00000000 
  26              		.text
  27              	.Letext0:
  28              		.file 1 "e:\\gnu arm embedded toolchain\\10 2021.10\\arm-none-eabi\\include\\machine\\_default_typ
  29              		.file 2 "e:\\gnu arm embedded toolchain\\10 2021.10\\arm-none-eabi\\include\\sys\\_stdint.h"
  30              		.file 3 "c:/Users/Black_Life/STM32Cube/Repository/STM32Cube_FW_F4_V1.26.2/Middlewares/Third_Party/
  31              		.file 4 "c:/Users/Black_Life/STM32Cube/Repository/STM32Cube_FW_F4_V1.26.2/Middlewares/Third_Party/
  32              		.file 5 "c:/Users/Black_Life/STM32Cube/Repository/STM32Cube_FW_F4_V1.26.2/Middlewares/Third_Party/
  33              		.file 6 "c:/Users/Black_Life/STM32Cube/Repository/STM32Cube_FW_F4_V1.26.2/Middlewares/Third_Party/
  34              		.file 7 "c:/Users/Black_Life/STM32Cube/Repository/STM32Cube_FW_F4_V1.26.2/Middlewares/Third_Party/
  35              		.file 8 "c:/Users/Black_Life/STM32Cube/Repository/STM32Cube_FW_F4_V1.26.2/Middlewares/Third_Party/
  36              		.file 9 "c:/Users/Black_Life/STM32Cube/Repository/STM32Cube_FW_F4_V1.26.2/Middlewares/Third_Party/
  37              		.file 10 "c:/Users/Black_Life/STM32Cube/Repository/STM32Cube_FW_F4_V1.26.2/Middlewares/Third_Party
  38              		.file 11 "c:/Users/Black_Life/STM32Cube/Repository/STM32Cube_FW_F4_V1.26.2/Middlewares/Third_Party
  39              		.file 12 "c:/Users/Black_Life/STM32Cube/Repository/STM32Cube_FW_F4_V1.26.2/Middlewares/Third_Party
ARM GAS  C:\Users\BLACK_~1\AppData\Local\Temp\ccVGVP3I.s 			page 2


DEFINED SYMBOLS
                            *ABS*:00000000 ip.c
C:\Users\BLACK_~1\AppData\Local\Temp\ccVGVP3I.s:24     .bss.ip_data:00000000 ip_data
C:\Users\BLACK_~1\AppData\Local\Temp\ccVGVP3I.s:21     .bss.ip_data:00000000 $d

NO UNDEFINED SYMBOLS
