ARM GAS  C:\Users\BLACK_~1\AppData\Local\Temp\cc4vqKUN.s 			page 1


   1              		.cpu cortex-m4
   2              		.arch armv7e-m
   3              		.fpu fpv4-sp-d16
   4              		.eabi_attribute 27, 1
   5              		.eabi_attribute 28, 1
   6              		.eabi_attribute 20, 1
   7              		.eabi_attribute 21, 1
   8              		.eabi_attribute 23, 3
   9              		.eabi_attribute 24, 1
  10              		.eabi_attribute 25, 1
  11              		.eabi_attribute 26, 1
  12              		.eabi_attribute 30, 1
  13              		.eabi_attribute 34, 1
  14              		.eabi_attribute 18, 4
  15              		.file	"lv_calendar_header_dropdown.c"
  16              		.text
  17              	.Ltext0:
  18              		.cfi_sections	.debug_frame
  19              		.section	.text.month_event_cb,"ax",%progbits
  20              		.align	1
  21              		.syntax unified
  22              		.thumb
  23              		.thumb_func
  25              	month_event_cb:
  26              	.LVL0:
  27              	.LFB154:
  28              		.file 1 "lvgl/src/extra/widgets/calendar/lv_calendar_header_dropdown.c"
   1:lvgl/src/extra/widgets/calendar/lv_calendar_header_dropdown.c **** /**
   2:lvgl/src/extra/widgets/calendar/lv_calendar_header_dropdown.c ****  * @file lv_calendar_obj_dropdown.c
   3:lvgl/src/extra/widgets/calendar/lv_calendar_header_dropdown.c ****  *
   4:lvgl/src/extra/widgets/calendar/lv_calendar_header_dropdown.c ****  */
   5:lvgl/src/extra/widgets/calendar/lv_calendar_header_dropdown.c **** 
   6:lvgl/src/extra/widgets/calendar/lv_calendar_header_dropdown.c **** /*********************
   7:lvgl/src/extra/widgets/calendar/lv_calendar_header_dropdown.c ****  *      INCLUDES
   8:lvgl/src/extra/widgets/calendar/lv_calendar_header_dropdown.c ****  *********************/
   9:lvgl/src/extra/widgets/calendar/lv_calendar_header_dropdown.c **** #include "lv_calendar_header_dropdown.h"
  10:lvgl/src/extra/widgets/calendar/lv_calendar_header_dropdown.c **** #if LV_USE_CALENDAR_HEADER_DROPDOWN
  11:lvgl/src/extra/widgets/calendar/lv_calendar_header_dropdown.c **** 
  12:lvgl/src/extra/widgets/calendar/lv_calendar_header_dropdown.c **** #include "lv_calendar.h"
  13:lvgl/src/extra/widgets/calendar/lv_calendar_header_dropdown.c **** #include "../../../widgets/lv_dropdown.h"
  14:lvgl/src/extra/widgets/calendar/lv_calendar_header_dropdown.c **** #include "../../layouts/flex/lv_flex.h"
  15:lvgl/src/extra/widgets/calendar/lv_calendar_header_dropdown.c **** 
  16:lvgl/src/extra/widgets/calendar/lv_calendar_header_dropdown.c **** /*********************
  17:lvgl/src/extra/widgets/calendar/lv_calendar_header_dropdown.c ****  *      DEFINES
  18:lvgl/src/extra/widgets/calendar/lv_calendar_header_dropdown.c ****  *********************/
  19:lvgl/src/extra/widgets/calendar/lv_calendar_header_dropdown.c **** 
  20:lvgl/src/extra/widgets/calendar/lv_calendar_header_dropdown.c **** /**********************
  21:lvgl/src/extra/widgets/calendar/lv_calendar_header_dropdown.c ****  *      TYPEDEFS
  22:lvgl/src/extra/widgets/calendar/lv_calendar_header_dropdown.c ****  **********************/
  23:lvgl/src/extra/widgets/calendar/lv_calendar_header_dropdown.c **** 
  24:lvgl/src/extra/widgets/calendar/lv_calendar_header_dropdown.c **** /**********************
  25:lvgl/src/extra/widgets/calendar/lv_calendar_header_dropdown.c ****  *  STATIC PROTOTYPES
  26:lvgl/src/extra/widgets/calendar/lv_calendar_header_dropdown.c ****  **********************/
  27:lvgl/src/extra/widgets/calendar/lv_calendar_header_dropdown.c **** static void my_constructor(const lv_obj_class_t * class_p, lv_obj_t * obj);
  28:lvgl/src/extra/widgets/calendar/lv_calendar_header_dropdown.c **** static void year_event_cb(lv_event_t * e);
  29:lvgl/src/extra/widgets/calendar/lv_calendar_header_dropdown.c **** static void month_event_cb(lv_event_t * e);
  30:lvgl/src/extra/widgets/calendar/lv_calendar_header_dropdown.c **** 
ARM GAS  C:\Users\BLACK_~1\AppData\Local\Temp\cc4vqKUN.s 			page 2


  31:lvgl/src/extra/widgets/calendar/lv_calendar_header_dropdown.c **** /**********************
  32:lvgl/src/extra/widgets/calendar/lv_calendar_header_dropdown.c ****  *  STATIC VARIABLES
  33:lvgl/src/extra/widgets/calendar/lv_calendar_header_dropdown.c ****  **********************/
  34:lvgl/src/extra/widgets/calendar/lv_calendar_header_dropdown.c **** const lv_obj_class_t lv_calendar_header_dropdown_class = {
  35:lvgl/src/extra/widgets/calendar/lv_calendar_header_dropdown.c ****      .base_class = &lv_obj_class,
  36:lvgl/src/extra/widgets/calendar/lv_calendar_header_dropdown.c ****      .constructor_cb = my_constructor
  37:lvgl/src/extra/widgets/calendar/lv_calendar_header_dropdown.c ****  };
  38:lvgl/src/extra/widgets/calendar/lv_calendar_header_dropdown.c **** 
  39:lvgl/src/extra/widgets/calendar/lv_calendar_header_dropdown.c **** static const char * month_list = "01\n02\n03\n04\n05\n06\n07\n08\n09\n10\n11\n12";
  40:lvgl/src/extra/widgets/calendar/lv_calendar_header_dropdown.c **** static const char * year_list = {
  41:lvgl/src/extra/widgets/calendar/lv_calendar_header_dropdown.c ****         "2023\n2022\n2021\n"
  42:lvgl/src/extra/widgets/calendar/lv_calendar_header_dropdown.c ****         "2020\n2019\n2018\n2017\n2016\n2015\n2014\n2013\n2012\n2011\n2010\n2009\n2008\n2007\n2006\n
  43:lvgl/src/extra/widgets/calendar/lv_calendar_header_dropdown.c ****         "2000\n1999\n1998\n1997\n1996\n1995\n1994\n1993\n1992\n1991\n1990\n1989\n1988\n1987\n1986\n
  44:lvgl/src/extra/widgets/calendar/lv_calendar_header_dropdown.c ****         "1980\n1979\n1978\n1977\n1976\n1975\n1974\n1973\n1972\n1971\n1970\n1969\n1968\n1967\n1966\n
  45:lvgl/src/extra/widgets/calendar/lv_calendar_header_dropdown.c ****         "1960\n1959\n1958\n1957\n1956\n1955\n1954\n1953\n1952\n1951\n1950\n1949\n1948\n1947\n1946\n
  46:lvgl/src/extra/widgets/calendar/lv_calendar_header_dropdown.c ****         "1940\n1939\n1938\n1937\n1936\n1935\n1934\n1933\n1932\n1931\n1930\n1929\n1928\n1927\n1926\n
  47:lvgl/src/extra/widgets/calendar/lv_calendar_header_dropdown.c ****         "1920\n1919\n1918\n1917\n1916\n1915\n1914\n1913\n1912\n1911\n1910\n1909\n1908\n1907\n1906\n
  48:lvgl/src/extra/widgets/calendar/lv_calendar_header_dropdown.c **** };
  49:lvgl/src/extra/widgets/calendar/lv_calendar_header_dropdown.c **** 
  50:lvgl/src/extra/widgets/calendar/lv_calendar_header_dropdown.c **** static lv_obj_t * calendar_param;
  51:lvgl/src/extra/widgets/calendar/lv_calendar_header_dropdown.c **** 
  52:lvgl/src/extra/widgets/calendar/lv_calendar_header_dropdown.c **** /**********************
  53:lvgl/src/extra/widgets/calendar/lv_calendar_header_dropdown.c ****  *      MACROS
  54:lvgl/src/extra/widgets/calendar/lv_calendar_header_dropdown.c ****  **********************/
  55:lvgl/src/extra/widgets/calendar/lv_calendar_header_dropdown.c **** 
  56:lvgl/src/extra/widgets/calendar/lv_calendar_header_dropdown.c **** /**********************
  57:lvgl/src/extra/widgets/calendar/lv_calendar_header_dropdown.c ****  *   GLOBAL FUNCTIONS
  58:lvgl/src/extra/widgets/calendar/lv_calendar_header_dropdown.c ****  **********************/
  59:lvgl/src/extra/widgets/calendar/lv_calendar_header_dropdown.c **** 
  60:lvgl/src/extra/widgets/calendar/lv_calendar_header_dropdown.c **** lv_obj_t * lv_calendar_header_dropdown_create(lv_obj_t * parent, lv_obj_t * calendar)
  61:lvgl/src/extra/widgets/calendar/lv_calendar_header_dropdown.c **** {
  62:lvgl/src/extra/widgets/calendar/lv_calendar_header_dropdown.c ****     calendar_param = calendar;
  63:lvgl/src/extra/widgets/calendar/lv_calendar_header_dropdown.c ****     lv_obj_t * obj = lv_obj_class_create_obj(&lv_calendar_header_dropdown_class, parent);
  64:lvgl/src/extra/widgets/calendar/lv_calendar_header_dropdown.c ****     lv_obj_class_init_obj(obj);
  65:lvgl/src/extra/widgets/calendar/lv_calendar_header_dropdown.c **** 
  66:lvgl/src/extra/widgets/calendar/lv_calendar_header_dropdown.c ****     return obj;
  67:lvgl/src/extra/widgets/calendar/lv_calendar_header_dropdown.c **** }
  68:lvgl/src/extra/widgets/calendar/lv_calendar_header_dropdown.c **** 
  69:lvgl/src/extra/widgets/calendar/lv_calendar_header_dropdown.c **** /**********************
  70:lvgl/src/extra/widgets/calendar/lv_calendar_header_dropdown.c ****  *  STATIC FUNCTIONS
  71:lvgl/src/extra/widgets/calendar/lv_calendar_header_dropdown.c ****  **********************/
  72:lvgl/src/extra/widgets/calendar/lv_calendar_header_dropdown.c **** 
  73:lvgl/src/extra/widgets/calendar/lv_calendar_header_dropdown.c **** static void my_constructor(const lv_obj_class_t * class_p, lv_obj_t * obj)
  74:lvgl/src/extra/widgets/calendar/lv_calendar_header_dropdown.c **** {
  75:lvgl/src/extra/widgets/calendar/lv_calendar_header_dropdown.c ****     LV_TRACE_OBJ_CREATE("begin");
  76:lvgl/src/extra/widgets/calendar/lv_calendar_header_dropdown.c **** 
  77:lvgl/src/extra/widgets/calendar/lv_calendar_header_dropdown.c ****     LV_UNUSED(class_p);
  78:lvgl/src/extra/widgets/calendar/lv_calendar_header_dropdown.c **** 
  79:lvgl/src/extra/widgets/calendar/lv_calendar_header_dropdown.c ****     /*Use the same paddings as the calendar_param*/
  80:lvgl/src/extra/widgets/calendar/lv_calendar_header_dropdown.c ****     lv_obj_set_style_pad_left(obj,lv_obj_get_style_pad_left(calendar_param, LV_PART_MAIN), 0);
  81:lvgl/src/extra/widgets/calendar/lv_calendar_header_dropdown.c ****     lv_obj_set_style_pad_right(obj,lv_obj_get_style_pad_right(calendar_param, LV_PART_MAIN), 0);
  82:lvgl/src/extra/widgets/calendar/lv_calendar_header_dropdown.c ****     lv_obj_set_style_pad_top(obj,lv_obj_get_style_pad_top(calendar_param, LV_PART_MAIN), 0);
  83:lvgl/src/extra/widgets/calendar/lv_calendar_header_dropdown.c ****     lv_obj_set_style_pad_bottom(obj,lv_obj_get_style_pad_bottom(calendar_param, LV_PART_MAIN), 0);
  84:lvgl/src/extra/widgets/calendar/lv_calendar_header_dropdown.c ****     lv_obj_set_style_pad_column(obj,lv_obj_get_style_pad_column(calendar_param, LV_PART_MAIN), 0);
  85:lvgl/src/extra/widgets/calendar/lv_calendar_header_dropdown.c ****     lv_obj_set_style_radius(obj,lv_obj_get_style_radius(calendar_param, LV_PART_MAIN), 0);
  86:lvgl/src/extra/widgets/calendar/lv_calendar_header_dropdown.c **** 
  87:lvgl/src/extra/widgets/calendar/lv_calendar_header_dropdown.c ****     const lv_calendar_date_t * cur_date = lv_calendar_get_showed_date(calendar_param);
ARM GAS  C:\Users\BLACK_~1\AppData\Local\Temp\cc4vqKUN.s 			page 3


  88:lvgl/src/extra/widgets/calendar/lv_calendar_header_dropdown.c **** 
  89:lvgl/src/extra/widgets/calendar/lv_calendar_header_dropdown.c ****     lv_obj_update_layout(calendar_param);
  90:lvgl/src/extra/widgets/calendar/lv_calendar_header_dropdown.c ****     lv_coord_t w = lv_obj_get_width(calendar_param);
  91:lvgl/src/extra/widgets/calendar/lv_calendar_header_dropdown.c ****     lv_obj_set_size(obj,  w, LV_SIZE_CONTENT);
  92:lvgl/src/extra/widgets/calendar/lv_calendar_header_dropdown.c ****     lv_obj_set_flex_flow(obj, LV_FLEX_FLOW_ROW);
  93:lvgl/src/extra/widgets/calendar/lv_calendar_header_dropdown.c ****     lv_obj_set_flex_align(obj, LV_FLEX_ALIGN_START, LV_FLEX_ALIGN_CENTER, LV_FLEX_ALIGN_START);
  94:lvgl/src/extra/widgets/calendar/lv_calendar_header_dropdown.c **** 
  95:lvgl/src/extra/widgets/calendar/lv_calendar_header_dropdown.c ****     lv_obj_t * year_dd = lv_dropdown_create(obj);
  96:lvgl/src/extra/widgets/calendar/lv_calendar_header_dropdown.c ****     lv_dropdown_set_options(year_dd, year_list);
  97:lvgl/src/extra/widgets/calendar/lv_calendar_header_dropdown.c ****     lv_dropdown_set_selected(year_dd, 2023 - cur_date->year);
  98:lvgl/src/extra/widgets/calendar/lv_calendar_header_dropdown.c ****     lv_obj_add_event_cb(year_dd, year_event_cb, LV_EVENT_VALUE_CHANGED, calendar_param);
  99:lvgl/src/extra/widgets/calendar/lv_calendar_header_dropdown.c ****     lv_obj_set_flex_grow(year_dd, 1);
 100:lvgl/src/extra/widgets/calendar/lv_calendar_header_dropdown.c **** 
 101:lvgl/src/extra/widgets/calendar/lv_calendar_header_dropdown.c ****     lv_obj_t * month_dd = lv_dropdown_create(obj);
 102:lvgl/src/extra/widgets/calendar/lv_calendar_header_dropdown.c ****     lv_dropdown_set_options(month_dd, month_list);
 103:lvgl/src/extra/widgets/calendar/lv_calendar_header_dropdown.c ****     lv_dropdown_set_selected(month_dd, cur_date->month - 1);
 104:lvgl/src/extra/widgets/calendar/lv_calendar_header_dropdown.c ****     lv_obj_add_event_cb(month_dd, month_event_cb, LV_EVENT_VALUE_CHANGED, calendar_param);
 105:lvgl/src/extra/widgets/calendar/lv_calendar_header_dropdown.c ****     lv_obj_set_flex_grow(month_dd, 1);
 106:lvgl/src/extra/widgets/calendar/lv_calendar_header_dropdown.c **** 
 107:lvgl/src/extra/widgets/calendar/lv_calendar_header_dropdown.c ****     lv_obj_align_to(obj, calendar_param, LV_ALIGN_OUT_TOP_MID, 0, 0);
 108:lvgl/src/extra/widgets/calendar/lv_calendar_header_dropdown.c **** 
 109:lvgl/src/extra/widgets/calendar/lv_calendar_header_dropdown.c **** }
 110:lvgl/src/extra/widgets/calendar/lv_calendar_header_dropdown.c **** 
 111:lvgl/src/extra/widgets/calendar/lv_calendar_header_dropdown.c **** static void month_event_cb(lv_event_t * e)
 112:lvgl/src/extra/widgets/calendar/lv_calendar_header_dropdown.c **** {
  29              		.loc 1 112 1 view -0
  30              		.cfi_startproc
  31              		@ args = 0, pretend = 0, frame = 8
  32              		@ frame_needed = 0, uses_anonymous_args = 0
  33              		.loc 1 112 1 is_stmt 0 view .LVU1
  34 0000 30B5     		push	{r4, r5, lr}
  35              	.LCFI0:
  36              		.cfi_def_cfa_offset 12
  37              		.cfi_offset 4, -12
  38              		.cfi_offset 5, -8
  39              		.cfi_offset 14, -4
  40 0002 83B0     		sub	sp, sp, #12
  41              	.LCFI1:
  42              		.cfi_def_cfa_offset 24
  43 0004 0546     		mov	r5, r0
 113:lvgl/src/extra/widgets/calendar/lv_calendar_header_dropdown.c ****     lv_obj_t * dropdown = lv_event_get_target(e);
  44              		.loc 1 113 5 is_stmt 1 view .LVU2
  45              		.loc 1 113 27 is_stmt 0 view .LVU3
  46 0006 FFF7FEFF 		bl	lv_event_get_target
  47              	.LVL1:
  48              		.loc 1 113 27 view .LVU4
  49 000a 0446     		mov	r4, r0
  50              	.LVL2:
 114:lvgl/src/extra/widgets/calendar/lv_calendar_header_dropdown.c ****     lv_obj_t * calendar = lv_event_get_user_data(e);
  51              		.loc 1 114 5 is_stmt 1 view .LVU5
  52              		.loc 1 114 27 is_stmt 0 view .LVU6
  53 000c 2846     		mov	r0, r5
  54              	.LVL3:
  55              		.loc 1 114 27 view .LVU7
  56 000e FFF7FEFF 		bl	lv_event_get_user_data
  57              	.LVL4:
  58 0012 0546     		mov	r5, r0
ARM GAS  C:\Users\BLACK_~1\AppData\Local\Temp\cc4vqKUN.s 			page 4


  59              	.LVL5:
 115:lvgl/src/extra/widgets/calendar/lv_calendar_header_dropdown.c **** 
 116:lvgl/src/extra/widgets/calendar/lv_calendar_header_dropdown.c ****     uint16_t sel = lv_dropdown_get_selected(dropdown);
  60              		.loc 1 116 5 is_stmt 1 view .LVU8
  61              		.loc 1 116 20 is_stmt 0 view .LVU9
  62 0014 2046     		mov	r0, r4
  63              	.LVL6:
  64              		.loc 1 116 20 view .LVU10
  65 0016 FFF7FEFF 		bl	lv_dropdown_get_selected
  66              	.LVL7:
  67 001a 0446     		mov	r4, r0
  68              	.LVL8:
 117:lvgl/src/extra/widgets/calendar/lv_calendar_header_dropdown.c **** 
 118:lvgl/src/extra/widgets/calendar/lv_calendar_header_dropdown.c ****     const lv_calendar_date_t * d;
  69              		.loc 1 118 5 is_stmt 1 view .LVU11
 119:lvgl/src/extra/widgets/calendar/lv_calendar_header_dropdown.c ****     d = lv_calendar_get_showed_date(calendar);
  70              		.loc 1 119 5 view .LVU12
  71              		.loc 1 119 9 is_stmt 0 view .LVU13
  72 001c 2846     		mov	r0, r5
  73 001e FFF7FEFF 		bl	lv_calendar_get_showed_date
  74              	.LVL9:
 120:lvgl/src/extra/widgets/calendar/lv_calendar_header_dropdown.c ****     lv_calendar_date_t newd = *d;
  75              		.loc 1 120 5 is_stmt 1 view .LVU14
  76              		.loc 1 120 24 is_stmt 0 view .LVU15
  77 0022 0068     		ldr	r0, [r0]	@ unaligned
  78              	.LVL10:
  79              		.loc 1 120 24 view .LVU16
  80 0024 0190     		str	r0, [sp, #4]
 121:lvgl/src/extra/widgets/calendar/lv_calendar_header_dropdown.c ****     newd.month = sel + 1;
  81              		.loc 1 121 5 is_stmt 1 view .LVU17
  82              		.loc 1 121 22 is_stmt 0 view .LVU18
  83 0026 621C     		adds	r2, r4, #1
  84 0028 52B2     		sxtb	r2, r2
  85              		.loc 1 121 16 view .LVU19
  86 002a 8DF80620 		strb	r2, [sp, #6]
 122:lvgl/src/extra/widgets/calendar/lv_calendar_header_dropdown.c **** 
 123:lvgl/src/extra/widgets/calendar/lv_calendar_header_dropdown.c ****     lv_calendar_set_showed_date(calendar, newd.year, newd.month);
  87              		.loc 1 123 5 is_stmt 1 view .LVU20
  88 002e BDF80410 		ldrh	r1, [sp, #4]
  89 0032 2846     		mov	r0, r5
  90 0034 FFF7FEFF 		bl	lv_calendar_set_showed_date
  91              	.LVL11:
 124:lvgl/src/extra/widgets/calendar/lv_calendar_header_dropdown.c **** }
  92              		.loc 1 124 1 is_stmt 0 view .LVU21
  93 0038 03B0     		add	sp, sp, #12
  94              	.LCFI2:
  95              		.cfi_def_cfa_offset 12
  96              		@ sp needed
  97 003a 30BD     		pop	{r4, r5, pc}
  98              		.loc 1 124 1 view .LVU22
  99              		.cfi_endproc
 100              	.LFE154:
 102              		.section	.text.year_event_cb,"ax",%progbits
 103              		.align	1
 104              		.syntax unified
 105              		.thumb
 106              		.thumb_func
ARM GAS  C:\Users\BLACK_~1\AppData\Local\Temp\cc4vqKUN.s 			page 5


 108              	year_event_cb:
 109              	.LVL12:
 110              	.LFB155:
 125:lvgl/src/extra/widgets/calendar/lv_calendar_header_dropdown.c **** static void year_event_cb(lv_event_t * e)
 126:lvgl/src/extra/widgets/calendar/lv_calendar_header_dropdown.c **** {
 111              		.loc 1 126 1 is_stmt 1 view -0
 112              		.cfi_startproc
 113              		@ args = 0, pretend = 0, frame = 8
 114              		@ frame_needed = 0, uses_anonymous_args = 0
 115              		.loc 1 126 1 is_stmt 0 view .LVU24
 116 0000 30B5     		push	{r4, r5, lr}
 117              	.LCFI3:
 118              		.cfi_def_cfa_offset 12
 119              		.cfi_offset 4, -12
 120              		.cfi_offset 5, -8
 121              		.cfi_offset 14, -4
 122 0002 83B0     		sub	sp, sp, #12
 123              	.LCFI4:
 124              		.cfi_def_cfa_offset 24
 125 0004 0546     		mov	r5, r0
 127:lvgl/src/extra/widgets/calendar/lv_calendar_header_dropdown.c ****     lv_obj_t * dropdown = lv_event_get_target(e);
 126              		.loc 1 127 5 is_stmt 1 view .LVU25
 127              		.loc 1 127 27 is_stmt 0 view .LVU26
 128 0006 FFF7FEFF 		bl	lv_event_get_target
 129              	.LVL13:
 130              		.loc 1 127 27 view .LVU27
 131 000a 0446     		mov	r4, r0
 132              	.LVL14:
 128:lvgl/src/extra/widgets/calendar/lv_calendar_header_dropdown.c ****     lv_obj_t * calendar = lv_event_get_user_data(e);
 133              		.loc 1 128 5 is_stmt 1 view .LVU28
 134              		.loc 1 128 27 is_stmt 0 view .LVU29
 135 000c 2846     		mov	r0, r5
 136              	.LVL15:
 137              		.loc 1 128 27 view .LVU30
 138 000e FFF7FEFF 		bl	lv_event_get_user_data
 139              	.LVL16:
 140 0012 0546     		mov	r5, r0
 141              	.LVL17:
 129:lvgl/src/extra/widgets/calendar/lv_calendar_header_dropdown.c **** 
 130:lvgl/src/extra/widgets/calendar/lv_calendar_header_dropdown.c ****     uint16_t sel = lv_dropdown_get_selected(dropdown);
 142              		.loc 1 130 5 is_stmt 1 view .LVU31
 143              		.loc 1 130 20 is_stmt 0 view .LVU32
 144 0014 2046     		mov	r0, r4
 145              	.LVL18:
 146              		.loc 1 130 20 view .LVU33
 147 0016 FFF7FEFF 		bl	lv_dropdown_get_selected
 148              	.LVL19:
 149 001a 0446     		mov	r4, r0
 150              	.LVL20:
 131:lvgl/src/extra/widgets/calendar/lv_calendar_header_dropdown.c **** 
 132:lvgl/src/extra/widgets/calendar/lv_calendar_header_dropdown.c ****     const lv_calendar_date_t * d;
 151              		.loc 1 132 5 is_stmt 1 view .LVU34
 133:lvgl/src/extra/widgets/calendar/lv_calendar_header_dropdown.c ****     d = lv_calendar_get_showed_date(calendar);
 152              		.loc 1 133 5 view .LVU35
 153              		.loc 1 133 9 is_stmt 0 view .LVU36
 154 001c 2846     		mov	r0, r5
 155 001e FFF7FEFF 		bl	lv_calendar_get_showed_date
ARM GAS  C:\Users\BLACK_~1\AppData\Local\Temp\cc4vqKUN.s 			page 6


 156              	.LVL21:
 134:lvgl/src/extra/widgets/calendar/lv_calendar_header_dropdown.c ****     lv_calendar_date_t newd = *d;
 157              		.loc 1 134 5 is_stmt 1 view .LVU37
 158              		.loc 1 134 24 is_stmt 0 view .LVU38
 159 0022 0068     		ldr	r0, [r0]	@ unaligned
 160              	.LVL22:
 161              		.loc 1 134 24 view .LVU39
 162 0024 0190     		str	r0, [sp, #4]
 135:lvgl/src/extra/widgets/calendar/lv_calendar_header_dropdown.c ****     newd.year = 2023 - sel;
 163              		.loc 1 135 5 is_stmt 1 view .LVU40
 164              		.loc 1 135 22 is_stmt 0 view .LVU41
 165 0026 C4F5FC61 		rsb	r1, r4, #2016
 166 002a 0731     		adds	r1, r1, #7
 167 002c 89B2     		uxth	r1, r1
 168              		.loc 1 135 15 view .LVU42
 169 002e ADF80410 		strh	r1, [sp, #4]	@ movhi
 136:lvgl/src/extra/widgets/calendar/lv_calendar_header_dropdown.c **** 
 137:lvgl/src/extra/widgets/calendar/lv_calendar_header_dropdown.c ****     lv_calendar_set_showed_date(calendar, newd.year, newd.month);
 170              		.loc 1 137 5 is_stmt 1 view .LVU43
 171 0032 9DF90620 		ldrsb	r2, [sp, #6]
 172 0036 2846     		mov	r0, r5
 173 0038 FFF7FEFF 		bl	lv_calendar_set_showed_date
 174              	.LVL23:
 138:lvgl/src/extra/widgets/calendar/lv_calendar_header_dropdown.c **** }
 175              		.loc 1 138 1 is_stmt 0 view .LVU44
 176 003c 03B0     		add	sp, sp, #12
 177              	.LCFI5:
 178              		.cfi_def_cfa_offset 12
 179              		@ sp needed
 180 003e 30BD     		pop	{r4, r5, pc}
 181              		.loc 1 138 1 view .LVU45
 182              		.cfi_endproc
 183              	.LFE155:
 185              		.section	.rodata.my_constructor.str1.4,"aMS",%progbits,1
 186              		.align	2
 187              	.LC0:
 188 0000 32303233 		.ascii	"2023\0122022\0122021\0122020\0122019\0122018\012201"
 188      0A323032 
 188      320A3230 
 188      32310A32 
 188      3032300A 
 189 0021 370A3230 		.ascii	"7\0122016\0122015\0122014\0122013\0122012\0122011\012"
 189      31360A32 
 189      3031350A 
 189      32303134 
 189      0A323031 
 190 0041 32303130 		.ascii	"2010\0122009\0122008\0122007\0122006\0122005\012200"
 190      0A323030 
 190      390A3230 
 190      30380A32 
 190      3030370A 
 191 0062 340A3230 		.ascii	"4\0122003\0122002\0122001\0122000\0121999\0121998\012"
 191      30330A32 
 191      3030320A 
 191      32303031 
 191      0A323030 
 192 0082 31393937 		.ascii	"1997\0121996\0121995\0121994\0121993\0121992\012199"
ARM GAS  C:\Users\BLACK_~1\AppData\Local\Temp\cc4vqKUN.s 			page 7


 192      0A313939 
 192      360A3139 
 192      39350A31 
 192      3939340A 
 193 00a3 310A3139 		.ascii	"1\0121990\0121989\0121988\0121987\0121986\0121985\012"
 193      39300A31 
 193      3938390A 
 193      31393838 
 193      0A313938 
 194 00c3 31393834 		.ascii	"1984\0121983\0121982\0121981\0121980\0121979\012197"
 194      0A313938 
 194      330A3139 
 194      38320A31 
 194      3938310A 
 195 00e4 380A3139 		.ascii	"8\0121977\0121976\0121975\0121974\0121973\0121972\012"
 195      37370A31 
 195      3937360A 
 195      31393735 
 195      0A313937 
 196 0104 31393731 		.ascii	"1971\0121970\0121969\0121968\0121967\0121966\012196"
 196      0A313937 
 196      300A3139 
 196      36390A31 
 196      3936380A 
 197 0125 350A3139 		.ascii	"5\0121964\0121963\0121962\0121961\0121960\0121959\012"
 197      36340A31 
 197      3936330A 
 197      31393632 
 197      0A313936 
 198 0145 31393538 		.ascii	"1958\0121957\0121956\0121955\0121954\0121953\012195"
 198      0A313935 
 198      370A3139 
 198      35360A31 
 198      3935350A 
 199 0166 320A3139 		.ascii	"2\0121951\0121950\0121949\0121948\0121947\0121946\012"
 199      35310A31 
 199      3935300A 
 199      31393439 
 199      0A313934 
 200 0186 31393435 		.ascii	"1945\0121944\0121943\0121942\0121941\0121940\012193"
 200      0A313934 
 200      340A3139 
 200      34330A31 
 200      3934320A 
 201 01a7 390A3139 		.ascii	"9\0121938\0121937\0121936\0121935\0121934\0121933\012"
 201      33380A31 
 201      3933370A 
 201      31393336 
 201      0A313933 
 202 01c7 31393332 		.ascii	"1932\0121931\0121930\0121929\0121928\0121927\012192"
 202      0A313933 
 202      310A3139 
 202      33300A31 
 202      3932390A 
 203 01e8 360A3139 		.ascii	"6\0121925\0121924\0121923\0121922\0121921\0121920\012"
 203      32350A31 
 203      3932340A 
ARM GAS  C:\Users\BLACK_~1\AppData\Local\Temp\cc4vqKUN.s 			page 8


 203      31393233 
 203      0A313932 
 204 0208 31393139 		.ascii	"1919\0121918\0121917\0121916\0121915\0121914\012191"
 204      0A313931 
 204      380A3139 
 204      31370A31 
 204      3931360A 
 205 0229 330A3139 		.ascii	"3\0121912\0121911\0121910\0121909\0121908\0121907\012"
 205      31320A31 
 205      3931310A 
 205      31393130 
 205      0A313930 
 206 0249 31393036 		.ascii	"1906\0121905\0121904\0121903\0121902\0121901\000"
 206      0A313930 
 206      350A3139 
 206      30340A31 
 206      3930330A 
 207 0267 00       		.align	2
 208              	.LC1:
 209 0268 30310A30 		.ascii	"01\01202\01203\01204\01205\01206\01207\01208\01209\012"
 209      320A3033 
 209      0A30340A 
 209      30350A30 
 209      360A3037 
 210 0283 31300A31 		.ascii	"10\01211\01212\000"
 210      310A3132 
 210      00
 211              		.section	.text.my_constructor,"ax",%progbits
 212              		.align	1
 213              		.syntax unified
 214              		.thumb
 215              		.thumb_func
 217              	my_constructor:
 218              	.LVL24:
 219              	.LFB153:
  74:lvgl/src/extra/widgets/calendar/lv_calendar_header_dropdown.c ****     LV_TRACE_OBJ_CREATE("begin");
 220              		.loc 1 74 1 is_stmt 1 view -0
 221              		.cfi_startproc
 222              		@ args = 0, pretend = 0, frame = 0
 223              		@ frame_needed = 0, uses_anonymous_args = 0
  74:lvgl/src/extra/widgets/calendar/lv_calendar_header_dropdown.c ****     LV_TRACE_OBJ_CREATE("begin");
 224              		.loc 1 74 1 is_stmt 0 view .LVU47
 225 0000 F0B5     		push	{r4, r5, r6, r7, lr}
 226              	.LCFI6:
 227              		.cfi_def_cfa_offset 20
 228              		.cfi_offset 4, -20
 229              		.cfi_offset 5, -16
 230              		.cfi_offset 6, -12
 231              		.cfi_offset 7, -8
 232              		.cfi_offset 14, -4
 233 0002 83B0     		sub	sp, sp, #12
 234              	.LCFI7:
 235              		.cfi_def_cfa_offset 32
 236 0004 0C46     		mov	r4, r1
  75:lvgl/src/extra/widgets/calendar/lv_calendar_header_dropdown.c **** 
 237              		.loc 1 75 33 is_stmt 1 view .LVU48
  77:lvgl/src/extra/widgets/calendar/lv_calendar_header_dropdown.c **** 
ARM GAS  C:\Users\BLACK_~1\AppData\Local\Temp\cc4vqKUN.s 			page 9


 238              		.loc 1 77 5 view .LVU49
  80:lvgl/src/extra/widgets/calendar/lv_calendar_header_dropdown.c ****     lv_obj_set_style_pad_right(obj,lv_obj_get_style_pad_right(calendar_param, LV_PART_MAIN), 0);
 239              		.loc 1 80 5 view .LVU50
 240 0006 4B4D     		ldr	r5, .L7
 241              	.LVL25:
 242              	.LBB14:
 243              	.LBI14:
 244              		.file 2 "lvgl/src/extra/widgets/calendar/../../../core/lv_obj_style_gen.h"
   1:lvgl/src/extra/widgets/calendar/../../../core/lv_obj_style_gen.h **** static inline lv_coord_t lv_obj_get_style_width(const struct _lv_obj_t * obj, uint32_t part)
   2:lvgl/src/extra/widgets/calendar/../../../core/lv_obj_style_gen.h **** {
   3:lvgl/src/extra/widgets/calendar/../../../core/lv_obj_style_gen.h ****     lv_style_value_t v = lv_obj_get_style_prop(obj, part, LV_STYLE_WIDTH);
   4:lvgl/src/extra/widgets/calendar/../../../core/lv_obj_style_gen.h ****     return (lv_coord_t)v.num;
   5:lvgl/src/extra/widgets/calendar/../../../core/lv_obj_style_gen.h **** }
   6:lvgl/src/extra/widgets/calendar/../../../core/lv_obj_style_gen.h **** 
   7:lvgl/src/extra/widgets/calendar/../../../core/lv_obj_style_gen.h **** static inline lv_coord_t lv_obj_get_style_min_width(const struct _lv_obj_t * obj, uint32_t part)
   8:lvgl/src/extra/widgets/calendar/../../../core/lv_obj_style_gen.h **** {
   9:lvgl/src/extra/widgets/calendar/../../../core/lv_obj_style_gen.h ****     lv_style_value_t v = lv_obj_get_style_prop(obj, part, LV_STYLE_MIN_WIDTH);
  10:lvgl/src/extra/widgets/calendar/../../../core/lv_obj_style_gen.h ****     return (lv_coord_t)v.num;
  11:lvgl/src/extra/widgets/calendar/../../../core/lv_obj_style_gen.h **** }
  12:lvgl/src/extra/widgets/calendar/../../../core/lv_obj_style_gen.h **** 
  13:lvgl/src/extra/widgets/calendar/../../../core/lv_obj_style_gen.h **** static inline lv_coord_t lv_obj_get_style_max_width(const struct _lv_obj_t * obj, uint32_t part)
  14:lvgl/src/extra/widgets/calendar/../../../core/lv_obj_style_gen.h **** {
  15:lvgl/src/extra/widgets/calendar/../../../core/lv_obj_style_gen.h ****     lv_style_value_t v = lv_obj_get_style_prop(obj, part, LV_STYLE_MAX_WIDTH);
  16:lvgl/src/extra/widgets/calendar/../../../core/lv_obj_style_gen.h ****     return (lv_coord_t)v.num;
  17:lvgl/src/extra/widgets/calendar/../../../core/lv_obj_style_gen.h **** }
  18:lvgl/src/extra/widgets/calendar/../../../core/lv_obj_style_gen.h **** 
  19:lvgl/src/extra/widgets/calendar/../../../core/lv_obj_style_gen.h **** static inline lv_coord_t lv_obj_get_style_height(const struct _lv_obj_t * obj, uint32_t part)
  20:lvgl/src/extra/widgets/calendar/../../../core/lv_obj_style_gen.h **** {
  21:lvgl/src/extra/widgets/calendar/../../../core/lv_obj_style_gen.h ****     lv_style_value_t v = lv_obj_get_style_prop(obj, part, LV_STYLE_HEIGHT);
  22:lvgl/src/extra/widgets/calendar/../../../core/lv_obj_style_gen.h ****     return (lv_coord_t)v.num;
  23:lvgl/src/extra/widgets/calendar/../../../core/lv_obj_style_gen.h **** }
  24:lvgl/src/extra/widgets/calendar/../../../core/lv_obj_style_gen.h **** 
  25:lvgl/src/extra/widgets/calendar/../../../core/lv_obj_style_gen.h **** static inline lv_coord_t lv_obj_get_style_min_height(const struct _lv_obj_t * obj, uint32_t part)
  26:lvgl/src/extra/widgets/calendar/../../../core/lv_obj_style_gen.h **** {
  27:lvgl/src/extra/widgets/calendar/../../../core/lv_obj_style_gen.h ****     lv_style_value_t v = lv_obj_get_style_prop(obj, part, LV_STYLE_MIN_HEIGHT);
  28:lvgl/src/extra/widgets/calendar/../../../core/lv_obj_style_gen.h ****     return (lv_coord_t)v.num;
  29:lvgl/src/extra/widgets/calendar/../../../core/lv_obj_style_gen.h **** }
  30:lvgl/src/extra/widgets/calendar/../../../core/lv_obj_style_gen.h **** 
  31:lvgl/src/extra/widgets/calendar/../../../core/lv_obj_style_gen.h **** static inline lv_coord_t lv_obj_get_style_max_height(const struct _lv_obj_t * obj, uint32_t part)
  32:lvgl/src/extra/widgets/calendar/../../../core/lv_obj_style_gen.h **** {
  33:lvgl/src/extra/widgets/calendar/../../../core/lv_obj_style_gen.h ****     lv_style_value_t v = lv_obj_get_style_prop(obj, part, LV_STYLE_MAX_HEIGHT);
  34:lvgl/src/extra/widgets/calendar/../../../core/lv_obj_style_gen.h ****     return (lv_coord_t)v.num;
  35:lvgl/src/extra/widgets/calendar/../../../core/lv_obj_style_gen.h **** }
  36:lvgl/src/extra/widgets/calendar/../../../core/lv_obj_style_gen.h **** 
  37:lvgl/src/extra/widgets/calendar/../../../core/lv_obj_style_gen.h **** static inline lv_coord_t lv_obj_get_style_x(const struct _lv_obj_t * obj, uint32_t part)
  38:lvgl/src/extra/widgets/calendar/../../../core/lv_obj_style_gen.h **** {
  39:lvgl/src/extra/widgets/calendar/../../../core/lv_obj_style_gen.h ****     lv_style_value_t v = lv_obj_get_style_prop(obj, part, LV_STYLE_X);
  40:lvgl/src/extra/widgets/calendar/../../../core/lv_obj_style_gen.h ****     return (lv_coord_t)v.num;
  41:lvgl/src/extra/widgets/calendar/../../../core/lv_obj_style_gen.h **** }
  42:lvgl/src/extra/widgets/calendar/../../../core/lv_obj_style_gen.h **** 
  43:lvgl/src/extra/widgets/calendar/../../../core/lv_obj_style_gen.h **** static inline lv_coord_t lv_obj_get_style_y(const struct _lv_obj_t * obj, uint32_t part)
  44:lvgl/src/extra/widgets/calendar/../../../core/lv_obj_style_gen.h **** {
  45:lvgl/src/extra/widgets/calendar/../../../core/lv_obj_style_gen.h ****     lv_style_value_t v = lv_obj_get_style_prop(obj, part, LV_STYLE_Y);
  46:lvgl/src/extra/widgets/calendar/../../../core/lv_obj_style_gen.h ****     return (lv_coord_t)v.num;
  47:lvgl/src/extra/widgets/calendar/../../../core/lv_obj_style_gen.h **** }
  48:lvgl/src/extra/widgets/calendar/../../../core/lv_obj_style_gen.h **** 
  49:lvgl/src/extra/widgets/calendar/../../../core/lv_obj_style_gen.h **** static inline lv_align_t lv_obj_get_style_align(const struct _lv_obj_t * obj, uint32_t part)
ARM GAS  C:\Users\BLACK_~1\AppData\Local\Temp\cc4vqKUN.s 			page 10


  50:lvgl/src/extra/widgets/calendar/../../../core/lv_obj_style_gen.h **** {
  51:lvgl/src/extra/widgets/calendar/../../../core/lv_obj_style_gen.h ****     lv_style_value_t v = lv_obj_get_style_prop(obj, part, LV_STYLE_ALIGN);
  52:lvgl/src/extra/widgets/calendar/../../../core/lv_obj_style_gen.h ****     return (lv_align_t)v.num;
  53:lvgl/src/extra/widgets/calendar/../../../core/lv_obj_style_gen.h **** }
  54:lvgl/src/extra/widgets/calendar/../../../core/lv_obj_style_gen.h **** 
  55:lvgl/src/extra/widgets/calendar/../../../core/lv_obj_style_gen.h **** static inline lv_coord_t lv_obj_get_style_transform_width(const struct _lv_obj_t * obj, uint32_t pa
  56:lvgl/src/extra/widgets/calendar/../../../core/lv_obj_style_gen.h **** {
  57:lvgl/src/extra/widgets/calendar/../../../core/lv_obj_style_gen.h ****     lv_style_value_t v = lv_obj_get_style_prop(obj, part, LV_STYLE_TRANSFORM_WIDTH);
  58:lvgl/src/extra/widgets/calendar/../../../core/lv_obj_style_gen.h ****     return (lv_coord_t)v.num;
  59:lvgl/src/extra/widgets/calendar/../../../core/lv_obj_style_gen.h **** }
  60:lvgl/src/extra/widgets/calendar/../../../core/lv_obj_style_gen.h **** 
  61:lvgl/src/extra/widgets/calendar/../../../core/lv_obj_style_gen.h **** static inline lv_coord_t lv_obj_get_style_transform_height(const struct _lv_obj_t * obj, uint32_t p
  62:lvgl/src/extra/widgets/calendar/../../../core/lv_obj_style_gen.h **** {
  63:lvgl/src/extra/widgets/calendar/../../../core/lv_obj_style_gen.h ****     lv_style_value_t v = lv_obj_get_style_prop(obj, part, LV_STYLE_TRANSFORM_HEIGHT);
  64:lvgl/src/extra/widgets/calendar/../../../core/lv_obj_style_gen.h ****     return (lv_coord_t)v.num;
  65:lvgl/src/extra/widgets/calendar/../../../core/lv_obj_style_gen.h **** }
  66:lvgl/src/extra/widgets/calendar/../../../core/lv_obj_style_gen.h **** 
  67:lvgl/src/extra/widgets/calendar/../../../core/lv_obj_style_gen.h **** static inline lv_coord_t lv_obj_get_style_translate_x(const struct _lv_obj_t * obj, uint32_t part)
  68:lvgl/src/extra/widgets/calendar/../../../core/lv_obj_style_gen.h **** {
  69:lvgl/src/extra/widgets/calendar/../../../core/lv_obj_style_gen.h ****     lv_style_value_t v = lv_obj_get_style_prop(obj, part, LV_STYLE_TRANSLATE_X);
  70:lvgl/src/extra/widgets/calendar/../../../core/lv_obj_style_gen.h ****     return (lv_coord_t)v.num;
  71:lvgl/src/extra/widgets/calendar/../../../core/lv_obj_style_gen.h **** }
  72:lvgl/src/extra/widgets/calendar/../../../core/lv_obj_style_gen.h **** 
  73:lvgl/src/extra/widgets/calendar/../../../core/lv_obj_style_gen.h **** static inline lv_coord_t lv_obj_get_style_translate_y(const struct _lv_obj_t * obj, uint32_t part)
  74:lvgl/src/extra/widgets/calendar/../../../core/lv_obj_style_gen.h **** {
  75:lvgl/src/extra/widgets/calendar/../../../core/lv_obj_style_gen.h ****     lv_style_value_t v = lv_obj_get_style_prop(obj, part, LV_STYLE_TRANSLATE_Y);
  76:lvgl/src/extra/widgets/calendar/../../../core/lv_obj_style_gen.h ****     return (lv_coord_t)v.num;
  77:lvgl/src/extra/widgets/calendar/../../../core/lv_obj_style_gen.h **** }
  78:lvgl/src/extra/widgets/calendar/../../../core/lv_obj_style_gen.h **** 
  79:lvgl/src/extra/widgets/calendar/../../../core/lv_obj_style_gen.h **** static inline lv_coord_t lv_obj_get_style_transform_zoom(const struct _lv_obj_t * obj, uint32_t par
  80:lvgl/src/extra/widgets/calendar/../../../core/lv_obj_style_gen.h **** {
  81:lvgl/src/extra/widgets/calendar/../../../core/lv_obj_style_gen.h ****     lv_style_value_t v = lv_obj_get_style_prop(obj, part, LV_STYLE_TRANSFORM_ZOOM);
  82:lvgl/src/extra/widgets/calendar/../../../core/lv_obj_style_gen.h ****     return (lv_coord_t)v.num;
  83:lvgl/src/extra/widgets/calendar/../../../core/lv_obj_style_gen.h **** }
  84:lvgl/src/extra/widgets/calendar/../../../core/lv_obj_style_gen.h **** 
  85:lvgl/src/extra/widgets/calendar/../../../core/lv_obj_style_gen.h **** static inline lv_coord_t lv_obj_get_style_transform_angle(const struct _lv_obj_t * obj, uint32_t pa
  86:lvgl/src/extra/widgets/calendar/../../../core/lv_obj_style_gen.h **** {
  87:lvgl/src/extra/widgets/calendar/../../../core/lv_obj_style_gen.h ****     lv_style_value_t v = lv_obj_get_style_prop(obj, part, LV_STYLE_TRANSFORM_ANGLE);
  88:lvgl/src/extra/widgets/calendar/../../../core/lv_obj_style_gen.h ****     return (lv_coord_t)v.num;
  89:lvgl/src/extra/widgets/calendar/../../../core/lv_obj_style_gen.h **** }
  90:lvgl/src/extra/widgets/calendar/../../../core/lv_obj_style_gen.h **** 
  91:lvgl/src/extra/widgets/calendar/../../../core/lv_obj_style_gen.h **** static inline lv_coord_t lv_obj_get_style_pad_top(const struct _lv_obj_t * obj, uint32_t part)
  92:lvgl/src/extra/widgets/calendar/../../../core/lv_obj_style_gen.h **** {
  93:lvgl/src/extra/widgets/calendar/../../../core/lv_obj_style_gen.h ****     lv_style_value_t v = lv_obj_get_style_prop(obj, part, LV_STYLE_PAD_TOP);
  94:lvgl/src/extra/widgets/calendar/../../../core/lv_obj_style_gen.h ****     return (lv_coord_t)v.num;
  95:lvgl/src/extra/widgets/calendar/../../../core/lv_obj_style_gen.h **** }
  96:lvgl/src/extra/widgets/calendar/../../../core/lv_obj_style_gen.h **** 
  97:lvgl/src/extra/widgets/calendar/../../../core/lv_obj_style_gen.h **** static inline lv_coord_t lv_obj_get_style_pad_bottom(const struct _lv_obj_t * obj, uint32_t part)
  98:lvgl/src/extra/widgets/calendar/../../../core/lv_obj_style_gen.h **** {
  99:lvgl/src/extra/widgets/calendar/../../../core/lv_obj_style_gen.h ****     lv_style_value_t v = lv_obj_get_style_prop(obj, part, LV_STYLE_PAD_BOTTOM);
 100:lvgl/src/extra/widgets/calendar/../../../core/lv_obj_style_gen.h ****     return (lv_coord_t)v.num;
 101:lvgl/src/extra/widgets/calendar/../../../core/lv_obj_style_gen.h **** }
 102:lvgl/src/extra/widgets/calendar/../../../core/lv_obj_style_gen.h **** 
 103:lvgl/src/extra/widgets/calendar/../../../core/lv_obj_style_gen.h **** static inline lv_coord_t lv_obj_get_style_pad_left(const struct _lv_obj_t * obj, uint32_t part)
 245              		.loc 2 103 26 view .LVU51
 246              	.LBB15:
 104:lvgl/src/extra/widgets/calendar/../../../core/lv_obj_style_gen.h **** {
ARM GAS  C:\Users\BLACK_~1\AppData\Local\Temp\cc4vqKUN.s 			page 11


 105:lvgl/src/extra/widgets/calendar/../../../core/lv_obj_style_gen.h ****     lv_style_value_t v = lv_obj_get_style_prop(obj, part, LV_STYLE_PAD_LEFT);
 247              		.loc 2 105 5 view .LVU52
 248              		.loc 2 105 26 is_stmt 0 view .LVU53
 249 0008 41F21202 		movw	r2, #4114
 250 000c 0021     		movs	r1, #0
 251              	.LVL26:
 252              		.loc 2 105 26 view .LVU54
 253 000e 2868     		ldr	r0, [r5]
 254              	.LVL27:
 255              		.loc 2 105 26 view .LVU55
 256 0010 FFF7FEFF 		bl	lv_obj_get_style_prop
 257              	.LVL28:
 106:lvgl/src/extra/widgets/calendar/../../../core/lv_obj_style_gen.h ****     return (lv_coord_t)v.num;
 258              		.loc 2 106 5 is_stmt 1 view .LVU56
 259              		.loc 2 106 5 is_stmt 0 view .LVU57
 260              	.LBE15:
 261              	.LBE14:
  80:lvgl/src/extra/widgets/calendar/lv_calendar_header_dropdown.c ****     lv_obj_set_style_pad_right(obj,lv_obj_get_style_pad_right(calendar_param, LV_PART_MAIN), 0);
 262              		.loc 1 80 5 view .LVU58
 263 0014 0022     		movs	r2, #0
 264 0016 01B2     		sxth	r1, r0
 265 0018 2046     		mov	r0, r4
 266 001a FFF7FEFF 		bl	lv_obj_set_style_pad_left
 267              	.LVL29:
  81:lvgl/src/extra/widgets/calendar/lv_calendar_header_dropdown.c ****     lv_obj_set_style_pad_top(obj,lv_obj_get_style_pad_top(calendar_param, LV_PART_MAIN), 0);
 268              		.loc 1 81 5 is_stmt 1 view .LVU59
 269              	.LBB16:
 270              	.LBI16:
 107:lvgl/src/extra/widgets/calendar/../../../core/lv_obj_style_gen.h **** }
 108:lvgl/src/extra/widgets/calendar/../../../core/lv_obj_style_gen.h **** 
 109:lvgl/src/extra/widgets/calendar/../../../core/lv_obj_style_gen.h **** static inline lv_coord_t lv_obj_get_style_pad_right(const struct _lv_obj_t * obj, uint32_t part)
 271              		.loc 2 109 26 view .LVU60
 272              	.LBB17:
 110:lvgl/src/extra/widgets/calendar/../../../core/lv_obj_style_gen.h **** {
 111:lvgl/src/extra/widgets/calendar/../../../core/lv_obj_style_gen.h ****     lv_style_value_t v = lv_obj_get_style_prop(obj, part, LV_STYLE_PAD_RIGHT);
 273              		.loc 2 111 5 view .LVU61
 274              		.loc 2 111 26 is_stmt 0 view .LVU62
 275 001e 41F21302 		movw	r2, #4115
 276 0022 0021     		movs	r1, #0
 277 0024 2868     		ldr	r0, [r5]
 278 0026 FFF7FEFF 		bl	lv_obj_get_style_prop
 279              	.LVL30:
 112:lvgl/src/extra/widgets/calendar/../../../core/lv_obj_style_gen.h ****     return (lv_coord_t)v.num;
 280              		.loc 2 112 5 is_stmt 1 view .LVU63
 281              		.loc 2 112 5 is_stmt 0 view .LVU64
 282              	.LBE17:
 283              	.LBE16:
  81:lvgl/src/extra/widgets/calendar/lv_calendar_header_dropdown.c ****     lv_obj_set_style_pad_top(obj,lv_obj_get_style_pad_top(calendar_param, LV_PART_MAIN), 0);
 284              		.loc 1 81 5 view .LVU65
 285 002a 0022     		movs	r2, #0
 286 002c 01B2     		sxth	r1, r0
 287 002e 2046     		mov	r0, r4
 288 0030 FFF7FEFF 		bl	lv_obj_set_style_pad_right
 289              	.LVL31:
  82:lvgl/src/extra/widgets/calendar/lv_calendar_header_dropdown.c ****     lv_obj_set_style_pad_bottom(obj,lv_obj_get_style_pad_bottom(calendar_param, LV_PART_MAIN), 0);
 290              		.loc 1 82 5 is_stmt 1 view .LVU66
 291              	.LBB18:
ARM GAS  C:\Users\BLACK_~1\AppData\Local\Temp\cc4vqKUN.s 			page 12


 292              	.LBI18:
  91:lvgl/src/extra/widgets/calendar/../../../core/lv_obj_style_gen.h **** {
 293              		.loc 2 91 26 view .LVU67
 294              	.LBB19:
  93:lvgl/src/extra/widgets/calendar/../../../core/lv_obj_style_gen.h ****     return (lv_coord_t)v.num;
 295              		.loc 2 93 5 view .LVU68
  93:lvgl/src/extra/widgets/calendar/../../../core/lv_obj_style_gen.h ****     return (lv_coord_t)v.num;
 296              		.loc 2 93 26 is_stmt 0 view .LVU69
 297 0034 41F21002 		movw	r2, #4112
 298 0038 0021     		movs	r1, #0
 299 003a 2868     		ldr	r0, [r5]
 300 003c FFF7FEFF 		bl	lv_obj_get_style_prop
 301              	.LVL32:
  94:lvgl/src/extra/widgets/calendar/../../../core/lv_obj_style_gen.h **** }
 302              		.loc 2 94 5 is_stmt 1 view .LVU70
  94:lvgl/src/extra/widgets/calendar/../../../core/lv_obj_style_gen.h **** }
 303              		.loc 2 94 5 is_stmt 0 view .LVU71
 304              	.LBE19:
 305              	.LBE18:
  82:lvgl/src/extra/widgets/calendar/lv_calendar_header_dropdown.c ****     lv_obj_set_style_pad_bottom(obj,lv_obj_get_style_pad_bottom(calendar_param, LV_PART_MAIN), 0);
 306              		.loc 1 82 5 view .LVU72
 307 0040 0022     		movs	r2, #0
 308 0042 01B2     		sxth	r1, r0
 309 0044 2046     		mov	r0, r4
 310 0046 FFF7FEFF 		bl	lv_obj_set_style_pad_top
 311              	.LVL33:
  83:lvgl/src/extra/widgets/calendar/lv_calendar_header_dropdown.c ****     lv_obj_set_style_pad_column(obj,lv_obj_get_style_pad_column(calendar_param, LV_PART_MAIN), 0);
 312              		.loc 1 83 5 is_stmt 1 view .LVU73
 313              	.LBB20:
 314              	.LBI20:
  97:lvgl/src/extra/widgets/calendar/../../../core/lv_obj_style_gen.h **** {
 315              		.loc 2 97 26 view .LVU74
 316              	.LBB21:
  99:lvgl/src/extra/widgets/calendar/../../../core/lv_obj_style_gen.h ****     return (lv_coord_t)v.num;
 317              		.loc 2 99 5 view .LVU75
  99:lvgl/src/extra/widgets/calendar/../../../core/lv_obj_style_gen.h ****     return (lv_coord_t)v.num;
 318              		.loc 2 99 26 is_stmt 0 view .LVU76
 319 004a 41F21102 		movw	r2, #4113
 320 004e 0021     		movs	r1, #0
 321 0050 2868     		ldr	r0, [r5]
 322 0052 FFF7FEFF 		bl	lv_obj_get_style_prop
 323              	.LVL34:
 100:lvgl/src/extra/widgets/calendar/../../../core/lv_obj_style_gen.h **** }
 324              		.loc 2 100 5 is_stmt 1 view .LVU77
 100:lvgl/src/extra/widgets/calendar/../../../core/lv_obj_style_gen.h **** }
 325              		.loc 2 100 5 is_stmt 0 view .LVU78
 326              	.LBE21:
 327              	.LBE20:
  83:lvgl/src/extra/widgets/calendar/lv_calendar_header_dropdown.c ****     lv_obj_set_style_pad_column(obj,lv_obj_get_style_pad_column(calendar_param, LV_PART_MAIN), 0);
 328              		.loc 1 83 5 view .LVU79
 329 0056 0022     		movs	r2, #0
 330 0058 01B2     		sxth	r1, r0
 331 005a 2046     		mov	r0, r4
 332 005c FFF7FEFF 		bl	lv_obj_set_style_pad_bottom
 333              	.LVL35:
  84:lvgl/src/extra/widgets/calendar/lv_calendar_header_dropdown.c ****     lv_obj_set_style_radius(obj,lv_obj_get_style_radius(calendar_param, LV_PART_MAIN), 0);
 334              		.loc 1 84 5 is_stmt 1 view .LVU80
ARM GAS  C:\Users\BLACK_~1\AppData\Local\Temp\cc4vqKUN.s 			page 13


 335              	.LBB22:
 336              	.LBI22:
 113:lvgl/src/extra/widgets/calendar/../../../core/lv_obj_style_gen.h **** }
 114:lvgl/src/extra/widgets/calendar/../../../core/lv_obj_style_gen.h **** 
 115:lvgl/src/extra/widgets/calendar/../../../core/lv_obj_style_gen.h **** static inline lv_coord_t lv_obj_get_style_pad_row(const struct _lv_obj_t * obj, uint32_t part)
 116:lvgl/src/extra/widgets/calendar/../../../core/lv_obj_style_gen.h **** {
 117:lvgl/src/extra/widgets/calendar/../../../core/lv_obj_style_gen.h ****     lv_style_value_t v = lv_obj_get_style_prop(obj, part, LV_STYLE_PAD_ROW);
 118:lvgl/src/extra/widgets/calendar/../../../core/lv_obj_style_gen.h ****     return (lv_coord_t)v.num;
 119:lvgl/src/extra/widgets/calendar/../../../core/lv_obj_style_gen.h **** }
 120:lvgl/src/extra/widgets/calendar/../../../core/lv_obj_style_gen.h **** 
 121:lvgl/src/extra/widgets/calendar/../../../core/lv_obj_style_gen.h **** static inline lv_coord_t lv_obj_get_style_pad_column(const struct _lv_obj_t * obj, uint32_t part)
 337              		.loc 2 121 26 view .LVU81
 338              	.LBB23:
 122:lvgl/src/extra/widgets/calendar/../../../core/lv_obj_style_gen.h **** {
 123:lvgl/src/extra/widgets/calendar/../../../core/lv_obj_style_gen.h ****     lv_style_value_t v = lv_obj_get_style_prop(obj, part, LV_STYLE_PAD_COLUMN);
 339              		.loc 2 123 5 view .LVU82
 340              		.loc 2 123 26 is_stmt 0 view .LVU83
 341 0060 41F21502 		movw	r2, #4117
 342 0064 0021     		movs	r1, #0
 343 0066 2868     		ldr	r0, [r5]
 344 0068 FFF7FEFF 		bl	lv_obj_get_style_prop
 345              	.LVL36:
 124:lvgl/src/extra/widgets/calendar/../../../core/lv_obj_style_gen.h ****     return (lv_coord_t)v.num;
 346              		.loc 2 124 5 is_stmt 1 view .LVU84
 347              		.loc 2 124 5 is_stmt 0 view .LVU85
 348              	.LBE23:
 349              	.LBE22:
  84:lvgl/src/extra/widgets/calendar/lv_calendar_header_dropdown.c ****     lv_obj_set_style_radius(obj,lv_obj_get_style_radius(calendar_param, LV_PART_MAIN), 0);
 350              		.loc 1 84 5 view .LVU86
 351 006c 0022     		movs	r2, #0
 352 006e 01B2     		sxth	r1, r0
 353 0070 2046     		mov	r0, r4
 354 0072 FFF7FEFF 		bl	lv_obj_set_style_pad_column
 355              	.LVL37:
  85:lvgl/src/extra/widgets/calendar/lv_calendar_header_dropdown.c **** 
 356              		.loc 1 85 5 is_stmt 1 view .LVU87
 357              	.LBB24:
 358              	.LBI24:
 125:lvgl/src/extra/widgets/calendar/../../../core/lv_obj_style_gen.h **** }
 126:lvgl/src/extra/widgets/calendar/../../../core/lv_obj_style_gen.h **** 
 127:lvgl/src/extra/widgets/calendar/../../../core/lv_obj_style_gen.h **** static inline lv_coord_t lv_obj_get_style_radius(const struct _lv_obj_t * obj, uint32_t part)
 359              		.loc 2 127 26 view .LVU88
 360              	.LBB25:
 128:lvgl/src/extra/widgets/calendar/../../../core/lv_obj_style_gen.h **** {
 129:lvgl/src/extra/widgets/calendar/../../../core/lv_obj_style_gen.h ****     lv_style_value_t v = lv_obj_get_style_prop(obj, part, LV_STYLE_RADIUS);
 361              		.loc 2 129 5 view .LVU89
 362              		.loc 2 129 26 is_stmt 0 view .LVU90
 363 0076 6022     		movs	r2, #96
 364 0078 0021     		movs	r1, #0
 365 007a 2868     		ldr	r0, [r5]
 366 007c FFF7FEFF 		bl	lv_obj_get_style_prop
 367              	.LVL38:
 130:lvgl/src/extra/widgets/calendar/../../../core/lv_obj_style_gen.h ****     return (lv_coord_t)v.num;
 368              		.loc 2 130 5 is_stmt 1 view .LVU91
 369              		.loc 2 130 5 is_stmt 0 view .LVU92
 370              	.LBE25:
 371              	.LBE24:
ARM GAS  C:\Users\BLACK_~1\AppData\Local\Temp\cc4vqKUN.s 			page 14


  85:lvgl/src/extra/widgets/calendar/lv_calendar_header_dropdown.c **** 
 372              		.loc 1 85 5 view .LVU93
 373 0080 0022     		movs	r2, #0
 374 0082 01B2     		sxth	r1, r0
 375 0084 2046     		mov	r0, r4
 376 0086 FFF7FEFF 		bl	lv_obj_set_style_radius
 377              	.LVL39:
  87:lvgl/src/extra/widgets/calendar/lv_calendar_header_dropdown.c **** 
 378              		.loc 1 87 5 is_stmt 1 view .LVU94
  87:lvgl/src/extra/widgets/calendar/lv_calendar_header_dropdown.c **** 
 379              		.loc 1 87 43 is_stmt 0 view .LVU95
 380 008a 2868     		ldr	r0, [r5]
 381 008c FFF7FEFF 		bl	lv_calendar_get_showed_date
 382              	.LVL40:
 383 0090 0746     		mov	r7, r0
 384              	.LVL41:
  89:lvgl/src/extra/widgets/calendar/lv_calendar_header_dropdown.c ****     lv_coord_t w = lv_obj_get_width(calendar_param);
 385              		.loc 1 89 5 is_stmt 1 view .LVU96
 386 0092 2868     		ldr	r0, [r5]
 387              	.LVL42:
  89:lvgl/src/extra/widgets/calendar/lv_calendar_header_dropdown.c ****     lv_coord_t w = lv_obj_get_width(calendar_param);
 388              		.loc 1 89 5 is_stmt 0 view .LVU97
 389 0094 FFF7FEFF 		bl	lv_obj_update_layout
 390              	.LVL43:
  90:lvgl/src/extra/widgets/calendar/lv_calendar_header_dropdown.c ****     lv_obj_set_size(obj,  w, LV_SIZE_CONTENT);
 391              		.loc 1 90 5 is_stmt 1 view .LVU98
  90:lvgl/src/extra/widgets/calendar/lv_calendar_header_dropdown.c ****     lv_obj_set_size(obj,  w, LV_SIZE_CONTENT);
 392              		.loc 1 90 20 is_stmt 0 view .LVU99
 393 0098 2868     		ldr	r0, [r5]
 394 009a FFF7FEFF 		bl	lv_obj_get_width
 395              	.LVL44:
 396 009e 0146     		mov	r1, r0
 397              	.LVL45:
  91:lvgl/src/extra/widgets/calendar/lv_calendar_header_dropdown.c ****     lv_obj_set_flex_flow(obj, LV_FLEX_FLOW_ROW);
 398              		.loc 1 91 5 is_stmt 1 view .LVU100
 399 00a0 42F2D172 		movw	r2, #10193
 400 00a4 2046     		mov	r0, r4
 401 00a6 FFF7FEFF 		bl	lv_obj_set_size
 402              	.LVL46:
  92:lvgl/src/extra/widgets/calendar/lv_calendar_header_dropdown.c ****     lv_obj_set_flex_align(obj, LV_FLEX_ALIGN_START, LV_FLEX_ALIGN_CENTER, LV_FLEX_ALIGN_START);
 403              		.loc 1 92 5 view .LVU101
 404 00aa 0021     		movs	r1, #0
 405 00ac 2046     		mov	r0, r4
 406 00ae FFF7FEFF 		bl	lv_obj_set_flex_flow
 407              	.LVL47:
  93:lvgl/src/extra/widgets/calendar/lv_calendar_header_dropdown.c **** 
 408              		.loc 1 93 5 view .LVU102
 409 00b2 0023     		movs	r3, #0
 410 00b4 0222     		movs	r2, #2
 411 00b6 1946     		mov	r1, r3
 412 00b8 2046     		mov	r0, r4
 413 00ba FFF7FEFF 		bl	lv_obj_set_flex_align
 414              	.LVL48:
  95:lvgl/src/extra/widgets/calendar/lv_calendar_header_dropdown.c ****     lv_dropdown_set_options(year_dd, year_list);
 415              		.loc 1 95 5 view .LVU103
  95:lvgl/src/extra/widgets/calendar/lv_calendar_header_dropdown.c ****     lv_dropdown_set_options(year_dd, year_list);
 416              		.loc 1 95 26 is_stmt 0 view .LVU104
ARM GAS  C:\Users\BLACK_~1\AppData\Local\Temp\cc4vqKUN.s 			page 15


 417 00be 2046     		mov	r0, r4
 418 00c0 FFF7FEFF 		bl	lv_dropdown_create
 419              	.LVL49:
 420 00c4 0646     		mov	r6, r0
 421              	.LVL50:
  96:lvgl/src/extra/widgets/calendar/lv_calendar_header_dropdown.c ****     lv_dropdown_set_selected(year_dd, 2023 - cur_date->year);
 422              		.loc 1 96 5 is_stmt 1 view .LVU105
 423 00c6 1C49     		ldr	r1, .L7+4
 424 00c8 FFF7FEFF 		bl	lv_dropdown_set_options
 425              	.LVL51:
  97:lvgl/src/extra/widgets/calendar/lv_calendar_header_dropdown.c ****     lv_obj_add_event_cb(year_dd, year_event_cb, LV_EVENT_VALUE_CHANGED, calendar_param);
 426              		.loc 1 97 5 view .LVU106
  97:lvgl/src/extra/widgets/calendar/lv_calendar_header_dropdown.c ****     lv_obj_add_event_cb(year_dd, year_event_cb, LV_EVENT_VALUE_CHANGED, calendar_param);
 427              		.loc 1 97 54 is_stmt 0 view .LVU107
 428 00cc 3988     		ldrh	r1, [r7]
  97:lvgl/src/extra/widgets/calendar/lv_calendar_header_dropdown.c ****     lv_obj_add_event_cb(year_dd, year_event_cb, LV_EVENT_VALUE_CHANGED, calendar_param);
 429              		.loc 1 97 5 view .LVU108
 430 00ce C1F5FC61 		rsb	r1, r1, #2016
 431 00d2 0731     		adds	r1, r1, #7
 432 00d4 89B2     		uxth	r1, r1
 433 00d6 3046     		mov	r0, r6
 434 00d8 FFF7FEFF 		bl	lv_dropdown_set_selected
 435              	.LVL52:
  98:lvgl/src/extra/widgets/calendar/lv_calendar_header_dropdown.c ****     lv_obj_set_flex_grow(year_dd, 1);
 436              		.loc 1 98 5 is_stmt 1 view .LVU109
 437 00dc 2B68     		ldr	r3, [r5]
 438 00de 1C22     		movs	r2, #28
 439 00e0 1649     		ldr	r1, .L7+8
 440 00e2 3046     		mov	r0, r6
 441 00e4 FFF7FEFF 		bl	lv_obj_add_event_cb
 442              	.LVL53:
  99:lvgl/src/extra/widgets/calendar/lv_calendar_header_dropdown.c **** 
 443              		.loc 1 99 5 view .LVU110
 444 00e8 0121     		movs	r1, #1
 445 00ea 3046     		mov	r0, r6
 446 00ec FFF7FEFF 		bl	lv_obj_set_flex_grow
 447              	.LVL54:
 101:lvgl/src/extra/widgets/calendar/lv_calendar_header_dropdown.c ****     lv_dropdown_set_options(month_dd, month_list);
 448              		.loc 1 101 5 view .LVU111
 101:lvgl/src/extra/widgets/calendar/lv_calendar_header_dropdown.c ****     lv_dropdown_set_options(month_dd, month_list);
 449              		.loc 1 101 27 is_stmt 0 view .LVU112
 450 00f0 2046     		mov	r0, r4
 451 00f2 FFF7FEFF 		bl	lv_dropdown_create
 452              	.LVL55:
 453 00f6 0646     		mov	r6, r0
 454              	.LVL56:
 102:lvgl/src/extra/widgets/calendar/lv_calendar_header_dropdown.c ****     lv_dropdown_set_selected(month_dd, cur_date->month - 1);
 455              		.loc 1 102 5 is_stmt 1 view .LVU113
 456 00f8 1149     		ldr	r1, .L7+12
 457 00fa FFF7FEFF 		bl	lv_dropdown_set_options
 458              	.LVL57:
 103:lvgl/src/extra/widgets/calendar/lv_calendar_header_dropdown.c ****     lv_obj_add_event_cb(month_dd, month_event_cb, LV_EVENT_VALUE_CHANGED, calendar_param);
 459              		.loc 1 103 5 view .LVU114
 103:lvgl/src/extra/widgets/calendar/lv_calendar_header_dropdown.c ****     lv_obj_add_event_cb(month_dd, month_event_cb, LV_EVENT_VALUE_CHANGED, calendar_param);
 460              		.loc 1 103 48 is_stmt 0 view .LVU115
 461 00fe 97F90210 		ldrsb	r1, [r7, #2]
 462 0102 89B2     		uxth	r1, r1
ARM GAS  C:\Users\BLACK_~1\AppData\Local\Temp\cc4vqKUN.s 			page 16


 103:lvgl/src/extra/widgets/calendar/lv_calendar_header_dropdown.c ****     lv_obj_add_event_cb(month_dd, month_event_cb, LV_EVENT_VALUE_CHANGED, calendar_param);
 463              		.loc 1 103 5 view .LVU116
 464 0104 0139     		subs	r1, r1, #1
 465 0106 89B2     		uxth	r1, r1
 466 0108 3046     		mov	r0, r6
 467 010a FFF7FEFF 		bl	lv_dropdown_set_selected
 468              	.LVL58:
 104:lvgl/src/extra/widgets/calendar/lv_calendar_header_dropdown.c ****     lv_obj_set_flex_grow(month_dd, 1);
 469              		.loc 1 104 5 is_stmt 1 view .LVU117
 470 010e 2B68     		ldr	r3, [r5]
 471 0110 1C22     		movs	r2, #28
 472 0112 0C49     		ldr	r1, .L7+16
 473 0114 3046     		mov	r0, r6
 474 0116 FFF7FEFF 		bl	lv_obj_add_event_cb
 475              	.LVL59:
 105:lvgl/src/extra/widgets/calendar/lv_calendar_header_dropdown.c **** 
 476              		.loc 1 105 5 view .LVU118
 477 011a 0121     		movs	r1, #1
 478 011c 3046     		mov	r0, r6
 479 011e FFF7FEFF 		bl	lv_obj_set_flex_grow
 480              	.LVL60:
 107:lvgl/src/extra/widgets/calendar/lv_calendar_header_dropdown.c **** 
 481              		.loc 1 107 5 view .LVU119
 482 0122 0023     		movs	r3, #0
 483 0124 0093     		str	r3, [sp]
 484 0126 0B22     		movs	r2, #11
 485 0128 2968     		ldr	r1, [r5]
 486 012a 2046     		mov	r0, r4
 487 012c FFF7FEFF 		bl	lv_obj_align_to
 488              	.LVL61:
 109:lvgl/src/extra/widgets/calendar/lv_calendar_header_dropdown.c **** 
 489              		.loc 1 109 1 is_stmt 0 view .LVU120
 490 0130 03B0     		add	sp, sp, #12
 491              	.LCFI8:
 492              		.cfi_def_cfa_offset 20
 493              		@ sp needed
 494 0132 F0BD     		pop	{r4, r5, r6, r7, pc}
 495              	.LVL62:
 496              	.L8:
 109:lvgl/src/extra/widgets/calendar/lv_calendar_header_dropdown.c **** 
 497              		.loc 1 109 1 view .LVU121
 498              		.align	2
 499              	.L7:
 500 0134 00000000 		.word	.LANCHOR0
 501 0138 00000000 		.word	.LC0
 502 013c 00000000 		.word	year_event_cb
 503 0140 68020000 		.word	.LC1
 504 0144 00000000 		.word	month_event_cb
 505              		.cfi_endproc
 506              	.LFE153:
 508              		.section	.text.lv_calendar_header_dropdown_create,"ax",%progbits
 509              		.align	1
 510              		.global	lv_calendar_header_dropdown_create
 511              		.syntax unified
 512              		.thumb
 513              		.thumb_func
 515              	lv_calendar_header_dropdown_create:
ARM GAS  C:\Users\BLACK_~1\AppData\Local\Temp\cc4vqKUN.s 			page 17


 516              	.LVL63:
 517              	.LFB152:
  61:lvgl/src/extra/widgets/calendar/lv_calendar_header_dropdown.c ****     calendar_param = calendar;
 518              		.loc 1 61 1 is_stmt 1 view -0
 519              		.cfi_startproc
 520              		@ args = 0, pretend = 0, frame = 0
 521              		@ frame_needed = 0, uses_anonymous_args = 0
  61:lvgl/src/extra/widgets/calendar/lv_calendar_header_dropdown.c ****     calendar_param = calendar;
 522              		.loc 1 61 1 is_stmt 0 view .LVU123
 523 0000 10B5     		push	{r4, lr}
 524              	.LCFI9:
 525              		.cfi_def_cfa_offset 8
 526              		.cfi_offset 4, -8
 527              		.cfi_offset 14, -4
  62:lvgl/src/extra/widgets/calendar/lv_calendar_header_dropdown.c ****     lv_obj_t * obj = lv_obj_class_create_obj(&lv_calendar_header_dropdown_class, parent);
 528              		.loc 1 62 5 is_stmt 1 view .LVU124
  62:lvgl/src/extra/widgets/calendar/lv_calendar_header_dropdown.c ****     lv_obj_t * obj = lv_obj_class_create_obj(&lv_calendar_header_dropdown_class, parent);
 529              		.loc 1 62 20 is_stmt 0 view .LVU125
 530 0002 054B     		ldr	r3, .L11
 531 0004 1960     		str	r1, [r3]
  63:lvgl/src/extra/widgets/calendar/lv_calendar_header_dropdown.c ****     lv_obj_class_init_obj(obj);
 532              		.loc 1 63 5 is_stmt 1 view .LVU126
  63:lvgl/src/extra/widgets/calendar/lv_calendar_header_dropdown.c ****     lv_obj_class_init_obj(obj);
 533              		.loc 1 63 22 is_stmt 0 view .LVU127
 534 0006 0146     		mov	r1, r0
 535              	.LVL64:
  63:lvgl/src/extra/widgets/calendar/lv_calendar_header_dropdown.c ****     lv_obj_class_init_obj(obj);
 536              		.loc 1 63 22 view .LVU128
 537 0008 0448     		ldr	r0, .L11+4
 538              	.LVL65:
  63:lvgl/src/extra/widgets/calendar/lv_calendar_header_dropdown.c ****     lv_obj_class_init_obj(obj);
 539              		.loc 1 63 22 view .LVU129
 540 000a FFF7FEFF 		bl	lv_obj_class_create_obj
 541              	.LVL66:
  63:lvgl/src/extra/widgets/calendar/lv_calendar_header_dropdown.c ****     lv_obj_class_init_obj(obj);
 542              		.loc 1 63 22 view .LVU130
 543 000e 0446     		mov	r4, r0
 544              	.LVL67:
  64:lvgl/src/extra/widgets/calendar/lv_calendar_header_dropdown.c **** 
 545              		.loc 1 64 5 is_stmt 1 view .LVU131
 546 0010 FFF7FEFF 		bl	lv_obj_class_init_obj
 547              	.LVL68:
  66:lvgl/src/extra/widgets/calendar/lv_calendar_header_dropdown.c **** }
 548              		.loc 1 66 5 view .LVU132
  67:lvgl/src/extra/widgets/calendar/lv_calendar_header_dropdown.c **** 
 549              		.loc 1 67 1 is_stmt 0 view .LVU133
 550 0014 2046     		mov	r0, r4
 551 0016 10BD     		pop	{r4, pc}
 552              	.LVL69:
 553              	.L12:
  67:lvgl/src/extra/widgets/calendar/lv_calendar_header_dropdown.c **** 
 554              		.loc 1 67 1 view .LVU134
 555              		.align	2
 556              	.L11:
 557 0018 00000000 		.word	.LANCHOR0
 558 001c 00000000 		.word	.LANCHOR1
 559              		.cfi_endproc
ARM GAS  C:\Users\BLACK_~1\AppData\Local\Temp\cc4vqKUN.s 			page 18


 560              	.LFE152:
 562              		.global	lv_calendar_header_dropdown_class
 563              		.section	.bss.calendar_param,"aw",%nobits
 564              		.align	2
 565              		.set	.LANCHOR0,. + 0
 568              	calendar_param:
 569 0000 00000000 		.space	4
 570              		.section	.rodata.lv_calendar_header_dropdown_class,"a"
 571              		.align	2
 572              		.set	.LANCHOR1,. + 0
 575              	lv_calendar_header_dropdown_class:
 576 0000 00000000 		.word	lv_obj_class
 577 0004 00000000 		.word	my_constructor
 578 0008 00000000 		.space	20
 578      00000000 
 578      00000000 
 578      00000000 
 578      00000000 
 579              		.text
 580              	.Letext0:
 581              		.file 3 "e:\\gnu arm embedded toolchain\\10 2021.10\\arm-none-eabi\\include\\machine\\_default_typ
 582              		.file 4 "e:\\gnu arm embedded toolchain\\10 2021.10\\arm-none-eabi\\include\\sys\\_stdint.h"
 583              		.file 5 "lvgl/src/extra/widgets/calendar/../../../core/../misc/../font/../misc/lv_area.h"
 584              		.file 6 "lvgl/src/extra/widgets/calendar/../../../core/../misc/lv_color.h"
 585              		.file 7 "lvgl/src/extra/widgets/calendar/../../../core/../misc/lv_style.h"
 586              		.file 8 "lvgl/src/extra/widgets/calendar/../../../core/../hal/../misc/lv_ll.h"
 587              		.file 9 "lvgl/src/extra/widgets/calendar/../../../core/lv_obj.h"
 588              		.file 10 "lvgl/src/extra/widgets/calendar/../../../core/lv_group.h"
 589              		.file 11 "lvgl/src/extra/widgets/calendar/../../../core/lv_obj_scroll.h"
 590              		.file 12 "lvgl/src/extra/widgets/calendar/../../../core/lv_obj_style.h"
 591              		.file 13 "lvgl/src/extra/widgets/calendar/../../../core/lv_obj_class.h"
 592              		.file 14 "lvgl/src/extra/widgets/calendar/../../../core/lv_event.h"
 593              		.file 15 "lvgl/src/extra/widgets/calendar/lv_calendar_header_dropdown.h"
 594              		.file 16 "lvgl/src/extra/widgets/calendar/lv_calendar.h"
 595              		.file 17 "lvgl/src/extra/widgets/calendar/../../layouts/flex/lv_flex.h"
 596              		.file 18 "lvgl/src/extra/widgets/calendar/../../../widgets/lv_dropdown.h"
 597              		.file 19 "lvgl/src/extra/widgets/calendar/../../../core/lv_obj_pos.h"
ARM GAS  C:\Users\BLACK_~1\AppData\Local\Temp\cc4vqKUN.s 			page 19


DEFINED SYMBOLS
                            *ABS*:00000000 lv_calendar_header_dropdown.c
C:\Users\BLACK_~1\AppData\Local\Temp\cc4vqKUN.s:20     .text.month_event_cb:00000000 $t
C:\Users\BLACK_~1\AppData\Local\Temp\cc4vqKUN.s:25     .text.month_event_cb:00000000 month_event_cb
C:\Users\BLACK_~1\AppData\Local\Temp\cc4vqKUN.s:103    .text.year_event_cb:00000000 $t
C:\Users\BLACK_~1\AppData\Local\Temp\cc4vqKUN.s:108    .text.year_event_cb:00000000 year_event_cb
C:\Users\BLACK_~1\AppData\Local\Temp\cc4vqKUN.s:186    .rodata.my_constructor.str1.4:00000000 $d
C:\Users\BLACK_~1\AppData\Local\Temp\cc4vqKUN.s:212    .text.my_constructor:00000000 $t
C:\Users\BLACK_~1\AppData\Local\Temp\cc4vqKUN.s:217    .text.my_constructor:00000000 my_constructor
C:\Users\BLACK_~1\AppData\Local\Temp\cc4vqKUN.s:500    .text.my_constructor:00000134 $d
C:\Users\BLACK_~1\AppData\Local\Temp\cc4vqKUN.s:509    .text.lv_calendar_header_dropdown_create:00000000 $t
C:\Users\BLACK_~1\AppData\Local\Temp\cc4vqKUN.s:515    .text.lv_calendar_header_dropdown_create:00000000 lv_calendar_header_dropdown_create
C:\Users\BLACK_~1\AppData\Local\Temp\cc4vqKUN.s:557    .text.lv_calendar_header_dropdown_create:00000018 $d
C:\Users\BLACK_~1\AppData\Local\Temp\cc4vqKUN.s:575    .rodata.lv_calendar_header_dropdown_class:00000000 lv_calendar_header_dropdown_class
C:\Users\BLACK_~1\AppData\Local\Temp\cc4vqKUN.s:564    .bss.calendar_param:00000000 $d
C:\Users\BLACK_~1\AppData\Local\Temp\cc4vqKUN.s:568    .bss.calendar_param:00000000 calendar_param
C:\Users\BLACK_~1\AppData\Local\Temp\cc4vqKUN.s:571    .rodata.lv_calendar_header_dropdown_class:00000000 $d

UNDEFINED SYMBOLS
lv_event_get_target
lv_event_get_user_data
lv_dropdown_get_selected
lv_calendar_get_showed_date
lv_calendar_set_showed_date
lv_obj_get_style_prop
lv_obj_set_style_pad_left
lv_obj_set_style_pad_right
lv_obj_set_style_pad_top
lv_obj_set_style_pad_bottom
lv_obj_set_style_pad_column
lv_obj_set_style_radius
lv_obj_update_layout
lv_obj_get_width
lv_obj_set_size
lv_obj_set_flex_flow
lv_obj_set_flex_align
lv_dropdown_create
lv_dropdown_set_options
lv_dropdown_set_selected
lv_obj_add_event_cb
lv_obj_set_flex_grow
lv_obj_align_to
lv_obj_class_create_obj
lv_obj_class_init_obj
lv_obj_class
