ARM GAS  C:\Users\BLACK_~1\AppData\Local\Temp\cc8qbwMj.s 			page 1


   1              		.cpu cortex-m4
   2              		.arch armv7e-m
   3              		.fpu fpv4-sp-d16
   4              		.eabi_attribute 27, 1
   5              		.eabi_attribute 28, 1
   6              		.eabi_attribute 20, 1
   7              		.eabi_attribute 21, 1
   8              		.eabi_attribute 23, 3
   9              		.eabi_attribute 24, 1
  10              		.eabi_attribute 25, 1
  11              		.eabi_attribute 26, 1
  12              		.eabi_attribute 30, 1
  13              		.eabi_attribute 34, 1
  14              		.eabi_attribute 18, 4
  15              		.file	"lv_calendar_header_arrow.c"
  16              		.text
  17              	.Ltext0:
  18              		.cfi_sections	.debug_frame
  19              		.section	.rodata.month_event_cb.str1.4,"aMS",%progbits,1
  20              		.align	2
  21              	.LC0:
  22 0000 25642025 		.ascii	"%d %s\000"
  22      7300
  23              		.section	.text.month_event_cb,"ax",%progbits
  24              		.align	1
  25              		.syntax unified
  26              		.thumb
  27              		.thumb_func
  29              	month_event_cb:
  30              	.LVL0:
  31              	.LFB154:
  32              		.file 1 "lvgl/src/extra/widgets/calendar/lv_calendar_header_arrow.c"
   1:lvgl/src/extra/widgets/calendar/lv_calendar_header_arrow.c **** /**
   2:lvgl/src/extra/widgets/calendar/lv_calendar_header_arrow.c ****  * @file lv_calendar_header_arrow.c
   3:lvgl/src/extra/widgets/calendar/lv_calendar_header_arrow.c ****  *
   4:lvgl/src/extra/widgets/calendar/lv_calendar_header_arrow.c ****  */
   5:lvgl/src/extra/widgets/calendar/lv_calendar_header_arrow.c **** 
   6:lvgl/src/extra/widgets/calendar/lv_calendar_header_arrow.c **** /*********************
   7:lvgl/src/extra/widgets/calendar/lv_calendar_header_arrow.c ****  *      INCLUDES
   8:lvgl/src/extra/widgets/calendar/lv_calendar_header_arrow.c ****  *********************/
   9:lvgl/src/extra/widgets/calendar/lv_calendar_header_arrow.c **** #include "lv_calendar_header_arrow.h"
  10:lvgl/src/extra/widgets/calendar/lv_calendar_header_arrow.c **** #if LV_USE_CALENDAR_HEADER_ARROW
  11:lvgl/src/extra/widgets/calendar/lv_calendar_header_arrow.c **** 
  12:lvgl/src/extra/widgets/calendar/lv_calendar_header_arrow.c **** #include "lv_calendar.h"
  13:lvgl/src/extra/widgets/calendar/lv_calendar_header_arrow.c **** #include "../../../widgets/lv_btn.h"
  14:lvgl/src/extra/widgets/calendar/lv_calendar_header_arrow.c **** #include "../../../widgets/lv_label.h"
  15:lvgl/src/extra/widgets/calendar/lv_calendar_header_arrow.c **** #include "../../layouts/flex/lv_flex.h"
  16:lvgl/src/extra/widgets/calendar/lv_calendar_header_arrow.c **** 
  17:lvgl/src/extra/widgets/calendar/lv_calendar_header_arrow.c **** /*********************
  18:lvgl/src/extra/widgets/calendar/lv_calendar_header_arrow.c ****  *      DEFINES
  19:lvgl/src/extra/widgets/calendar/lv_calendar_header_arrow.c ****  *********************/
  20:lvgl/src/extra/widgets/calendar/lv_calendar_header_arrow.c **** 
  21:lvgl/src/extra/widgets/calendar/lv_calendar_header_arrow.c **** /**********************
  22:lvgl/src/extra/widgets/calendar/lv_calendar_header_arrow.c ****  *      TYPEDEFS
  23:lvgl/src/extra/widgets/calendar/lv_calendar_header_arrow.c ****  **********************/
  24:lvgl/src/extra/widgets/calendar/lv_calendar_header_arrow.c **** 
  25:lvgl/src/extra/widgets/calendar/lv_calendar_header_arrow.c **** /**********************
ARM GAS  C:\Users\BLACK_~1\AppData\Local\Temp\cc8qbwMj.s 			page 2


  26:lvgl/src/extra/widgets/calendar/lv_calendar_header_arrow.c ****  *  STATIC PROTOTYPES
  27:lvgl/src/extra/widgets/calendar/lv_calendar_header_arrow.c ****  **********************/
  28:lvgl/src/extra/widgets/calendar/lv_calendar_header_arrow.c **** static void my_constructor(const lv_obj_class_t * class_p, lv_obj_t * obj);
  29:lvgl/src/extra/widgets/calendar/lv_calendar_header_arrow.c **** static void month_event_cb(lv_event_t * e);
  30:lvgl/src/extra/widgets/calendar/lv_calendar_header_arrow.c **** 
  31:lvgl/src/extra/widgets/calendar/lv_calendar_header_arrow.c **** /**********************
  32:lvgl/src/extra/widgets/calendar/lv_calendar_header_arrow.c ****  *  STATIC VARIABLES
  33:lvgl/src/extra/widgets/calendar/lv_calendar_header_arrow.c ****  **********************/
  34:lvgl/src/extra/widgets/calendar/lv_calendar_header_arrow.c **** const lv_obj_class_t lv_calendar_header_arrow_class = {
  35:lvgl/src/extra/widgets/calendar/lv_calendar_header_arrow.c ****      .base_class = &lv_obj_class,
  36:lvgl/src/extra/widgets/calendar/lv_calendar_header_arrow.c ****      .constructor_cb = my_constructor
  37:lvgl/src/extra/widgets/calendar/lv_calendar_header_arrow.c **** };
  38:lvgl/src/extra/widgets/calendar/lv_calendar_header_arrow.c **** 
  39:lvgl/src/extra/widgets/calendar/lv_calendar_header_arrow.c **** static const char * month_names_def[12] = LV_CALENDAR_DEFAULT_MONTH_NAMES;
  40:lvgl/src/extra/widgets/calendar/lv_calendar_header_arrow.c **** static lv_obj_t * calendar_param;
  41:lvgl/src/extra/widgets/calendar/lv_calendar_header_arrow.c **** static lv_coord_t btn_size_param;
  42:lvgl/src/extra/widgets/calendar/lv_calendar_header_arrow.c **** 
  43:lvgl/src/extra/widgets/calendar/lv_calendar_header_arrow.c **** /**********************
  44:lvgl/src/extra/widgets/calendar/lv_calendar_header_arrow.c ****  *      MACROS
  45:lvgl/src/extra/widgets/calendar/lv_calendar_header_arrow.c ****  **********************/
  46:lvgl/src/extra/widgets/calendar/lv_calendar_header_arrow.c **** 
  47:lvgl/src/extra/widgets/calendar/lv_calendar_header_arrow.c **** /**********************
  48:lvgl/src/extra/widgets/calendar/lv_calendar_header_arrow.c ****  *   GLOBAL FUNCTIONS
  49:lvgl/src/extra/widgets/calendar/lv_calendar_header_arrow.c ****  **********************/
  50:lvgl/src/extra/widgets/calendar/lv_calendar_header_arrow.c **** 
  51:lvgl/src/extra/widgets/calendar/lv_calendar_header_arrow.c **** lv_obj_t * lv_calendar_header_arrow_create(lv_obj_t * parent, lv_obj_t * calendar, lv_coord_t btn_s
  52:lvgl/src/extra/widgets/calendar/lv_calendar_header_arrow.c **** {
  53:lvgl/src/extra/widgets/calendar/lv_calendar_header_arrow.c ****     calendar_param = calendar;
  54:lvgl/src/extra/widgets/calendar/lv_calendar_header_arrow.c ****     btn_size_param = btn_size;
  55:lvgl/src/extra/widgets/calendar/lv_calendar_header_arrow.c ****     lv_obj_t * obj = lv_obj_class_create_obj(&lv_calendar_header_arrow_class, parent);
  56:lvgl/src/extra/widgets/calendar/lv_calendar_header_arrow.c ****     lv_obj_class_init_obj(obj);
  57:lvgl/src/extra/widgets/calendar/lv_calendar_header_arrow.c ****     return obj;
  58:lvgl/src/extra/widgets/calendar/lv_calendar_header_arrow.c **** }
  59:lvgl/src/extra/widgets/calendar/lv_calendar_header_arrow.c **** 
  60:lvgl/src/extra/widgets/calendar/lv_calendar_header_arrow.c **** /**********************
  61:lvgl/src/extra/widgets/calendar/lv_calendar_header_arrow.c ****  *  STATIC FUNCTIONS
  62:lvgl/src/extra/widgets/calendar/lv_calendar_header_arrow.c ****  **********************/
  63:lvgl/src/extra/widgets/calendar/lv_calendar_header_arrow.c **** 
  64:lvgl/src/extra/widgets/calendar/lv_calendar_header_arrow.c **** static void my_constructor(const lv_obj_class_t * class_p, lv_obj_t * obj)
  65:lvgl/src/extra/widgets/calendar/lv_calendar_header_arrow.c **** {
  66:lvgl/src/extra/widgets/calendar/lv_calendar_header_arrow.c ****     LV_TRACE_OBJ_CREATE("begin");
  67:lvgl/src/extra/widgets/calendar/lv_calendar_header_arrow.c **** 
  68:lvgl/src/extra/widgets/calendar/lv_calendar_header_arrow.c ****     LV_UNUSED(class_p);
  69:lvgl/src/extra/widgets/calendar/lv_calendar_header_arrow.c **** 
  70:lvgl/src/extra/widgets/calendar/lv_calendar_header_arrow.c ****     /*Use the same paddings as the calendar_param*/
  71:lvgl/src/extra/widgets/calendar/lv_calendar_header_arrow.c ****     lv_obj_set_style_pad_left(obj, lv_obj_get_style_pad_left(calendar_param, LV_PART_MAIN), 0);
  72:lvgl/src/extra/widgets/calendar/lv_calendar_header_arrow.c ****     lv_obj_set_style_pad_right(obj, lv_obj_get_style_pad_right(calendar_param, LV_PART_MAIN), 0);
  73:lvgl/src/extra/widgets/calendar/lv_calendar_header_arrow.c ****     lv_obj_set_style_pad_top(obj, lv_obj_get_style_pad_top(calendar_param, LV_PART_MAIN), 0);
  74:lvgl/src/extra/widgets/calendar/lv_calendar_header_arrow.c ****     lv_obj_set_style_pad_bottom(obj, lv_obj_get_style_pad_bottom(calendar_param, LV_PART_MAIN), 0);
  75:lvgl/src/extra/widgets/calendar/lv_calendar_header_arrow.c ****     lv_obj_set_style_pad_column(obj, lv_obj_get_style_pad_column(calendar_param, LV_PART_MAIN), 0);
  76:lvgl/src/extra/widgets/calendar/lv_calendar_header_arrow.c ****     lv_obj_set_style_radius(obj, lv_obj_get_style_radius(calendar_param, LV_PART_MAIN), 0);
  77:lvgl/src/extra/widgets/calendar/lv_calendar_header_arrow.c **** 
  78:lvgl/src/extra/widgets/calendar/lv_calendar_header_arrow.c ****     const lv_calendar_date_t * cur_date = lv_calendar_get_showed_date(calendar_param);
  79:lvgl/src/extra/widgets/calendar/lv_calendar_header_arrow.c **** 
  80:lvgl/src/extra/widgets/calendar/lv_calendar_header_arrow.c ****     lv_obj_update_layout(calendar_param);
  81:lvgl/src/extra/widgets/calendar/lv_calendar_header_arrow.c ****     lv_coord_t w = lv_obj_get_width(calendar_param);
  82:lvgl/src/extra/widgets/calendar/lv_calendar_header_arrow.c ****     lv_obj_set_size(obj,  w, LV_SIZE_CONTENT);
ARM GAS  C:\Users\BLACK_~1\AppData\Local\Temp\cc8qbwMj.s 			page 3


  83:lvgl/src/extra/widgets/calendar/lv_calendar_header_arrow.c ****     lv_obj_set_flex_flow(obj, LV_FLEX_FLOW_ROW);
  84:lvgl/src/extra/widgets/calendar/lv_calendar_header_arrow.c ****     lv_obj_set_flex_align(obj, LV_FLEX_ALIGN_START, LV_FLEX_ALIGN_CENTER, LV_FLEX_ALIGN_START);
  85:lvgl/src/extra/widgets/calendar/lv_calendar_header_arrow.c **** 
  86:lvgl/src/extra/widgets/calendar/lv_calendar_header_arrow.c ****     lv_obj_t * mo_prev = lv_btn_create(obj);
  87:lvgl/src/extra/widgets/calendar/lv_calendar_header_arrow.c ****     lv_obj_set_style_bg_img_src(mo_prev, LV_SYMBOL_LEFT, 0);
  88:lvgl/src/extra/widgets/calendar/lv_calendar_header_arrow.c ****     lv_obj_set_size(mo_prev, btn_size_param, btn_size_param);
  89:lvgl/src/extra/widgets/calendar/lv_calendar_header_arrow.c ****     lv_obj_add_event_cb(mo_prev, month_event_cb, LV_EVENT_CLICKED, calendar_param);
  90:lvgl/src/extra/widgets/calendar/lv_calendar_header_arrow.c ****     lv_obj_clear_flag(mo_prev, LV_OBJ_FLAG_CLICK_FOCUSABLE);
  91:lvgl/src/extra/widgets/calendar/lv_calendar_header_arrow.c **** 
  92:lvgl/src/extra/widgets/calendar/lv_calendar_header_arrow.c ****     lv_obj_t * label = lv_label_create(obj);
  93:lvgl/src/extra/widgets/calendar/lv_calendar_header_arrow.c ****     lv_label_set_long_mode(label, LV_LABEL_LONG_SCROLL_CIRCULAR);
  94:lvgl/src/extra/widgets/calendar/lv_calendar_header_arrow.c ****     lv_obj_set_style_text_align(label, LV_TEXT_ALIGN_CENTER, 0);
  95:lvgl/src/extra/widgets/calendar/lv_calendar_header_arrow.c ****     lv_obj_set_flex_grow(label, 1);
  96:lvgl/src/extra/widgets/calendar/lv_calendar_header_arrow.c ****     lv_label_set_text_fmt(label, "%d %s", cur_date->year, month_names_def[cur_date->month - 1]);
  97:lvgl/src/extra/widgets/calendar/lv_calendar_header_arrow.c **** 
  98:lvgl/src/extra/widgets/calendar/lv_calendar_header_arrow.c ****     lv_obj_t * mo_next = lv_btn_create(obj);
  99:lvgl/src/extra/widgets/calendar/lv_calendar_header_arrow.c ****     lv_obj_set_style_bg_img_src(mo_next, LV_SYMBOL_RIGHT, 0);
 100:lvgl/src/extra/widgets/calendar/lv_calendar_header_arrow.c ****     lv_obj_set_size(mo_next, btn_size_param, btn_size_param);
 101:lvgl/src/extra/widgets/calendar/lv_calendar_header_arrow.c ****     lv_obj_add_event_cb(mo_next, month_event_cb, LV_EVENT_CLICKED, calendar_param);
 102:lvgl/src/extra/widgets/calendar/lv_calendar_header_arrow.c ****     lv_obj_clear_flag(mo_next, LV_OBJ_FLAG_CLICK_FOCUSABLE);
 103:lvgl/src/extra/widgets/calendar/lv_calendar_header_arrow.c **** 
 104:lvgl/src/extra/widgets/calendar/lv_calendar_header_arrow.c ****     lv_obj_align_to(obj, calendar_param, LV_ALIGN_OUT_TOP_MID, 0, 0);
 105:lvgl/src/extra/widgets/calendar/lv_calendar_header_arrow.c **** }
 106:lvgl/src/extra/widgets/calendar/lv_calendar_header_arrow.c **** 
 107:lvgl/src/extra/widgets/calendar/lv_calendar_header_arrow.c **** static void month_event_cb(lv_event_t * e)
 108:lvgl/src/extra/widgets/calendar/lv_calendar_header_arrow.c **** {
  33              		.loc 1 108 1 view -0
  34              		.cfi_startproc
  35              		@ args = 0, pretend = 0, frame = 8
  36              		@ frame_needed = 0, uses_anonymous_args = 0
  37              		.loc 1 108 1 is_stmt 0 view .LVU1
  38 0000 F0B5     		push	{r4, r5, r6, r7, lr}
  39              	.LCFI0:
  40              		.cfi_def_cfa_offset 20
  41              		.cfi_offset 4, -20
  42              		.cfi_offset 5, -16
  43              		.cfi_offset 6, -12
  44              		.cfi_offset 7, -8
  45              		.cfi_offset 14, -4
  46 0002 83B0     		sub	sp, sp, #12
  47              	.LCFI1:
  48              		.cfi_def_cfa_offset 32
  49 0004 0646     		mov	r6, r0
 109:lvgl/src/extra/widgets/calendar/lv_calendar_header_arrow.c ****     lv_obj_t * btn = lv_event_get_target(e);
  50              		.loc 1 109 5 is_stmt 1 view .LVU2
  51              		.loc 1 109 22 is_stmt 0 view .LVU3
  52 0006 FFF7FEFF 		bl	lv_event_get_target
  53              	.LVL1:
  54              		.loc 1 109 22 view .LVU4
  55 000a 0446     		mov	r4, r0
  56              	.LVL2:
 110:lvgl/src/extra/widgets/calendar/lv_calendar_header_arrow.c **** 
 111:lvgl/src/extra/widgets/calendar/lv_calendar_header_arrow.c ****     lv_obj_t * header = lv_obj_get_parent(btn);
  57              		.loc 1 111 5 is_stmt 1 view .LVU5
  58              		.loc 1 111 25 is_stmt 0 view .LVU6
  59 000c FFF7FEFF 		bl	lv_obj_get_parent
  60              	.LVL3:
ARM GAS  C:\Users\BLACK_~1\AppData\Local\Temp\cc8qbwMj.s 			page 4


  61              		.loc 1 111 25 view .LVU7
  62 0010 0546     		mov	r5, r0
  63              	.LVL4:
 112:lvgl/src/extra/widgets/calendar/lv_calendar_header_arrow.c ****     lv_obj_t * calendar = lv_event_get_user_data(e);
  64              		.loc 1 112 5 is_stmt 1 view .LVU8
  65              		.loc 1 112 27 is_stmt 0 view .LVU9
  66 0012 3046     		mov	r0, r6
  67              	.LVL5:
  68              		.loc 1 112 27 view .LVU10
  69 0014 FFF7FEFF 		bl	lv_event_get_user_data
  70              	.LVL6:
  71 0018 0646     		mov	r6, r0
  72              	.LVL7:
 113:lvgl/src/extra/widgets/calendar/lv_calendar_header_arrow.c **** 
 114:lvgl/src/extra/widgets/calendar/lv_calendar_header_arrow.c ****     const lv_calendar_date_t * d;
  73              		.loc 1 114 5 is_stmt 1 view .LVU11
 115:lvgl/src/extra/widgets/calendar/lv_calendar_header_arrow.c ****     d = lv_calendar_get_showed_date(calendar);
  74              		.loc 1 115 5 view .LVU12
  75              		.loc 1 115 9 is_stmt 0 view .LVU13
  76 001a FFF7FEFF 		bl	lv_calendar_get_showed_date
  77              	.LVL8:
 116:lvgl/src/extra/widgets/calendar/lv_calendar_header_arrow.c ****     lv_calendar_date_t newd = *d;
  78              		.loc 1 116 5 is_stmt 1 view .LVU14
  79              		.loc 1 116 24 is_stmt 0 view .LVU15
  80 001e 0068     		ldr	r0, [r0]	@ unaligned
  81              	.LVL9:
  82              		.loc 1 116 24 view .LVU16
  83 0020 0190     		str	r0, [sp, #4]
 117:lvgl/src/extra/widgets/calendar/lv_calendar_header_arrow.c **** 
 118:lvgl/src/extra/widgets/calendar/lv_calendar_header_arrow.c ****     /*The last child is the right button*/
 119:lvgl/src/extra/widgets/calendar/lv_calendar_header_arrow.c ****     if(lv_obj_get_child(header, 0) == btn) {
  84              		.loc 1 119 5 is_stmt 1 view .LVU17
  85              		.loc 1 119 8 is_stmt 0 view .LVU18
  86 0022 0021     		movs	r1, #0
  87 0024 2846     		mov	r0, r5
  88 0026 FFF7FEFF 		bl	lv_obj_get_child
  89              	.LVL10:
  90              		.loc 1 119 7 view .LVU19
  91 002a 8442     		cmp	r4, r0
  92 002c 1DD0     		beq	.L7
 120:lvgl/src/extra/widgets/calendar/lv_calendar_header_arrow.c ****         if(newd.month == 1) {
 121:lvgl/src/extra/widgets/calendar/lv_calendar_header_arrow.c ****             newd.month = 12;
 122:lvgl/src/extra/widgets/calendar/lv_calendar_header_arrow.c ****             newd.year --;
 123:lvgl/src/extra/widgets/calendar/lv_calendar_header_arrow.c ****         } else {
 124:lvgl/src/extra/widgets/calendar/lv_calendar_header_arrow.c ****             newd.month --;
 125:lvgl/src/extra/widgets/calendar/lv_calendar_header_arrow.c ****         }
 126:lvgl/src/extra/widgets/calendar/lv_calendar_header_arrow.c ****     } else {
 127:lvgl/src/extra/widgets/calendar/lv_calendar_header_arrow.c ****         if(newd.month == 12) {
  93              		.loc 1 127 9 is_stmt 1 view .LVU20
  94              		.loc 1 127 16 is_stmt 0 view .LVU21
  95 002e 9DF90630 		ldrsb	r3, [sp, #6]
  96              		.loc 1 127 11 view .LVU22
  97 0032 0C2B     		cmp	r3, #12
  98 0034 2AD0     		beq	.L8
 128:lvgl/src/extra/widgets/calendar/lv_calendar_header_arrow.c ****             newd.month = 1;
 129:lvgl/src/extra/widgets/calendar/lv_calendar_header_arrow.c ****             newd.year ++;
 130:lvgl/src/extra/widgets/calendar/lv_calendar_header_arrow.c ****         } else {
ARM GAS  C:\Users\BLACK_~1\AppData\Local\Temp\cc8qbwMj.s 			page 5


 131:lvgl/src/extra/widgets/calendar/lv_calendar_header_arrow.c ****             newd.month ++;
  99              		.loc 1 131 13 is_stmt 1 view .LVU23
 100              		.loc 1 131 24 is_stmt 0 view .LVU24
 101 0036 0133     		adds	r3, r3, #1
 102 0038 8DF80630 		strb	r3, [sp, #6]
 103              	.L4:
 132:lvgl/src/extra/widgets/calendar/lv_calendar_header_arrow.c ****         }
 133:lvgl/src/extra/widgets/calendar/lv_calendar_header_arrow.c ****     }
 134:lvgl/src/extra/widgets/calendar/lv_calendar_header_arrow.c **** 
 135:lvgl/src/extra/widgets/calendar/lv_calendar_header_arrow.c ****     lv_calendar_set_showed_date(calendar, newd.year, newd.month);
 104              		.loc 1 135 5 is_stmt 1 view .LVU25
 105              		.loc 1 135 47 is_stmt 0 view .LVU26
 106 003c BDF80470 		ldrh	r7, [sp, #4]
 107              		.loc 1 135 58 view .LVU27
 108 0040 9DF90640 		ldrsb	r4, [sp, #6]
 109              	.LVL11:
 110              		.loc 1 135 5 view .LVU28
 111 0044 2246     		mov	r2, r4
 112 0046 3946     		mov	r1, r7
 113 0048 3046     		mov	r0, r6
 114 004a FFF7FEFF 		bl	lv_calendar_set_showed_date
 115              	.LVL12:
 136:lvgl/src/extra/widgets/calendar/lv_calendar_header_arrow.c **** 
 137:lvgl/src/extra/widgets/calendar/lv_calendar_header_arrow.c ****     lv_obj_t * label = lv_obj_get_child(header, 1);
 116              		.loc 1 137 5 is_stmt 1 view .LVU29
 117              		.loc 1 137 24 is_stmt 0 view .LVU30
 118 004e 0121     		movs	r1, #1
 119 0050 2846     		mov	r0, r5
 120 0052 FFF7FEFF 		bl	lv_obj_get_child
 121              	.LVL13:
 138:lvgl/src/extra/widgets/calendar/lv_calendar_header_arrow.c ****     lv_label_set_text_fmt(label, "%d %s", newd.year, month_names_def[newd.month - 1]);
 122              		.loc 1 138 5 is_stmt 1 view .LVU31
 123              		.loc 1 138 81 is_stmt 0 view .LVU32
 124 0056 013C     		subs	r4, r4, #1
 125              		.loc 1 138 5 view .LVU33
 126 0058 114B     		ldr	r3, .L10
 127 005a 53F82430 		ldr	r3, [r3, r4, lsl #2]
 128 005e 3A46     		mov	r2, r7
 129 0060 1049     		ldr	r1, .L10+4
 130 0062 FFF7FEFF 		bl	lv_label_set_text_fmt
 131              	.LVL14:
 139:lvgl/src/extra/widgets/calendar/lv_calendar_header_arrow.c **** }
 132              		.loc 1 139 1 view .LVU34
 133 0066 03B0     		add	sp, sp, #12
 134              	.LCFI2:
 135              		.cfi_remember_state
 136              		.cfi_def_cfa_offset 20
 137              		@ sp needed
 138 0068 F0BD     		pop	{r4, r5, r6, r7, pc}
 139              	.LVL15:
 140              	.L7:
 141              	.LCFI3:
 142              		.cfi_restore_state
 120:lvgl/src/extra/widgets/calendar/lv_calendar_header_arrow.c ****             newd.month = 12;
 143              		.loc 1 120 9 is_stmt 1 view .LVU35
 120:lvgl/src/extra/widgets/calendar/lv_calendar_header_arrow.c ****             newd.month = 12;
 144              		.loc 1 120 16 is_stmt 0 view .LVU36
ARM GAS  C:\Users\BLACK_~1\AppData\Local\Temp\cc8qbwMj.s 			page 6


 145 006a 9DF90630 		ldrsb	r3, [sp, #6]
 120:lvgl/src/extra/widgets/calendar/lv_calendar_header_arrow.c ****             newd.month = 12;
 146              		.loc 1 120 11 view .LVU37
 147 006e 012B     		cmp	r3, #1
 148 0070 03D0     		beq	.L9
 124:lvgl/src/extra/widgets/calendar/lv_calendar_header_arrow.c ****         }
 149              		.loc 1 124 13 is_stmt 1 view .LVU38
 124:lvgl/src/extra/widgets/calendar/lv_calendar_header_arrow.c ****         }
 150              		.loc 1 124 24 is_stmt 0 view .LVU39
 151 0072 013B     		subs	r3, r3, #1
 152 0074 8DF80630 		strb	r3, [sp, #6]
 153 0078 E0E7     		b	.L4
 154              	.L9:
 121:lvgl/src/extra/widgets/calendar/lv_calendar_header_arrow.c ****             newd.year --;
 155              		.loc 1 121 13 is_stmt 1 view .LVU40
 121:lvgl/src/extra/widgets/calendar/lv_calendar_header_arrow.c ****             newd.year --;
 156              		.loc 1 121 24 is_stmt 0 view .LVU41
 157 007a 0C23     		movs	r3, #12
 158 007c 8DF80630 		strb	r3, [sp, #6]
 122:lvgl/src/extra/widgets/calendar/lv_calendar_header_arrow.c ****         } else {
 159              		.loc 1 122 13 is_stmt 1 view .LVU42
 122:lvgl/src/extra/widgets/calendar/lv_calendar_header_arrow.c ****         } else {
 160              		.loc 1 122 17 is_stmt 0 view .LVU43
 161 0080 BDF80430 		ldrh	r3, [sp, #4]
 122:lvgl/src/extra/widgets/calendar/lv_calendar_header_arrow.c ****         } else {
 162              		.loc 1 122 23 view .LVU44
 163 0084 013B     		subs	r3, r3, #1
 164 0086 ADF80430 		strh	r3, [sp, #4]	@ movhi
 165 008a D7E7     		b	.L4
 166              	.L8:
 128:lvgl/src/extra/widgets/calendar/lv_calendar_header_arrow.c ****             newd.year ++;
 167              		.loc 1 128 13 is_stmt 1 view .LVU45
 128:lvgl/src/extra/widgets/calendar/lv_calendar_header_arrow.c ****             newd.year ++;
 168              		.loc 1 128 24 is_stmt 0 view .LVU46
 169 008c 0123     		movs	r3, #1
 170 008e 8DF80630 		strb	r3, [sp, #6]
 129:lvgl/src/extra/widgets/calendar/lv_calendar_header_arrow.c ****         } else {
 171              		.loc 1 129 13 is_stmt 1 view .LVU47
 129:lvgl/src/extra/widgets/calendar/lv_calendar_header_arrow.c ****         } else {
 172              		.loc 1 129 17 is_stmt 0 view .LVU48
 173 0092 BDF80430 		ldrh	r3, [sp, #4]
 129:lvgl/src/extra/widgets/calendar/lv_calendar_header_arrow.c ****         } else {
 174              		.loc 1 129 23 view .LVU49
 175 0096 0133     		adds	r3, r3, #1
 176 0098 ADF80430 		strh	r3, [sp, #4]	@ movhi
 177 009c CEE7     		b	.L4
 178              	.L11:
 179 009e 00BF     		.align	2
 180              	.L10:
 181 00a0 00000000 		.word	.LANCHOR0
 182 00a4 00000000 		.word	.LC0
 183              		.cfi_endproc
 184              	.LFE154:
 186              		.section	.rodata.my_constructor.str1.4,"aMS",%progbits,1
 187              		.align	2
 188              	.LC1:
 189 0000 EF819300 		.ascii	"\357\201\223\000"
ARM GAS  C:\Users\BLACK_~1\AppData\Local\Temp\cc8qbwMj.s 			page 7


 190              		.align	2
 191              	.LC2:
 192 0004 EF819400 		.ascii	"\357\201\224\000"
 193              		.section	.text.my_constructor,"ax",%progbits
 194              		.align	1
 195              		.syntax unified
 196              		.thumb
 197              		.thumb_func
 199              	my_constructor:
 200              	.LVL16:
 201              	.LFB153:
  65:lvgl/src/extra/widgets/calendar/lv_calendar_header_arrow.c ****     LV_TRACE_OBJ_CREATE("begin");
 202              		.loc 1 65 1 is_stmt 1 view -0
 203              		.cfi_startproc
 204              		@ args = 0, pretend = 0, frame = 0
 205              		@ frame_needed = 0, uses_anonymous_args = 0
  65:lvgl/src/extra/widgets/calendar/lv_calendar_header_arrow.c ****     LV_TRACE_OBJ_CREATE("begin");
 206              		.loc 1 65 1 is_stmt 0 view .LVU51
 207 0000 2DE9F043 		push	{r4, r5, r6, r7, r8, r9, lr}
 208              	.LCFI4:
 209              		.cfi_def_cfa_offset 28
 210              		.cfi_offset 4, -28
 211              		.cfi_offset 5, -24
 212              		.cfi_offset 6, -20
 213              		.cfi_offset 7, -16
 214              		.cfi_offset 8, -12
 215              		.cfi_offset 9, -8
 216              		.cfi_offset 14, -4
 217 0004 83B0     		sub	sp, sp, #12
 218              	.LCFI5:
 219              		.cfi_def_cfa_offset 40
 220 0006 0C46     		mov	r4, r1
  66:lvgl/src/extra/widgets/calendar/lv_calendar_header_arrow.c **** 
 221              		.loc 1 66 33 is_stmt 1 view .LVU52
  68:lvgl/src/extra/widgets/calendar/lv_calendar_header_arrow.c **** 
 222              		.loc 1 68 5 view .LVU53
  71:lvgl/src/extra/widgets/calendar/lv_calendar_header_arrow.c ****     lv_obj_set_style_pad_right(obj, lv_obj_get_style_pad_right(calendar_param, LV_PART_MAIN), 0);
 223              		.loc 1 71 5 view .LVU54
 224 0008 5A4D     		ldr	r5, .L14
 225              	.LVL17:
 226              	.LBB14:
 227              	.LBI14:
 228              		.file 2 "lvgl/src/extra/widgets/calendar/../../../core/lv_obj_style_gen.h"
   1:lvgl/src/extra/widgets/calendar/../../../core/lv_obj_style_gen.h **** static inline lv_coord_t lv_obj_get_style_width(const struct _lv_obj_t * obj, uint32_t part)
   2:lvgl/src/extra/widgets/calendar/../../../core/lv_obj_style_gen.h **** {
   3:lvgl/src/extra/widgets/calendar/../../../core/lv_obj_style_gen.h ****     lv_style_value_t v = lv_obj_get_style_prop(obj, part, LV_STYLE_WIDTH);
   4:lvgl/src/extra/widgets/calendar/../../../core/lv_obj_style_gen.h ****     return (lv_coord_t)v.num;
   5:lvgl/src/extra/widgets/calendar/../../../core/lv_obj_style_gen.h **** }
   6:lvgl/src/extra/widgets/calendar/../../../core/lv_obj_style_gen.h **** 
   7:lvgl/src/extra/widgets/calendar/../../../core/lv_obj_style_gen.h **** static inline lv_coord_t lv_obj_get_style_min_width(const struct _lv_obj_t * obj, uint32_t part)
   8:lvgl/src/extra/widgets/calendar/../../../core/lv_obj_style_gen.h **** {
   9:lvgl/src/extra/widgets/calendar/../../../core/lv_obj_style_gen.h ****     lv_style_value_t v = lv_obj_get_style_prop(obj, part, LV_STYLE_MIN_WIDTH);
  10:lvgl/src/extra/widgets/calendar/../../../core/lv_obj_style_gen.h ****     return (lv_coord_t)v.num;
  11:lvgl/src/extra/widgets/calendar/../../../core/lv_obj_style_gen.h **** }
  12:lvgl/src/extra/widgets/calendar/../../../core/lv_obj_style_gen.h **** 
  13:lvgl/src/extra/widgets/calendar/../../../core/lv_obj_style_gen.h **** static inline lv_coord_t lv_obj_get_style_max_width(const struct _lv_obj_t * obj, uint32_t part)
  14:lvgl/src/extra/widgets/calendar/../../../core/lv_obj_style_gen.h **** {
ARM GAS  C:\Users\BLACK_~1\AppData\Local\Temp\cc8qbwMj.s 			page 8


  15:lvgl/src/extra/widgets/calendar/../../../core/lv_obj_style_gen.h ****     lv_style_value_t v = lv_obj_get_style_prop(obj, part, LV_STYLE_MAX_WIDTH);
  16:lvgl/src/extra/widgets/calendar/../../../core/lv_obj_style_gen.h ****     return (lv_coord_t)v.num;
  17:lvgl/src/extra/widgets/calendar/../../../core/lv_obj_style_gen.h **** }
  18:lvgl/src/extra/widgets/calendar/../../../core/lv_obj_style_gen.h **** 
  19:lvgl/src/extra/widgets/calendar/../../../core/lv_obj_style_gen.h **** static inline lv_coord_t lv_obj_get_style_height(const struct _lv_obj_t * obj, uint32_t part)
  20:lvgl/src/extra/widgets/calendar/../../../core/lv_obj_style_gen.h **** {
  21:lvgl/src/extra/widgets/calendar/../../../core/lv_obj_style_gen.h ****     lv_style_value_t v = lv_obj_get_style_prop(obj, part, LV_STYLE_HEIGHT);
  22:lvgl/src/extra/widgets/calendar/../../../core/lv_obj_style_gen.h ****     return (lv_coord_t)v.num;
  23:lvgl/src/extra/widgets/calendar/../../../core/lv_obj_style_gen.h **** }
  24:lvgl/src/extra/widgets/calendar/../../../core/lv_obj_style_gen.h **** 
  25:lvgl/src/extra/widgets/calendar/../../../core/lv_obj_style_gen.h **** static inline lv_coord_t lv_obj_get_style_min_height(const struct _lv_obj_t * obj, uint32_t part)
  26:lvgl/src/extra/widgets/calendar/../../../core/lv_obj_style_gen.h **** {
  27:lvgl/src/extra/widgets/calendar/../../../core/lv_obj_style_gen.h ****     lv_style_value_t v = lv_obj_get_style_prop(obj, part, LV_STYLE_MIN_HEIGHT);
  28:lvgl/src/extra/widgets/calendar/../../../core/lv_obj_style_gen.h ****     return (lv_coord_t)v.num;
  29:lvgl/src/extra/widgets/calendar/../../../core/lv_obj_style_gen.h **** }
  30:lvgl/src/extra/widgets/calendar/../../../core/lv_obj_style_gen.h **** 
  31:lvgl/src/extra/widgets/calendar/../../../core/lv_obj_style_gen.h **** static inline lv_coord_t lv_obj_get_style_max_height(const struct _lv_obj_t * obj, uint32_t part)
  32:lvgl/src/extra/widgets/calendar/../../../core/lv_obj_style_gen.h **** {
  33:lvgl/src/extra/widgets/calendar/../../../core/lv_obj_style_gen.h ****     lv_style_value_t v = lv_obj_get_style_prop(obj, part, LV_STYLE_MAX_HEIGHT);
  34:lvgl/src/extra/widgets/calendar/../../../core/lv_obj_style_gen.h ****     return (lv_coord_t)v.num;
  35:lvgl/src/extra/widgets/calendar/../../../core/lv_obj_style_gen.h **** }
  36:lvgl/src/extra/widgets/calendar/../../../core/lv_obj_style_gen.h **** 
  37:lvgl/src/extra/widgets/calendar/../../../core/lv_obj_style_gen.h **** static inline lv_coord_t lv_obj_get_style_x(const struct _lv_obj_t * obj, uint32_t part)
  38:lvgl/src/extra/widgets/calendar/../../../core/lv_obj_style_gen.h **** {
  39:lvgl/src/extra/widgets/calendar/../../../core/lv_obj_style_gen.h ****     lv_style_value_t v = lv_obj_get_style_prop(obj, part, LV_STYLE_X);
  40:lvgl/src/extra/widgets/calendar/../../../core/lv_obj_style_gen.h ****     return (lv_coord_t)v.num;
  41:lvgl/src/extra/widgets/calendar/../../../core/lv_obj_style_gen.h **** }
  42:lvgl/src/extra/widgets/calendar/../../../core/lv_obj_style_gen.h **** 
  43:lvgl/src/extra/widgets/calendar/../../../core/lv_obj_style_gen.h **** static inline lv_coord_t lv_obj_get_style_y(const struct _lv_obj_t * obj, uint32_t part)
  44:lvgl/src/extra/widgets/calendar/../../../core/lv_obj_style_gen.h **** {
  45:lvgl/src/extra/widgets/calendar/../../../core/lv_obj_style_gen.h ****     lv_style_value_t v = lv_obj_get_style_prop(obj, part, LV_STYLE_Y);
  46:lvgl/src/extra/widgets/calendar/../../../core/lv_obj_style_gen.h ****     return (lv_coord_t)v.num;
  47:lvgl/src/extra/widgets/calendar/../../../core/lv_obj_style_gen.h **** }
  48:lvgl/src/extra/widgets/calendar/../../../core/lv_obj_style_gen.h **** 
  49:lvgl/src/extra/widgets/calendar/../../../core/lv_obj_style_gen.h **** static inline lv_align_t lv_obj_get_style_align(const struct _lv_obj_t * obj, uint32_t part)
  50:lvgl/src/extra/widgets/calendar/../../../core/lv_obj_style_gen.h **** {
  51:lvgl/src/extra/widgets/calendar/../../../core/lv_obj_style_gen.h ****     lv_style_value_t v = lv_obj_get_style_prop(obj, part, LV_STYLE_ALIGN);
  52:lvgl/src/extra/widgets/calendar/../../../core/lv_obj_style_gen.h ****     return (lv_align_t)v.num;
  53:lvgl/src/extra/widgets/calendar/../../../core/lv_obj_style_gen.h **** }
  54:lvgl/src/extra/widgets/calendar/../../../core/lv_obj_style_gen.h **** 
  55:lvgl/src/extra/widgets/calendar/../../../core/lv_obj_style_gen.h **** static inline lv_coord_t lv_obj_get_style_transform_width(const struct _lv_obj_t * obj, uint32_t pa
  56:lvgl/src/extra/widgets/calendar/../../../core/lv_obj_style_gen.h **** {
  57:lvgl/src/extra/widgets/calendar/../../../core/lv_obj_style_gen.h ****     lv_style_value_t v = lv_obj_get_style_prop(obj, part, LV_STYLE_TRANSFORM_WIDTH);
  58:lvgl/src/extra/widgets/calendar/../../../core/lv_obj_style_gen.h ****     return (lv_coord_t)v.num;
  59:lvgl/src/extra/widgets/calendar/../../../core/lv_obj_style_gen.h **** }
  60:lvgl/src/extra/widgets/calendar/../../../core/lv_obj_style_gen.h **** 
  61:lvgl/src/extra/widgets/calendar/../../../core/lv_obj_style_gen.h **** static inline lv_coord_t lv_obj_get_style_transform_height(const struct _lv_obj_t * obj, uint32_t p
  62:lvgl/src/extra/widgets/calendar/../../../core/lv_obj_style_gen.h **** {
  63:lvgl/src/extra/widgets/calendar/../../../core/lv_obj_style_gen.h ****     lv_style_value_t v = lv_obj_get_style_prop(obj, part, LV_STYLE_TRANSFORM_HEIGHT);
  64:lvgl/src/extra/widgets/calendar/../../../core/lv_obj_style_gen.h ****     return (lv_coord_t)v.num;
  65:lvgl/src/extra/widgets/calendar/../../../core/lv_obj_style_gen.h **** }
  66:lvgl/src/extra/widgets/calendar/../../../core/lv_obj_style_gen.h **** 
  67:lvgl/src/extra/widgets/calendar/../../../core/lv_obj_style_gen.h **** static inline lv_coord_t lv_obj_get_style_translate_x(const struct _lv_obj_t * obj, uint32_t part)
  68:lvgl/src/extra/widgets/calendar/../../../core/lv_obj_style_gen.h **** {
  69:lvgl/src/extra/widgets/calendar/../../../core/lv_obj_style_gen.h ****     lv_style_value_t v = lv_obj_get_style_prop(obj, part, LV_STYLE_TRANSLATE_X);
  70:lvgl/src/extra/widgets/calendar/../../../core/lv_obj_style_gen.h ****     return (lv_coord_t)v.num;
  71:lvgl/src/extra/widgets/calendar/../../../core/lv_obj_style_gen.h **** }
ARM GAS  C:\Users\BLACK_~1\AppData\Local\Temp\cc8qbwMj.s 			page 9


  72:lvgl/src/extra/widgets/calendar/../../../core/lv_obj_style_gen.h **** 
  73:lvgl/src/extra/widgets/calendar/../../../core/lv_obj_style_gen.h **** static inline lv_coord_t lv_obj_get_style_translate_y(const struct _lv_obj_t * obj, uint32_t part)
  74:lvgl/src/extra/widgets/calendar/../../../core/lv_obj_style_gen.h **** {
  75:lvgl/src/extra/widgets/calendar/../../../core/lv_obj_style_gen.h ****     lv_style_value_t v = lv_obj_get_style_prop(obj, part, LV_STYLE_TRANSLATE_Y);
  76:lvgl/src/extra/widgets/calendar/../../../core/lv_obj_style_gen.h ****     return (lv_coord_t)v.num;
  77:lvgl/src/extra/widgets/calendar/../../../core/lv_obj_style_gen.h **** }
  78:lvgl/src/extra/widgets/calendar/../../../core/lv_obj_style_gen.h **** 
  79:lvgl/src/extra/widgets/calendar/../../../core/lv_obj_style_gen.h **** static inline lv_coord_t lv_obj_get_style_transform_zoom(const struct _lv_obj_t * obj, uint32_t par
  80:lvgl/src/extra/widgets/calendar/../../../core/lv_obj_style_gen.h **** {
  81:lvgl/src/extra/widgets/calendar/../../../core/lv_obj_style_gen.h ****     lv_style_value_t v = lv_obj_get_style_prop(obj, part, LV_STYLE_TRANSFORM_ZOOM);
  82:lvgl/src/extra/widgets/calendar/../../../core/lv_obj_style_gen.h ****     return (lv_coord_t)v.num;
  83:lvgl/src/extra/widgets/calendar/../../../core/lv_obj_style_gen.h **** }
  84:lvgl/src/extra/widgets/calendar/../../../core/lv_obj_style_gen.h **** 
  85:lvgl/src/extra/widgets/calendar/../../../core/lv_obj_style_gen.h **** static inline lv_coord_t lv_obj_get_style_transform_angle(const struct _lv_obj_t * obj, uint32_t pa
  86:lvgl/src/extra/widgets/calendar/../../../core/lv_obj_style_gen.h **** {
  87:lvgl/src/extra/widgets/calendar/../../../core/lv_obj_style_gen.h ****     lv_style_value_t v = lv_obj_get_style_prop(obj, part, LV_STYLE_TRANSFORM_ANGLE);
  88:lvgl/src/extra/widgets/calendar/../../../core/lv_obj_style_gen.h ****     return (lv_coord_t)v.num;
  89:lvgl/src/extra/widgets/calendar/../../../core/lv_obj_style_gen.h **** }
  90:lvgl/src/extra/widgets/calendar/../../../core/lv_obj_style_gen.h **** 
  91:lvgl/src/extra/widgets/calendar/../../../core/lv_obj_style_gen.h **** static inline lv_coord_t lv_obj_get_style_pad_top(const struct _lv_obj_t * obj, uint32_t part)
  92:lvgl/src/extra/widgets/calendar/../../../core/lv_obj_style_gen.h **** {
  93:lvgl/src/extra/widgets/calendar/../../../core/lv_obj_style_gen.h ****     lv_style_value_t v = lv_obj_get_style_prop(obj, part, LV_STYLE_PAD_TOP);
  94:lvgl/src/extra/widgets/calendar/../../../core/lv_obj_style_gen.h ****     return (lv_coord_t)v.num;
  95:lvgl/src/extra/widgets/calendar/../../../core/lv_obj_style_gen.h **** }
  96:lvgl/src/extra/widgets/calendar/../../../core/lv_obj_style_gen.h **** 
  97:lvgl/src/extra/widgets/calendar/../../../core/lv_obj_style_gen.h **** static inline lv_coord_t lv_obj_get_style_pad_bottom(const struct _lv_obj_t * obj, uint32_t part)
  98:lvgl/src/extra/widgets/calendar/../../../core/lv_obj_style_gen.h **** {
  99:lvgl/src/extra/widgets/calendar/../../../core/lv_obj_style_gen.h ****     lv_style_value_t v = lv_obj_get_style_prop(obj, part, LV_STYLE_PAD_BOTTOM);
 100:lvgl/src/extra/widgets/calendar/../../../core/lv_obj_style_gen.h ****     return (lv_coord_t)v.num;
 101:lvgl/src/extra/widgets/calendar/../../../core/lv_obj_style_gen.h **** }
 102:lvgl/src/extra/widgets/calendar/../../../core/lv_obj_style_gen.h **** 
 103:lvgl/src/extra/widgets/calendar/../../../core/lv_obj_style_gen.h **** static inline lv_coord_t lv_obj_get_style_pad_left(const struct _lv_obj_t * obj, uint32_t part)
 229              		.loc 2 103 26 view .LVU55
 230              	.LBB15:
 104:lvgl/src/extra/widgets/calendar/../../../core/lv_obj_style_gen.h **** {
 105:lvgl/src/extra/widgets/calendar/../../../core/lv_obj_style_gen.h ****     lv_style_value_t v = lv_obj_get_style_prop(obj, part, LV_STYLE_PAD_LEFT);
 231              		.loc 2 105 5 view .LVU56
 232              		.loc 2 105 26 is_stmt 0 view .LVU57
 233 000a 41F21202 		movw	r2, #4114
 234 000e 0021     		movs	r1, #0
 235              	.LVL18:
 236              		.loc 2 105 26 view .LVU58
 237 0010 2868     		ldr	r0, [r5]
 238              	.LVL19:
 239              		.loc 2 105 26 view .LVU59
 240 0012 FFF7FEFF 		bl	lv_obj_get_style_prop
 241              	.LVL20:
 106:lvgl/src/extra/widgets/calendar/../../../core/lv_obj_style_gen.h ****     return (lv_coord_t)v.num;
 242              		.loc 2 106 5 is_stmt 1 view .LVU60
 243              		.loc 2 106 5 is_stmt 0 view .LVU61
 244              	.LBE15:
 245              	.LBE14:
  71:lvgl/src/extra/widgets/calendar/lv_calendar_header_arrow.c ****     lv_obj_set_style_pad_right(obj, lv_obj_get_style_pad_right(calendar_param, LV_PART_MAIN), 0);
 246              		.loc 1 71 5 view .LVU62
 247 0016 0022     		movs	r2, #0
 248 0018 01B2     		sxth	r1, r0
 249 001a 2046     		mov	r0, r4
ARM GAS  C:\Users\BLACK_~1\AppData\Local\Temp\cc8qbwMj.s 			page 10


 250 001c FFF7FEFF 		bl	lv_obj_set_style_pad_left
 251              	.LVL21:
  72:lvgl/src/extra/widgets/calendar/lv_calendar_header_arrow.c ****     lv_obj_set_style_pad_top(obj, lv_obj_get_style_pad_top(calendar_param, LV_PART_MAIN), 0);
 252              		.loc 1 72 5 is_stmt 1 view .LVU63
 253              	.LBB16:
 254              	.LBI16:
 107:lvgl/src/extra/widgets/calendar/../../../core/lv_obj_style_gen.h **** }
 108:lvgl/src/extra/widgets/calendar/../../../core/lv_obj_style_gen.h **** 
 109:lvgl/src/extra/widgets/calendar/../../../core/lv_obj_style_gen.h **** static inline lv_coord_t lv_obj_get_style_pad_right(const struct _lv_obj_t * obj, uint32_t part)
 255              		.loc 2 109 26 view .LVU64
 256              	.LBB17:
 110:lvgl/src/extra/widgets/calendar/../../../core/lv_obj_style_gen.h **** {
 111:lvgl/src/extra/widgets/calendar/../../../core/lv_obj_style_gen.h ****     lv_style_value_t v = lv_obj_get_style_prop(obj, part, LV_STYLE_PAD_RIGHT);
 257              		.loc 2 111 5 view .LVU65
 258              		.loc 2 111 26 is_stmt 0 view .LVU66
 259 0020 41F21302 		movw	r2, #4115
 260 0024 0021     		movs	r1, #0
 261 0026 2868     		ldr	r0, [r5]
 262 0028 FFF7FEFF 		bl	lv_obj_get_style_prop
 263              	.LVL22:
 112:lvgl/src/extra/widgets/calendar/../../../core/lv_obj_style_gen.h ****     return (lv_coord_t)v.num;
 264              		.loc 2 112 5 is_stmt 1 view .LVU67
 265              		.loc 2 112 5 is_stmt 0 view .LVU68
 266              	.LBE17:
 267              	.LBE16:
  72:lvgl/src/extra/widgets/calendar/lv_calendar_header_arrow.c ****     lv_obj_set_style_pad_top(obj, lv_obj_get_style_pad_top(calendar_param, LV_PART_MAIN), 0);
 268              		.loc 1 72 5 view .LVU69
 269 002c 0022     		movs	r2, #0
 270 002e 01B2     		sxth	r1, r0
 271 0030 2046     		mov	r0, r4
 272 0032 FFF7FEFF 		bl	lv_obj_set_style_pad_right
 273              	.LVL23:
  73:lvgl/src/extra/widgets/calendar/lv_calendar_header_arrow.c ****     lv_obj_set_style_pad_bottom(obj, lv_obj_get_style_pad_bottom(calendar_param, LV_PART_MAIN), 0);
 274              		.loc 1 73 5 is_stmt 1 view .LVU70
 275              	.LBB18:
 276              	.LBI18:
  91:lvgl/src/extra/widgets/calendar/../../../core/lv_obj_style_gen.h **** {
 277              		.loc 2 91 26 view .LVU71
 278              	.LBB19:
  93:lvgl/src/extra/widgets/calendar/../../../core/lv_obj_style_gen.h ****     return (lv_coord_t)v.num;
 279              		.loc 2 93 5 view .LVU72
  93:lvgl/src/extra/widgets/calendar/../../../core/lv_obj_style_gen.h ****     return (lv_coord_t)v.num;
 280              		.loc 2 93 26 is_stmt 0 view .LVU73
 281 0036 41F21002 		movw	r2, #4112
 282 003a 0021     		movs	r1, #0
 283 003c 2868     		ldr	r0, [r5]
 284 003e FFF7FEFF 		bl	lv_obj_get_style_prop
 285              	.LVL24:
  94:lvgl/src/extra/widgets/calendar/../../../core/lv_obj_style_gen.h **** }
 286              		.loc 2 94 5 is_stmt 1 view .LVU74
  94:lvgl/src/extra/widgets/calendar/../../../core/lv_obj_style_gen.h **** }
 287              		.loc 2 94 5 is_stmt 0 view .LVU75
 288              	.LBE19:
 289              	.LBE18:
  73:lvgl/src/extra/widgets/calendar/lv_calendar_header_arrow.c ****     lv_obj_set_style_pad_bottom(obj, lv_obj_get_style_pad_bottom(calendar_param, LV_PART_MAIN), 0);
 290              		.loc 1 73 5 view .LVU76
 291 0042 0022     		movs	r2, #0
ARM GAS  C:\Users\BLACK_~1\AppData\Local\Temp\cc8qbwMj.s 			page 11


 292 0044 01B2     		sxth	r1, r0
 293 0046 2046     		mov	r0, r4
 294 0048 FFF7FEFF 		bl	lv_obj_set_style_pad_top
 295              	.LVL25:
  74:lvgl/src/extra/widgets/calendar/lv_calendar_header_arrow.c ****     lv_obj_set_style_pad_column(obj, lv_obj_get_style_pad_column(calendar_param, LV_PART_MAIN), 0);
 296              		.loc 1 74 5 is_stmt 1 view .LVU77
 297              	.LBB20:
 298              	.LBI20:
  97:lvgl/src/extra/widgets/calendar/../../../core/lv_obj_style_gen.h **** {
 299              		.loc 2 97 26 view .LVU78
 300              	.LBB21:
  99:lvgl/src/extra/widgets/calendar/../../../core/lv_obj_style_gen.h ****     return (lv_coord_t)v.num;
 301              		.loc 2 99 5 view .LVU79
  99:lvgl/src/extra/widgets/calendar/../../../core/lv_obj_style_gen.h ****     return (lv_coord_t)v.num;
 302              		.loc 2 99 26 is_stmt 0 view .LVU80
 303 004c 41F21102 		movw	r2, #4113
 304 0050 0021     		movs	r1, #0
 305 0052 2868     		ldr	r0, [r5]
 306 0054 FFF7FEFF 		bl	lv_obj_get_style_prop
 307              	.LVL26:
 100:lvgl/src/extra/widgets/calendar/../../../core/lv_obj_style_gen.h **** }
 308              		.loc 2 100 5 is_stmt 1 view .LVU81
 100:lvgl/src/extra/widgets/calendar/../../../core/lv_obj_style_gen.h **** }
 309              		.loc 2 100 5 is_stmt 0 view .LVU82
 310              	.LBE21:
 311              	.LBE20:
  74:lvgl/src/extra/widgets/calendar/lv_calendar_header_arrow.c ****     lv_obj_set_style_pad_column(obj, lv_obj_get_style_pad_column(calendar_param, LV_PART_MAIN), 0);
 312              		.loc 1 74 5 view .LVU83
 313 0058 0022     		movs	r2, #0
 314 005a 01B2     		sxth	r1, r0
 315 005c 2046     		mov	r0, r4
 316 005e FFF7FEFF 		bl	lv_obj_set_style_pad_bottom
 317              	.LVL27:
  75:lvgl/src/extra/widgets/calendar/lv_calendar_header_arrow.c ****     lv_obj_set_style_radius(obj, lv_obj_get_style_radius(calendar_param, LV_PART_MAIN), 0);
 318              		.loc 1 75 5 is_stmt 1 view .LVU84
 319              	.LBB22:
 320              	.LBI22:
 113:lvgl/src/extra/widgets/calendar/../../../core/lv_obj_style_gen.h **** }
 114:lvgl/src/extra/widgets/calendar/../../../core/lv_obj_style_gen.h **** 
 115:lvgl/src/extra/widgets/calendar/../../../core/lv_obj_style_gen.h **** static inline lv_coord_t lv_obj_get_style_pad_row(const struct _lv_obj_t * obj, uint32_t part)
 116:lvgl/src/extra/widgets/calendar/../../../core/lv_obj_style_gen.h **** {
 117:lvgl/src/extra/widgets/calendar/../../../core/lv_obj_style_gen.h ****     lv_style_value_t v = lv_obj_get_style_prop(obj, part, LV_STYLE_PAD_ROW);
 118:lvgl/src/extra/widgets/calendar/../../../core/lv_obj_style_gen.h ****     return (lv_coord_t)v.num;
 119:lvgl/src/extra/widgets/calendar/../../../core/lv_obj_style_gen.h **** }
 120:lvgl/src/extra/widgets/calendar/../../../core/lv_obj_style_gen.h **** 
 121:lvgl/src/extra/widgets/calendar/../../../core/lv_obj_style_gen.h **** static inline lv_coord_t lv_obj_get_style_pad_column(const struct _lv_obj_t * obj, uint32_t part)
 321              		.loc 2 121 26 view .LVU85
 322              	.LBB23:
 122:lvgl/src/extra/widgets/calendar/../../../core/lv_obj_style_gen.h **** {
 123:lvgl/src/extra/widgets/calendar/../../../core/lv_obj_style_gen.h ****     lv_style_value_t v = lv_obj_get_style_prop(obj, part, LV_STYLE_PAD_COLUMN);
 323              		.loc 2 123 5 view .LVU86
 324              		.loc 2 123 26 is_stmt 0 view .LVU87
 325 0062 41F21502 		movw	r2, #4117
 326 0066 0021     		movs	r1, #0
 327 0068 2868     		ldr	r0, [r5]
 328 006a FFF7FEFF 		bl	lv_obj_get_style_prop
 329              	.LVL28:
ARM GAS  C:\Users\BLACK_~1\AppData\Local\Temp\cc8qbwMj.s 			page 12


 124:lvgl/src/extra/widgets/calendar/../../../core/lv_obj_style_gen.h ****     return (lv_coord_t)v.num;
 330              		.loc 2 124 5 is_stmt 1 view .LVU88
 331              		.loc 2 124 5 is_stmt 0 view .LVU89
 332              	.LBE23:
 333              	.LBE22:
  75:lvgl/src/extra/widgets/calendar/lv_calendar_header_arrow.c ****     lv_obj_set_style_radius(obj, lv_obj_get_style_radius(calendar_param, LV_PART_MAIN), 0);
 334              		.loc 1 75 5 view .LVU90
 335 006e 0022     		movs	r2, #0
 336 0070 01B2     		sxth	r1, r0
 337 0072 2046     		mov	r0, r4
 338 0074 FFF7FEFF 		bl	lv_obj_set_style_pad_column
 339              	.LVL29:
  76:lvgl/src/extra/widgets/calendar/lv_calendar_header_arrow.c **** 
 340              		.loc 1 76 5 is_stmt 1 view .LVU91
 341              	.LBB24:
 342              	.LBI24:
 125:lvgl/src/extra/widgets/calendar/../../../core/lv_obj_style_gen.h **** }
 126:lvgl/src/extra/widgets/calendar/../../../core/lv_obj_style_gen.h **** 
 127:lvgl/src/extra/widgets/calendar/../../../core/lv_obj_style_gen.h **** static inline lv_coord_t lv_obj_get_style_radius(const struct _lv_obj_t * obj, uint32_t part)
 343              		.loc 2 127 26 view .LVU92
 344              	.LBB25:
 128:lvgl/src/extra/widgets/calendar/../../../core/lv_obj_style_gen.h **** {
 129:lvgl/src/extra/widgets/calendar/../../../core/lv_obj_style_gen.h ****     lv_style_value_t v = lv_obj_get_style_prop(obj, part, LV_STYLE_RADIUS);
 345              		.loc 2 129 5 view .LVU93
 346              		.loc 2 129 26 is_stmt 0 view .LVU94
 347 0078 6022     		movs	r2, #96
 348 007a 0021     		movs	r1, #0
 349 007c 2868     		ldr	r0, [r5]
 350 007e FFF7FEFF 		bl	lv_obj_get_style_prop
 351              	.LVL30:
 130:lvgl/src/extra/widgets/calendar/../../../core/lv_obj_style_gen.h ****     return (lv_coord_t)v.num;
 352              		.loc 2 130 5 is_stmt 1 view .LVU95
 353              		.loc 2 130 5 is_stmt 0 view .LVU96
 354              	.LBE25:
 355              	.LBE24:
  76:lvgl/src/extra/widgets/calendar/lv_calendar_header_arrow.c **** 
 356              		.loc 1 76 5 view .LVU97
 357 0082 0022     		movs	r2, #0
 358 0084 01B2     		sxth	r1, r0
 359 0086 2046     		mov	r0, r4
 360 0088 FFF7FEFF 		bl	lv_obj_set_style_radius
 361              	.LVL31:
  78:lvgl/src/extra/widgets/calendar/lv_calendar_header_arrow.c **** 
 362              		.loc 1 78 5 is_stmt 1 view .LVU98
  78:lvgl/src/extra/widgets/calendar/lv_calendar_header_arrow.c **** 
 363              		.loc 1 78 43 is_stmt 0 view .LVU99
 364 008c 2868     		ldr	r0, [r5]
 365 008e FFF7FEFF 		bl	lv_calendar_get_showed_date
 366              	.LVL32:
 367 0092 8146     		mov	r9, r0
 368              	.LVL33:
  80:lvgl/src/extra/widgets/calendar/lv_calendar_header_arrow.c ****     lv_coord_t w = lv_obj_get_width(calendar_param);
 369              		.loc 1 80 5 is_stmt 1 view .LVU100
 370 0094 2868     		ldr	r0, [r5]
 371              	.LVL34:
  80:lvgl/src/extra/widgets/calendar/lv_calendar_header_arrow.c ****     lv_coord_t w = lv_obj_get_width(calendar_param);
 372              		.loc 1 80 5 is_stmt 0 view .LVU101
ARM GAS  C:\Users\BLACK_~1\AppData\Local\Temp\cc8qbwMj.s 			page 13


 373 0096 FFF7FEFF 		bl	lv_obj_update_layout
 374              	.LVL35:
  81:lvgl/src/extra/widgets/calendar/lv_calendar_header_arrow.c ****     lv_obj_set_size(obj,  w, LV_SIZE_CONTENT);
 375              		.loc 1 81 5 is_stmt 1 view .LVU102
  81:lvgl/src/extra/widgets/calendar/lv_calendar_header_arrow.c ****     lv_obj_set_size(obj,  w, LV_SIZE_CONTENT);
 376              		.loc 1 81 20 is_stmt 0 view .LVU103
 377 009a 2868     		ldr	r0, [r5]
 378 009c FFF7FEFF 		bl	lv_obj_get_width
 379              	.LVL36:
 380 00a0 0146     		mov	r1, r0
 381              	.LVL37:
  82:lvgl/src/extra/widgets/calendar/lv_calendar_header_arrow.c ****     lv_obj_set_flex_flow(obj, LV_FLEX_FLOW_ROW);
 382              		.loc 1 82 5 is_stmt 1 view .LVU104
 383 00a2 42F2D172 		movw	r2, #10193
 384 00a6 2046     		mov	r0, r4
 385 00a8 FFF7FEFF 		bl	lv_obj_set_size
 386              	.LVL38:
  83:lvgl/src/extra/widgets/calendar/lv_calendar_header_arrow.c ****     lv_obj_set_flex_align(obj, LV_FLEX_ALIGN_START, LV_FLEX_ALIGN_CENTER, LV_FLEX_ALIGN_START);
 387              		.loc 1 83 5 view .LVU105
 388 00ac 0021     		movs	r1, #0
 389 00ae 2046     		mov	r0, r4
 390 00b0 FFF7FEFF 		bl	lv_obj_set_flex_flow
 391              	.LVL39:
  84:lvgl/src/extra/widgets/calendar/lv_calendar_header_arrow.c **** 
 392              		.loc 1 84 5 view .LVU106
 393 00b4 0023     		movs	r3, #0
 394 00b6 0222     		movs	r2, #2
 395 00b8 1946     		mov	r1, r3
 396 00ba 2046     		mov	r0, r4
 397 00bc FFF7FEFF 		bl	lv_obj_set_flex_align
 398              	.LVL40:
  86:lvgl/src/extra/widgets/calendar/lv_calendar_header_arrow.c ****     lv_obj_set_style_bg_img_src(mo_prev, LV_SYMBOL_LEFT, 0);
 399              		.loc 1 86 5 view .LVU107
  86:lvgl/src/extra/widgets/calendar/lv_calendar_header_arrow.c ****     lv_obj_set_style_bg_img_src(mo_prev, LV_SYMBOL_LEFT, 0);
 400              		.loc 1 86 26 is_stmt 0 view .LVU108
 401 00c0 2046     		mov	r0, r4
 402 00c2 FFF7FEFF 		bl	lv_btn_create
 403              	.LVL41:
 404 00c6 0646     		mov	r6, r0
 405              	.LVL42:
  87:lvgl/src/extra/widgets/calendar/lv_calendar_header_arrow.c ****     lv_obj_set_size(mo_prev, btn_size_param, btn_size_param);
 406              		.loc 1 87 5 is_stmt 1 view .LVU109
 407 00c8 0022     		movs	r2, #0
 408 00ca 2B49     		ldr	r1, .L14+4
 409 00cc FFF7FEFF 		bl	lv_obj_set_style_bg_img_src
 410              	.LVL43:
  88:lvgl/src/extra/widgets/calendar/lv_calendar_header_arrow.c ****     lv_obj_add_event_cb(mo_prev, month_event_cb, LV_EVENT_CLICKED, calendar_param);
 411              		.loc 1 88 5 view .LVU110
 412 00d0 DFF8B880 		ldr	r8, .L14+24
 413 00d4 B8F90010 		ldrsh	r1, [r8]
 414 00d8 0A46     		mov	r2, r1
 415 00da 3046     		mov	r0, r6
 416 00dc FFF7FEFF 		bl	lv_obj_set_size
 417              	.LVL44:
  89:lvgl/src/extra/widgets/calendar/lv_calendar_header_arrow.c ****     lv_obj_clear_flag(mo_prev, LV_OBJ_FLAG_CLICK_FOCUSABLE);
 418              		.loc 1 89 5 view .LVU111
 419 00e0 264F     		ldr	r7, .L14+8
ARM GAS  C:\Users\BLACK_~1\AppData\Local\Temp\cc8qbwMj.s 			page 14


 420 00e2 2B68     		ldr	r3, [r5]
 421 00e4 0722     		movs	r2, #7
 422 00e6 3946     		mov	r1, r7
 423 00e8 3046     		mov	r0, r6
 424 00ea FFF7FEFF 		bl	lv_obj_add_event_cb
 425              	.LVL45:
  90:lvgl/src/extra/widgets/calendar/lv_calendar_header_arrow.c **** 
 426              		.loc 1 90 5 view .LVU112
 427 00ee 0421     		movs	r1, #4
 428 00f0 3046     		mov	r0, r6
 429 00f2 FFF7FEFF 		bl	lv_obj_clear_flag
 430              	.LVL46:
  92:lvgl/src/extra/widgets/calendar/lv_calendar_header_arrow.c ****     lv_label_set_long_mode(label, LV_LABEL_LONG_SCROLL_CIRCULAR);
 431              		.loc 1 92 5 view .LVU113
  92:lvgl/src/extra/widgets/calendar/lv_calendar_header_arrow.c ****     lv_label_set_long_mode(label, LV_LABEL_LONG_SCROLL_CIRCULAR);
 432              		.loc 1 92 24 is_stmt 0 view .LVU114
 433 00f6 2046     		mov	r0, r4
 434 00f8 FFF7FEFF 		bl	lv_label_create
 435              	.LVL47:
 436 00fc 0646     		mov	r6, r0
 437              	.LVL48:
  93:lvgl/src/extra/widgets/calendar/lv_calendar_header_arrow.c ****     lv_obj_set_style_text_align(label, LV_TEXT_ALIGN_CENTER, 0);
 438              		.loc 1 93 5 is_stmt 1 view .LVU115
 439 00fe 0321     		movs	r1, #3
 440 0100 FFF7FEFF 		bl	lv_label_set_long_mode
 441              	.LVL49:
  94:lvgl/src/extra/widgets/calendar/lv_calendar_header_arrow.c ****     lv_obj_set_flex_grow(label, 1);
 442              		.loc 1 94 5 view .LVU116
 443 0104 0022     		movs	r2, #0
 444 0106 0221     		movs	r1, #2
 445 0108 3046     		mov	r0, r6
 446 010a FFF7FEFF 		bl	lv_obj_set_style_text_align
 447              	.LVL50:
  95:lvgl/src/extra/widgets/calendar/lv_calendar_header_arrow.c ****     lv_label_set_text_fmt(label, "%d %s", cur_date->year, month_names_def[cur_date->month - 1]);
 448              		.loc 1 95 5 view .LVU117
 449 010e 0121     		movs	r1, #1
 450 0110 3046     		mov	r0, r6
 451 0112 FFF7FEFF 		bl	lv_obj_set_flex_grow
 452              	.LVL51:
  96:lvgl/src/extra/widgets/calendar/lv_calendar_header_arrow.c **** 
 453              		.loc 1 96 5 view .LVU118
  96:lvgl/src/extra/widgets/calendar/lv_calendar_header_arrow.c **** 
 454              		.loc 1 96 83 is_stmt 0 view .LVU119
 455 0116 99F90230 		ldrsb	r3, [r9, #2]
  96:lvgl/src/extra/widgets/calendar/lv_calendar_header_arrow.c **** 
 456              		.loc 1 96 91 view .LVU120
 457 011a 013B     		subs	r3, r3, #1
  96:lvgl/src/extra/widgets/calendar/lv_calendar_header_arrow.c **** 
 458              		.loc 1 96 5 view .LVU121
 459 011c 184A     		ldr	r2, .L14+12
 460 011e 52F82330 		ldr	r3, [r2, r3, lsl #2]
 461 0122 B9F80020 		ldrh	r2, [r9]
 462 0126 1749     		ldr	r1, .L14+16
 463 0128 3046     		mov	r0, r6
 464 012a FFF7FEFF 		bl	lv_label_set_text_fmt
 465              	.LVL52:
  98:lvgl/src/extra/widgets/calendar/lv_calendar_header_arrow.c ****     lv_obj_set_style_bg_img_src(mo_next, LV_SYMBOL_RIGHT, 0);
ARM GAS  C:\Users\BLACK_~1\AppData\Local\Temp\cc8qbwMj.s 			page 15


 466              		.loc 1 98 5 is_stmt 1 view .LVU122
  98:lvgl/src/extra/widgets/calendar/lv_calendar_header_arrow.c ****     lv_obj_set_style_bg_img_src(mo_next, LV_SYMBOL_RIGHT, 0);
 467              		.loc 1 98 26 is_stmt 0 view .LVU123
 468 012e 2046     		mov	r0, r4
 469 0130 FFF7FEFF 		bl	lv_btn_create
 470              	.LVL53:
 471 0134 0646     		mov	r6, r0
 472              	.LVL54:
  99:lvgl/src/extra/widgets/calendar/lv_calendar_header_arrow.c ****     lv_obj_set_size(mo_next, btn_size_param, btn_size_param);
 473              		.loc 1 99 5 is_stmt 1 view .LVU124
 474 0136 0022     		movs	r2, #0
 475 0138 1349     		ldr	r1, .L14+20
 476 013a FFF7FEFF 		bl	lv_obj_set_style_bg_img_src
 477              	.LVL55:
 100:lvgl/src/extra/widgets/calendar/lv_calendar_header_arrow.c ****     lv_obj_add_event_cb(mo_next, month_event_cb, LV_EVENT_CLICKED, calendar_param);
 478              		.loc 1 100 5 view .LVU125
 479 013e B8F90010 		ldrsh	r1, [r8]
 480 0142 0A46     		mov	r2, r1
 481 0144 3046     		mov	r0, r6
 482 0146 FFF7FEFF 		bl	lv_obj_set_size
 483              	.LVL56:
 101:lvgl/src/extra/widgets/calendar/lv_calendar_header_arrow.c ****     lv_obj_clear_flag(mo_next, LV_OBJ_FLAG_CLICK_FOCUSABLE);
 484              		.loc 1 101 5 view .LVU126
 485 014a 2B68     		ldr	r3, [r5]
 486 014c 0722     		movs	r2, #7
 487 014e 3946     		mov	r1, r7
 488 0150 3046     		mov	r0, r6
 489 0152 FFF7FEFF 		bl	lv_obj_add_event_cb
 490              	.LVL57:
 102:lvgl/src/extra/widgets/calendar/lv_calendar_header_arrow.c **** 
 491              		.loc 1 102 5 view .LVU127
 492 0156 0421     		movs	r1, #4
 493 0158 3046     		mov	r0, r6
 494 015a FFF7FEFF 		bl	lv_obj_clear_flag
 495              	.LVL58:
 104:lvgl/src/extra/widgets/calendar/lv_calendar_header_arrow.c **** }
 496              		.loc 1 104 5 view .LVU128
 497 015e 0023     		movs	r3, #0
 498 0160 0093     		str	r3, [sp]
 499 0162 0B22     		movs	r2, #11
 500 0164 2968     		ldr	r1, [r5]
 501 0166 2046     		mov	r0, r4
 502 0168 FFF7FEFF 		bl	lv_obj_align_to
 503              	.LVL59:
 105:lvgl/src/extra/widgets/calendar/lv_calendar_header_arrow.c **** 
 504              		.loc 1 105 1 is_stmt 0 view .LVU129
 505 016c 03B0     		add	sp, sp, #12
 506              	.LCFI6:
 507              		.cfi_def_cfa_offset 28
 508              		@ sp needed
 509 016e BDE8F083 		pop	{r4, r5, r6, r7, r8, r9, pc}
 510              	.LVL60:
 511              	.L15:
 105:lvgl/src/extra/widgets/calendar/lv_calendar_header_arrow.c **** 
 512              		.loc 1 105 1 view .LVU130
 513 0172 00BF     		.align	2
 514              	.L14:
ARM GAS  C:\Users\BLACK_~1\AppData\Local\Temp\cc8qbwMj.s 			page 16


 515 0174 00000000 		.word	.LANCHOR1
 516 0178 00000000 		.word	.LC1
 517 017c 00000000 		.word	month_event_cb
 518 0180 00000000 		.word	.LANCHOR0
 519 0184 00000000 		.word	.LC0
 520 0188 04000000 		.word	.LC2
 521 018c 00000000 		.word	.LANCHOR2
 522              		.cfi_endproc
 523              	.LFE153:
 525              		.section	.text.lv_calendar_header_arrow_create,"ax",%progbits
 526              		.align	1
 527              		.global	lv_calendar_header_arrow_create
 528              		.syntax unified
 529              		.thumb
 530              		.thumb_func
 532              	lv_calendar_header_arrow_create:
 533              	.LVL61:
 534              	.LFB152:
  52:lvgl/src/extra/widgets/calendar/lv_calendar_header_arrow.c ****     calendar_param = calendar;
 535              		.loc 1 52 1 is_stmt 1 view -0
 536              		.cfi_startproc
 537              		@ args = 0, pretend = 0, frame = 0
 538              		@ frame_needed = 0, uses_anonymous_args = 0
  52:lvgl/src/extra/widgets/calendar/lv_calendar_header_arrow.c ****     calendar_param = calendar;
 539              		.loc 1 52 1 is_stmt 0 view .LVU132
 540 0000 10B5     		push	{r4, lr}
 541              	.LCFI7:
 542              		.cfi_def_cfa_offset 8
 543              		.cfi_offset 4, -8
 544              		.cfi_offset 14, -4
  53:lvgl/src/extra/widgets/calendar/lv_calendar_header_arrow.c ****     btn_size_param = btn_size;
 545              		.loc 1 53 5 is_stmt 1 view .LVU133
  53:lvgl/src/extra/widgets/calendar/lv_calendar_header_arrow.c ****     btn_size_param = btn_size;
 546              		.loc 1 53 20 is_stmt 0 view .LVU134
 547 0002 064B     		ldr	r3, .L18
 548 0004 1960     		str	r1, [r3]
  54:lvgl/src/extra/widgets/calendar/lv_calendar_header_arrow.c ****     lv_obj_t * obj = lv_obj_class_create_obj(&lv_calendar_header_arrow_class, parent);
 549              		.loc 1 54 5 is_stmt 1 view .LVU135
  54:lvgl/src/extra/widgets/calendar/lv_calendar_header_arrow.c ****     lv_obj_t * obj = lv_obj_class_create_obj(&lv_calendar_header_arrow_class, parent);
 550              		.loc 1 54 20 is_stmt 0 view .LVU136
 551 0006 064B     		ldr	r3, .L18+4
 552 0008 1A80     		strh	r2, [r3]	@ movhi
  55:lvgl/src/extra/widgets/calendar/lv_calendar_header_arrow.c ****     lv_obj_class_init_obj(obj);
 553              		.loc 1 55 5 is_stmt 1 view .LVU137
  55:lvgl/src/extra/widgets/calendar/lv_calendar_header_arrow.c ****     lv_obj_class_init_obj(obj);
 554              		.loc 1 55 22 is_stmt 0 view .LVU138
 555 000a 0146     		mov	r1, r0
 556              	.LVL62:
  55:lvgl/src/extra/widgets/calendar/lv_calendar_header_arrow.c ****     lv_obj_class_init_obj(obj);
 557              		.loc 1 55 22 view .LVU139
 558 000c 0548     		ldr	r0, .L18+8
 559              	.LVL63:
  55:lvgl/src/extra/widgets/calendar/lv_calendar_header_arrow.c ****     lv_obj_class_init_obj(obj);
 560              		.loc 1 55 22 view .LVU140
 561 000e FFF7FEFF 		bl	lv_obj_class_create_obj
 562              	.LVL64:
  55:lvgl/src/extra/widgets/calendar/lv_calendar_header_arrow.c ****     lv_obj_class_init_obj(obj);
ARM GAS  C:\Users\BLACK_~1\AppData\Local\Temp\cc8qbwMj.s 			page 17


 563              		.loc 1 55 22 view .LVU141
 564 0012 0446     		mov	r4, r0
 565              	.LVL65:
  56:lvgl/src/extra/widgets/calendar/lv_calendar_header_arrow.c ****     return obj;
 566              		.loc 1 56 5 is_stmt 1 view .LVU142
 567 0014 FFF7FEFF 		bl	lv_obj_class_init_obj
 568              	.LVL66:
  57:lvgl/src/extra/widgets/calendar/lv_calendar_header_arrow.c **** }
 569              		.loc 1 57 5 view .LVU143
  58:lvgl/src/extra/widgets/calendar/lv_calendar_header_arrow.c **** 
 570              		.loc 1 58 1 is_stmt 0 view .LVU144
 571 0018 2046     		mov	r0, r4
 572 001a 10BD     		pop	{r4, pc}
 573              	.LVL67:
 574              	.L19:
  58:lvgl/src/extra/widgets/calendar/lv_calendar_header_arrow.c **** 
 575              		.loc 1 58 1 view .LVU145
 576              		.align	2
 577              	.L18:
 578 001c 00000000 		.word	.LANCHOR1
 579 0020 00000000 		.word	.LANCHOR2
 580 0024 00000000 		.word	.LANCHOR3
 581              		.cfi_endproc
 582              	.LFE152:
 584              		.section	.rodata.str1.4,"aMS",%progbits,1
 585              		.align	2
 586              	.LC3:
 587 0000 4A616E75 		.ascii	"January\000"
 587      61727900 
 588              		.align	2
 589              	.LC4:
 590 0008 46656272 		.ascii	"February\000"
 590      75617279 
 590      00
 591 0011 000000   		.align	2
 592              	.LC5:
 593 0014 4D617263 		.ascii	"March\000"
 593      6800
 594 001a 0000     		.align	2
 595              	.LC6:
 596 001c 41707269 		.ascii	"April\000"
 596      6C00
 597 0022 0000     		.align	2
 598              	.LC7:
 599 0024 4D617900 		.ascii	"May\000"
 600              		.align	2
 601              	.LC8:
 602 0028 4A756E65 		.ascii	"June\000"
 602      00
 603 002d 000000   		.align	2
 604              	.LC9:
 605 0030 4A756C79 		.ascii	"July\000"
 605      00
 606 0035 000000   		.align	2
 607              	.LC10:
 608 0038 41756775 		.ascii	"August\000"
 608      737400
ARM GAS  C:\Users\BLACK_~1\AppData\Local\Temp\cc8qbwMj.s 			page 18


 609 003f 00       		.align	2
 610              	.LC11:
 611 0040 53657074 		.ascii	"September\000"
 611      656D6265 
 611      7200
 612 004a 0000     		.align	2
 613              	.LC12:
 614 004c 4F63746F 		.ascii	"October\000"
 614      62657200 
 615              		.align	2
 616              	.LC13:
 617 0054 4E6F7665 		.ascii	"November\000"
 617      6D626572 
 617      00
 618 005d 000000   		.align	2
 619              	.LC14:
 620 0060 44656365 		.ascii	"December\000"
 620      6D626572 
 620      00
 621              		.global	lv_calendar_header_arrow_class
 622              		.section	.bss.btn_size_param,"aw",%nobits
 623              		.align	1
 624              		.set	.LANCHOR2,. + 0
 627              	btn_size_param:
 628 0000 0000     		.space	2
 629              		.section	.bss.calendar_param,"aw",%nobits
 630              		.align	2
 631              		.set	.LANCHOR1,. + 0
 634              	calendar_param:
 635 0000 00000000 		.space	4
 636              		.section	.rodata.lv_calendar_header_arrow_class,"a"
 637              		.align	2
 638              		.set	.LANCHOR3,. + 0
 641              	lv_calendar_header_arrow_class:
 642 0000 00000000 		.word	lv_obj_class
 643 0004 00000000 		.word	my_constructor
 644 0008 00000000 		.space	20
 644      00000000 
 644      00000000 
 644      00000000 
 644      00000000 
 645              		.section	.rodata.month_names_def,"a"
 646              		.align	2
 647              		.set	.LANCHOR0,. + 0
 650              	month_names_def:
 651 0000 00000000 		.word	.LC3
 652 0004 08000000 		.word	.LC4
 653 0008 14000000 		.word	.LC5
 654 000c 1C000000 		.word	.LC6
 655 0010 24000000 		.word	.LC7
 656 0014 28000000 		.word	.LC8
 657 0018 30000000 		.word	.LC9
 658 001c 38000000 		.word	.LC10
 659 0020 40000000 		.word	.LC11
 660 0024 4C000000 		.word	.LC12
 661 0028 54000000 		.word	.LC13
 662 002c 60000000 		.word	.LC14
ARM GAS  C:\Users\BLACK_~1\AppData\Local\Temp\cc8qbwMj.s 			page 19


 663              		.text
 664              	.Letext0:
 665              		.file 3 "e:\\gnu arm embedded toolchain\\10 2021.10\\arm-none-eabi\\include\\machine\\_default_typ
 666              		.file 4 "e:\\gnu arm embedded toolchain\\10 2021.10\\arm-none-eabi\\include\\sys\\_stdint.h"
 667              		.file 5 "lvgl/src/extra/widgets/calendar/../../../core/../misc/../font/../misc/lv_area.h"
 668              		.file 6 "lvgl/src/extra/widgets/calendar/../../../core/../misc/lv_color.h"
 669              		.file 7 "lvgl/src/extra/widgets/calendar/../../../core/../misc/lv_txt.h"
 670              		.file 8 "lvgl/src/extra/widgets/calendar/../../../core/../misc/lv_style.h"
 671              		.file 9 "lvgl/src/extra/widgets/calendar/../../../core/../hal/../misc/lv_ll.h"
 672              		.file 10 "lvgl/src/extra/widgets/calendar/../../../core/lv_obj.h"
 673              		.file 11 "lvgl/src/extra/widgets/calendar/../../../core/lv_group.h"
 674              		.file 12 "lvgl/src/extra/widgets/calendar/../../../core/lv_obj_scroll.h"
 675              		.file 13 "lvgl/src/extra/widgets/calendar/../../../core/lv_obj_style.h"
 676              		.file 14 "lvgl/src/extra/widgets/calendar/../../../core/lv_obj_class.h"
 677              		.file 15 "lvgl/src/extra/widgets/calendar/../../../core/lv_event.h"
 678              		.file 16 "lvgl/src/extra/widgets/calendar/lv_calendar_header_arrow.h"
 679              		.file 17 "lvgl/src/extra/widgets/calendar/lv_calendar.h"
 680              		.file 18 "lvgl/src/extra/widgets/calendar/../../../widgets/lv_label.h"
 681              		.file 19 "lvgl/src/extra/widgets/calendar/../../layouts/flex/lv_flex.h"
 682              		.file 20 "lvgl/src/extra/widgets/calendar/../../../core/lv_obj_tree.h"
 683              		.file 21 "lvgl/src/extra/widgets/calendar/../../../core/lv_obj_pos.h"
 684              		.file 22 "lvgl/src/extra/widgets/calendar/../../../widgets/lv_btn.h"
ARM GAS  C:\Users\BLACK_~1\AppData\Local\Temp\cc8qbwMj.s 			page 20


DEFINED SYMBOLS
                            *ABS*:00000000 lv_calendar_header_arrow.c
C:\Users\BLACK_~1\AppData\Local\Temp\cc8qbwMj.s:20     .rodata.month_event_cb.str1.4:00000000 $d
C:\Users\BLACK_~1\AppData\Local\Temp\cc8qbwMj.s:24     .text.month_event_cb:00000000 $t
C:\Users\BLACK_~1\AppData\Local\Temp\cc8qbwMj.s:29     .text.month_event_cb:00000000 month_event_cb
C:\Users\BLACK_~1\AppData\Local\Temp\cc8qbwMj.s:181    .text.month_event_cb:000000a0 $d
C:\Users\BLACK_~1\AppData\Local\Temp\cc8qbwMj.s:187    .rodata.my_constructor.str1.4:00000000 $d
C:\Users\BLACK_~1\AppData\Local\Temp\cc8qbwMj.s:194    .text.my_constructor:00000000 $t
C:\Users\BLACK_~1\AppData\Local\Temp\cc8qbwMj.s:199    .text.my_constructor:00000000 my_constructor
C:\Users\BLACK_~1\AppData\Local\Temp\cc8qbwMj.s:515    .text.my_constructor:00000174 $d
C:\Users\BLACK_~1\AppData\Local\Temp\cc8qbwMj.s:526    .text.lv_calendar_header_arrow_create:00000000 $t
C:\Users\BLACK_~1\AppData\Local\Temp\cc8qbwMj.s:532    .text.lv_calendar_header_arrow_create:00000000 lv_calendar_header_arrow_create
C:\Users\BLACK_~1\AppData\Local\Temp\cc8qbwMj.s:578    .text.lv_calendar_header_arrow_create:0000001c $d
C:\Users\BLACK_~1\AppData\Local\Temp\cc8qbwMj.s:585    .rodata.str1.4:00000000 $d
C:\Users\BLACK_~1\AppData\Local\Temp\cc8qbwMj.s:641    .rodata.lv_calendar_header_arrow_class:00000000 lv_calendar_header_arrow_class
C:\Users\BLACK_~1\AppData\Local\Temp\cc8qbwMj.s:623    .bss.btn_size_param:00000000 $d
C:\Users\BLACK_~1\AppData\Local\Temp\cc8qbwMj.s:627    .bss.btn_size_param:00000000 btn_size_param
C:\Users\BLACK_~1\AppData\Local\Temp\cc8qbwMj.s:630    .bss.calendar_param:00000000 $d
C:\Users\BLACK_~1\AppData\Local\Temp\cc8qbwMj.s:634    .bss.calendar_param:00000000 calendar_param
C:\Users\BLACK_~1\AppData\Local\Temp\cc8qbwMj.s:637    .rodata.lv_calendar_header_arrow_class:00000000 $d
C:\Users\BLACK_~1\AppData\Local\Temp\cc8qbwMj.s:646    .rodata.month_names_def:00000000 $d
C:\Users\BLACK_~1\AppData\Local\Temp\cc8qbwMj.s:650    .rodata.month_names_def:00000000 month_names_def

UNDEFINED SYMBOLS
lv_event_get_target
lv_obj_get_parent
lv_event_get_user_data
lv_calendar_get_showed_date
lv_obj_get_child
lv_calendar_set_showed_date
lv_label_set_text_fmt
lv_obj_get_style_prop
lv_obj_set_style_pad_left
lv_obj_set_style_pad_right
lv_obj_set_style_pad_top
lv_obj_set_style_pad_bottom
lv_obj_set_style_pad_column
lv_obj_set_style_radius
lv_obj_update_layout
lv_obj_get_width
lv_obj_set_size
lv_obj_set_flex_flow
lv_obj_set_flex_align
lv_btn_create
lv_obj_set_style_bg_img_src
lv_obj_add_event_cb
lv_obj_clear_flag
lv_label_create
lv_label_set_long_mode
lv_obj_set_style_text_align
lv_obj_set_flex_grow
lv_obj_align_to
lv_obj_class_create_obj
lv_obj_class_init_obj
lv_obj_class
