ARM GAS  /var/folders/k2/cd9bl_j17z77g23y6ffqb_400000gn/T//ccxlGnpy.s 			page 1


   1              		.cpu cortex-m4
   2              		.eabi_attribute 27, 1
   3              		.eabi_attribute 28, 1
   4              		.eabi_attribute 20, 1
   5              		.eabi_attribute 21, 1
   6              		.eabi_attribute 23, 3
   7              		.eabi_attribute 24, 1
   8              		.eabi_attribute 25, 1
   9              		.eabi_attribute 26, 1
  10              		.eabi_attribute 30, 1
  11              		.eabi_attribute 34, 1
  12              		.eabi_attribute 18, 4
  13              		.file	"lv_driver.c"
  14              		.text
  15              	.Ltext0:
  16              		.cfi_sections	.debug_frame
  17              		.section	.text.SSD1963_flush,"ax",%progbits
  18              		.align	1
  19              		.global	SSD1963_flush
  20              		.arch armv7e-m
  21              		.syntax unified
  22              		.thumb
  23              		.thumb_func
  24              		.fpu fpv4-sp-d16
  26              	SSD1963_flush:
  27              	.LVL0:
  28              	.LFB314:
  29              		.file 1 "Src/lv_driver.c"
   1:Src/lv_driver.c **** #include "ssd1963_fsmc.h"
   2:Src/lv_driver.c **** #include "lv_driver.h"
   3:Src/lv_driver.c **** //#include <stdio.h>
   4:Src/lv_driver.c **** 
   5:Src/lv_driver.c **** void SSD1963_flush(lv_disp_drv_t * drv, const lv_area_t * area,  lv_color_t * color_map)
   6:Src/lv_driver.c **** {
  30              		.loc 1 6 1 view -0
  31              		.cfi_startproc
  32              		@ args = 0, pretend = 0, frame = 0
  33              		@ frame_needed = 0, uses_anonymous_args = 0
  34              		.loc 1 6 1 is_stmt 0 view .LVU1
  35 0000 F8B5     		push	{r3, r4, r5, r6, r7, lr}
  36              	.LCFI0:
  37              		.cfi_def_cfa_offset 24
  38              		.cfi_offset 3, -24
  39              		.cfi_offset 4, -20
  40              		.cfi_offset 5, -16
  41              		.cfi_offset 6, -12
  42              		.cfi_offset 7, -8
  43              		.cfi_offset 14, -4
  44 0002 0746     		mov	r7, r0
  45 0004 0C46     		mov	r4, r1
  46 0006 1646     		mov	r6, r2
   7:Src/lv_driver.c **** 	//TFT_CS_RESET;
   8:Src/lv_driver.c **** 	//ILI9341_setAddressWindow((uint16_t)area->x1, (uint16_t)area->y1, (uint16_t)area->x2, (uint16_t)a
   9:Src/lv_driver.c **** 	//LCD_Window((uint16_t)area->x1, (uint16_t)area->y1, (uint16_t)area->x2, (uint16_t)area->y2);
  10:Src/lv_driver.c **** 	LCD_Window((uint16_t)area->y1, (uint16_t)area->x1, (uint16_t)area->y2, (uint16_t)area->x2);
  47              		.loc 1 10 2 is_stmt 1 view .LVU2
  48              		.loc 1 10 27 is_stmt 0 view .LVU3
ARM GAS  /var/folders/k2/cd9bl_j17z77g23y6ffqb_400000gn/T//ccxlGnpy.s 			page 2


  49 0008 B1F90200 		ldrsh	r0, [r1, #2]
  50              	.LVL1:
  51              		.loc 1 10 47 view .LVU4
  52 000c B1F90010 		ldrsh	r1, [r1]
  53              	.LVL2:
  54              		.loc 1 10 67 view .LVU5
  55 0010 B4F90620 		ldrsh	r2, [r4, #6]
  56              	.LVL3:
  57              		.loc 1 10 87 view .LVU6
  58 0014 B4F90430 		ldrsh	r3, [r4, #4]
  59              		.loc 1 10 2 view .LVU7
  60 0018 9BB2     		uxth	r3, r3
  61 001a 92B2     		uxth	r2, r2
  62 001c 89B2     		uxth	r1, r1
  63 001e 80B2     		uxth	r0, r0
  64 0020 FFF7FEFF 		bl	LCD_Window
  65              	.LVL4:
  11:Src/lv_driver.c **** 	uint32_t size = (area->x2 - area->x1 + 1) * (area->y2 - area->y1 + 1);
  66              		.loc 1 11 2 is_stmt 1 view .LVU8
  67              		.loc 1 11 23 is_stmt 0 view .LVU9
  68 0024 B4F90450 		ldrsh	r5, [r4, #4]
  69              		.loc 1 11 34 view .LVU10
  70 0028 B4F90030 		ldrsh	r3, [r4]
  71              		.loc 1 11 28 view .LVU11
  72 002c EB1A     		subs	r3, r5, r3
  73              		.loc 1 11 51 view .LVU12
  74 002e B4F90650 		ldrsh	r5, [r4, #6]
  75              		.loc 1 11 62 view .LVU13
  76 0032 B4F90220 		ldrsh	r2, [r4, #2]
  77              		.loc 1 11 56 view .LVU14
  78 0036 AD1A     		subs	r5, r5, r2
  79              		.loc 1 11 67 view .LVU15
  80 0038 0135     		adds	r5, r5, #1
  81              		.loc 1 11 44 view .LVU16
  82 003a 03FB0555 		mla	r5, r3, r5, r5
  83              	.LVL5:
  12:Src/lv_driver.c **** 	//TFT_DC_D;
  13:Src/lv_driver.c **** 	//Send_DMA_Data16((void*)color_map, size);
  14:Src/lv_driver.c **** 	//LCD_Send_Dat(H24_RGB565(1, (void*)color_map));
  15:Src/lv_driver.c **** 	for(uint32_t i = 0; i < size; i++)
  84              		.loc 1 15 2 is_stmt 1 view .LVU17
  85              	.LBB2:
  86              		.loc 1 15 6 view .LVU18
  87              		.loc 1 15 15 is_stmt 0 view .LVU19
  88 003e 0024     		movs	r4, #0
  89              	.LVL6:
  90              		.loc 1 15 2 view .LVU20
  91 0040 07E0     		b	.L2
  92              	.LVL7:
  93              	.L3:
  94              	.LBB3:
  16:Src/lv_driver.c **** 	{
  17:Src/lv_driver.c **** 		LCD_Send_Dat(H24_RGB565(1, *(color_map+i)));
  95              		.loc 1 17 3 is_stmt 1 discriminator 3 view .LVU21
  96 0042 56F82410 		ldr	r1, [r6, r4, lsl #2]
  97 0046 0120     		movs	r0, #1
  98 0048 FFF7FEFF 		bl	H24_RGB565
ARM GAS  /var/folders/k2/cd9bl_j17z77g23y6ffqb_400000gn/T//ccxlGnpy.s 			page 3


  99              	.LVL8:
 100 004c FFF7FEFF 		bl	LCD_Send_Dat
 101              	.LVL9:
 102              	.LBE3:
  15:Src/lv_driver.c **** 	{
 103              		.loc 1 15 32 discriminator 3 view .LVU22
  15:Src/lv_driver.c **** 	{
 104              		.loc 1 15 33 is_stmt 0 discriminator 3 view .LVU23
 105 0050 0134     		adds	r4, r4, #1
 106              	.LVL10:
 107              	.L2:
  15:Src/lv_driver.c **** 	{
 108              		.loc 1 15 22 is_stmt 1 discriminator 1 view .LVU24
  15:Src/lv_driver.c **** 	{
 109              		.loc 1 15 2 is_stmt 0 discriminator 1 view .LVU25
 110 0052 AC42     		cmp	r4, r5
 111 0054 F5D3     		bcc	.L3
 112              	.LBE2:
  18:Src/lv_driver.c **** 		//LCD_Send_Dat(*(color_map+i));
  19:Src/lv_driver.c **** 	}
  20:Src/lv_driver.c ****     //TFT_CS_SET;
  21:Src/lv_driver.c ****     lv_disp_flush_ready(drv);
 113              		.loc 1 21 5 is_stmt 1 view .LVU26
 114 0056 3846     		mov	r0, r7
 115 0058 FFF7FEFF 		bl	lv_disp_flush_ready
 116              	.LVL11:
  22:Src/lv_driver.c **** 	//TFT_CS_SET;
  23:Src/lv_driver.c **** 	//printf("flush \n\r");
  24:Src/lv_driver.c **** }
 117              		.loc 1 24 1 is_stmt 0 view .LVU27
 118 005c F8BD     		pop	{r3, r4, r5, r6, r7, pc}
 119              		.loc 1 24 1 view .LVU28
 120              		.cfi_endproc
 121              	.LFE314:
 123              		.text
 124              	.Letext0:
 125              		.file 2 "/Users/nhantt/tools/stm32/gcc-arm-none-eabi-10-2020-q4-major/arm-none-eabi/include/machin
 126              		.file 3 "/Users/nhantt/tools/stm32/gcc-arm-none-eabi-10-2020-q4-major/arm-none-eabi/include/sys/_s
 127              		.file 4 "Inc/../lvgl/src/hal/../misc/lv_color.h"
 128              		.file 5 "Inc/../lvgl/src/hal/../misc/lv_area.h"
 129              		.file 6 "Inc/../lvgl/src/hal/lv_hal_disp.h"
ARM GAS  /var/folders/k2/cd9bl_j17z77g23y6ffqb_400000gn/T//ccxlGnpy.s 			page 4


DEFINED SYMBOLS
                            *ABS*:0000000000000000 lv_driver.c
/var/folders/k2/cd9bl_j17z77g23y6ffqb_400000gn/T//ccxlGnpy.s:18     .text.SSD1963_flush:0000000000000000 $t
/var/folders/k2/cd9bl_j17z77g23y6ffqb_400000gn/T//ccxlGnpy.s:26     .text.SSD1963_flush:0000000000000000 SSD1963_flush

UNDEFINED SYMBOLS
LCD_Window
H24_RGB565
LCD_Send_Dat
lv_disp_flush_ready
