ARM GAS  /var/folders/k2/cd9bl_j17z77g23y6ffqb_400000gn/T//cceISATk.s 			page 1


   1              		.cpu cortex-m4
   2              		.eabi_attribute 27, 1
   3              		.eabi_attribute 28, 1
   4              		.eabi_attribute 20, 1
   5              		.eabi_attribute 21, 1
   6              		.eabi_attribute 23, 3
   7              		.eabi_attribute 24, 1
   8              		.eabi_attribute 25, 1
   9              		.eabi_attribute 26, 1
  10              		.eabi_attribute 30, 1
  11              		.eabi_attribute 34, 1
  12              		.eabi_attribute 18, 4
  13              		.file	"lv_extra.c"
  14              		.text
  15              	.Ltext0:
  16              		.cfi_sections	.debug_frame
  17              		.section	.text.lv_extra_init,"ax",%progbits
  18              		.align	1
  19              		.global	lv_extra_init
  20              		.arch armv7e-m
  21              		.syntax unified
  22              		.thumb
  23              		.thumb_func
  24              		.fpu fpv4-sp-d16
  26              	lv_extra_init:
  27              	.LFB184:
  28              		.file 1 "lvgl/src/extra/lv_extra.c"
   1:lvgl/src/extra/lv_extra.c **** /**
   2:lvgl/src/extra/lv_extra.c ****  * @file lv_extra.c
   3:lvgl/src/extra/lv_extra.c ****  *
   4:lvgl/src/extra/lv_extra.c ****  */
   5:lvgl/src/extra/lv_extra.c **** 
   6:lvgl/src/extra/lv_extra.c **** /*********************
   7:lvgl/src/extra/lv_extra.c ****  *      INCLUDES
   8:lvgl/src/extra/lv_extra.c ****  *********************/
   9:lvgl/src/extra/lv_extra.c **** #include "../lvgl.h"
  10:lvgl/src/extra/lv_extra.c **** 
  11:lvgl/src/extra/lv_extra.c **** /*********************
  12:lvgl/src/extra/lv_extra.c ****  *      DEFINES
  13:lvgl/src/extra/lv_extra.c ****  *********************/
  14:lvgl/src/extra/lv_extra.c **** 
  15:lvgl/src/extra/lv_extra.c **** /**********************
  16:lvgl/src/extra/lv_extra.c ****  *      TYPEDEFS
  17:lvgl/src/extra/lv_extra.c ****  **********************/
  18:lvgl/src/extra/lv_extra.c **** 
  19:lvgl/src/extra/lv_extra.c **** /**********************
  20:lvgl/src/extra/lv_extra.c ****  *  STATIC PROTOTYPES
  21:lvgl/src/extra/lv_extra.c ****  **********************/
  22:lvgl/src/extra/lv_extra.c **** 
  23:lvgl/src/extra/lv_extra.c **** /**********************
  24:lvgl/src/extra/lv_extra.c ****  *  STATIC VARIABLES
  25:lvgl/src/extra/lv_extra.c ****  **********************/
  26:lvgl/src/extra/lv_extra.c **** 
  27:lvgl/src/extra/lv_extra.c **** /**********************
  28:lvgl/src/extra/lv_extra.c ****  *      MACROS
  29:lvgl/src/extra/lv_extra.c ****  **********************/
  30:lvgl/src/extra/lv_extra.c **** 
ARM GAS  /var/folders/k2/cd9bl_j17z77g23y6ffqb_400000gn/T//cceISATk.s 			page 2


  31:lvgl/src/extra/lv_extra.c **** /**********************
  32:lvgl/src/extra/lv_extra.c ****  *   GLOBAL FUNCTIONS
  33:lvgl/src/extra/lv_extra.c ****  **********************/
  34:lvgl/src/extra/lv_extra.c **** 
  35:lvgl/src/extra/lv_extra.c **** void lv_extra_init(void)
  36:lvgl/src/extra/lv_extra.c **** {
  29              		.loc 1 36 1 view -0
  30              		.cfi_startproc
  31              		@ args = 0, pretend = 0, frame = 0
  32              		@ frame_needed = 0, uses_anonymous_args = 0
  33 0000 08B5     		push	{r3, lr}
  34              	.LCFI0:
  35              		.cfi_def_cfa_offset 8
  36              		.cfi_offset 3, -8
  37              		.cfi_offset 14, -4
  37:lvgl/src/extra/lv_extra.c **** #if LV_USE_FLEX
  38:lvgl/src/extra/lv_extra.c ****     lv_flex_init();
  38              		.loc 1 38 5 view .LVU1
  39 0002 FFF7FEFF 		bl	lv_flex_init
  40              	.LVL0:
  39:lvgl/src/extra/lv_extra.c **** #endif
  40:lvgl/src/extra/lv_extra.c **** 
  41:lvgl/src/extra/lv_extra.c **** #if LV_USE_GRID
  42:lvgl/src/extra/lv_extra.c ****     lv_grid_init();
  41              		.loc 1 42 5 view .LVU2
  42 0006 FFF7FEFF 		bl	lv_grid_init
  43              	.LVL1:
  43:lvgl/src/extra/lv_extra.c **** #endif
  44:lvgl/src/extra/lv_extra.c **** }
  44              		.loc 1 44 1 is_stmt 0 view .LVU3
  45 000a 08BD     		pop	{r3, pc}
  46              		.cfi_endproc
  47              	.LFE184:
  49              		.text
  50              	.Letext0:
  51              		.file 2 "lvgl/src/extra/../../src/extra/widgets/list/../../layouts/flex/lv_flex.h"
  52              		.file 3 "lvgl/src/extra/../../src/extra/layouts/grid/lv_grid.h"
ARM GAS  /var/folders/k2/cd9bl_j17z77g23y6ffqb_400000gn/T//cceISATk.s 			page 3


DEFINED SYMBOLS
                            *ABS*:0000000000000000 lv_extra.c
/var/folders/k2/cd9bl_j17z77g23y6ffqb_400000gn/T//cceISATk.s:18     .text.lv_extra_init:0000000000000000 $t
/var/folders/k2/cd9bl_j17z77g23y6ffqb_400000gn/T//cceISATk.s:26     .text.lv_extra_init:0000000000000000 lv_extra_init

UNDEFINED SYMBOLS
lv_flex_init
lv_grid_init
