ARM GAS  /var/folders/k2/cd9bl_j17z77g23y6ffqb_400000gn/T//ccddHL7D.s 			page 1


   1              		.cpu cortex-m4
   2              		.eabi_attribute 27, 1
   3              		.eabi_attribute 28, 1
   4              		.eabi_attribute 20, 1
   5              		.eabi_attribute 21, 1
   6              		.eabi_attribute 23, 3
   7              		.eabi_attribute 24, 1
   8              		.eabi_attribute 25, 1
   9              		.eabi_attribute 26, 1
  10              		.eabi_attribute 30, 1
  11              		.eabi_attribute 34, 1
  12              		.eabi_attribute 18, 4
  13              		.file	"lv_spinner.c"
  14              		.text
  15              	.Ltext0:
  16              		.cfi_sections	.debug_frame
  17              		.section	.text.lv_spinner_constructor,"ax",%progbits
  18              		.align	1
  19              		.arch armv7e-m
  20              		.syntax unified
  21              		.thumb
  22              		.thumb_func
  23              		.fpu fpv4-sp-d16
  25              	lv_spinner_constructor:
  26              	.LVL0:
  27              	.LFB185:
  28              		.file 1 "lvgl/src/extra/widgets/spinner/lv_spinner.c"
   1:lvgl/src/extra/widgets/spinner/lv_spinner.c **** /**
   2:lvgl/src/extra/widgets/spinner/lv_spinner.c ****  * @file lv_spinner.c
   3:lvgl/src/extra/widgets/spinner/lv_spinner.c ****  *
   4:lvgl/src/extra/widgets/spinner/lv_spinner.c ****  */
   5:lvgl/src/extra/widgets/spinner/lv_spinner.c **** 
   6:lvgl/src/extra/widgets/spinner/lv_spinner.c **** /*********************
   7:lvgl/src/extra/widgets/spinner/lv_spinner.c ****  *      INCLUDES
   8:lvgl/src/extra/widgets/spinner/lv_spinner.c ****  *********************/
   9:lvgl/src/extra/widgets/spinner/lv_spinner.c **** #include "lv_spinner.h"
  10:lvgl/src/extra/widgets/spinner/lv_spinner.c **** #if LV_USE_SPINNER
  11:lvgl/src/extra/widgets/spinner/lv_spinner.c **** 
  12:lvgl/src/extra/widgets/spinner/lv_spinner.c **** /*********************
  13:lvgl/src/extra/widgets/spinner/lv_spinner.c ****  *      DEFINES
  14:lvgl/src/extra/widgets/spinner/lv_spinner.c ****  *********************/
  15:lvgl/src/extra/widgets/spinner/lv_spinner.c **** 
  16:lvgl/src/extra/widgets/spinner/lv_spinner.c **** /**********************
  17:lvgl/src/extra/widgets/spinner/lv_spinner.c ****  *      TYPEDEFS
  18:lvgl/src/extra/widgets/spinner/lv_spinner.c ****  **********************/
  19:lvgl/src/extra/widgets/spinner/lv_spinner.c **** 
  20:lvgl/src/extra/widgets/spinner/lv_spinner.c **** /**********************
  21:lvgl/src/extra/widgets/spinner/lv_spinner.c ****  *  STATIC PROTOTYPES
  22:lvgl/src/extra/widgets/spinner/lv_spinner.c ****  **********************/
  23:lvgl/src/extra/widgets/spinner/lv_spinner.c **** static void lv_spinner_constructor(const lv_obj_class_t * class_p, lv_obj_t * obj);
  24:lvgl/src/extra/widgets/spinner/lv_spinner.c **** static void arc_anim_start_angle(void * obj, int32_t v);
  25:lvgl/src/extra/widgets/spinner/lv_spinner.c **** static void arc_anim_end_angle(void * obj, int32_t v);
  26:lvgl/src/extra/widgets/spinner/lv_spinner.c **** 
  27:lvgl/src/extra/widgets/spinner/lv_spinner.c **** /**********************
  28:lvgl/src/extra/widgets/spinner/lv_spinner.c ****  *  STATIC VARIABLES
  29:lvgl/src/extra/widgets/spinner/lv_spinner.c ****  **********************/
  30:lvgl/src/extra/widgets/spinner/lv_spinner.c **** const lv_obj_class_t lv_spinner_class = {
ARM GAS  /var/folders/k2/cd9bl_j17z77g23y6ffqb_400000gn/T//ccddHL7D.s 			page 2


  31:lvgl/src/extra/widgets/spinner/lv_spinner.c ****         .base_class = &lv_arc_class,
  32:lvgl/src/extra/widgets/spinner/lv_spinner.c ****         .constructor_cb = lv_spinner_constructor
  33:lvgl/src/extra/widgets/spinner/lv_spinner.c **** };
  34:lvgl/src/extra/widgets/spinner/lv_spinner.c **** 
  35:lvgl/src/extra/widgets/spinner/lv_spinner.c **** static uint32_t time_param;
  36:lvgl/src/extra/widgets/spinner/lv_spinner.c **** static uint32_t arc_length_param;
  37:lvgl/src/extra/widgets/spinner/lv_spinner.c **** 
  38:lvgl/src/extra/widgets/spinner/lv_spinner.c **** /**********************
  39:lvgl/src/extra/widgets/spinner/lv_spinner.c ****  *      MACROS
  40:lvgl/src/extra/widgets/spinner/lv_spinner.c ****  **********************/
  41:lvgl/src/extra/widgets/spinner/lv_spinner.c **** 
  42:lvgl/src/extra/widgets/spinner/lv_spinner.c **** /**********************
  43:lvgl/src/extra/widgets/spinner/lv_spinner.c ****  *   GLOBAL FUNCTIONS
  44:lvgl/src/extra/widgets/spinner/lv_spinner.c ****  **********************/
  45:lvgl/src/extra/widgets/spinner/lv_spinner.c **** 
  46:lvgl/src/extra/widgets/spinner/lv_spinner.c **** /**
  47:lvgl/src/extra/widgets/spinner/lv_spinner.c ****  * Create a spinner object
  48:lvgl/src/extra/widgets/spinner/lv_spinner.c ****  * @param par pointer to an object, it will be the parent of the new spinner
  49:lvgl/src/extra/widgets/spinner/lv_spinner.c ****  * @return pointer to the created spinner
  50:lvgl/src/extra/widgets/spinner/lv_spinner.c ****  */
  51:lvgl/src/extra/widgets/spinner/lv_spinner.c **** lv_obj_t * lv_spinner_create(lv_obj_t * parent, uint32_t time, uint32_t arc_length)
  52:lvgl/src/extra/widgets/spinner/lv_spinner.c **** {
  53:lvgl/src/extra/widgets/spinner/lv_spinner.c ****     time_param = time;
  54:lvgl/src/extra/widgets/spinner/lv_spinner.c ****     arc_length_param = arc_length;
  55:lvgl/src/extra/widgets/spinner/lv_spinner.c **** 
  56:lvgl/src/extra/widgets/spinner/lv_spinner.c ****     lv_obj_t * obj = lv_obj_class_create_obj(&lv_spinner_class, parent);
  57:lvgl/src/extra/widgets/spinner/lv_spinner.c ****     lv_obj_class_init_obj(obj);
  58:lvgl/src/extra/widgets/spinner/lv_spinner.c ****     return obj;
  59:lvgl/src/extra/widgets/spinner/lv_spinner.c **** }
  60:lvgl/src/extra/widgets/spinner/lv_spinner.c **** 
  61:lvgl/src/extra/widgets/spinner/lv_spinner.c **** 
  62:lvgl/src/extra/widgets/spinner/lv_spinner.c **** /**********************
  63:lvgl/src/extra/widgets/spinner/lv_spinner.c ****  *   STATIC FUNCTIONS
  64:lvgl/src/extra/widgets/spinner/lv_spinner.c ****  **********************/
  65:lvgl/src/extra/widgets/spinner/lv_spinner.c **** 
  66:lvgl/src/extra/widgets/spinner/lv_spinner.c **** static void lv_spinner_constructor(const lv_obj_class_t * class_p, lv_obj_t * obj)
  67:lvgl/src/extra/widgets/spinner/lv_spinner.c **** {
  29              		.loc 1 67 1 view -0
  30              		.cfi_startproc
  31              		@ args = 0, pretend = 0, frame = 72
  32              		@ frame_needed = 0, uses_anonymous_args = 0
  33              		.loc 1 67 1 is_stmt 0 view .LVU1
  34 0000 70B5     		push	{r4, r5, r6, lr}
  35              	.LCFI0:
  36              		.cfi_def_cfa_offset 16
  37              		.cfi_offset 4, -16
  38              		.cfi_offset 5, -12
  39              		.cfi_offset 6, -8
  40              		.cfi_offset 14, -4
  41 0002 92B0     		sub	sp, sp, #72
  42              	.LCFI1:
  43              		.cfi_def_cfa_offset 88
  44 0004 0C46     		mov	r4, r1
  68:lvgl/src/extra/widgets/spinner/lv_spinner.c ****     LV_TRACE_OBJ_CREATE("begin");
  45              		.loc 1 68 33 is_stmt 1 view .LVU2
  69:lvgl/src/extra/widgets/spinner/lv_spinner.c **** 
  70:lvgl/src/extra/widgets/spinner/lv_spinner.c ****     LV_UNUSED(class_p);
ARM GAS  /var/folders/k2/cd9bl_j17z77g23y6ffqb_400000gn/T//ccddHL7D.s 			page 3


  46              		.loc 1 70 5 view .LVU3
  71:lvgl/src/extra/widgets/spinner/lv_spinner.c **** 
  72:lvgl/src/extra/widgets/spinner/lv_spinner.c ****     lv_obj_clear_flag(obj, LV_OBJ_FLAG_CLICKABLE);
  47              		.loc 1 72 5 view .LVU4
  48 0006 0221     		movs	r1, #2
  49              	.LVL1:
  50              		.loc 1 72 5 is_stmt 0 view .LVU5
  51 0008 2046     		mov	r0, r4
  52              	.LVL2:
  53              		.loc 1 72 5 view .LVU6
  54 000a FFF7FEFF 		bl	lv_obj_clear_flag
  55              	.LVL3:
  73:lvgl/src/extra/widgets/spinner/lv_spinner.c **** 
  74:lvgl/src/extra/widgets/spinner/lv_spinner.c ****     lv_anim_t a;
  56              		.loc 1 74 5 is_stmt 1 view .LVU7
  75:lvgl/src/extra/widgets/spinner/lv_spinner.c ****     lv_anim_init(&a);
  57              		.loc 1 75 5 view .LVU8
  58 000e 01A8     		add	r0, sp, #4
  59 0010 FFF7FEFF 		bl	lv_anim_init
  60              	.LVL4:
  76:lvgl/src/extra/widgets/spinner/lv_spinner.c ****     lv_anim_set_var(&a, obj);
  61              		.loc 1 76 5 view .LVU9
  62              	.LBB18:
  63              	.LBI18:
  64              		.file 2 "lvgl/src/extra/widgets/spinner/../../../../src/core/../misc/lv_anim.h"
   1:lvgl/src/extra/widgets/spinner/../../../../src/core/../misc/lv_anim.h **** /**
   2:lvgl/src/extra/widgets/spinner/../../../../src/core/../misc/lv_anim.h ****  * @file lv_anim.h
   3:lvgl/src/extra/widgets/spinner/../../../../src/core/../misc/lv_anim.h ****  *
   4:lvgl/src/extra/widgets/spinner/../../../../src/core/../misc/lv_anim.h ****  */
   5:lvgl/src/extra/widgets/spinner/../../../../src/core/../misc/lv_anim.h **** 
   6:lvgl/src/extra/widgets/spinner/../../../../src/core/../misc/lv_anim.h **** #ifndef LV_ANIM_H
   7:lvgl/src/extra/widgets/spinner/../../../../src/core/../misc/lv_anim.h **** #define LV_ANIM_H
   8:lvgl/src/extra/widgets/spinner/../../../../src/core/../misc/lv_anim.h **** 
   9:lvgl/src/extra/widgets/spinner/../../../../src/core/../misc/lv_anim.h **** #ifdef __cplusplus
  10:lvgl/src/extra/widgets/spinner/../../../../src/core/../misc/lv_anim.h **** extern "C" {
  11:lvgl/src/extra/widgets/spinner/../../../../src/core/../misc/lv_anim.h **** #endif
  12:lvgl/src/extra/widgets/spinner/../../../../src/core/../misc/lv_anim.h **** 
  13:lvgl/src/extra/widgets/spinner/../../../../src/core/../misc/lv_anim.h **** /*********************
  14:lvgl/src/extra/widgets/spinner/../../../../src/core/../misc/lv_anim.h ****  *      INCLUDES
  15:lvgl/src/extra/widgets/spinner/../../../../src/core/../misc/lv_anim.h ****  *********************/
  16:lvgl/src/extra/widgets/spinner/../../../../src/core/../misc/lv_anim.h **** #include "../lv_conf_internal.h"
  17:lvgl/src/extra/widgets/spinner/../../../../src/core/../misc/lv_anim.h **** 
  18:lvgl/src/extra/widgets/spinner/../../../../src/core/../misc/lv_anim.h **** #include <stdint.h>
  19:lvgl/src/extra/widgets/spinner/../../../../src/core/../misc/lv_anim.h **** #include <stdbool.h>
  20:lvgl/src/extra/widgets/spinner/../../../../src/core/../misc/lv_anim.h **** #include <string.h>
  21:lvgl/src/extra/widgets/spinner/../../../../src/core/../misc/lv_anim.h **** 
  22:lvgl/src/extra/widgets/spinner/../../../../src/core/../misc/lv_anim.h **** /*********************
  23:lvgl/src/extra/widgets/spinner/../../../../src/core/../misc/lv_anim.h ****  *      DEFINES
  24:lvgl/src/extra/widgets/spinner/../../../../src/core/../misc/lv_anim.h ****  *********************/
  25:lvgl/src/extra/widgets/spinner/../../../../src/core/../misc/lv_anim.h **** 
  26:lvgl/src/extra/widgets/spinner/../../../../src/core/../misc/lv_anim.h **** /**********************
  27:lvgl/src/extra/widgets/spinner/../../../../src/core/../misc/lv_anim.h ****  *      TYPEDEFS
  28:lvgl/src/extra/widgets/spinner/../../../../src/core/../misc/lv_anim.h ****  **********************/
  29:lvgl/src/extra/widgets/spinner/../../../../src/core/../misc/lv_anim.h **** 
  30:lvgl/src/extra/widgets/spinner/../../../../src/core/../misc/lv_anim.h **** /** Can be used to indicate if animations are enabled or disabled in a case*/
  31:lvgl/src/extra/widgets/spinner/../../../../src/core/../misc/lv_anim.h **** typedef enum {
  32:lvgl/src/extra/widgets/spinner/../../../../src/core/../misc/lv_anim.h ****     LV_ANIM_OFF,
ARM GAS  /var/folders/k2/cd9bl_j17z77g23y6ffqb_400000gn/T//ccddHL7D.s 			page 4


  33:lvgl/src/extra/widgets/spinner/../../../../src/core/../misc/lv_anim.h ****     LV_ANIM_ON,
  34:lvgl/src/extra/widgets/spinner/../../../../src/core/../misc/lv_anim.h **** }lv_anim_enable_t;
  35:lvgl/src/extra/widgets/spinner/../../../../src/core/../misc/lv_anim.h **** 
  36:lvgl/src/extra/widgets/spinner/../../../../src/core/../misc/lv_anim.h **** #define LV_ANIM_REPEAT_INFINITE      0xFFFF
  37:lvgl/src/extra/widgets/spinner/../../../../src/core/../misc/lv_anim.h **** LV_EXPORT_CONST_INT(LV_ANIM_REPEAT_INFINITE);
  38:lvgl/src/extra/widgets/spinner/../../../../src/core/../misc/lv_anim.h **** 
  39:lvgl/src/extra/widgets/spinner/../../../../src/core/../misc/lv_anim.h **** struct _lv_anim_t;
  40:lvgl/src/extra/widgets/spinner/../../../../src/core/../misc/lv_anim.h **** 
  41:lvgl/src/extra/widgets/spinner/../../../../src/core/../misc/lv_anim.h **** /** Get the current value during an animation*/
  42:lvgl/src/extra/widgets/spinner/../../../../src/core/../misc/lv_anim.h **** typedef int32_t (*lv_anim_path_cb_t)(const struct _lv_anim_t *);
  43:lvgl/src/extra/widgets/spinner/../../../../src/core/../misc/lv_anim.h **** 
  44:lvgl/src/extra/widgets/spinner/../../../../src/core/../misc/lv_anim.h **** /** Generic prototype of "animator" functions.
  45:lvgl/src/extra/widgets/spinner/../../../../src/core/../misc/lv_anim.h ****  * First parameter is the variable to animate.
  46:lvgl/src/extra/widgets/spinner/../../../../src/core/../misc/lv_anim.h ****  * Second parameter is the value to set.
  47:lvgl/src/extra/widgets/spinner/../../../../src/core/../misc/lv_anim.h ****  * Compatible with `lv_xxx_set_yyy(obj, value)` functions
  48:lvgl/src/extra/widgets/spinner/../../../../src/core/../misc/lv_anim.h ****  * The `x` in `_xcb_t` means its not a fully generic prototype because
  49:lvgl/src/extra/widgets/spinner/../../../../src/core/../misc/lv_anim.h ****  * it doesn't receive `lv_anim_t *` as its first argument*/
  50:lvgl/src/extra/widgets/spinner/../../../../src/core/../misc/lv_anim.h **** typedef void (*lv_anim_exec_xcb_t)(void *, int32_t);
  51:lvgl/src/extra/widgets/spinner/../../../../src/core/../misc/lv_anim.h **** 
  52:lvgl/src/extra/widgets/spinner/../../../../src/core/../misc/lv_anim.h **** /** Same as `lv_anim_exec_xcb_t` but receives `lv_anim_t *` as the first parameter.
  53:lvgl/src/extra/widgets/spinner/../../../../src/core/../misc/lv_anim.h ****  * It's more consistent but less convenient. Might be used by binding generator functions.*/
  54:lvgl/src/extra/widgets/spinner/../../../../src/core/../misc/lv_anim.h **** typedef void (*lv_anim_custom_exec_cb_t)(struct _lv_anim_t *, int32_t);
  55:lvgl/src/extra/widgets/spinner/../../../../src/core/../misc/lv_anim.h **** 
  56:lvgl/src/extra/widgets/spinner/../../../../src/core/../misc/lv_anim.h **** /** Callback to call when the animation is ready*/
  57:lvgl/src/extra/widgets/spinner/../../../../src/core/../misc/lv_anim.h **** typedef void (*lv_anim_ready_cb_t)(struct _lv_anim_t *);
  58:lvgl/src/extra/widgets/spinner/../../../../src/core/../misc/lv_anim.h **** 
  59:lvgl/src/extra/widgets/spinner/../../../../src/core/../misc/lv_anim.h **** /** Callback to call when the animation really stars (considering `delay`)*/
  60:lvgl/src/extra/widgets/spinner/../../../../src/core/../misc/lv_anim.h **** typedef void (*lv_anim_start_cb_t)(struct _lv_anim_t *);
  61:lvgl/src/extra/widgets/spinner/../../../../src/core/../misc/lv_anim.h **** 
  62:lvgl/src/extra/widgets/spinner/../../../../src/core/../misc/lv_anim.h **** /** Callback used when the animation values are relative to get the current value*/
  63:lvgl/src/extra/widgets/spinner/../../../../src/core/../misc/lv_anim.h **** typedef int32_t (*lv_anim_get_value_cb_t)(struct _lv_anim_t *);
  64:lvgl/src/extra/widgets/spinner/../../../../src/core/../misc/lv_anim.h **** 
  65:lvgl/src/extra/widgets/spinner/../../../../src/core/../misc/lv_anim.h **** /** Describes an animation*/
  66:lvgl/src/extra/widgets/spinner/../../../../src/core/../misc/lv_anim.h **** typedef struct _lv_anim_t {
  67:lvgl/src/extra/widgets/spinner/../../../../src/core/../misc/lv_anim.h ****     void * var;                          /**<Variable to animate*/
  68:lvgl/src/extra/widgets/spinner/../../../../src/core/../misc/lv_anim.h ****     lv_anim_exec_xcb_t exec_cb;          /**< Function to execute to animate*/
  69:lvgl/src/extra/widgets/spinner/../../../../src/core/../misc/lv_anim.h ****     lv_anim_start_cb_t start_cb;         /**< Call it when the animation is starts (considering `de
  70:lvgl/src/extra/widgets/spinner/../../../../src/core/../misc/lv_anim.h ****     lv_anim_ready_cb_t ready_cb;         /**< Call it when the animation is ready*/
  71:lvgl/src/extra/widgets/spinner/../../../../src/core/../misc/lv_anim.h ****     lv_anim_get_value_cb_t get_value_cb; /**< Get the current value in relative mode*/
  72:lvgl/src/extra/widgets/spinner/../../../../src/core/../misc/lv_anim.h **** #if LV_USE_USER_DATA
  73:lvgl/src/extra/widgets/spinner/../../../../src/core/../misc/lv_anim.h ****     void * user_data; /**< Custom user data*/
  74:lvgl/src/extra/widgets/spinner/../../../../src/core/../misc/lv_anim.h **** #endif
  75:lvgl/src/extra/widgets/spinner/../../../../src/core/../misc/lv_anim.h ****     lv_anim_path_cb_t path_cb;         /**< Describe the path (curve) of animations*/
  76:lvgl/src/extra/widgets/spinner/../../../../src/core/../misc/lv_anim.h ****     int32_t start_value;               /**< Start value*/
  77:lvgl/src/extra/widgets/spinner/../../../../src/core/../misc/lv_anim.h ****     int32_t current_value;             /**< Current value*/
  78:lvgl/src/extra/widgets/spinner/../../../../src/core/../misc/lv_anim.h ****     int32_t end_value;                 /**< End value*/
  79:lvgl/src/extra/widgets/spinner/../../../../src/core/../misc/lv_anim.h ****     int32_t time;                /**< Animation time in ms*/
  80:lvgl/src/extra/widgets/spinner/../../../../src/core/../misc/lv_anim.h ****     int32_t act_time;            /**< Current time in animation. Set to negative to make delay.*/
  81:lvgl/src/extra/widgets/spinner/../../../../src/core/../misc/lv_anim.h ****     uint32_t playback_delay;     /**< Wait before play back*/
  82:lvgl/src/extra/widgets/spinner/../../../../src/core/../misc/lv_anim.h ****     uint32_t playback_time;      /**< Duration of playback animation*/
  83:lvgl/src/extra/widgets/spinner/../../../../src/core/../misc/lv_anim.h ****     uint32_t repeat_delay;       /**< Wait before repeat*/
  84:lvgl/src/extra/widgets/spinner/../../../../src/core/../misc/lv_anim.h ****     uint16_t repeat_cnt;         /**< Repeat count for the animation*/
  85:lvgl/src/extra/widgets/spinner/../../../../src/core/../misc/lv_anim.h ****     uint8_t early_apply  : 1;    /**< 1: Apply start value immediately even is there is `delay`*/
  86:lvgl/src/extra/widgets/spinner/../../../../src/core/../misc/lv_anim.h **** 
  87:lvgl/src/extra/widgets/spinner/../../../../src/core/../misc/lv_anim.h ****     /*Animation system use these - user shouldn't set*/
  88:lvgl/src/extra/widgets/spinner/../../../../src/core/../misc/lv_anim.h ****     uint8_t playback_now : 1; /**< Play back is in progress*/
  89:lvgl/src/extra/widgets/spinner/../../../../src/core/../misc/lv_anim.h ****     uint8_t run_round : 1;    /**< Indicates the animation has run in this round*/
ARM GAS  /var/folders/k2/cd9bl_j17z77g23y6ffqb_400000gn/T//ccddHL7D.s 			page 5


  90:lvgl/src/extra/widgets/spinner/../../../../src/core/../misc/lv_anim.h ****     uint8_t start_cb_called : 1;    /**< Indicates that the `start_cb` was already called*/
  91:lvgl/src/extra/widgets/spinner/../../../../src/core/../misc/lv_anim.h ****     uint32_t time_orig;
  92:lvgl/src/extra/widgets/spinner/../../../../src/core/../misc/lv_anim.h **** } lv_anim_t;
  93:lvgl/src/extra/widgets/spinner/../../../../src/core/../misc/lv_anim.h **** 
  94:lvgl/src/extra/widgets/spinner/../../../../src/core/../misc/lv_anim.h **** /**********************
  95:lvgl/src/extra/widgets/spinner/../../../../src/core/../misc/lv_anim.h ****  * GLOBAL PROTOTYPES
  96:lvgl/src/extra/widgets/spinner/../../../../src/core/../misc/lv_anim.h ****  **********************/
  97:lvgl/src/extra/widgets/spinner/../../../../src/core/../misc/lv_anim.h **** 
  98:lvgl/src/extra/widgets/spinner/../../../../src/core/../misc/lv_anim.h **** /**
  99:lvgl/src/extra/widgets/spinner/../../../../src/core/../misc/lv_anim.h ****  * Init. the animation module
 100:lvgl/src/extra/widgets/spinner/../../../../src/core/../misc/lv_anim.h ****  */
 101:lvgl/src/extra/widgets/spinner/../../../../src/core/../misc/lv_anim.h **** void _lv_anim_core_init(void);
 102:lvgl/src/extra/widgets/spinner/../../../../src/core/../misc/lv_anim.h **** 
 103:lvgl/src/extra/widgets/spinner/../../../../src/core/../misc/lv_anim.h **** /**
 104:lvgl/src/extra/widgets/spinner/../../../../src/core/../misc/lv_anim.h ****  * Initialize an animation variable.
 105:lvgl/src/extra/widgets/spinner/../../../../src/core/../misc/lv_anim.h ****  * E.g.:
 106:lvgl/src/extra/widgets/spinner/../../../../src/core/../misc/lv_anim.h ****  * lv_anim_t a;
 107:lvgl/src/extra/widgets/spinner/../../../../src/core/../misc/lv_anim.h ****  * lv_anim_init(&a);
 108:lvgl/src/extra/widgets/spinner/../../../../src/core/../misc/lv_anim.h ****  * lv_anim_set_...(&a);
 109:lvgl/src/extra/widgets/spinner/../../../../src/core/../misc/lv_anim.h ****  * lv_anim_start(&a);
 110:lvgl/src/extra/widgets/spinner/../../../../src/core/../misc/lv_anim.h ****  * @param a     pointer to an `lv_anim_t` variable to initialize
 111:lvgl/src/extra/widgets/spinner/../../../../src/core/../misc/lv_anim.h ****  */
 112:lvgl/src/extra/widgets/spinner/../../../../src/core/../misc/lv_anim.h **** void lv_anim_init(lv_anim_t * a);
 113:lvgl/src/extra/widgets/spinner/../../../../src/core/../misc/lv_anim.h **** 
 114:lvgl/src/extra/widgets/spinner/../../../../src/core/../misc/lv_anim.h **** /**
 115:lvgl/src/extra/widgets/spinner/../../../../src/core/../misc/lv_anim.h ****  * Set a variable to animate
 116:lvgl/src/extra/widgets/spinner/../../../../src/core/../misc/lv_anim.h ****  * @param a     pointer to an initialized `lv_anim_t` variable
 117:lvgl/src/extra/widgets/spinner/../../../../src/core/../misc/lv_anim.h ****  * @param var   pointer to a variable to animate
 118:lvgl/src/extra/widgets/spinner/../../../../src/core/../misc/lv_anim.h ****  */
 119:lvgl/src/extra/widgets/spinner/../../../../src/core/../misc/lv_anim.h **** static inline void lv_anim_set_var(lv_anim_t * a, void * var)
  65              		.loc 2 119 20 view .LVU10
  66              	.LBB19:
 120:lvgl/src/extra/widgets/spinner/../../../../src/core/../misc/lv_anim.h **** {
 121:lvgl/src/extra/widgets/spinner/../../../../src/core/../misc/lv_anim.h ****     a->var = var;
  67              		.loc 2 121 5 view .LVU11
  68              		.loc 2 121 12 is_stmt 0 view .LVU12
  69 0014 0194     		str	r4, [sp, #4]
  70              	.LVL5:
  71              		.loc 2 121 12 view .LVU13
  72              	.LBE19:
  73              	.LBE18:
  77:lvgl/src/extra/widgets/spinner/lv_spinner.c ****     lv_anim_set_exec_cb(&a, arc_anim_end_angle);
  74              		.loc 1 77 5 is_stmt 1 view .LVU14
  75              	.LBB20:
  76              	.LBI20:
 122:lvgl/src/extra/widgets/spinner/../../../../src/core/../misc/lv_anim.h **** }
 123:lvgl/src/extra/widgets/spinner/../../../../src/core/../misc/lv_anim.h **** 
 124:lvgl/src/extra/widgets/spinner/../../../../src/core/../misc/lv_anim.h **** /**
 125:lvgl/src/extra/widgets/spinner/../../../../src/core/../misc/lv_anim.h ****  * Set a function to animate `var`
 126:lvgl/src/extra/widgets/spinner/../../../../src/core/../misc/lv_anim.h ****  * @param a         pointer to an initialized `lv_anim_t` variable
 127:lvgl/src/extra/widgets/spinner/../../../../src/core/../misc/lv_anim.h ****  * @param exec_cb   a function to execute during animation
 128:lvgl/src/extra/widgets/spinner/../../../../src/core/../misc/lv_anim.h ****  *                  LVGL's built-in functions can be used.
 129:lvgl/src/extra/widgets/spinner/../../../../src/core/../misc/lv_anim.h ****  *                  E.g. lv_obj_set_x
 130:lvgl/src/extra/widgets/spinner/../../../../src/core/../misc/lv_anim.h ****  */
 131:lvgl/src/extra/widgets/spinner/../../../../src/core/../misc/lv_anim.h **** static inline void lv_anim_set_exec_cb(lv_anim_t * a, lv_anim_exec_xcb_t exec_cb)
  77              		.loc 2 131 20 view .LVU15
  78              	.LBB21:
ARM GAS  /var/folders/k2/cd9bl_j17z77g23y6ffqb_400000gn/T//ccddHL7D.s 			page 6


 132:lvgl/src/extra/widgets/spinner/../../../../src/core/../misc/lv_anim.h **** {
 133:lvgl/src/extra/widgets/spinner/../../../../src/core/../misc/lv_anim.h ****     a->exec_cb = exec_cb;
  79              		.loc 2 133 5 view .LVU16
  80              		.loc 2 133 16 is_stmt 0 view .LVU17
  81 0016 164B     		ldr	r3, .L3
  82 0018 0293     		str	r3, [sp, #8]
  83              	.LVL6:
  84              		.loc 2 133 16 view .LVU18
  85              	.LBE21:
  86              	.LBE20:
  78:lvgl/src/extra/widgets/spinner/lv_spinner.c ****     lv_anim_set_repeat_count(&a, LV_ANIM_REPEAT_INFINITE);
  87              		.loc 1 78 5 is_stmt 1 view .LVU19
  88              	.LBB22:
  89              	.LBI22:
 134:lvgl/src/extra/widgets/spinner/../../../../src/core/../misc/lv_anim.h **** }
 135:lvgl/src/extra/widgets/spinner/../../../../src/core/../misc/lv_anim.h **** 
 136:lvgl/src/extra/widgets/spinner/../../../../src/core/../misc/lv_anim.h **** /**
 137:lvgl/src/extra/widgets/spinner/../../../../src/core/../misc/lv_anim.h ****  * Set the duration of an animation
 138:lvgl/src/extra/widgets/spinner/../../../../src/core/../misc/lv_anim.h ****  * @param a         pointer to an initialized `lv_anim_t` variable
 139:lvgl/src/extra/widgets/spinner/../../../../src/core/../misc/lv_anim.h ****  * @param duration  duration of the animation in milliseconds
 140:lvgl/src/extra/widgets/spinner/../../../../src/core/../misc/lv_anim.h ****  */
 141:lvgl/src/extra/widgets/spinner/../../../../src/core/../misc/lv_anim.h **** static inline void lv_anim_set_time(lv_anim_t * a, uint32_t duration)
 142:lvgl/src/extra/widgets/spinner/../../../../src/core/../misc/lv_anim.h **** {
 143:lvgl/src/extra/widgets/spinner/../../../../src/core/../misc/lv_anim.h ****     a->time = duration;
 144:lvgl/src/extra/widgets/spinner/../../../../src/core/../misc/lv_anim.h **** }
 145:lvgl/src/extra/widgets/spinner/../../../../src/core/../misc/lv_anim.h **** 
 146:lvgl/src/extra/widgets/spinner/../../../../src/core/../misc/lv_anim.h **** /**
 147:lvgl/src/extra/widgets/spinner/../../../../src/core/../misc/lv_anim.h ****  * Set a delay before starting the animation
 148:lvgl/src/extra/widgets/spinner/../../../../src/core/../misc/lv_anim.h ****  * @param a         pointer to an initialized `lv_anim_t` variable
 149:lvgl/src/extra/widgets/spinner/../../../../src/core/../misc/lv_anim.h ****  * @param delay     delay before the animation in milliseconds
 150:lvgl/src/extra/widgets/spinner/../../../../src/core/../misc/lv_anim.h ****  */
 151:lvgl/src/extra/widgets/spinner/../../../../src/core/../misc/lv_anim.h **** static inline void lv_anim_set_delay(lv_anim_t * a, uint32_t delay)
 152:lvgl/src/extra/widgets/spinner/../../../../src/core/../misc/lv_anim.h **** {
 153:lvgl/src/extra/widgets/spinner/../../../../src/core/../misc/lv_anim.h ****     a->act_time = -(int32_t)(delay);
 154:lvgl/src/extra/widgets/spinner/../../../../src/core/../misc/lv_anim.h **** }
 155:lvgl/src/extra/widgets/spinner/../../../../src/core/../misc/lv_anim.h **** 
 156:lvgl/src/extra/widgets/spinner/../../../../src/core/../misc/lv_anim.h **** /**
 157:lvgl/src/extra/widgets/spinner/../../../../src/core/../misc/lv_anim.h ****  * Set the start and end values of an animation
 158:lvgl/src/extra/widgets/spinner/../../../../src/core/../misc/lv_anim.h ****  * @param a         pointer to an initialized `lv_anim_t` variable
 159:lvgl/src/extra/widgets/spinner/../../../../src/core/../misc/lv_anim.h ****  * @param start     the start value
 160:lvgl/src/extra/widgets/spinner/../../../../src/core/../misc/lv_anim.h ****  * @param end       the end value
 161:lvgl/src/extra/widgets/spinner/../../../../src/core/../misc/lv_anim.h ****  */
 162:lvgl/src/extra/widgets/spinner/../../../../src/core/../misc/lv_anim.h **** static inline void lv_anim_set_values(lv_anim_t * a, int32_t start, int32_t end)
 163:lvgl/src/extra/widgets/spinner/../../../../src/core/../misc/lv_anim.h **** {
 164:lvgl/src/extra/widgets/spinner/../../../../src/core/../misc/lv_anim.h ****     a->start_value = start;
 165:lvgl/src/extra/widgets/spinner/../../../../src/core/../misc/lv_anim.h ****     a->current_value = start;
 166:lvgl/src/extra/widgets/spinner/../../../../src/core/../misc/lv_anim.h ****     a->end_value = end;
 167:lvgl/src/extra/widgets/spinner/../../../../src/core/../misc/lv_anim.h **** }
 168:lvgl/src/extra/widgets/spinner/../../../../src/core/../misc/lv_anim.h **** 
 169:lvgl/src/extra/widgets/spinner/../../../../src/core/../misc/lv_anim.h **** /**
 170:lvgl/src/extra/widgets/spinner/../../../../src/core/../misc/lv_anim.h ****  * Similar to `lv_anim_set_exec_cb` but `lv_anim_custom_exec_cb_t` receives
 171:lvgl/src/extra/widgets/spinner/../../../../src/core/../misc/lv_anim.h ****  * `lv_anim_t * ` as its first parameter instead of `void *`.
 172:lvgl/src/extra/widgets/spinner/../../../../src/core/../misc/lv_anim.h ****  * This function might be used when LVGL is binded to other languages because
 173:lvgl/src/extra/widgets/spinner/../../../../src/core/../misc/lv_anim.h ****  * it's more consistent to have `lv_anim_t *` as first parameter.
 174:lvgl/src/extra/widgets/spinner/../../../../src/core/../misc/lv_anim.h ****  * The variable to animate can be stored in the animation's `user_sata`
 175:lvgl/src/extra/widgets/spinner/../../../../src/core/../misc/lv_anim.h ****  * @param a         pointer to an initialized `lv_anim_t` variable
 176:lvgl/src/extra/widgets/spinner/../../../../src/core/../misc/lv_anim.h ****  * @param exec_cb   a function to execute.
ARM GAS  /var/folders/k2/cd9bl_j17z77g23y6ffqb_400000gn/T//ccddHL7D.s 			page 7


 177:lvgl/src/extra/widgets/spinner/../../../../src/core/../misc/lv_anim.h ****  */
 178:lvgl/src/extra/widgets/spinner/../../../../src/core/../misc/lv_anim.h **** static inline void lv_anim_set_custom_exec_cb(lv_anim_t * a, lv_anim_custom_exec_cb_t exec_cb)
 179:lvgl/src/extra/widgets/spinner/../../../../src/core/../misc/lv_anim.h **** {
 180:lvgl/src/extra/widgets/spinner/../../../../src/core/../misc/lv_anim.h ****     a->var     = a;
 181:lvgl/src/extra/widgets/spinner/../../../../src/core/../misc/lv_anim.h ****     a->exec_cb = (lv_anim_exec_xcb_t)exec_cb;
 182:lvgl/src/extra/widgets/spinner/../../../../src/core/../misc/lv_anim.h **** }
 183:lvgl/src/extra/widgets/spinner/../../../../src/core/../misc/lv_anim.h **** 
 184:lvgl/src/extra/widgets/spinner/../../../../src/core/../misc/lv_anim.h **** /**
 185:lvgl/src/extra/widgets/spinner/../../../../src/core/../misc/lv_anim.h ****  * Set the path (curve) of the animation.
 186:lvgl/src/extra/widgets/spinner/../../../../src/core/../misc/lv_anim.h ****  * @param a         pointer to an initialized `lv_anim_t` variable
 187:lvgl/src/extra/widgets/spinner/../../../../src/core/../misc/lv_anim.h ****  * @param path_cb a function the get the current value of the animation.
 188:lvgl/src/extra/widgets/spinner/../../../../src/core/../misc/lv_anim.h ****  */
 189:lvgl/src/extra/widgets/spinner/../../../../src/core/../misc/lv_anim.h **** static inline void lv_anim_set_path_cb(lv_anim_t * a, lv_anim_path_cb_t path_cb)
 190:lvgl/src/extra/widgets/spinner/../../../../src/core/../misc/lv_anim.h **** {
 191:lvgl/src/extra/widgets/spinner/../../../../src/core/../misc/lv_anim.h ****     a->path_cb = path_cb;
 192:lvgl/src/extra/widgets/spinner/../../../../src/core/../misc/lv_anim.h **** }
 193:lvgl/src/extra/widgets/spinner/../../../../src/core/../misc/lv_anim.h **** 
 194:lvgl/src/extra/widgets/spinner/../../../../src/core/../misc/lv_anim.h **** /**
 195:lvgl/src/extra/widgets/spinner/../../../../src/core/../misc/lv_anim.h ****  * Set a function call when the animation really starts (considering `delay`)
 196:lvgl/src/extra/widgets/spinner/../../../../src/core/../misc/lv_anim.h ****  * @param a         pointer to an initialized `lv_anim_t` variable
 197:lvgl/src/extra/widgets/spinner/../../../../src/core/../misc/lv_anim.h ****  * @param start_cb  a function call when the animation starts
 198:lvgl/src/extra/widgets/spinner/../../../../src/core/../misc/lv_anim.h ****  */
 199:lvgl/src/extra/widgets/spinner/../../../../src/core/../misc/lv_anim.h **** static inline void lv_anim_set_start_cb(lv_anim_t * a, lv_anim_ready_cb_t start_cb)
 200:lvgl/src/extra/widgets/spinner/../../../../src/core/../misc/lv_anim.h **** {
 201:lvgl/src/extra/widgets/spinner/../../../../src/core/../misc/lv_anim.h ****     a->start_cb = start_cb;
 202:lvgl/src/extra/widgets/spinner/../../../../src/core/../misc/lv_anim.h **** }
 203:lvgl/src/extra/widgets/spinner/../../../../src/core/../misc/lv_anim.h **** 
 204:lvgl/src/extra/widgets/spinner/../../../../src/core/../misc/lv_anim.h **** /**
 205:lvgl/src/extra/widgets/spinner/../../../../src/core/../misc/lv_anim.h ****  * Set a function to use the current value of the variable and make start and end value
 206:lvgl/src/extra/widgets/spinner/../../../../src/core/../misc/lv_anim.h ****  * relative the the returned current value.
 207:lvgl/src/extra/widgets/spinner/../../../../src/core/../misc/lv_anim.h ****  * @param a             pointer to an initialized `lv_anim_t` variable
 208:lvgl/src/extra/widgets/spinner/../../../../src/core/../misc/lv_anim.h ****  * @param get_value_cb  a function call when the animation starts
 209:lvgl/src/extra/widgets/spinner/../../../../src/core/../misc/lv_anim.h ****  */
 210:lvgl/src/extra/widgets/spinner/../../../../src/core/../misc/lv_anim.h **** static inline void lv_anim_set_get_value_cb(lv_anim_t * a, lv_anim_get_value_cb_t get_value_cb)
 211:lvgl/src/extra/widgets/spinner/../../../../src/core/../misc/lv_anim.h **** {
 212:lvgl/src/extra/widgets/spinner/../../../../src/core/../misc/lv_anim.h ****     a->get_value_cb = get_value_cb;
 213:lvgl/src/extra/widgets/spinner/../../../../src/core/../misc/lv_anim.h **** }
 214:lvgl/src/extra/widgets/spinner/../../../../src/core/../misc/lv_anim.h **** 
 215:lvgl/src/extra/widgets/spinner/../../../../src/core/../misc/lv_anim.h **** /**
 216:lvgl/src/extra/widgets/spinner/../../../../src/core/../misc/lv_anim.h ****  * Set a function call when the animation is ready
 217:lvgl/src/extra/widgets/spinner/../../../../src/core/../misc/lv_anim.h ****  * @param a         pointer to an initialized `lv_anim_t` variable
 218:lvgl/src/extra/widgets/spinner/../../../../src/core/../misc/lv_anim.h ****  * @param ready_cb  a function call when the animation is ready
 219:lvgl/src/extra/widgets/spinner/../../../../src/core/../misc/lv_anim.h ****  */
 220:lvgl/src/extra/widgets/spinner/../../../../src/core/../misc/lv_anim.h **** static inline void lv_anim_set_ready_cb(lv_anim_t * a, lv_anim_ready_cb_t ready_cb)
 221:lvgl/src/extra/widgets/spinner/../../../../src/core/../misc/lv_anim.h **** {
 222:lvgl/src/extra/widgets/spinner/../../../../src/core/../misc/lv_anim.h ****     a->ready_cb = ready_cb;
 223:lvgl/src/extra/widgets/spinner/../../../../src/core/../misc/lv_anim.h **** }
 224:lvgl/src/extra/widgets/spinner/../../../../src/core/../misc/lv_anim.h **** /**
 225:lvgl/src/extra/widgets/spinner/../../../../src/core/../misc/lv_anim.h ****  * Make the animation to play back to when the forward direction is ready
 226:lvgl/src/extra/widgets/spinner/../../../../src/core/../misc/lv_anim.h ****  * @param a         pointer to an initialized `lv_anim_t` variable
 227:lvgl/src/extra/widgets/spinner/../../../../src/core/../misc/lv_anim.h ****  * @param time      the duration of the playback animation in in milliseconds. 0: disable playback
 228:lvgl/src/extra/widgets/spinner/../../../../src/core/../misc/lv_anim.h ****  */
 229:lvgl/src/extra/widgets/spinner/../../../../src/core/../misc/lv_anim.h **** static inline void lv_anim_set_playback_time(lv_anim_t * a, uint32_t time)
 230:lvgl/src/extra/widgets/spinner/../../../../src/core/../misc/lv_anim.h **** {
 231:lvgl/src/extra/widgets/spinner/../../../../src/core/../misc/lv_anim.h ****     a->playback_time = time;
 232:lvgl/src/extra/widgets/spinner/../../../../src/core/../misc/lv_anim.h **** }
 233:lvgl/src/extra/widgets/spinner/../../../../src/core/../misc/lv_anim.h **** 
ARM GAS  /var/folders/k2/cd9bl_j17z77g23y6ffqb_400000gn/T//ccddHL7D.s 			page 8


 234:lvgl/src/extra/widgets/spinner/../../../../src/core/../misc/lv_anim.h **** /**
 235:lvgl/src/extra/widgets/spinner/../../../../src/core/../misc/lv_anim.h ****  * Make the animation to play back to when the forward direction is ready
 236:lvgl/src/extra/widgets/spinner/../../../../src/core/../misc/lv_anim.h ****  * @param a         pointer to an initialized `lv_anim_t` variable
 237:lvgl/src/extra/widgets/spinner/../../../../src/core/../misc/lv_anim.h ****  * @param delay     delay in milliseconds before starting the playback animation.
 238:lvgl/src/extra/widgets/spinner/../../../../src/core/../misc/lv_anim.h ****  */
 239:lvgl/src/extra/widgets/spinner/../../../../src/core/../misc/lv_anim.h **** static inline void lv_anim_set_playback_delay(lv_anim_t * a, uint32_t delay)
 240:lvgl/src/extra/widgets/spinner/../../../../src/core/../misc/lv_anim.h **** {
 241:lvgl/src/extra/widgets/spinner/../../../../src/core/../misc/lv_anim.h ****     a->playback_delay = delay;
 242:lvgl/src/extra/widgets/spinner/../../../../src/core/../misc/lv_anim.h **** }
 243:lvgl/src/extra/widgets/spinner/../../../../src/core/../misc/lv_anim.h **** 
 244:lvgl/src/extra/widgets/spinner/../../../../src/core/../misc/lv_anim.h **** /**
 245:lvgl/src/extra/widgets/spinner/../../../../src/core/../misc/lv_anim.h ****  * Make the animation repeat itself.
 246:lvgl/src/extra/widgets/spinner/../../../../src/core/../misc/lv_anim.h ****  * @param a         pointer to an initialized `lv_anim_t` variable
 247:lvgl/src/extra/widgets/spinner/../../../../src/core/../misc/lv_anim.h ****  * @param cnt       repeat count or `LV_ANIM_REPEAT_INFINITE` for infinite repetition. 0: to disabl
 248:lvgl/src/extra/widgets/spinner/../../../../src/core/../misc/lv_anim.h ****  */
 249:lvgl/src/extra/widgets/spinner/../../../../src/core/../misc/lv_anim.h **** static inline void lv_anim_set_repeat_count(lv_anim_t * a, uint16_t cnt)
  90              		.loc 2 249 20 view .LVU20
  91              	.LBB23:
 250:lvgl/src/extra/widgets/spinner/../../../../src/core/../misc/lv_anim.h **** {
 251:lvgl/src/extra/widgets/spinner/../../../../src/core/../misc/lv_anim.h ****     a->repeat_cnt = cnt;
  92              		.loc 2 251 5 view .LVU21
  93              		.loc 2 251 19 is_stmt 0 view .LVU22
  94 001a 4FF6FF73 		movw	r3, #65535
  95 001e ADF84030 		strh	r3, [sp, #64]	@ movhi
  96              	.LVL7:
  97              		.loc 2 251 19 view .LVU23
  98              	.LBE23:
  99              	.LBE22:
  79:lvgl/src/extra/widgets/spinner/lv_spinner.c ****     lv_anim_set_time(&a, time_param);
 100              		.loc 1 79 5 is_stmt 1 view .LVU24
 101 0022 144B     		ldr	r3, .L3+4
 102 0024 1B68     		ldr	r3, [r3]
 103              	.LVL8:
 104              	.LBB24:
 105              	.LBI24:
 141:lvgl/src/extra/widgets/spinner/../../../../src/core/../misc/lv_anim.h **** {
 106              		.loc 2 141 20 view .LVU25
 107              	.LBB25:
 143:lvgl/src/extra/widgets/spinner/../../../../src/core/../misc/lv_anim.h **** }
 108              		.loc 2 143 5 view .LVU26
 143:lvgl/src/extra/widgets/spinner/../../../../src/core/../misc/lv_anim.h **** }
 109              		.loc 2 143 13 is_stmt 0 view .LVU27
 110 0026 0B93     		str	r3, [sp, #44]
 111              	.LVL9:
 143:lvgl/src/extra/widgets/spinner/../../../../src/core/../misc/lv_anim.h **** }
 112              		.loc 2 143 13 view .LVU28
 113              	.LBE25:
 114              	.LBE24:
  80:lvgl/src/extra/widgets/spinner/lv_spinner.c ****     lv_anim_set_values(&a, arc_length_param, 360 + arc_length_param);
 115              		.loc 1 80 5 is_stmt 1 view .LVU29
 116 0028 134B     		ldr	r3, .L3+8
 117 002a 1B68     		ldr	r3, [r3]
 118              		.loc 1 80 50 is_stmt 0 view .LVU30
 119 002c 03F5B472 		add	r2, r3, #360
 120              	.LVL10:
 121              	.LBB26:
 122              	.LBI26:
ARM GAS  /var/folders/k2/cd9bl_j17z77g23y6ffqb_400000gn/T//ccddHL7D.s 			page 9


 162:lvgl/src/extra/widgets/spinner/../../../../src/core/../misc/lv_anim.h **** {
 123              		.loc 2 162 20 is_stmt 1 view .LVU31
 124              	.LBB27:
 164:lvgl/src/extra/widgets/spinner/../../../../src/core/../misc/lv_anim.h ****     a->current_value = start;
 125              		.loc 2 164 5 view .LVU32
 164:lvgl/src/extra/widgets/spinner/../../../../src/core/../misc/lv_anim.h ****     a->current_value = start;
 126              		.loc 2 164 20 is_stmt 0 view .LVU33
 127 0030 0893     		str	r3, [sp, #32]
 165:lvgl/src/extra/widgets/spinner/../../../../src/core/../misc/lv_anim.h ****     a->end_value = end;
 128              		.loc 2 165 5 is_stmt 1 view .LVU34
 165:lvgl/src/extra/widgets/spinner/../../../../src/core/../misc/lv_anim.h ****     a->end_value = end;
 129              		.loc 2 165 22 is_stmt 0 view .LVU35
 130 0032 0993     		str	r3, [sp, #36]
 166:lvgl/src/extra/widgets/spinner/../../../../src/core/../misc/lv_anim.h **** }
 131              		.loc 2 166 5 is_stmt 1 view .LVU36
 166:lvgl/src/extra/widgets/spinner/../../../../src/core/../misc/lv_anim.h **** }
 132              		.loc 2 166 18 is_stmt 0 view .LVU37
 133 0034 0A92     		str	r2, [sp, #40]
 134              	.LVL11:
 166:lvgl/src/extra/widgets/spinner/../../../../src/core/../misc/lv_anim.h **** }
 135              		.loc 2 166 18 view .LVU38
 136              	.LBE27:
 137              	.LBE26:
  81:lvgl/src/extra/widgets/spinner/lv_spinner.c ****     lv_anim_start(&a);
 138              		.loc 1 81 5 is_stmt 1 view .LVU39
 139 0036 01A8     		add	r0, sp, #4
 140 0038 FFF7FEFF 		bl	lv_anim_start
 141              	.LVL12:
  82:lvgl/src/extra/widgets/spinner/lv_spinner.c **** 
  83:lvgl/src/extra/widgets/spinner/lv_spinner.c ****     lv_anim_set_path_cb(&a, lv_anim_path_ease_in_out);
 142              		.loc 1 83 5 view .LVU40
 143              	.LBB28:
 144              	.LBI28:
 189:lvgl/src/extra/widgets/spinner/../../../../src/core/../misc/lv_anim.h **** {
 145              		.loc 2 189 20 view .LVU41
 146              	.LBB29:
 191:lvgl/src/extra/widgets/spinner/../../../../src/core/../misc/lv_anim.h **** }
 147              		.loc 2 191 5 view .LVU42
 191:lvgl/src/extra/widgets/spinner/../../../../src/core/../misc/lv_anim.h **** }
 148              		.loc 2 191 16 is_stmt 0 view .LVU43
 149 003c 0F4B     		ldr	r3, .L3+12
 150 003e 0793     		str	r3, [sp, #28]
 151              	.LVL13:
 191:lvgl/src/extra/widgets/spinner/../../../../src/core/../misc/lv_anim.h **** }
 152              		.loc 2 191 16 view .LVU44
 153              	.LBE29:
 154              	.LBE28:
  84:lvgl/src/extra/widgets/spinner/lv_spinner.c ****     lv_anim_set_values(&a, 0, 360);
 155              		.loc 1 84 5 is_stmt 1 view .LVU45
 156              	.LBB30:
 157              	.LBI30:
 162:lvgl/src/extra/widgets/spinner/../../../../src/core/../misc/lv_anim.h **** {
 158              		.loc 2 162 20 view .LVU46
 159              	.LBB31:
 164:lvgl/src/extra/widgets/spinner/../../../../src/core/../misc/lv_anim.h ****     a->current_value = start;
 160              		.loc 2 164 5 view .LVU47
 164:lvgl/src/extra/widgets/spinner/../../../../src/core/../misc/lv_anim.h ****     a->current_value = start;
ARM GAS  /var/folders/k2/cd9bl_j17z77g23y6ffqb_400000gn/T//ccddHL7D.s 			page 10


 161              		.loc 2 164 20 is_stmt 0 view .LVU48
 162 0040 0025     		movs	r5, #0
 163 0042 0895     		str	r5, [sp, #32]
 165:lvgl/src/extra/widgets/spinner/../../../../src/core/../misc/lv_anim.h ****     a->end_value = end;
 164              		.loc 2 165 5 is_stmt 1 view .LVU49
 165:lvgl/src/extra/widgets/spinner/../../../../src/core/../misc/lv_anim.h ****     a->end_value = end;
 165              		.loc 2 165 22 is_stmt 0 view .LVU50
 166 0044 0995     		str	r5, [sp, #36]
 166:lvgl/src/extra/widgets/spinner/../../../../src/core/../misc/lv_anim.h **** }
 167              		.loc 2 166 5 is_stmt 1 view .LVU51
 166:lvgl/src/extra/widgets/spinner/../../../../src/core/../misc/lv_anim.h **** }
 168              		.loc 2 166 18 is_stmt 0 view .LVU52
 169 0046 4FF4B476 		mov	r6, #360
 170 004a 0A96     		str	r6, [sp, #40]
 171              	.LVL14:
 166:lvgl/src/extra/widgets/spinner/../../../../src/core/../misc/lv_anim.h **** }
 172              		.loc 2 166 18 view .LVU53
 173              	.LBE31:
 174              	.LBE30:
  85:lvgl/src/extra/widgets/spinner/lv_spinner.c ****     lv_anim_set_exec_cb(&a, arc_anim_start_angle);
 175              		.loc 1 85 5 is_stmt 1 view .LVU54
 176              	.LBB32:
 177              	.LBI32:
 131:lvgl/src/extra/widgets/spinner/../../../../src/core/../misc/lv_anim.h **** {
 178              		.loc 2 131 20 view .LVU55
 179              	.LBB33:
 133:lvgl/src/extra/widgets/spinner/../../../../src/core/../misc/lv_anim.h **** }
 180              		.loc 2 133 5 view .LVU56
 133:lvgl/src/extra/widgets/spinner/../../../../src/core/../misc/lv_anim.h **** }
 181              		.loc 2 133 16 is_stmt 0 view .LVU57
 182 004c 0C4B     		ldr	r3, .L3+16
 183 004e 0293     		str	r3, [sp, #8]
 184              	.LVL15:
 133:lvgl/src/extra/widgets/spinner/../../../../src/core/../misc/lv_anim.h **** }
 185              		.loc 2 133 16 view .LVU58
 186              	.LBE33:
 187              	.LBE32:
  86:lvgl/src/extra/widgets/spinner/lv_spinner.c ****     lv_anim_start(&a);
 188              		.loc 1 86 5 is_stmt 1 view .LVU59
 189 0050 01A8     		add	r0, sp, #4
 190 0052 FFF7FEFF 		bl	lv_anim_start
 191              	.LVL16:
  87:lvgl/src/extra/widgets/spinner/lv_spinner.c **** 
  88:lvgl/src/extra/widgets/spinner/lv_spinner.c ****     lv_arc_set_bg_angles(obj, 0, 360);
 192              		.loc 1 88 5 view .LVU60
 193 0056 3246     		mov	r2, r6
 194 0058 2946     		mov	r1, r5
 195 005a 2046     		mov	r0, r4
 196 005c FFF7FEFF 		bl	lv_arc_set_bg_angles
 197              	.LVL17:
  89:lvgl/src/extra/widgets/spinner/lv_spinner.c ****     lv_arc_set_rotation(obj, 270);
 198              		.loc 1 89 5 view .LVU61
 199 0060 4FF48771 		mov	r1, #270
 200 0064 2046     		mov	r0, r4
 201 0066 FFF7FEFF 		bl	lv_arc_set_rotation
 202              	.LVL18:
  90:lvgl/src/extra/widgets/spinner/lv_spinner.c **** }
ARM GAS  /var/folders/k2/cd9bl_j17z77g23y6ffqb_400000gn/T//ccddHL7D.s 			page 11


 203              		.loc 1 90 1 is_stmt 0 view .LVU62
 204 006a 12B0     		add	sp, sp, #72
 205              	.LCFI2:
 206              		.cfi_def_cfa_offset 16
 207              		@ sp needed
 208 006c 70BD     		pop	{r4, r5, r6, pc}
 209              	.LVL19:
 210              	.L4:
 211              		.loc 1 90 1 view .LVU63
 212 006e 00BF     		.align	2
 213              	.L3:
 214 0070 00000000 		.word	arc_anim_end_angle
 215 0074 00000000 		.word	.LANCHOR0
 216 0078 00000000 		.word	.LANCHOR1
 217 007c 00000000 		.word	lv_anim_path_ease_in_out
 218 0080 00000000 		.word	arc_anim_start_angle
 219              		.cfi_endproc
 220              	.LFE185:
 222              		.section	.text.arc_anim_start_angle,"ax",%progbits
 223              		.align	1
 224              		.syntax unified
 225              		.thumb
 226              		.thumb_func
 227              		.fpu fpv4-sp-d16
 229              	arc_anim_start_angle:
 230              	.LVL20:
 231              	.LFB186:
  91:lvgl/src/extra/widgets/spinner/lv_spinner.c **** 
  92:lvgl/src/extra/widgets/spinner/lv_spinner.c **** 
  93:lvgl/src/extra/widgets/spinner/lv_spinner.c **** static void arc_anim_start_angle(void * obj, int32_t v)
  94:lvgl/src/extra/widgets/spinner/lv_spinner.c **** {
 232              		.loc 1 94 1 is_stmt 1 view -0
 233              		.cfi_startproc
 234              		@ args = 0, pretend = 0, frame = 0
 235              		@ frame_needed = 0, uses_anonymous_args = 0
 236              		.loc 1 94 1 is_stmt 0 view .LVU65
 237 0000 08B5     		push	{r3, lr}
 238              	.LCFI3:
 239              		.cfi_def_cfa_offset 8
 240              		.cfi_offset 3, -8
 241              		.cfi_offset 14, -4
  95:lvgl/src/extra/widgets/spinner/lv_spinner.c ****     lv_arc_set_start_angle(obj, (uint16_t) v);
 242              		.loc 1 95 5 is_stmt 1 view .LVU66
 243 0002 89B2     		uxth	r1, r1
 244              	.LVL21:
 245              		.loc 1 95 5 is_stmt 0 view .LVU67
 246 0004 FFF7FEFF 		bl	lv_arc_set_start_angle
 247              	.LVL22:
  96:lvgl/src/extra/widgets/spinner/lv_spinner.c **** }
 248              		.loc 1 96 1 view .LVU68
 249 0008 08BD     		pop	{r3, pc}
 250              		.cfi_endproc
 251              	.LFE186:
 253              		.section	.text.arc_anim_end_angle,"ax",%progbits
 254              		.align	1
 255              		.syntax unified
 256              		.thumb
ARM GAS  /var/folders/k2/cd9bl_j17z77g23y6ffqb_400000gn/T//ccddHL7D.s 			page 12


 257              		.thumb_func
 258              		.fpu fpv4-sp-d16
 260              	arc_anim_end_angle:
 261              	.LVL23:
 262              	.LFB187:
  97:lvgl/src/extra/widgets/spinner/lv_spinner.c **** 
  98:lvgl/src/extra/widgets/spinner/lv_spinner.c **** 
  99:lvgl/src/extra/widgets/spinner/lv_spinner.c **** static void arc_anim_end_angle(void * obj, int32_t v)
 100:lvgl/src/extra/widgets/spinner/lv_spinner.c **** {
 263              		.loc 1 100 1 is_stmt 1 view -0
 264              		.cfi_startproc
 265              		@ args = 0, pretend = 0, frame = 0
 266              		@ frame_needed = 0, uses_anonymous_args = 0
 267              		.loc 1 100 1 is_stmt 0 view .LVU70
 268 0000 08B5     		push	{r3, lr}
 269              	.LCFI4:
 270              		.cfi_def_cfa_offset 8
 271              		.cfi_offset 3, -8
 272              		.cfi_offset 14, -4
 101:lvgl/src/extra/widgets/spinner/lv_spinner.c ****     lv_arc_set_end_angle(obj, (uint16_t) v);
 273              		.loc 1 101 5 is_stmt 1 view .LVU71
 274 0002 89B2     		uxth	r1, r1
 275              	.LVL24:
 276              		.loc 1 101 5 is_stmt 0 view .LVU72
 277 0004 FFF7FEFF 		bl	lv_arc_set_end_angle
 278              	.LVL25:
 102:lvgl/src/extra/widgets/spinner/lv_spinner.c **** }
 279              		.loc 1 102 1 view .LVU73
 280 0008 08BD     		pop	{r3, pc}
 281              		.cfi_endproc
 282              	.LFE187:
 284              		.section	.text.lv_spinner_create,"ax",%progbits
 285              		.align	1
 286              		.global	lv_spinner_create
 287              		.syntax unified
 288              		.thumb
 289              		.thumb_func
 290              		.fpu fpv4-sp-d16
 292              	lv_spinner_create:
 293              	.LVL26:
 294              	.LFB184:
  52:lvgl/src/extra/widgets/spinner/lv_spinner.c ****     time_param = time;
 295              		.loc 1 52 1 is_stmt 1 view -0
 296              		.cfi_startproc
 297              		@ args = 0, pretend = 0, frame = 0
 298              		@ frame_needed = 0, uses_anonymous_args = 0
  52:lvgl/src/extra/widgets/spinner/lv_spinner.c ****     time_param = time;
 299              		.loc 1 52 1 is_stmt 0 view .LVU75
 300 0000 10B5     		push	{r4, lr}
 301              	.LCFI5:
 302              		.cfi_def_cfa_offset 8
 303              		.cfi_offset 4, -8
 304              		.cfi_offset 14, -4
  53:lvgl/src/extra/widgets/spinner/lv_spinner.c ****     arc_length_param = arc_length;
 305              		.loc 1 53 5 is_stmt 1 view .LVU76
  53:lvgl/src/extra/widgets/spinner/lv_spinner.c ****     arc_length_param = arc_length;
 306              		.loc 1 53 16 is_stmt 0 view .LVU77
ARM GAS  /var/folders/k2/cd9bl_j17z77g23y6ffqb_400000gn/T//ccddHL7D.s 			page 13


 307 0002 064B     		ldr	r3, .L11
 308 0004 1960     		str	r1, [r3]
  54:lvgl/src/extra/widgets/spinner/lv_spinner.c **** 
 309              		.loc 1 54 5 is_stmt 1 view .LVU78
  54:lvgl/src/extra/widgets/spinner/lv_spinner.c **** 
 310              		.loc 1 54 22 is_stmt 0 view .LVU79
 311 0006 064B     		ldr	r3, .L11+4
 312 0008 1A60     		str	r2, [r3]
  56:lvgl/src/extra/widgets/spinner/lv_spinner.c ****     lv_obj_class_init_obj(obj);
 313              		.loc 1 56 5 is_stmt 1 view .LVU80
  56:lvgl/src/extra/widgets/spinner/lv_spinner.c ****     lv_obj_class_init_obj(obj);
 314              		.loc 1 56 22 is_stmt 0 view .LVU81
 315 000a 0146     		mov	r1, r0
 316              	.LVL27:
  56:lvgl/src/extra/widgets/spinner/lv_spinner.c ****     lv_obj_class_init_obj(obj);
 317              		.loc 1 56 22 view .LVU82
 318 000c 0548     		ldr	r0, .L11+8
 319              	.LVL28:
  56:lvgl/src/extra/widgets/spinner/lv_spinner.c ****     lv_obj_class_init_obj(obj);
 320              		.loc 1 56 22 view .LVU83
 321 000e FFF7FEFF 		bl	lv_obj_class_create_obj
 322              	.LVL29:
  56:lvgl/src/extra/widgets/spinner/lv_spinner.c ****     lv_obj_class_init_obj(obj);
 323              		.loc 1 56 22 view .LVU84
 324 0012 0446     		mov	r4, r0
 325              	.LVL30:
  57:lvgl/src/extra/widgets/spinner/lv_spinner.c ****     return obj;
 326              		.loc 1 57 5 is_stmt 1 view .LVU85
 327 0014 FFF7FEFF 		bl	lv_obj_class_init_obj
 328              	.LVL31:
  58:lvgl/src/extra/widgets/spinner/lv_spinner.c **** }
 329              		.loc 1 58 5 view .LVU86
  59:lvgl/src/extra/widgets/spinner/lv_spinner.c **** 
 330              		.loc 1 59 1 is_stmt 0 view .LVU87
 331 0018 2046     		mov	r0, r4
 332 001a 10BD     		pop	{r4, pc}
 333              	.LVL32:
 334              	.L12:
  59:lvgl/src/extra/widgets/spinner/lv_spinner.c **** 
 335              		.loc 1 59 1 view .LVU88
 336              		.align	2
 337              	.L11:
 338 001c 00000000 		.word	.LANCHOR0
 339 0020 00000000 		.word	.LANCHOR1
 340 0024 00000000 		.word	.LANCHOR2
 341              		.cfi_endproc
 342              	.LFE184:
 344              		.global	lv_spinner_class
 345              		.section	.bss.arc_length_param,"aw",%nobits
 346              		.align	2
 347              		.set	.LANCHOR1,. + 0
 350              	arc_length_param:
 351 0000 00000000 		.space	4
 352              		.section	.bss.time_param,"aw",%nobits
 353              		.align	2
 354              		.set	.LANCHOR0,. + 0
 357              	time_param:
ARM GAS  /var/folders/k2/cd9bl_j17z77g23y6ffqb_400000gn/T//ccddHL7D.s 			page 14


 358 0000 00000000 		.space	4
 359              		.section	.rodata.lv_spinner_class,"a"
 360              		.align	2
 361              		.set	.LANCHOR2,. + 0
 364              	lv_spinner_class:
 365 0000 00000000 		.word	lv_arc_class
 366 0004 00000000 		.word	lv_spinner_constructor
 367 0008 00000000 		.space	20
 367      00000000 
 367      00000000 
 367      00000000 
 367      00000000 
 368              		.text
 369              	.Letext0:
 370              		.file 3 "/Users/nhantt/tools/stm32/gcc-arm-none-eabi-10-2020-q4-major/arm-none-eabi/include/machin
 371              		.file 4 "/Users/nhantt/tools/stm32/gcc-arm-none-eabi-10-2020-q4-major/arm-none-eabi/include/sys/_s
 372              		.file 5 "lvgl/src/extra/widgets/spinner/../../../../src/misc/lv_ll.h"
 373              		.file 6 "lvgl/src/extra/widgets/spinner/../../../../src/hal/../misc/lv_color.h"
 374              		.file 7 "lvgl/src/extra/widgets/spinner/../../../../src/hal/../misc/lv_area.h"
 375              		.file 8 "lvgl/src/extra/widgets/spinner/../../../../src/core/lv_obj.h"
 376              		.file 9 "lvgl/src/extra/widgets/spinner/../../../../src/core/lv_group.h"
 377              		.file 10 "lvgl/src/extra/widgets/spinner/../../../../src/core/../misc/lv_style.h"
 378              		.file 11 "lvgl/src/extra/widgets/spinner/../../../../src/core/lv_obj_scroll.h"
 379              		.file 12 "lvgl/src/extra/widgets/spinner/../../../../src/core/lv_obj_style.h"
 380              		.file 13 "lvgl/src/extra/widgets/spinner/../../../../src/core/lv_obj_class.h"
 381              		.file 14 "lvgl/src/extra/widgets/spinner/../../../../src/core/lv_event.h"
 382              		.file 15 "lvgl/src/extra/widgets/spinner/../../../../src/widgets/lv_bar.h"
 383              		.file 16 "lvgl/src/extra/widgets/spinner/../../../../src/extra/widgets/imgbtn/lv_imgbtn.h"
 384              		.file 17 "lvgl/src/extra/widgets/spinner/../../../../src/widgets/lv_arc.h"
 385              		.file 18 "lvgl/src/extra/widgets/spinner/lv_spinner.h"
ARM GAS  /var/folders/k2/cd9bl_j17z77g23y6ffqb_400000gn/T//ccddHL7D.s 			page 15


DEFINED SYMBOLS
                            *ABS*:0000000000000000 lv_spinner.c
/var/folders/k2/cd9bl_j17z77g23y6ffqb_400000gn/T//ccddHL7D.s:18     .text.lv_spinner_constructor:0000000000000000 $t
/var/folders/k2/cd9bl_j17z77g23y6ffqb_400000gn/T//ccddHL7D.s:25     .text.lv_spinner_constructor:0000000000000000 lv_spinner_constructor
/var/folders/k2/cd9bl_j17z77g23y6ffqb_400000gn/T//ccddHL7D.s:214    .text.lv_spinner_constructor:0000000000000070 $d
/var/folders/k2/cd9bl_j17z77g23y6ffqb_400000gn/T//ccddHL7D.s:260    .text.arc_anim_end_angle:0000000000000000 arc_anim_end_angle
/var/folders/k2/cd9bl_j17z77g23y6ffqb_400000gn/T//ccddHL7D.s:229    .text.arc_anim_start_angle:0000000000000000 arc_anim_start_angle
/var/folders/k2/cd9bl_j17z77g23y6ffqb_400000gn/T//ccddHL7D.s:223    .text.arc_anim_start_angle:0000000000000000 $t
/var/folders/k2/cd9bl_j17z77g23y6ffqb_400000gn/T//ccddHL7D.s:254    .text.arc_anim_end_angle:0000000000000000 $t
/var/folders/k2/cd9bl_j17z77g23y6ffqb_400000gn/T//ccddHL7D.s:285    .text.lv_spinner_create:0000000000000000 $t
/var/folders/k2/cd9bl_j17z77g23y6ffqb_400000gn/T//ccddHL7D.s:292    .text.lv_spinner_create:0000000000000000 lv_spinner_create
/var/folders/k2/cd9bl_j17z77g23y6ffqb_400000gn/T//ccddHL7D.s:338    .text.lv_spinner_create:000000000000001c $d
/var/folders/k2/cd9bl_j17z77g23y6ffqb_400000gn/T//ccddHL7D.s:364    .rodata.lv_spinner_class:0000000000000000 lv_spinner_class
/var/folders/k2/cd9bl_j17z77g23y6ffqb_400000gn/T//ccddHL7D.s:346    .bss.arc_length_param:0000000000000000 $d
/var/folders/k2/cd9bl_j17z77g23y6ffqb_400000gn/T//ccddHL7D.s:350    .bss.arc_length_param:0000000000000000 arc_length_param
/var/folders/k2/cd9bl_j17z77g23y6ffqb_400000gn/T//ccddHL7D.s:353    .bss.time_param:0000000000000000 $d
/var/folders/k2/cd9bl_j17z77g23y6ffqb_400000gn/T//ccddHL7D.s:357    .bss.time_param:0000000000000000 time_param
/var/folders/k2/cd9bl_j17z77g23y6ffqb_400000gn/T//ccddHL7D.s:360    .rodata.lv_spinner_class:0000000000000000 $d

UNDEFINED SYMBOLS
lv_obj_clear_flag
lv_anim_init
lv_anim_start
lv_arc_set_bg_angles
lv_arc_set_rotation
lv_anim_path_ease_in_out
lv_arc_set_start_angle
lv_arc_set_end_angle
lv_obj_class_create_obj
lv_obj_class_init_obj
lv_arc_class
