ARM GAS  /var/folders/k2/cd9bl_j17z77g23y6ffqb_400000gn/T//ccrlJvbd.s 			page 1


   1              		.cpu cortex-m4
   2              		.eabi_attribute 27, 1
   3              		.eabi_attribute 28, 1
   4              		.eabi_attribute 20, 1
   5              		.eabi_attribute 21, 1
   6              		.eabi_attribute 23, 3
   7              		.eabi_attribute 24, 1
   8              		.eabi_attribute 25, 1
   9              		.eabi_attribute 26, 1
  10              		.eabi_attribute 30, 1
  11              		.eabi_attribute 34, 1
  12              		.eabi_attribute 18, 4
  13              		.file	"spi.c"
  14              		.text
  15              	.Ltext0:
  16              		.cfi_sections	.debug_frame
  17              		.section	.text.MX_SPI1_Init,"ax",%progbits
  18              		.align	1
  19              		.global	MX_SPI1_Init
  20              		.arch armv7e-m
  21              		.syntax unified
  22              		.thumb
  23              		.thumb_func
  24              		.fpu fpv4-sp-d16
  26              	MX_SPI1_Init:
  27              	.LFB130:
  28              		.file 1 "Src/spi.c"
   1:Src/spi.c     **** /**
   2:Src/spi.c     ****   ******************************************************************************
   3:Src/spi.c     ****   * @file    spi.c
   4:Src/spi.c     ****   * @brief   This file provides code for the configuration
   5:Src/spi.c     ****   *          of the SPI instances.
   6:Src/spi.c     ****   ******************************************************************************
   7:Src/spi.c     ****   * @attention
   8:Src/spi.c     ****   *
   9:Src/spi.c     ****   * <h2><center>&copy; Copyright (c) 2021 STMicroelectronics.
  10:Src/spi.c     ****   * All rights reserved.</center></h2>
  11:Src/spi.c     ****   *
  12:Src/spi.c     ****   * This software component is licensed by ST under Ultimate Liberty license
  13:Src/spi.c     ****   * SLA0044, the "License"; You may not use this file except in compliance with
  14:Src/spi.c     ****   * the License. You may obtain a copy of the License at:
  15:Src/spi.c     ****   *                             www.st.com/SLA0044
  16:Src/spi.c     ****   *
  17:Src/spi.c     ****   ******************************************************************************
  18:Src/spi.c     ****   */
  19:Src/spi.c     **** 
  20:Src/spi.c     **** /* Includes ------------------------------------------------------------------*/
  21:Src/spi.c     **** #include "spi.h"
  22:Src/spi.c     **** 
  23:Src/spi.c     **** /* USER CODE BEGIN 0 */
  24:Src/spi.c     **** 
  25:Src/spi.c     **** /* USER CODE END 0 */
  26:Src/spi.c     **** 
  27:Src/spi.c     **** SPI_HandleTypeDef hspi1;
  28:Src/spi.c     **** SPI_HandleTypeDef hspi2;
  29:Src/spi.c     **** SPI_HandleTypeDef hspi3;
  30:Src/spi.c     **** 
ARM GAS  /var/folders/k2/cd9bl_j17z77g23y6ffqb_400000gn/T//ccrlJvbd.s 			page 2


  31:Src/spi.c     **** /* SPI1 init function */
  32:Src/spi.c     **** void MX_SPI1_Init(void)
  33:Src/spi.c     **** {
  29              		.loc 1 33 1 view -0
  30              		.cfi_startproc
  31              		@ args = 0, pretend = 0, frame = 0
  32              		@ frame_needed = 0, uses_anonymous_args = 0
  33 0000 08B5     		push	{r3, lr}
  34              	.LCFI0:
  35              		.cfi_def_cfa_offset 8
  36              		.cfi_offset 3, -8
  37              		.cfi_offset 14, -4
  34:Src/spi.c     **** 
  35:Src/spi.c     ****   hspi1.Instance = SPI1;
  38              		.loc 1 35 3 view .LVU1
  39              		.loc 1 35 18 is_stmt 0 view .LVU2
  40 0002 0D48     		ldr	r0, .L5
  41 0004 0D4B     		ldr	r3, .L5+4
  42 0006 0360     		str	r3, [r0]
  36:Src/spi.c     ****   hspi1.Init.Mode = SPI_MODE_MASTER;
  43              		.loc 1 36 3 is_stmt 1 view .LVU3
  44              		.loc 1 36 19 is_stmt 0 view .LVU4
  45 0008 4FF48273 		mov	r3, #260
  46 000c 4360     		str	r3, [r0, #4]
  37:Src/spi.c     ****   hspi1.Init.Direction = SPI_DIRECTION_2LINES;
  47              		.loc 1 37 3 is_stmt 1 view .LVU5
  48              		.loc 1 37 24 is_stmt 0 view .LVU6
  49 000e 0023     		movs	r3, #0
  50 0010 8360     		str	r3, [r0, #8]
  38:Src/spi.c     ****   hspi1.Init.DataSize = SPI_DATASIZE_8BIT;
  51              		.loc 1 38 3 is_stmt 1 view .LVU7
  52              		.loc 1 38 23 is_stmt 0 view .LVU8
  53 0012 C360     		str	r3, [r0, #12]
  39:Src/spi.c     ****   hspi1.Init.CLKPolarity = SPI_POLARITY_LOW;
  54              		.loc 1 39 3 is_stmt 1 view .LVU9
  55              		.loc 1 39 26 is_stmt 0 view .LVU10
  56 0014 0361     		str	r3, [r0, #16]
  40:Src/spi.c     ****   hspi1.Init.CLKPhase = SPI_PHASE_1EDGE;
  57              		.loc 1 40 3 is_stmt 1 view .LVU11
  58              		.loc 1 40 23 is_stmt 0 view .LVU12
  59 0016 4361     		str	r3, [r0, #20]
  41:Src/spi.c     ****   hspi1.Init.NSS = SPI_NSS_SOFT;
  60              		.loc 1 41 3 is_stmt 1 view .LVU13
  61              		.loc 1 41 18 is_stmt 0 view .LVU14
  62 0018 4FF40072 		mov	r2, #512
  63 001c 8261     		str	r2, [r0, #24]
  42:Src/spi.c     ****   hspi1.Init.BaudRatePrescaler = SPI_BAUDRATEPRESCALER_2;
  64              		.loc 1 42 3 is_stmt 1 view .LVU15
  65              		.loc 1 42 32 is_stmt 0 view .LVU16
  66 001e C361     		str	r3, [r0, #28]
  43:Src/spi.c     ****   hspi1.Init.FirstBit = SPI_FIRSTBIT_MSB;
  67              		.loc 1 43 3 is_stmt 1 view .LVU17
  68              		.loc 1 43 23 is_stmt 0 view .LVU18
  69 0020 0362     		str	r3, [r0, #32]
  44:Src/spi.c     ****   hspi1.Init.TIMode = SPI_TIMODE_DISABLE;
  70              		.loc 1 44 3 is_stmt 1 view .LVU19
  71              		.loc 1 44 21 is_stmt 0 view .LVU20
ARM GAS  /var/folders/k2/cd9bl_j17z77g23y6ffqb_400000gn/T//ccrlJvbd.s 			page 3


  72 0022 4362     		str	r3, [r0, #36]
  45:Src/spi.c     ****   hspi1.Init.CRCCalculation = SPI_CRCCALCULATION_DISABLE;
  73              		.loc 1 45 3 is_stmt 1 view .LVU21
  74              		.loc 1 45 29 is_stmt 0 view .LVU22
  75 0024 8362     		str	r3, [r0, #40]
  46:Src/spi.c     ****   hspi1.Init.CRCPolynomial = 10;
  76              		.loc 1 46 3 is_stmt 1 view .LVU23
  77              		.loc 1 46 28 is_stmt 0 view .LVU24
  78 0026 0A23     		movs	r3, #10
  79 0028 C362     		str	r3, [r0, #44]
  47:Src/spi.c     ****   if (HAL_SPI_Init(&hspi1) != HAL_OK)
  80              		.loc 1 47 3 is_stmt 1 view .LVU25
  81              		.loc 1 47 7 is_stmt 0 view .LVU26
  82 002a FFF7FEFF 		bl	HAL_SPI_Init
  83              	.LVL0:
  84              		.loc 1 47 6 view .LVU27
  85 002e 00B9     		cbnz	r0, .L4
  86              	.L1:
  48:Src/spi.c     ****   {
  49:Src/spi.c     ****     Error_Handler();
  50:Src/spi.c     ****   }
  51:Src/spi.c     **** 
  52:Src/spi.c     **** }
  87              		.loc 1 52 1 view .LVU28
  88 0030 08BD     		pop	{r3, pc}
  89              	.L4:
  49:Src/spi.c     ****   }
  90              		.loc 1 49 5 is_stmt 1 view .LVU29
  91 0032 FFF7FEFF 		bl	Error_Handler
  92              	.LVL1:
  93              		.loc 1 52 1 is_stmt 0 view .LVU30
  94 0036 FBE7     		b	.L1
  95              	.L6:
  96              		.align	2
  97              	.L5:
  98 0038 00000000 		.word	.LANCHOR0
  99 003c 00300140 		.word	1073819648
 100              		.cfi_endproc
 101              	.LFE130:
 103              		.section	.text.MX_SPI2_Init,"ax",%progbits
 104              		.align	1
 105              		.global	MX_SPI2_Init
 106              		.syntax unified
 107              		.thumb
 108              		.thumb_func
 109              		.fpu fpv4-sp-d16
 111              	MX_SPI2_Init:
 112              	.LFB131:
  53:Src/spi.c     **** /* SPI2 init function */
  54:Src/spi.c     **** void MX_SPI2_Init(void)
  55:Src/spi.c     **** {
 113              		.loc 1 55 1 is_stmt 1 view -0
 114              		.cfi_startproc
 115              		@ args = 0, pretend = 0, frame = 0
 116              		@ frame_needed = 0, uses_anonymous_args = 0
 117 0000 08B5     		push	{r3, lr}
 118              	.LCFI1:
ARM GAS  /var/folders/k2/cd9bl_j17z77g23y6ffqb_400000gn/T//ccrlJvbd.s 			page 4


 119              		.cfi_def_cfa_offset 8
 120              		.cfi_offset 3, -8
 121              		.cfi_offset 14, -4
  56:Src/spi.c     **** 
  57:Src/spi.c     ****   hspi2.Instance = SPI2;
 122              		.loc 1 57 3 view .LVU32
 123              		.loc 1 57 18 is_stmt 0 view .LVU33
 124 0002 0D48     		ldr	r0, .L11
 125 0004 0D4B     		ldr	r3, .L11+4
 126 0006 0360     		str	r3, [r0]
  58:Src/spi.c     ****   hspi2.Init.Mode = SPI_MODE_MASTER;
 127              		.loc 1 58 3 is_stmt 1 view .LVU34
 128              		.loc 1 58 19 is_stmt 0 view .LVU35
 129 0008 4FF48273 		mov	r3, #260
 130 000c 4360     		str	r3, [r0, #4]
  59:Src/spi.c     ****   hspi2.Init.Direction = SPI_DIRECTION_2LINES;
 131              		.loc 1 59 3 is_stmt 1 view .LVU36
 132              		.loc 1 59 24 is_stmt 0 view .LVU37
 133 000e 0023     		movs	r3, #0
 134 0010 8360     		str	r3, [r0, #8]
  60:Src/spi.c     ****   hspi2.Init.DataSize = SPI_DATASIZE_8BIT;
 135              		.loc 1 60 3 is_stmt 1 view .LVU38
 136              		.loc 1 60 23 is_stmt 0 view .LVU39
 137 0012 C360     		str	r3, [r0, #12]
  61:Src/spi.c     ****   hspi2.Init.CLKPolarity = SPI_POLARITY_LOW;
 138              		.loc 1 61 3 is_stmt 1 view .LVU40
 139              		.loc 1 61 26 is_stmt 0 view .LVU41
 140 0014 0361     		str	r3, [r0, #16]
  62:Src/spi.c     ****   hspi2.Init.CLKPhase = SPI_PHASE_1EDGE;
 141              		.loc 1 62 3 is_stmt 1 view .LVU42
 142              		.loc 1 62 23 is_stmt 0 view .LVU43
 143 0016 4361     		str	r3, [r0, #20]
  63:Src/spi.c     ****   hspi2.Init.NSS = SPI_NSS_SOFT;
 144              		.loc 1 63 3 is_stmt 1 view .LVU44
 145              		.loc 1 63 18 is_stmt 0 view .LVU45
 146 0018 4FF40072 		mov	r2, #512
 147 001c 8261     		str	r2, [r0, #24]
  64:Src/spi.c     ****   hspi2.Init.BaudRatePrescaler = SPI_BAUDRATEPRESCALER_2;
 148              		.loc 1 64 3 is_stmt 1 view .LVU46
 149              		.loc 1 64 32 is_stmt 0 view .LVU47
 150 001e C361     		str	r3, [r0, #28]
  65:Src/spi.c     ****   hspi2.Init.FirstBit = SPI_FIRSTBIT_MSB;
 151              		.loc 1 65 3 is_stmt 1 view .LVU48
 152              		.loc 1 65 23 is_stmt 0 view .LVU49
 153 0020 0362     		str	r3, [r0, #32]
  66:Src/spi.c     ****   hspi2.Init.TIMode = SPI_TIMODE_DISABLE;
 154              		.loc 1 66 3 is_stmt 1 view .LVU50
 155              		.loc 1 66 21 is_stmt 0 view .LVU51
 156 0022 4362     		str	r3, [r0, #36]
  67:Src/spi.c     ****   hspi2.Init.CRCCalculation = SPI_CRCCALCULATION_DISABLE;
 157              		.loc 1 67 3 is_stmt 1 view .LVU52
 158              		.loc 1 67 29 is_stmt 0 view .LVU53
 159 0024 8362     		str	r3, [r0, #40]
  68:Src/spi.c     ****   hspi2.Init.CRCPolynomial = 10;
 160              		.loc 1 68 3 is_stmt 1 view .LVU54
 161              		.loc 1 68 28 is_stmt 0 view .LVU55
 162 0026 0A23     		movs	r3, #10
ARM GAS  /var/folders/k2/cd9bl_j17z77g23y6ffqb_400000gn/T//ccrlJvbd.s 			page 5


 163 0028 C362     		str	r3, [r0, #44]
  69:Src/spi.c     ****   if (HAL_SPI_Init(&hspi2) != HAL_OK)
 164              		.loc 1 69 3 is_stmt 1 view .LVU56
 165              		.loc 1 69 7 is_stmt 0 view .LVU57
 166 002a FFF7FEFF 		bl	HAL_SPI_Init
 167              	.LVL2:
 168              		.loc 1 69 6 view .LVU58
 169 002e 00B9     		cbnz	r0, .L10
 170              	.L7:
  70:Src/spi.c     ****   {
  71:Src/spi.c     ****     Error_Handler();
  72:Src/spi.c     ****   }
  73:Src/spi.c     **** 
  74:Src/spi.c     **** }
 171              		.loc 1 74 1 view .LVU59
 172 0030 08BD     		pop	{r3, pc}
 173              	.L10:
  71:Src/spi.c     ****   }
 174              		.loc 1 71 5 is_stmt 1 view .LVU60
 175 0032 FFF7FEFF 		bl	Error_Handler
 176              	.LVL3:
 177              		.loc 1 74 1 is_stmt 0 view .LVU61
 178 0036 FBE7     		b	.L7
 179              	.L12:
 180              		.align	2
 181              	.L11:
 182 0038 00000000 		.word	.LANCHOR1
 183 003c 00380040 		.word	1073756160
 184              		.cfi_endproc
 185              	.LFE131:
 187              		.section	.text.MX_SPI3_Init,"ax",%progbits
 188              		.align	1
 189              		.global	MX_SPI3_Init
 190              		.syntax unified
 191              		.thumb
 192              		.thumb_func
 193              		.fpu fpv4-sp-d16
 195              	MX_SPI3_Init:
 196              	.LFB132:
  75:Src/spi.c     **** /* SPI3 init function */
  76:Src/spi.c     **** void MX_SPI3_Init(void)
  77:Src/spi.c     **** {
 197              		.loc 1 77 1 is_stmt 1 view -0
 198              		.cfi_startproc
 199              		@ args = 0, pretend = 0, frame = 0
 200              		@ frame_needed = 0, uses_anonymous_args = 0
 201 0000 08B5     		push	{r3, lr}
 202              	.LCFI2:
 203              		.cfi_def_cfa_offset 8
 204              		.cfi_offset 3, -8
 205              		.cfi_offset 14, -4
  78:Src/spi.c     **** 
  79:Src/spi.c     ****   hspi3.Instance = SPI3;
 206              		.loc 1 79 3 view .LVU63
 207              		.loc 1 79 18 is_stmt 0 view .LVU64
 208 0002 0D48     		ldr	r0, .L17
 209 0004 0D4B     		ldr	r3, .L17+4
ARM GAS  /var/folders/k2/cd9bl_j17z77g23y6ffqb_400000gn/T//ccrlJvbd.s 			page 6


 210 0006 0360     		str	r3, [r0]
  80:Src/spi.c     ****   hspi3.Init.Mode = SPI_MODE_MASTER;
 211              		.loc 1 80 3 is_stmt 1 view .LVU65
 212              		.loc 1 80 19 is_stmt 0 view .LVU66
 213 0008 4FF48273 		mov	r3, #260
 214 000c 4360     		str	r3, [r0, #4]
  81:Src/spi.c     ****   hspi3.Init.Direction = SPI_DIRECTION_2LINES;
 215              		.loc 1 81 3 is_stmt 1 view .LVU67
 216              		.loc 1 81 24 is_stmt 0 view .LVU68
 217 000e 0023     		movs	r3, #0
 218 0010 8360     		str	r3, [r0, #8]
  82:Src/spi.c     ****   hspi3.Init.DataSize = SPI_DATASIZE_8BIT;
 219              		.loc 1 82 3 is_stmt 1 view .LVU69
 220              		.loc 1 82 23 is_stmt 0 view .LVU70
 221 0012 C360     		str	r3, [r0, #12]
  83:Src/spi.c     ****   hspi3.Init.CLKPolarity = SPI_POLARITY_LOW;
 222              		.loc 1 83 3 is_stmt 1 view .LVU71
 223              		.loc 1 83 26 is_stmt 0 view .LVU72
 224 0014 0361     		str	r3, [r0, #16]
  84:Src/spi.c     ****   hspi3.Init.CLKPhase = SPI_PHASE_1EDGE;
 225              		.loc 1 84 3 is_stmt 1 view .LVU73
 226              		.loc 1 84 23 is_stmt 0 view .LVU74
 227 0016 4361     		str	r3, [r0, #20]
  85:Src/spi.c     ****   hspi3.Init.NSS = SPI_NSS_SOFT;
 228              		.loc 1 85 3 is_stmt 1 view .LVU75
 229              		.loc 1 85 18 is_stmt 0 view .LVU76
 230 0018 4FF40072 		mov	r2, #512
 231 001c 8261     		str	r2, [r0, #24]
  86:Src/spi.c     ****   hspi3.Init.BaudRatePrescaler = SPI_BAUDRATEPRESCALER_2;
 232              		.loc 1 86 3 is_stmt 1 view .LVU77
 233              		.loc 1 86 32 is_stmt 0 view .LVU78
 234 001e C361     		str	r3, [r0, #28]
  87:Src/spi.c     ****   hspi3.Init.FirstBit = SPI_FIRSTBIT_MSB;
 235              		.loc 1 87 3 is_stmt 1 view .LVU79
 236              		.loc 1 87 23 is_stmt 0 view .LVU80
 237 0020 0362     		str	r3, [r0, #32]
  88:Src/spi.c     ****   hspi3.Init.TIMode = SPI_TIMODE_DISABLE;
 238              		.loc 1 88 3 is_stmt 1 view .LVU81
 239              		.loc 1 88 21 is_stmt 0 view .LVU82
 240 0022 4362     		str	r3, [r0, #36]
  89:Src/spi.c     ****   hspi3.Init.CRCCalculation = SPI_CRCCALCULATION_DISABLE;
 241              		.loc 1 89 3 is_stmt 1 view .LVU83
 242              		.loc 1 89 29 is_stmt 0 view .LVU84
 243 0024 8362     		str	r3, [r0, #40]
  90:Src/spi.c     ****   hspi3.Init.CRCPolynomial = 10;
 244              		.loc 1 90 3 is_stmt 1 view .LVU85
 245              		.loc 1 90 28 is_stmt 0 view .LVU86
 246 0026 0A23     		movs	r3, #10
 247 0028 C362     		str	r3, [r0, #44]
  91:Src/spi.c     ****   if (HAL_SPI_Init(&hspi3) != HAL_OK)
 248              		.loc 1 91 3 is_stmt 1 view .LVU87
 249              		.loc 1 91 7 is_stmt 0 view .LVU88
 250 002a FFF7FEFF 		bl	HAL_SPI_Init
 251              	.LVL4:
 252              		.loc 1 91 6 view .LVU89
 253 002e 00B9     		cbnz	r0, .L16
 254              	.L13:
ARM GAS  /var/folders/k2/cd9bl_j17z77g23y6ffqb_400000gn/T//ccrlJvbd.s 			page 7


  92:Src/spi.c     ****   {
  93:Src/spi.c     ****     Error_Handler();
  94:Src/spi.c     ****   }
  95:Src/spi.c     **** 
  96:Src/spi.c     **** }
 255              		.loc 1 96 1 view .LVU90
 256 0030 08BD     		pop	{r3, pc}
 257              	.L16:
  93:Src/spi.c     ****   }
 258              		.loc 1 93 5 is_stmt 1 view .LVU91
 259 0032 FFF7FEFF 		bl	Error_Handler
 260              	.LVL5:
 261              		.loc 1 96 1 is_stmt 0 view .LVU92
 262 0036 FBE7     		b	.L13
 263              	.L18:
 264              		.align	2
 265              	.L17:
 266 0038 00000000 		.word	.LANCHOR2
 267 003c 003C0040 		.word	1073757184
 268              		.cfi_endproc
 269              	.LFE132:
 271              		.section	.text.HAL_SPI_MspInit,"ax",%progbits
 272              		.align	1
 273              		.global	HAL_SPI_MspInit
 274              		.syntax unified
 275              		.thumb
 276              		.thumb_func
 277              		.fpu fpv4-sp-d16
 279              	HAL_SPI_MspInit:
 280              	.LVL6:
 281              	.LFB133:
  97:Src/spi.c     **** 
  98:Src/spi.c     **** void HAL_SPI_MspInit(SPI_HandleTypeDef* spiHandle)
  99:Src/spi.c     **** {
 282              		.loc 1 99 1 is_stmt 1 view -0
 283              		.cfi_startproc
 284              		@ args = 0, pretend = 0, frame = 48
 285              		@ frame_needed = 0, uses_anonymous_args = 0
 286              		.loc 1 99 1 is_stmt 0 view .LVU94
 287 0000 00B5     		push	{lr}
 288              	.LCFI3:
 289              		.cfi_def_cfa_offset 4
 290              		.cfi_offset 14, -4
 291 0002 8DB0     		sub	sp, sp, #52
 292              	.LCFI4:
 293              		.cfi_def_cfa_offset 56
 100:Src/spi.c     **** 
 101:Src/spi.c     ****   GPIO_InitTypeDef GPIO_InitStruct = {0};
 294              		.loc 1 101 3 is_stmt 1 view .LVU95
 295              		.loc 1 101 20 is_stmt 0 view .LVU96
 296 0004 0023     		movs	r3, #0
 297 0006 0793     		str	r3, [sp, #28]
 298 0008 0893     		str	r3, [sp, #32]
 299 000a 0993     		str	r3, [sp, #36]
 300 000c 0A93     		str	r3, [sp, #40]
 301 000e 0B93     		str	r3, [sp, #44]
 102:Src/spi.c     ****   if(spiHandle->Instance==SPI1)
ARM GAS  /var/folders/k2/cd9bl_j17z77g23y6ffqb_400000gn/T//ccrlJvbd.s 			page 8


 302              		.loc 1 102 3 is_stmt 1 view .LVU97
 303              		.loc 1 102 15 is_stmt 0 view .LVU98
 304 0010 0368     		ldr	r3, [r0]
 305              		.loc 1 102 5 view .LVU99
 306 0012 3B4A     		ldr	r2, .L27
 307 0014 9342     		cmp	r3, r2
 308 0016 08D0     		beq	.L24
 103:Src/spi.c     ****   {
 104:Src/spi.c     ****   /* USER CODE BEGIN SPI1_MspInit 0 */
 105:Src/spi.c     **** 
 106:Src/spi.c     ****   /* USER CODE END SPI1_MspInit 0 */
 107:Src/spi.c     ****     /* SPI1 clock enable */
 108:Src/spi.c     ****     __HAL_RCC_SPI1_CLK_ENABLE();
 109:Src/spi.c     **** 
 110:Src/spi.c     ****     __HAL_RCC_GPIOB_CLK_ENABLE();
 111:Src/spi.c     ****     /**SPI1 GPIO Configuration
 112:Src/spi.c     ****     PB3     ------> SPI1_SCK
 113:Src/spi.c     ****     PB4     ------> SPI1_MISO
 114:Src/spi.c     ****     PB5     ------> SPI1_MOSI
 115:Src/spi.c     ****     */
 116:Src/spi.c     ****     GPIO_InitStruct.Pin = GPIO_PIN_3|GPIO_PIN_4|GPIO_PIN_5;
 117:Src/spi.c     ****     GPIO_InitStruct.Mode = GPIO_MODE_AF_PP;
 118:Src/spi.c     ****     GPIO_InitStruct.Pull = GPIO_NOPULL;
 119:Src/spi.c     ****     GPIO_InitStruct.Speed = GPIO_SPEED_FREQ_VERY_HIGH;
 120:Src/spi.c     ****     GPIO_InitStruct.Alternate = GPIO_AF5_SPI1;
 121:Src/spi.c     ****     HAL_GPIO_Init(GPIOB, &GPIO_InitStruct);
 122:Src/spi.c     **** 
 123:Src/spi.c     ****   /* USER CODE BEGIN SPI1_MspInit 1 */
 124:Src/spi.c     **** 
 125:Src/spi.c     ****   /* USER CODE END SPI1_MspInit 1 */
 126:Src/spi.c     ****   }
 127:Src/spi.c     ****   else if(spiHandle->Instance==SPI2)
 309              		.loc 1 127 8 is_stmt 1 view .LVU100
 310              		.loc 1 127 10 is_stmt 0 view .LVU101
 311 0018 3A4A     		ldr	r2, .L27+4
 312 001a 9342     		cmp	r3, r2
 313 001c 28D0     		beq	.L25
 128:Src/spi.c     ****   {
 129:Src/spi.c     ****   /* USER CODE BEGIN SPI2_MspInit 0 */
 130:Src/spi.c     **** 
 131:Src/spi.c     ****   /* USER CODE END SPI2_MspInit 0 */
 132:Src/spi.c     ****     /* SPI2 clock enable */
 133:Src/spi.c     ****     __HAL_RCC_SPI2_CLK_ENABLE();
 134:Src/spi.c     **** 
 135:Src/spi.c     ****     __HAL_RCC_GPIOB_CLK_ENABLE();
 136:Src/spi.c     ****     /**SPI2 GPIO Configuration
 137:Src/spi.c     ****     PB10     ------> SPI2_SCK
 138:Src/spi.c     ****     PB14     ------> SPI2_MISO
 139:Src/spi.c     ****     PB15     ------> SPI2_MOSI
 140:Src/spi.c     ****     */
 141:Src/spi.c     ****     GPIO_InitStruct.Pin = GPIO_PIN_10|GPIO_PIN_14|GPIO_PIN_15;
 142:Src/spi.c     ****     GPIO_InitStruct.Mode = GPIO_MODE_AF_PP;
 143:Src/spi.c     ****     GPIO_InitStruct.Pull = GPIO_NOPULL;
 144:Src/spi.c     ****     GPIO_InitStruct.Speed = GPIO_SPEED_FREQ_VERY_HIGH;
 145:Src/spi.c     ****     GPIO_InitStruct.Alternate = GPIO_AF5_SPI2;
 146:Src/spi.c     ****     HAL_GPIO_Init(GPIOB, &GPIO_InitStruct);
 147:Src/spi.c     **** 
ARM GAS  /var/folders/k2/cd9bl_j17z77g23y6ffqb_400000gn/T//ccrlJvbd.s 			page 9


 148:Src/spi.c     ****   /* USER CODE BEGIN SPI2_MspInit 1 */
 149:Src/spi.c     **** 
 150:Src/spi.c     ****   /* USER CODE END SPI2_MspInit 1 */
 151:Src/spi.c     ****   }
 152:Src/spi.c     ****   else if(spiHandle->Instance==SPI3)
 314              		.loc 1 152 8 is_stmt 1 view .LVU102
 315              		.loc 1 152 10 is_stmt 0 view .LVU103
 316 001e 3A4A     		ldr	r2, .L27+8
 317 0020 9342     		cmp	r3, r2
 318 0022 49D0     		beq	.L26
 319              	.LVL7:
 320              	.L19:
 153:Src/spi.c     ****   {
 154:Src/spi.c     ****   /* USER CODE BEGIN SPI3_MspInit 0 */
 155:Src/spi.c     **** 
 156:Src/spi.c     ****   /* USER CODE END SPI3_MspInit 0 */
 157:Src/spi.c     ****     /* SPI3 clock enable */
 158:Src/spi.c     ****     __HAL_RCC_SPI3_CLK_ENABLE();
 159:Src/spi.c     **** 
 160:Src/spi.c     ****     __HAL_RCC_GPIOC_CLK_ENABLE();
 161:Src/spi.c     ****     /**SPI3 GPIO Configuration
 162:Src/spi.c     ****     PC10     ------> SPI3_SCK
 163:Src/spi.c     ****     PC11     ------> SPI3_MISO
 164:Src/spi.c     ****     PC12     ------> SPI3_MOSI
 165:Src/spi.c     ****     */
 166:Src/spi.c     ****     GPIO_InitStruct.Pin = GPIO_PIN_10|GPIO_PIN_11|GPIO_PIN_12;
 167:Src/spi.c     ****     GPIO_InitStruct.Mode = GPIO_MODE_AF_PP;
 168:Src/spi.c     ****     GPIO_InitStruct.Pull = GPIO_NOPULL;
 169:Src/spi.c     ****     GPIO_InitStruct.Speed = GPIO_SPEED_FREQ_VERY_HIGH;
 170:Src/spi.c     ****     GPIO_InitStruct.Alternate = GPIO_AF6_SPI3;
 171:Src/spi.c     ****     HAL_GPIO_Init(GPIOC, &GPIO_InitStruct);
 172:Src/spi.c     **** 
 173:Src/spi.c     ****   /* USER CODE BEGIN SPI3_MspInit 1 */
 174:Src/spi.c     **** 
 175:Src/spi.c     ****   /* USER CODE END SPI3_MspInit 1 */
 176:Src/spi.c     ****   }
 177:Src/spi.c     **** }
 321              		.loc 1 177 1 view .LVU104
 322 0024 0DB0     		add	sp, sp, #52
 323              	.LCFI5:
 324              		.cfi_remember_state
 325              		.cfi_def_cfa_offset 4
 326              		@ sp needed
 327 0026 5DF804FB 		ldr	pc, [sp], #4
 328              	.LVL8:
 329              	.L24:
 330              	.LCFI6:
 331              		.cfi_restore_state
 108:Src/spi.c     **** 
 332              		.loc 1 108 5 is_stmt 1 view .LVU105
 333              	.LBB2:
 108:Src/spi.c     **** 
 334              		.loc 1 108 5 view .LVU106
 335 002a 0021     		movs	r1, #0
 336 002c 0191     		str	r1, [sp, #4]
 108:Src/spi.c     **** 
 337              		.loc 1 108 5 view .LVU107
ARM GAS  /var/folders/k2/cd9bl_j17z77g23y6ffqb_400000gn/T//ccrlJvbd.s 			page 10


 338 002e 374B     		ldr	r3, .L27+12
 339 0030 5A6C     		ldr	r2, [r3, #68]
 340 0032 42F48052 		orr	r2, r2, #4096
 341 0036 5A64     		str	r2, [r3, #68]
 108:Src/spi.c     **** 
 342              		.loc 1 108 5 view .LVU108
 343 0038 5A6C     		ldr	r2, [r3, #68]
 344 003a 02F48052 		and	r2, r2, #4096
 345 003e 0192     		str	r2, [sp, #4]
 108:Src/spi.c     **** 
 346              		.loc 1 108 5 view .LVU109
 347 0040 019A     		ldr	r2, [sp, #4]
 348              	.LBE2:
 108:Src/spi.c     **** 
 349              		.loc 1 108 5 view .LVU110
 110:Src/spi.c     ****     /**SPI1 GPIO Configuration
 350              		.loc 1 110 5 view .LVU111
 351              	.LBB3:
 110:Src/spi.c     ****     /**SPI1 GPIO Configuration
 352              		.loc 1 110 5 view .LVU112
 353 0042 0291     		str	r1, [sp, #8]
 110:Src/spi.c     ****     /**SPI1 GPIO Configuration
 354              		.loc 1 110 5 view .LVU113
 355 0044 1A6B     		ldr	r2, [r3, #48]
 356 0046 42F00202 		orr	r2, r2, #2
 357 004a 1A63     		str	r2, [r3, #48]
 110:Src/spi.c     ****     /**SPI1 GPIO Configuration
 358              		.loc 1 110 5 view .LVU114
 359 004c 1B6B     		ldr	r3, [r3, #48]
 360 004e 03F00203 		and	r3, r3, #2
 361 0052 0293     		str	r3, [sp, #8]
 110:Src/spi.c     ****     /**SPI1 GPIO Configuration
 362              		.loc 1 110 5 view .LVU115
 363 0054 029B     		ldr	r3, [sp, #8]
 364              	.LBE3:
 110:Src/spi.c     ****     /**SPI1 GPIO Configuration
 365              		.loc 1 110 5 view .LVU116
 116:Src/spi.c     ****     GPIO_InitStruct.Mode = GPIO_MODE_AF_PP;
 366              		.loc 1 116 5 view .LVU117
 116:Src/spi.c     ****     GPIO_InitStruct.Mode = GPIO_MODE_AF_PP;
 367              		.loc 1 116 25 is_stmt 0 view .LVU118
 368 0056 3823     		movs	r3, #56
 369 0058 0793     		str	r3, [sp, #28]
 117:Src/spi.c     ****     GPIO_InitStruct.Pull = GPIO_NOPULL;
 370              		.loc 1 117 5 is_stmt 1 view .LVU119
 117:Src/spi.c     ****     GPIO_InitStruct.Pull = GPIO_NOPULL;
 371              		.loc 1 117 26 is_stmt 0 view .LVU120
 372 005a 0223     		movs	r3, #2
 373 005c 0893     		str	r3, [sp, #32]
 118:Src/spi.c     ****     GPIO_InitStruct.Speed = GPIO_SPEED_FREQ_VERY_HIGH;
 374              		.loc 1 118 5 is_stmt 1 view .LVU121
 119:Src/spi.c     ****     GPIO_InitStruct.Alternate = GPIO_AF5_SPI1;
 375              		.loc 1 119 5 view .LVU122
 119:Src/spi.c     ****     GPIO_InitStruct.Alternate = GPIO_AF5_SPI1;
 376              		.loc 1 119 27 is_stmt 0 view .LVU123
 377 005e 0323     		movs	r3, #3
 378 0060 0A93     		str	r3, [sp, #40]
ARM GAS  /var/folders/k2/cd9bl_j17z77g23y6ffqb_400000gn/T//ccrlJvbd.s 			page 11


 120:Src/spi.c     ****     HAL_GPIO_Init(GPIOB, &GPIO_InitStruct);
 379              		.loc 1 120 5 is_stmt 1 view .LVU124
 120:Src/spi.c     ****     HAL_GPIO_Init(GPIOB, &GPIO_InitStruct);
 380              		.loc 1 120 31 is_stmt 0 view .LVU125
 381 0062 0523     		movs	r3, #5
 382 0064 0B93     		str	r3, [sp, #44]
 121:Src/spi.c     **** 
 383              		.loc 1 121 5 is_stmt 1 view .LVU126
 384 0066 07A9     		add	r1, sp, #28
 385 0068 2948     		ldr	r0, .L27+16
 386              	.LVL9:
 121:Src/spi.c     **** 
 387              		.loc 1 121 5 is_stmt 0 view .LVU127
 388 006a FFF7FEFF 		bl	HAL_GPIO_Init
 389              	.LVL10:
 390 006e D9E7     		b	.L19
 391              	.LVL11:
 392              	.L25:
 133:Src/spi.c     **** 
 393              		.loc 1 133 5 is_stmt 1 view .LVU128
 394              	.LBB4:
 133:Src/spi.c     **** 
 395              		.loc 1 133 5 view .LVU129
 396 0070 0021     		movs	r1, #0
 397 0072 0391     		str	r1, [sp, #12]
 133:Src/spi.c     **** 
 398              		.loc 1 133 5 view .LVU130
 399 0074 254B     		ldr	r3, .L27+12
 400 0076 1A6C     		ldr	r2, [r3, #64]
 401 0078 42F48042 		orr	r2, r2, #16384
 402 007c 1A64     		str	r2, [r3, #64]
 133:Src/spi.c     **** 
 403              		.loc 1 133 5 view .LVU131
 404 007e 1A6C     		ldr	r2, [r3, #64]
 405 0080 02F48042 		and	r2, r2, #16384
 406 0084 0392     		str	r2, [sp, #12]
 133:Src/spi.c     **** 
 407              		.loc 1 133 5 view .LVU132
 408 0086 039A     		ldr	r2, [sp, #12]
 409              	.LBE4:
 133:Src/spi.c     **** 
 410              		.loc 1 133 5 view .LVU133
 135:Src/spi.c     ****     /**SPI2 GPIO Configuration
 411              		.loc 1 135 5 view .LVU134
 412              	.LBB5:
 135:Src/spi.c     ****     /**SPI2 GPIO Configuration
 413              		.loc 1 135 5 view .LVU135
 414 0088 0491     		str	r1, [sp, #16]
 135:Src/spi.c     ****     /**SPI2 GPIO Configuration
 415              		.loc 1 135 5 view .LVU136
 416 008a 1A6B     		ldr	r2, [r3, #48]
 417 008c 42F00202 		orr	r2, r2, #2
 418 0090 1A63     		str	r2, [r3, #48]
 135:Src/spi.c     ****     /**SPI2 GPIO Configuration
 419              		.loc 1 135 5 view .LVU137
 420 0092 1B6B     		ldr	r3, [r3, #48]
 421 0094 03F00203 		and	r3, r3, #2
ARM GAS  /var/folders/k2/cd9bl_j17z77g23y6ffqb_400000gn/T//ccrlJvbd.s 			page 12


 422 0098 0493     		str	r3, [sp, #16]
 135:Src/spi.c     ****     /**SPI2 GPIO Configuration
 423              		.loc 1 135 5 view .LVU138
 424 009a 049B     		ldr	r3, [sp, #16]
 425              	.LBE5:
 135:Src/spi.c     ****     /**SPI2 GPIO Configuration
 426              		.loc 1 135 5 view .LVU139
 141:Src/spi.c     ****     GPIO_InitStruct.Mode = GPIO_MODE_AF_PP;
 427              		.loc 1 141 5 view .LVU140
 141:Src/spi.c     ****     GPIO_InitStruct.Mode = GPIO_MODE_AF_PP;
 428              		.loc 1 141 25 is_stmt 0 view .LVU141
 429 009c 4FF44443 		mov	r3, #50176
 430 00a0 0793     		str	r3, [sp, #28]
 142:Src/spi.c     ****     GPIO_InitStruct.Pull = GPIO_NOPULL;
 431              		.loc 1 142 5 is_stmt 1 view .LVU142
 142:Src/spi.c     ****     GPIO_InitStruct.Pull = GPIO_NOPULL;
 432              		.loc 1 142 26 is_stmt 0 view .LVU143
 433 00a2 0223     		movs	r3, #2
 434 00a4 0893     		str	r3, [sp, #32]
 143:Src/spi.c     ****     GPIO_InitStruct.Speed = GPIO_SPEED_FREQ_VERY_HIGH;
 435              		.loc 1 143 5 is_stmt 1 view .LVU144
 144:Src/spi.c     ****     GPIO_InitStruct.Alternate = GPIO_AF5_SPI2;
 436              		.loc 1 144 5 view .LVU145
 144:Src/spi.c     ****     GPIO_InitStruct.Alternate = GPIO_AF5_SPI2;
 437              		.loc 1 144 27 is_stmt 0 view .LVU146
 438 00a6 0323     		movs	r3, #3
 439 00a8 0A93     		str	r3, [sp, #40]
 145:Src/spi.c     ****     HAL_GPIO_Init(GPIOB, &GPIO_InitStruct);
 440              		.loc 1 145 5 is_stmt 1 view .LVU147
 145:Src/spi.c     ****     HAL_GPIO_Init(GPIOB, &GPIO_InitStruct);
 441              		.loc 1 145 31 is_stmt 0 view .LVU148
 442 00aa 0523     		movs	r3, #5
 443 00ac 0B93     		str	r3, [sp, #44]
 146:Src/spi.c     **** 
 444              		.loc 1 146 5 is_stmt 1 view .LVU149
 445 00ae 07A9     		add	r1, sp, #28
 446 00b0 1748     		ldr	r0, .L27+16
 447              	.LVL12:
 146:Src/spi.c     **** 
 448              		.loc 1 146 5 is_stmt 0 view .LVU150
 449 00b2 FFF7FEFF 		bl	HAL_GPIO_Init
 450              	.LVL13:
 451 00b6 B5E7     		b	.L19
 452              	.LVL14:
 453              	.L26:
 158:Src/spi.c     **** 
 454              		.loc 1 158 5 is_stmt 1 view .LVU151
 455              	.LBB6:
 158:Src/spi.c     **** 
 456              		.loc 1 158 5 view .LVU152
 457 00b8 0021     		movs	r1, #0
 458 00ba 0591     		str	r1, [sp, #20]
 158:Src/spi.c     **** 
 459              		.loc 1 158 5 view .LVU153
 460 00bc 134B     		ldr	r3, .L27+12
 461 00be 1A6C     		ldr	r2, [r3, #64]
 462 00c0 42F40042 		orr	r2, r2, #32768
ARM GAS  /var/folders/k2/cd9bl_j17z77g23y6ffqb_400000gn/T//ccrlJvbd.s 			page 13


 463 00c4 1A64     		str	r2, [r3, #64]
 158:Src/spi.c     **** 
 464              		.loc 1 158 5 view .LVU154
 465 00c6 1A6C     		ldr	r2, [r3, #64]
 466 00c8 02F40042 		and	r2, r2, #32768
 467 00cc 0592     		str	r2, [sp, #20]
 158:Src/spi.c     **** 
 468              		.loc 1 158 5 view .LVU155
 469 00ce 059A     		ldr	r2, [sp, #20]
 470              	.LBE6:
 158:Src/spi.c     **** 
 471              		.loc 1 158 5 view .LVU156
 160:Src/spi.c     ****     /**SPI3 GPIO Configuration
 472              		.loc 1 160 5 view .LVU157
 473              	.LBB7:
 160:Src/spi.c     ****     /**SPI3 GPIO Configuration
 474              		.loc 1 160 5 view .LVU158
 475 00d0 0691     		str	r1, [sp, #24]
 160:Src/spi.c     ****     /**SPI3 GPIO Configuration
 476              		.loc 1 160 5 view .LVU159
 477 00d2 1A6B     		ldr	r2, [r3, #48]
 478 00d4 42F00402 		orr	r2, r2, #4
 479 00d8 1A63     		str	r2, [r3, #48]
 160:Src/spi.c     ****     /**SPI3 GPIO Configuration
 480              		.loc 1 160 5 view .LVU160
 481 00da 1B6B     		ldr	r3, [r3, #48]
 482 00dc 03F00403 		and	r3, r3, #4
 483 00e0 0693     		str	r3, [sp, #24]
 160:Src/spi.c     ****     /**SPI3 GPIO Configuration
 484              		.loc 1 160 5 view .LVU161
 485 00e2 069B     		ldr	r3, [sp, #24]
 486              	.LBE7:
 160:Src/spi.c     ****     /**SPI3 GPIO Configuration
 487              		.loc 1 160 5 view .LVU162
 166:Src/spi.c     ****     GPIO_InitStruct.Mode = GPIO_MODE_AF_PP;
 488              		.loc 1 166 5 view .LVU163
 166:Src/spi.c     ****     GPIO_InitStruct.Mode = GPIO_MODE_AF_PP;
 489              		.loc 1 166 25 is_stmt 0 view .LVU164
 490 00e4 4FF4E053 		mov	r3, #7168
 491 00e8 0793     		str	r3, [sp, #28]
 167:Src/spi.c     ****     GPIO_InitStruct.Pull = GPIO_NOPULL;
 492              		.loc 1 167 5 is_stmt 1 view .LVU165
 167:Src/spi.c     ****     GPIO_InitStruct.Pull = GPIO_NOPULL;
 493              		.loc 1 167 26 is_stmt 0 view .LVU166
 494 00ea 0223     		movs	r3, #2
 495 00ec 0893     		str	r3, [sp, #32]
 168:Src/spi.c     ****     GPIO_InitStruct.Speed = GPIO_SPEED_FREQ_VERY_HIGH;
 496              		.loc 1 168 5 is_stmt 1 view .LVU167
 169:Src/spi.c     ****     GPIO_InitStruct.Alternate = GPIO_AF6_SPI3;
 497              		.loc 1 169 5 view .LVU168
 169:Src/spi.c     ****     GPIO_InitStruct.Alternate = GPIO_AF6_SPI3;
 498              		.loc 1 169 27 is_stmt 0 view .LVU169
 499 00ee 0323     		movs	r3, #3
 500 00f0 0A93     		str	r3, [sp, #40]
 170:Src/spi.c     ****     HAL_GPIO_Init(GPIOC, &GPIO_InitStruct);
 501              		.loc 1 170 5 is_stmt 1 view .LVU170
 170:Src/spi.c     ****     HAL_GPIO_Init(GPIOC, &GPIO_InitStruct);
ARM GAS  /var/folders/k2/cd9bl_j17z77g23y6ffqb_400000gn/T//ccrlJvbd.s 			page 14


 502              		.loc 1 170 31 is_stmt 0 view .LVU171
 503 00f2 0623     		movs	r3, #6
 504 00f4 0B93     		str	r3, [sp, #44]
 171:Src/spi.c     **** 
 505              		.loc 1 171 5 is_stmt 1 view .LVU172
 506 00f6 07A9     		add	r1, sp, #28
 507 00f8 0648     		ldr	r0, .L27+20
 508              	.LVL15:
 171:Src/spi.c     **** 
 509              		.loc 1 171 5 is_stmt 0 view .LVU173
 510 00fa FFF7FEFF 		bl	HAL_GPIO_Init
 511              	.LVL16:
 512              		.loc 1 177 1 view .LVU174
 513 00fe 91E7     		b	.L19
 514              	.L28:
 515              		.align	2
 516              	.L27:
 517 0100 00300140 		.word	1073819648
 518 0104 00380040 		.word	1073756160
 519 0108 003C0040 		.word	1073757184
 520 010c 00380240 		.word	1073887232
 521 0110 00040240 		.word	1073873920
 522 0114 00080240 		.word	1073874944
 523              		.cfi_endproc
 524              	.LFE133:
 526              		.section	.text.HAL_SPI_MspDeInit,"ax",%progbits
 527              		.align	1
 528              		.global	HAL_SPI_MspDeInit
 529              		.syntax unified
 530              		.thumb
 531              		.thumb_func
 532              		.fpu fpv4-sp-d16
 534              	HAL_SPI_MspDeInit:
 535              	.LVL17:
 536              	.LFB134:
 178:Src/spi.c     **** 
 179:Src/spi.c     **** void HAL_SPI_MspDeInit(SPI_HandleTypeDef* spiHandle)
 180:Src/spi.c     **** {
 537              		.loc 1 180 1 is_stmt 1 view -0
 538              		.cfi_startproc
 539              		@ args = 0, pretend = 0, frame = 0
 540              		@ frame_needed = 0, uses_anonymous_args = 0
 541              		.loc 1 180 1 is_stmt 0 view .LVU176
 542 0000 08B5     		push	{r3, lr}
 543              	.LCFI7:
 544              		.cfi_def_cfa_offset 8
 545              		.cfi_offset 3, -8
 546              		.cfi_offset 14, -4
 181:Src/spi.c     **** 
 182:Src/spi.c     ****   if(spiHandle->Instance==SPI1)
 547              		.loc 1 182 3 is_stmt 1 view .LVU177
 548              		.loc 1 182 15 is_stmt 0 view .LVU178
 549 0002 0368     		ldr	r3, [r0]
 550              		.loc 1 182 5 view .LVU179
 551 0004 164A     		ldr	r2, .L37
 552 0006 9342     		cmp	r3, r2
 553 0008 06D0     		beq	.L34
ARM GAS  /var/folders/k2/cd9bl_j17z77g23y6ffqb_400000gn/T//ccrlJvbd.s 			page 15


 183:Src/spi.c     ****   {
 184:Src/spi.c     ****   /* USER CODE BEGIN SPI1_MspDeInit 0 */
 185:Src/spi.c     **** 
 186:Src/spi.c     ****   /* USER CODE END SPI1_MspDeInit 0 */
 187:Src/spi.c     ****     /* Peripheral clock disable */
 188:Src/spi.c     ****     __HAL_RCC_SPI1_CLK_DISABLE();
 189:Src/spi.c     **** 
 190:Src/spi.c     ****     /**SPI1 GPIO Configuration
 191:Src/spi.c     ****     PB3     ------> SPI1_SCK
 192:Src/spi.c     ****     PB4     ------> SPI1_MISO
 193:Src/spi.c     ****     PB5     ------> SPI1_MOSI
 194:Src/spi.c     ****     */
 195:Src/spi.c     ****     HAL_GPIO_DeInit(GPIOB, GPIO_PIN_3|GPIO_PIN_4|GPIO_PIN_5);
 196:Src/spi.c     **** 
 197:Src/spi.c     ****   /* USER CODE BEGIN SPI1_MspDeInit 1 */
 198:Src/spi.c     **** 
 199:Src/spi.c     ****   /* USER CODE END SPI1_MspDeInit 1 */
 200:Src/spi.c     ****   }
 201:Src/spi.c     ****   else if(spiHandle->Instance==SPI2)
 554              		.loc 1 201 8 is_stmt 1 view .LVU180
 555              		.loc 1 201 10 is_stmt 0 view .LVU181
 556 000a 164A     		ldr	r2, .L37+4
 557 000c 9342     		cmp	r3, r2
 558 000e 0ED0     		beq	.L35
 202:Src/spi.c     ****   {
 203:Src/spi.c     ****   /* USER CODE BEGIN SPI2_MspDeInit 0 */
 204:Src/spi.c     **** 
 205:Src/spi.c     ****   /* USER CODE END SPI2_MspDeInit 0 */
 206:Src/spi.c     ****     /* Peripheral clock disable */
 207:Src/spi.c     ****     __HAL_RCC_SPI2_CLK_DISABLE();
 208:Src/spi.c     **** 
 209:Src/spi.c     ****     /**SPI2 GPIO Configuration
 210:Src/spi.c     ****     PB10     ------> SPI2_SCK
 211:Src/spi.c     ****     PB14     ------> SPI2_MISO
 212:Src/spi.c     ****     PB15     ------> SPI2_MOSI
 213:Src/spi.c     ****     */
 214:Src/spi.c     ****     HAL_GPIO_DeInit(GPIOB, GPIO_PIN_10|GPIO_PIN_14|GPIO_PIN_15);
 215:Src/spi.c     **** 
 216:Src/spi.c     ****   /* USER CODE BEGIN SPI2_MspDeInit 1 */
 217:Src/spi.c     **** 
 218:Src/spi.c     ****   /* USER CODE END SPI2_MspDeInit 1 */
 219:Src/spi.c     ****   }
 220:Src/spi.c     ****   else if(spiHandle->Instance==SPI3)
 559              		.loc 1 220 8 is_stmt 1 view .LVU182
 560              		.loc 1 220 10 is_stmt 0 view .LVU183
 561 0010 154A     		ldr	r2, .L37+8
 562 0012 9342     		cmp	r3, r2
 563 0014 17D0     		beq	.L36
 564              	.LVL18:
 565              	.L29:
 221:Src/spi.c     ****   {
 222:Src/spi.c     ****   /* USER CODE BEGIN SPI3_MspDeInit 0 */
 223:Src/spi.c     **** 
 224:Src/spi.c     ****   /* USER CODE END SPI3_MspDeInit 0 */
 225:Src/spi.c     ****     /* Peripheral clock disable */
 226:Src/spi.c     ****     __HAL_RCC_SPI3_CLK_DISABLE();
 227:Src/spi.c     **** 
ARM GAS  /var/folders/k2/cd9bl_j17z77g23y6ffqb_400000gn/T//ccrlJvbd.s 			page 16


 228:Src/spi.c     ****     /**SPI3 GPIO Configuration
 229:Src/spi.c     ****     PC10     ------> SPI3_SCK
 230:Src/spi.c     ****     PC11     ------> SPI3_MISO
 231:Src/spi.c     ****     PC12     ------> SPI3_MOSI
 232:Src/spi.c     ****     */
 233:Src/spi.c     ****     HAL_GPIO_DeInit(GPIOC, GPIO_PIN_10|GPIO_PIN_11|GPIO_PIN_12);
 234:Src/spi.c     **** 
 235:Src/spi.c     ****   /* USER CODE BEGIN SPI3_MspDeInit 1 */
 236:Src/spi.c     **** 
 237:Src/spi.c     ****   /* USER CODE END SPI3_MspDeInit 1 */
 238:Src/spi.c     ****   }
 239:Src/spi.c     **** }
 566              		.loc 1 239 1 view .LVU184
 567 0016 08BD     		pop	{r3, pc}
 568              	.LVL19:
 569              	.L34:
 188:Src/spi.c     **** 
 570              		.loc 1 188 5 is_stmt 1 view .LVU185
 571 0018 02F58432 		add	r2, r2, #67584
 572 001c 536C     		ldr	r3, [r2, #68]
 573 001e 23F48053 		bic	r3, r3, #4096
 574 0022 5364     		str	r3, [r2, #68]
 195:Src/spi.c     **** 
 575              		.loc 1 195 5 view .LVU186
 576 0024 3821     		movs	r1, #56
 577 0026 1148     		ldr	r0, .L37+12
 578              	.LVL20:
 195:Src/spi.c     **** 
 579              		.loc 1 195 5 is_stmt 0 view .LVU187
 580 0028 FFF7FEFF 		bl	HAL_GPIO_DeInit
 581              	.LVL21:
 582 002c F3E7     		b	.L29
 583              	.LVL22:
 584              	.L35:
 207:Src/spi.c     **** 
 585              		.loc 1 207 5 is_stmt 1 view .LVU188
 586 002e 02F50032 		add	r2, r2, #131072
 587 0032 136C     		ldr	r3, [r2, #64]
 588 0034 23F48043 		bic	r3, r3, #16384
 589 0038 1364     		str	r3, [r2, #64]
 214:Src/spi.c     **** 
 590              		.loc 1 214 5 view .LVU189
 591 003a 4FF44441 		mov	r1, #50176
 592 003e 0B48     		ldr	r0, .L37+12
 593              	.LVL23:
 214:Src/spi.c     **** 
 594              		.loc 1 214 5 is_stmt 0 view .LVU190
 595 0040 FFF7FEFF 		bl	HAL_GPIO_DeInit
 596              	.LVL24:
 597 0044 E7E7     		b	.L29
 598              	.LVL25:
 599              	.L36:
 226:Src/spi.c     **** 
 600              		.loc 1 226 5 is_stmt 1 view .LVU191
 601 0046 02F5FE32 		add	r2, r2, #130048
 602 004a 136C     		ldr	r3, [r2, #64]
 603 004c 23F40043 		bic	r3, r3, #32768
ARM GAS  /var/folders/k2/cd9bl_j17z77g23y6ffqb_400000gn/T//ccrlJvbd.s 			page 17


 604 0050 1364     		str	r3, [r2, #64]
 233:Src/spi.c     **** 
 605              		.loc 1 233 5 view .LVU192
 606 0052 4FF4E051 		mov	r1, #7168
 607 0056 0648     		ldr	r0, .L37+16
 608              	.LVL26:
 233:Src/spi.c     **** 
 609              		.loc 1 233 5 is_stmt 0 view .LVU193
 610 0058 FFF7FEFF 		bl	HAL_GPIO_DeInit
 611              	.LVL27:
 612              		.loc 1 239 1 view .LVU194
 613 005c DBE7     		b	.L29
 614              	.L38:
 615 005e 00BF     		.align	2
 616              	.L37:
 617 0060 00300140 		.word	1073819648
 618 0064 00380040 		.word	1073756160
 619 0068 003C0040 		.word	1073757184
 620 006c 00040240 		.word	1073873920
 621 0070 00080240 		.word	1073874944
 622              		.cfi_endproc
 623              	.LFE134:
 625              		.global	hspi3
 626              		.global	hspi2
 627              		.global	hspi1
 628              		.section	.bss.hspi1,"aw",%nobits
 629              		.align	2
 630              		.set	.LANCHOR0,. + 0
 633              	hspi1:
 634 0000 00000000 		.space	88
 634      00000000 
 634      00000000 
 634      00000000 
 634      00000000 
 635              		.section	.bss.hspi2,"aw",%nobits
 636              		.align	2
 637              		.set	.LANCHOR1,. + 0
 640              	hspi2:
 641 0000 00000000 		.space	88
 641      00000000 
 641      00000000 
 641      00000000 
 641      00000000 
 642              		.section	.bss.hspi3,"aw",%nobits
 643              		.align	2
 644              		.set	.LANCHOR2,. + 0
 647              	hspi3:
 648 0000 00000000 		.space	88
 648      00000000 
 648      00000000 
 648      00000000 
 648      00000000 
 649              		.text
 650              	.Letext0:
 651              		.file 2 "/Users/nhantt/tools/stm32/gcc-arm-none-eabi-10-2020-q4-major/arm-none-eabi/include/machin
 652              		.file 3 "/Users/nhantt/tools/stm32/gcc-arm-none-eabi-10-2020-q4-major/arm-none-eabi/include/sys/_s
 653              		.file 4 "/Users/nhantt/STM32Cube/Repository/STM32Cube_FW_F4_V1.26.0/Drivers/CMSIS/Device/ST/STM32F
ARM GAS  /var/folders/k2/cd9bl_j17z77g23y6ffqb_400000gn/T//ccrlJvbd.s 			page 18


 654              		.file 5 "/Users/nhantt/STM32Cube/Repository/STM32Cube_FW_F4_V1.26.0/Drivers/STM32F4xx_HAL_Driver/I
 655              		.file 6 "/Users/nhantt/STM32Cube/Repository/STM32Cube_FW_F4_V1.26.0/Drivers/STM32F4xx_HAL_Driver/I
 656              		.file 7 "/Users/nhantt/STM32Cube/Repository/STM32Cube_FW_F4_V1.26.0/Drivers/STM32F4xx_HAL_Driver/I
 657              		.file 8 "/Users/nhantt/STM32Cube/Repository/STM32Cube_FW_F4_V1.26.0/Drivers/STM32F4xx_HAL_Driver/I
 658              		.file 9 "Inc/spi.h"
 659              		.file 10 "Inc/main.h"
ARM GAS  /var/folders/k2/cd9bl_j17z77g23y6ffqb_400000gn/T//ccrlJvbd.s 			page 19


DEFINED SYMBOLS
                            *ABS*:0000000000000000 spi.c
/var/folders/k2/cd9bl_j17z77g23y6ffqb_400000gn/T//ccrlJvbd.s:18     .text.MX_SPI1_Init:0000000000000000 $t
/var/folders/k2/cd9bl_j17z77g23y6ffqb_400000gn/T//ccrlJvbd.s:26     .text.MX_SPI1_Init:0000000000000000 MX_SPI1_Init
/var/folders/k2/cd9bl_j17z77g23y6ffqb_400000gn/T//ccrlJvbd.s:98     .text.MX_SPI1_Init:0000000000000038 $d
/var/folders/k2/cd9bl_j17z77g23y6ffqb_400000gn/T//ccrlJvbd.s:104    .text.MX_SPI2_Init:0000000000000000 $t
/var/folders/k2/cd9bl_j17z77g23y6ffqb_400000gn/T//ccrlJvbd.s:111    .text.MX_SPI2_Init:0000000000000000 MX_SPI2_Init
/var/folders/k2/cd9bl_j17z77g23y6ffqb_400000gn/T//ccrlJvbd.s:182    .text.MX_SPI2_Init:0000000000000038 $d
/var/folders/k2/cd9bl_j17z77g23y6ffqb_400000gn/T//ccrlJvbd.s:188    .text.MX_SPI3_Init:0000000000000000 $t
/var/folders/k2/cd9bl_j17z77g23y6ffqb_400000gn/T//ccrlJvbd.s:195    .text.MX_SPI3_Init:0000000000000000 MX_SPI3_Init
/var/folders/k2/cd9bl_j17z77g23y6ffqb_400000gn/T//ccrlJvbd.s:266    .text.MX_SPI3_Init:0000000000000038 $d
/var/folders/k2/cd9bl_j17z77g23y6ffqb_400000gn/T//ccrlJvbd.s:272    .text.HAL_SPI_MspInit:0000000000000000 $t
/var/folders/k2/cd9bl_j17z77g23y6ffqb_400000gn/T//ccrlJvbd.s:279    .text.HAL_SPI_MspInit:0000000000000000 HAL_SPI_MspInit
/var/folders/k2/cd9bl_j17z77g23y6ffqb_400000gn/T//ccrlJvbd.s:517    .text.HAL_SPI_MspInit:0000000000000100 $d
/var/folders/k2/cd9bl_j17z77g23y6ffqb_400000gn/T//ccrlJvbd.s:527    .text.HAL_SPI_MspDeInit:0000000000000000 $t
/var/folders/k2/cd9bl_j17z77g23y6ffqb_400000gn/T//ccrlJvbd.s:534    .text.HAL_SPI_MspDeInit:0000000000000000 HAL_SPI_MspDeInit
/var/folders/k2/cd9bl_j17z77g23y6ffqb_400000gn/T//ccrlJvbd.s:617    .text.HAL_SPI_MspDeInit:0000000000000060 $d
/var/folders/k2/cd9bl_j17z77g23y6ffqb_400000gn/T//ccrlJvbd.s:647    .bss.hspi3:0000000000000000 hspi3
/var/folders/k2/cd9bl_j17z77g23y6ffqb_400000gn/T//ccrlJvbd.s:640    .bss.hspi2:0000000000000000 hspi2
/var/folders/k2/cd9bl_j17z77g23y6ffqb_400000gn/T//ccrlJvbd.s:633    .bss.hspi1:0000000000000000 hspi1
/var/folders/k2/cd9bl_j17z77g23y6ffqb_400000gn/T//ccrlJvbd.s:629    .bss.hspi1:0000000000000000 $d
/var/folders/k2/cd9bl_j17z77g23y6ffqb_400000gn/T//ccrlJvbd.s:636    .bss.hspi2:0000000000000000 $d
/var/folders/k2/cd9bl_j17z77g23y6ffqb_400000gn/T//ccrlJvbd.s:643    .bss.hspi3:0000000000000000 $d

UNDEFINED SYMBOLS
HAL_SPI_Init
Error_Handler
HAL_GPIO_Init
HAL_GPIO_DeInit
