ARM GAS  C:\Users\BLACK_~1\AppData\Local\Temp\ccpCTeU7.s 			page 1


   1              		.cpu cortex-m4
   2              		.arch armv7e-m
   3              		.fpu fpv4-sp-d16
   4              		.eabi_attribute 27, 1
   5              		.eabi_attribute 28, 1
   6              		.eabi_attribute 20, 1
   7              		.eabi_attribute 21, 1
   8              		.eabi_attribute 23, 3
   9              		.eabi_attribute 24, 1
  10              		.eabi_attribute 25, 1
  11              		.eabi_attribute 26, 1
  12              		.eabi_attribute 30, 1
  13              		.eabi_attribute 34, 1
  14              		.eabi_attribute 18, 4
  15              		.file	"stm32f4xx_it.c"
  16              		.text
  17              	.Ltext0:
  18              		.cfi_sections	.debug_frame
  19              		.section	.text.NMI_Handler,"ax",%progbits
  20              		.align	1
  21              		.global	NMI_Handler
  22              		.syntax unified
  23              		.thumb
  24              		.thumb_func
  26              	NMI_Handler:
  27              	.LFB130:
  28              		.file 1 "Src/stm32f4xx_it.c"
   1:Src/stm32f4xx_it.c **** /* USER CODE BEGIN Header */
   2:Src/stm32f4xx_it.c **** /**
   3:Src/stm32f4xx_it.c ****   ******************************************************************************
   4:Src/stm32f4xx_it.c ****   * @file    stm32f4xx_it.c
   5:Src/stm32f4xx_it.c ****   * @brief   Interrupt Service Routines.
   6:Src/stm32f4xx_it.c ****   ******************************************************************************
   7:Src/stm32f4xx_it.c ****   * @attention
   8:Src/stm32f4xx_it.c ****   *
   9:Src/stm32f4xx_it.c ****   * <h2><center>&copy; Copyright (c) 2021 STMicroelectronics.
  10:Src/stm32f4xx_it.c ****   * All rights reserved.</center></h2>
  11:Src/stm32f4xx_it.c ****   *
  12:Src/stm32f4xx_it.c ****   * This software component is licensed by ST under Ultimate Liberty license
  13:Src/stm32f4xx_it.c ****   * SLA0044, the "License"; You may not use this file except in compliance with
  14:Src/stm32f4xx_it.c ****   * the License. You may obtain a copy of the License at:
  15:Src/stm32f4xx_it.c ****   *                             www.st.com/SLA0044
  16:Src/stm32f4xx_it.c ****   *
  17:Src/stm32f4xx_it.c ****   ******************************************************************************
  18:Src/stm32f4xx_it.c ****   */
  19:Src/stm32f4xx_it.c **** /* USER CODE END Header */
  20:Src/stm32f4xx_it.c **** 
  21:Src/stm32f4xx_it.c **** /* Includes ------------------------------------------------------------------*/
  22:Src/stm32f4xx_it.c **** #include "main.h"
  23:Src/stm32f4xx_it.c **** #include "stm32f4xx_it.h"
  24:Src/stm32f4xx_it.c **** #include "dma.h"
  25:Src/stm32f4xx_it.c **** /* Private includes ----------------------------------------------------------*/
  26:Src/stm32f4xx_it.c **** /* USER CODE BEGIN Includes */
  27:Src/stm32f4xx_it.c **** /* USER CODE END Includes */
  28:Src/stm32f4xx_it.c **** 
  29:Src/stm32f4xx_it.c **** /* Private typedef -----------------------------------------------------------*/
  30:Src/stm32f4xx_it.c **** /* USER CODE BEGIN TD */
ARM GAS  C:\Users\BLACK_~1\AppData\Local\Temp\ccpCTeU7.s 			page 2


  31:Src/stm32f4xx_it.c **** 
  32:Src/stm32f4xx_it.c **** /* USER CODE END TD */
  33:Src/stm32f4xx_it.c **** 
  34:Src/stm32f4xx_it.c **** /* Private define ------------------------------------------------------------*/
  35:Src/stm32f4xx_it.c **** /* USER CODE BEGIN PD */
  36:Src/stm32f4xx_it.c **** 
  37:Src/stm32f4xx_it.c **** /* USER CODE END PD */
  38:Src/stm32f4xx_it.c **** 
  39:Src/stm32f4xx_it.c **** /* Private macro -------------------------------------------------------------*/
  40:Src/stm32f4xx_it.c **** /* USER CODE BEGIN PM */
  41:Src/stm32f4xx_it.c **** 
  42:Src/stm32f4xx_it.c **** /* USER CODE END PM */
  43:Src/stm32f4xx_it.c **** 
  44:Src/stm32f4xx_it.c **** /* Private variables ---------------------------------------------------------*/
  45:Src/stm32f4xx_it.c **** /* USER CODE BEGIN PV */
  46:Src/stm32f4xx_it.c **** 
  47:Src/stm32f4xx_it.c **** /* USER CODE END PV */
  48:Src/stm32f4xx_it.c **** 
  49:Src/stm32f4xx_it.c **** /* Private function prototypes -----------------------------------------------*/
  50:Src/stm32f4xx_it.c **** /* USER CODE BEGIN PFP */
  51:Src/stm32f4xx_it.c **** 
  52:Src/stm32f4xx_it.c **** /* USER CODE END PFP */
  53:Src/stm32f4xx_it.c **** 
  54:Src/stm32f4xx_it.c **** /* Private user code ---------------------------------------------------------*/
  55:Src/stm32f4xx_it.c **** /* USER CODE BEGIN 0 */
  56:Src/stm32f4xx_it.c **** 
  57:Src/stm32f4xx_it.c **** /* USER CODE END 0 */
  58:Src/stm32f4xx_it.c **** 
  59:Src/stm32f4xx_it.c **** /* External variables --------------------------------------------------------*/
  60:Src/stm32f4xx_it.c **** extern PCD_HandleTypeDef hpcd_USB_OTG_FS;
  61:Src/stm32f4xx_it.c **** /* USER CODE BEGIN EV */
  62:Src/stm32f4xx_it.c **** 
  63:Src/stm32f4xx_it.c **** /* USER CODE END EV */
  64:Src/stm32f4xx_it.c **** 
  65:Src/stm32f4xx_it.c **** /******************************************************************************/
  66:Src/stm32f4xx_it.c **** /*           Cortex-M4 Processor Interruption and Exception Handlers          */
  67:Src/stm32f4xx_it.c **** /******************************************************************************/
  68:Src/stm32f4xx_it.c **** /**
  69:Src/stm32f4xx_it.c ****   * @brief This function handles Non maskable interrupt.
  70:Src/stm32f4xx_it.c ****   */
  71:Src/stm32f4xx_it.c **** void NMI_Handler(void)
  72:Src/stm32f4xx_it.c **** {
  29              		.loc 1 72 1 view -0
  30              		.cfi_startproc
  31              		@ Volatile: function does not return.
  32              		@ args = 0, pretend = 0, frame = 0
  33              		@ frame_needed = 0, uses_anonymous_args = 0
  34              		@ link register save eliminated.
  35              	.L2:
  73:Src/stm32f4xx_it.c ****   /* USER CODE BEGIN NonMaskableInt_IRQn 0 */
  74:Src/stm32f4xx_it.c **** 
  75:Src/stm32f4xx_it.c ****   /* USER CODE END NonMaskableInt_IRQn 0 */
  76:Src/stm32f4xx_it.c ****   /* USER CODE BEGIN NonMaskableInt_IRQn 1 */
  77:Src/stm32f4xx_it.c ****   while (1)
  36              		.loc 1 77 3 discriminator 1 view .LVU1
  78:Src/stm32f4xx_it.c ****   {
  79:Src/stm32f4xx_it.c ****   }
ARM GAS  C:\Users\BLACK_~1\AppData\Local\Temp\ccpCTeU7.s 			page 3


  37              		.loc 1 79 3 discriminator 1 view .LVU2
  77:Src/stm32f4xx_it.c ****   {
  38              		.loc 1 77 9 discriminator 1 view .LVU3
  39 0000 FEE7     		b	.L2
  40              		.cfi_endproc
  41              	.LFE130:
  43              		.section	.text.HardFault_Handler,"ax",%progbits
  44              		.align	1
  45              		.global	HardFault_Handler
  46              		.syntax unified
  47              		.thumb
  48              		.thumb_func
  50              	HardFault_Handler:
  51              	.LFB131:
  80:Src/stm32f4xx_it.c ****   /* USER CODE END NonMaskableInt_IRQn 1 */
  81:Src/stm32f4xx_it.c **** }
  82:Src/stm32f4xx_it.c **** 
  83:Src/stm32f4xx_it.c **** /**
  84:Src/stm32f4xx_it.c ****   * @brief This function handles Hard fault interrupt.
  85:Src/stm32f4xx_it.c ****   */
  86:Src/stm32f4xx_it.c **** void HardFault_Handler(void)
  87:Src/stm32f4xx_it.c **** {
  52              		.loc 1 87 1 view -0
  53              		.cfi_startproc
  54              		@ Volatile: function does not return.
  55              		@ args = 0, pretend = 0, frame = 0
  56              		@ frame_needed = 0, uses_anonymous_args = 0
  57              		@ link register save eliminated.
  58              	.L4:
  88:Src/stm32f4xx_it.c ****   /* USER CODE BEGIN HardFault_IRQn 0 */
  89:Src/stm32f4xx_it.c **** 
  90:Src/stm32f4xx_it.c ****   /* USER CODE END HardFault_IRQn 0 */
  91:Src/stm32f4xx_it.c ****   while (1)
  59              		.loc 1 91 3 discriminator 1 view .LVU5
  92:Src/stm32f4xx_it.c ****   {
  93:Src/stm32f4xx_it.c ****     /* USER CODE BEGIN W1_HardFault_IRQn 0 */
  94:Src/stm32f4xx_it.c ****     /* USER CODE END W1_HardFault_IRQn 0 */
  95:Src/stm32f4xx_it.c ****   }
  60              		.loc 1 95 3 discriminator 1 view .LVU6
  91:Src/stm32f4xx_it.c ****   {
  61              		.loc 1 91 9 discriminator 1 view .LVU7
  62 0000 FEE7     		b	.L4
  63              		.cfi_endproc
  64              	.LFE131:
  66              		.section	.text.MemManage_Handler,"ax",%progbits
  67              		.align	1
  68              		.global	MemManage_Handler
  69              		.syntax unified
  70              		.thumb
  71              		.thumb_func
  73              	MemManage_Handler:
  74              	.LFB132:
  96:Src/stm32f4xx_it.c **** }
  97:Src/stm32f4xx_it.c **** 
  98:Src/stm32f4xx_it.c **** /**
  99:Src/stm32f4xx_it.c ****   * @brief This function handles Memory management fault.
 100:Src/stm32f4xx_it.c ****   */
ARM GAS  C:\Users\BLACK_~1\AppData\Local\Temp\ccpCTeU7.s 			page 4


 101:Src/stm32f4xx_it.c **** void MemManage_Handler(void)
 102:Src/stm32f4xx_it.c **** {
  75              		.loc 1 102 1 view -0
  76              		.cfi_startproc
  77              		@ Volatile: function does not return.
  78              		@ args = 0, pretend = 0, frame = 0
  79              		@ frame_needed = 0, uses_anonymous_args = 0
  80              		@ link register save eliminated.
  81              	.L6:
 103:Src/stm32f4xx_it.c ****   /* USER CODE BEGIN MemoryManagement_IRQn 0 */
 104:Src/stm32f4xx_it.c **** 
 105:Src/stm32f4xx_it.c ****   /* USER CODE END MemoryManagement_IRQn 0 */
 106:Src/stm32f4xx_it.c ****   while (1)
  82              		.loc 1 106 3 discriminator 1 view .LVU9
 107:Src/stm32f4xx_it.c ****   {
 108:Src/stm32f4xx_it.c ****     /* USER CODE BEGIN W1_MemoryManagement_IRQn 0 */
 109:Src/stm32f4xx_it.c ****     /* USER CODE END W1_MemoryManagement_IRQn 0 */
 110:Src/stm32f4xx_it.c ****   }
  83              		.loc 1 110 3 discriminator 1 view .LVU10
 106:Src/stm32f4xx_it.c ****   {
  84              		.loc 1 106 9 discriminator 1 view .LVU11
  85 0000 FEE7     		b	.L6
  86              		.cfi_endproc
  87              	.LFE132:
  89              		.section	.text.BusFault_Handler,"ax",%progbits
  90              		.align	1
  91              		.global	BusFault_Handler
  92              		.syntax unified
  93              		.thumb
  94              		.thumb_func
  96              	BusFault_Handler:
  97              	.LFB133:
 111:Src/stm32f4xx_it.c **** }
 112:Src/stm32f4xx_it.c **** 
 113:Src/stm32f4xx_it.c **** /**
 114:Src/stm32f4xx_it.c ****   * @brief This function handles Pre-fetch fault, memory access fault.
 115:Src/stm32f4xx_it.c ****   */
 116:Src/stm32f4xx_it.c **** void BusFault_Handler(void)
 117:Src/stm32f4xx_it.c **** {
  98              		.loc 1 117 1 view -0
  99              		.cfi_startproc
 100              		@ Volatile: function does not return.
 101              		@ args = 0, pretend = 0, frame = 0
 102              		@ frame_needed = 0, uses_anonymous_args = 0
 103              		@ link register save eliminated.
 104              	.L8:
 118:Src/stm32f4xx_it.c ****   /* USER CODE BEGIN BusFault_IRQn 0 */
 119:Src/stm32f4xx_it.c **** 
 120:Src/stm32f4xx_it.c ****   /* USER CODE END BusFault_IRQn 0 */
 121:Src/stm32f4xx_it.c ****   while (1)
 105              		.loc 1 121 3 discriminator 1 view .LVU13
 122:Src/stm32f4xx_it.c ****   {
 123:Src/stm32f4xx_it.c ****     /* USER CODE BEGIN W1_BusFault_IRQn 0 */
 124:Src/stm32f4xx_it.c ****     /* USER CODE END W1_BusFault_IRQn 0 */
 125:Src/stm32f4xx_it.c ****   }
 106              		.loc 1 125 3 discriminator 1 view .LVU14
 121:Src/stm32f4xx_it.c ****   {
ARM GAS  C:\Users\BLACK_~1\AppData\Local\Temp\ccpCTeU7.s 			page 5


 107              		.loc 1 121 9 discriminator 1 view .LVU15
 108 0000 FEE7     		b	.L8
 109              		.cfi_endproc
 110              	.LFE133:
 112              		.section	.text.UsageFault_Handler,"ax",%progbits
 113              		.align	1
 114              		.global	UsageFault_Handler
 115              		.syntax unified
 116              		.thumb
 117              		.thumb_func
 119              	UsageFault_Handler:
 120              	.LFB134:
 126:Src/stm32f4xx_it.c **** }
 127:Src/stm32f4xx_it.c **** 
 128:Src/stm32f4xx_it.c **** /**
 129:Src/stm32f4xx_it.c ****   * @brief This function handles Undefined instruction or illegal state.
 130:Src/stm32f4xx_it.c ****   */
 131:Src/stm32f4xx_it.c **** void UsageFault_Handler(void)
 132:Src/stm32f4xx_it.c **** {
 121              		.loc 1 132 1 view -0
 122              		.cfi_startproc
 123              		@ Volatile: function does not return.
 124              		@ args = 0, pretend = 0, frame = 0
 125              		@ frame_needed = 0, uses_anonymous_args = 0
 126              		@ link register save eliminated.
 127              	.L10:
 133:Src/stm32f4xx_it.c ****   /* USER CODE BEGIN UsageFault_IRQn 0 */
 134:Src/stm32f4xx_it.c **** 
 135:Src/stm32f4xx_it.c ****   /* USER CODE END UsageFault_IRQn 0 */
 136:Src/stm32f4xx_it.c ****   while (1)
 128              		.loc 1 136 3 discriminator 1 view .LVU17
 137:Src/stm32f4xx_it.c ****   {
 138:Src/stm32f4xx_it.c ****     /* USER CODE BEGIN W1_UsageFault_IRQn 0 */
 139:Src/stm32f4xx_it.c ****     /* USER CODE END W1_UsageFault_IRQn 0 */
 140:Src/stm32f4xx_it.c ****   }
 129              		.loc 1 140 3 discriminator 1 view .LVU18
 136:Src/stm32f4xx_it.c ****   {
 130              		.loc 1 136 9 discriminator 1 view .LVU19
 131 0000 FEE7     		b	.L10
 132              		.cfi_endproc
 133              	.LFE134:
 135              		.section	.text.SVC_Handler,"ax",%progbits
 136              		.align	1
 137              		.global	SVC_Handler
 138              		.syntax unified
 139              		.thumb
 140              		.thumb_func
 142              	SVC_Handler:
 143              	.LFB135:
 141:Src/stm32f4xx_it.c **** }
 142:Src/stm32f4xx_it.c **** 
 143:Src/stm32f4xx_it.c **** /**
 144:Src/stm32f4xx_it.c ****   * @brief This function handles System service call via SWI instruction.
 145:Src/stm32f4xx_it.c ****   */
 146:Src/stm32f4xx_it.c **** void SVC_Handler(void)
 147:Src/stm32f4xx_it.c **** {
 144              		.loc 1 147 1 view -0
ARM GAS  C:\Users\BLACK_~1\AppData\Local\Temp\ccpCTeU7.s 			page 6


 145              		.cfi_startproc
 146              		@ args = 0, pretend = 0, frame = 0
 147              		@ frame_needed = 0, uses_anonymous_args = 0
 148              		@ link register save eliminated.
 148:Src/stm32f4xx_it.c ****   /* USER CODE BEGIN SVCall_IRQn 0 */
 149:Src/stm32f4xx_it.c **** 
 150:Src/stm32f4xx_it.c ****   /* USER CODE END SVCall_IRQn 0 */
 151:Src/stm32f4xx_it.c ****   /* USER CODE BEGIN SVCall_IRQn 1 */
 152:Src/stm32f4xx_it.c **** 
 153:Src/stm32f4xx_it.c ****   /* USER CODE END SVCall_IRQn 1 */
 154:Src/stm32f4xx_it.c **** }
 149              		.loc 1 154 1 view .LVU21
 150 0000 7047     		bx	lr
 151              		.cfi_endproc
 152              	.LFE135:
 154              		.section	.text.DebugMon_Handler,"ax",%progbits
 155              		.align	1
 156              		.global	DebugMon_Handler
 157              		.syntax unified
 158              		.thumb
 159              		.thumb_func
 161              	DebugMon_Handler:
 162              	.LFB136:
 155:Src/stm32f4xx_it.c **** 
 156:Src/stm32f4xx_it.c **** /**
 157:Src/stm32f4xx_it.c ****   * @brief This function handles Debug monitor.
 158:Src/stm32f4xx_it.c ****   */
 159:Src/stm32f4xx_it.c **** void DebugMon_Handler(void)
 160:Src/stm32f4xx_it.c **** {
 163              		.loc 1 160 1 view -0
 164              		.cfi_startproc
 165              		@ args = 0, pretend = 0, frame = 0
 166              		@ frame_needed = 0, uses_anonymous_args = 0
 167              		@ link register save eliminated.
 161:Src/stm32f4xx_it.c ****   /* USER CODE BEGIN DebugMonitor_IRQn 0 */
 162:Src/stm32f4xx_it.c **** 
 163:Src/stm32f4xx_it.c ****   /* USER CODE END DebugMonitor_IRQn 0 */
 164:Src/stm32f4xx_it.c ****   /* USER CODE BEGIN DebugMonitor_IRQn 1 */
 165:Src/stm32f4xx_it.c **** 
 166:Src/stm32f4xx_it.c ****   /* USER CODE END DebugMonitor_IRQn 1 */
 167:Src/stm32f4xx_it.c **** }
 168              		.loc 1 167 1 view .LVU23
 169 0000 7047     		bx	lr
 170              		.cfi_endproc
 171              	.LFE136:
 173              		.section	.text.PendSV_Handler,"ax",%progbits
 174              		.align	1
 175              		.global	PendSV_Handler
 176              		.syntax unified
 177              		.thumb
 178              		.thumb_func
 180              	PendSV_Handler:
 181              	.LFB137:
 168:Src/stm32f4xx_it.c **** 
 169:Src/stm32f4xx_it.c **** /**
 170:Src/stm32f4xx_it.c ****   * @brief This function handles Pendable request for system service.
 171:Src/stm32f4xx_it.c ****   */
ARM GAS  C:\Users\BLACK_~1\AppData\Local\Temp\ccpCTeU7.s 			page 7


 172:Src/stm32f4xx_it.c **** void PendSV_Handler(void)
 173:Src/stm32f4xx_it.c **** {
 182              		.loc 1 173 1 view -0
 183              		.cfi_startproc
 184              		@ args = 0, pretend = 0, frame = 0
 185              		@ frame_needed = 0, uses_anonymous_args = 0
 186              		@ link register save eliminated.
 174:Src/stm32f4xx_it.c ****   /* USER CODE BEGIN PendSV_IRQn 0 */
 175:Src/stm32f4xx_it.c **** 
 176:Src/stm32f4xx_it.c ****   /* USER CODE END PendSV_IRQn 0 */
 177:Src/stm32f4xx_it.c ****   /* USER CODE BEGIN PendSV_IRQn 1 */
 178:Src/stm32f4xx_it.c **** 
 179:Src/stm32f4xx_it.c ****   /* USER CODE END PendSV_IRQn 1 */
 180:Src/stm32f4xx_it.c **** }
 187              		.loc 1 180 1 view .LVU25
 188 0000 7047     		bx	lr
 189              		.cfi_endproc
 190              	.LFE137:
 192              		.section	.text.SysTick_Handler,"ax",%progbits
 193              		.align	1
 194              		.global	SysTick_Handler
 195              		.syntax unified
 196              		.thumb
 197              		.thumb_func
 199              	SysTick_Handler:
 200              	.LFB138:
 181:Src/stm32f4xx_it.c **** 
 182:Src/stm32f4xx_it.c **** /**
 183:Src/stm32f4xx_it.c ****   * @brief This function handles System tick timer.
 184:Src/stm32f4xx_it.c ****   */
 185:Src/stm32f4xx_it.c **** void SysTick_Handler(void)
 186:Src/stm32f4xx_it.c **** {
 201              		.loc 1 186 1 view -0
 202              		.cfi_startproc
 203              		@ args = 0, pretend = 0, frame = 0
 204              		@ frame_needed = 0, uses_anonymous_args = 0
 205 0000 08B5     		push	{r3, lr}
 206              	.LCFI0:
 207              		.cfi_def_cfa_offset 8
 208              		.cfi_offset 3, -8
 209              		.cfi_offset 14, -4
 187:Src/stm32f4xx_it.c ****   /* USER CODE BEGIN SysTick_IRQn 0 */
 188:Src/stm32f4xx_it.c **** 
 189:Src/stm32f4xx_it.c ****   /* USER CODE END SysTick_IRQn 0 */
 190:Src/stm32f4xx_it.c ****   HAL_IncTick();
 210              		.loc 1 190 3 view .LVU27
 211 0002 FFF7FEFF 		bl	HAL_IncTick
 212              	.LVL0:
 191:Src/stm32f4xx_it.c ****   lv_tick_inc(1);
 213              		.loc 1 191 3 view .LVU28
 214 0006 0120     		movs	r0, #1
 215 0008 FFF7FEFF 		bl	lv_tick_inc
 216              	.LVL1:
 192:Src/stm32f4xx_it.c ****   /* USER CODE BEGIN SysTick_IRQn 1 */
 193:Src/stm32f4xx_it.c **** 
 194:Src/stm32f4xx_it.c ****   /* USER CODE END SysTick_IRQn 1 */
 195:Src/stm32f4xx_it.c **** }
ARM GAS  C:\Users\BLACK_~1\AppData\Local\Temp\ccpCTeU7.s 			page 8


 217              		.loc 1 195 1 is_stmt 0 view .LVU29
 218 000c 08BD     		pop	{r3, pc}
 219              		.cfi_endproc
 220              	.LFE138:
 222              		.section	.text.EXTI0_IRQHandler,"ax",%progbits
 223              		.align	1
 224              		.global	EXTI0_IRQHandler
 225              		.syntax unified
 226              		.thumb
 227              		.thumb_func
 229              	EXTI0_IRQHandler:
 230              	.LFB139:
 196:Src/stm32f4xx_it.c **** 
 197:Src/stm32f4xx_it.c **** void EXTI0_IRQHandler(void)
 198:Src/stm32f4xx_it.c **** {
 231              		.loc 1 198 1 is_stmt 1 view -0
 232              		.cfi_startproc
 233              		@ args = 0, pretend = 0, frame = 0
 234              		@ frame_needed = 0, uses_anonymous_args = 0
 235 0000 08B5     		push	{r3, lr}
 236              	.LCFI1:
 237              		.cfi_def_cfa_offset 8
 238              		.cfi_offset 3, -8
 239              		.cfi_offset 14, -4
 199:Src/stm32f4xx_it.c ****   /* USER CODE BEGIN EXTI0_IRQn 0 */
 200:Src/stm32f4xx_it.c **** 
 201:Src/stm32f4xx_it.c ****   /* USER CODE END EXTI0_IRQn 0 */
 202:Src/stm32f4xx_it.c ****   HAL_GPIO_EXTI_IRQHandler(GPIO_PIN_0);
 240              		.loc 1 202 3 view .LVU31
 241 0002 0120     		movs	r0, #1
 242 0004 FFF7FEFF 		bl	HAL_GPIO_EXTI_IRQHandler
 243              	.LVL2:
 203:Src/stm32f4xx_it.c ****   /* USER CODE BEGIN EXTI0_IRQn 1 */
 204:Src/stm32f4xx_it.c **** 
 205:Src/stm32f4xx_it.c ****   /* USER CODE END EXTI0_IRQn 1 */
 206:Src/stm32f4xx_it.c **** }
 244              		.loc 1 206 1 is_stmt 0 view .LVU32
 245 0008 08BD     		pop	{r3, pc}
 246              		.cfi_endproc
 247              	.LFE139:
 249              		.section	.text.DMA2_Stream0_IRQHandler,"ax",%progbits
 250              		.align	1
 251              		.global	DMA2_Stream0_IRQHandler
 252              		.syntax unified
 253              		.thumb
 254              		.thumb_func
 256              	DMA2_Stream0_IRQHandler:
 257              	.LFB140:
 207:Src/stm32f4xx_it.c **** 
 208:Src/stm32f4xx_it.c **** void DMA2_Stream0_IRQHandler(void)
 209:Src/stm32f4xx_it.c **** {
 258              		.loc 1 209 1 is_stmt 1 view -0
 259              		.cfi_startproc
 260              		@ args = 0, pretend = 0, frame = 0
 261              		@ frame_needed = 0, uses_anonymous_args = 0
 262 0000 08B5     		push	{r3, lr}
 263              	.LCFI2:
ARM GAS  C:\Users\BLACK_~1\AppData\Local\Temp\ccpCTeU7.s 			page 9


 264              		.cfi_def_cfa_offset 8
 265              		.cfi_offset 3, -8
 266              		.cfi_offset 14, -4
 210:Src/stm32f4xx_it.c ****   /* USER CODE BEGIN DMA2_Stream0_IRQn 0 */
 211:Src/stm32f4xx_it.c **** 
 212:Src/stm32f4xx_it.c ****   /* USER CODE END DMA2_Stream0_IRQn 0 */
 213:Src/stm32f4xx_it.c ****   HAL_DMA_IRQHandler(&hdma_memtomem_dma2_stream0);
 267              		.loc 1 213 3 view .LVU34
 268 0002 0248     		ldr	r0, .L20
 269 0004 FFF7FEFF 		bl	HAL_DMA_IRQHandler
 270              	.LVL3:
 214:Src/stm32f4xx_it.c ****   /* USER CODE BEGIN DMA2_Stream0_IRQn 1 */
 215:Src/stm32f4xx_it.c **** 
 216:Src/stm32f4xx_it.c ****   /* USER CODE END DMA2_Stream0_IRQn 1 */
 217:Src/stm32f4xx_it.c **** }
 271              		.loc 1 217 1 is_stmt 0 view .LVU35
 272 0008 08BD     		pop	{r3, pc}
 273              	.L21:
 274 000a 00BF     		.align	2
 275              	.L20:
 276 000c 00000000 		.word	hdma_memtomem_dma2_stream0
 277              		.cfi_endproc
 278              	.LFE140:
 280              		.section	.text.OTG_FS_IRQHandler,"ax",%progbits
 281              		.align	1
 282              		.global	OTG_FS_IRQHandler
 283              		.syntax unified
 284              		.thumb
 285              		.thumb_func
 287              	OTG_FS_IRQHandler:
 288              	.LFB141:
 218:Src/stm32f4xx_it.c **** 
 219:Src/stm32f4xx_it.c **** 
 220:Src/stm32f4xx_it.c **** /******************************************************************************/
 221:Src/stm32f4xx_it.c **** /* STM32F4xx Peripheral Interrupt Handlers                                    */
 222:Src/stm32f4xx_it.c **** /* Add here the Interrupt Handlers for the used peripherals.                  */
 223:Src/stm32f4xx_it.c **** /* For the available peripheral interrupt handler names,                      */
 224:Src/stm32f4xx_it.c **** /* please refer to the startup file (startup_stm32f4xx.s).                    */
 225:Src/stm32f4xx_it.c **** /******************************************************************************/
 226:Src/stm32f4xx_it.c **** 
 227:Src/stm32f4xx_it.c **** /**
 228:Src/stm32f4xx_it.c ****   * @brief This function handles USB On The Go FS global interrupt.
 229:Src/stm32f4xx_it.c ****   */
 230:Src/stm32f4xx_it.c **** void OTG_FS_IRQHandler(void)
 231:Src/stm32f4xx_it.c **** {
 289              		.loc 1 231 1 is_stmt 1 view -0
 290              		.cfi_startproc
 291              		@ args = 0, pretend = 0, frame = 0
 292              		@ frame_needed = 0, uses_anonymous_args = 0
 293 0000 08B5     		push	{r3, lr}
 294              	.LCFI3:
 295              		.cfi_def_cfa_offset 8
 296              		.cfi_offset 3, -8
 297              		.cfi_offset 14, -4
 232:Src/stm32f4xx_it.c ****   /* USER CODE BEGIN OTG_FS_IRQn 0 */
 233:Src/stm32f4xx_it.c **** 
 234:Src/stm32f4xx_it.c ****   /* USER CODE END OTG_FS_IRQn 0 */
ARM GAS  C:\Users\BLACK_~1\AppData\Local\Temp\ccpCTeU7.s 			page 10


 235:Src/stm32f4xx_it.c ****   HAL_PCD_IRQHandler(&hpcd_USB_OTG_FS);
 298              		.loc 1 235 3 view .LVU37
 299 0002 0248     		ldr	r0, .L24
 300 0004 FFF7FEFF 		bl	HAL_PCD_IRQHandler
 301              	.LVL4:
 236:Src/stm32f4xx_it.c ****   /* USER CODE BEGIN OTG_FS_IRQn 1 */
 237:Src/stm32f4xx_it.c **** 
 238:Src/stm32f4xx_it.c ****   /* USER CODE END OTG_FS_IRQn 1 */
 239:Src/stm32f4xx_it.c **** }
 302              		.loc 1 239 1 is_stmt 0 view .LVU38
 303 0008 08BD     		pop	{r3, pc}
 304              	.L25:
 305 000a 00BF     		.align	2
 306              	.L24:
 307 000c 00000000 		.word	hpcd_USB_OTG_FS
 308              		.cfi_endproc
 309              	.LFE141:
 311              		.text
 312              	.Letext0:
 313              		.file 2 "e:\\gnu arm embedded toolchain\\10 2021.10\\arm-none-eabi\\include\\machine\\_default_typ
 314              		.file 3 "e:\\gnu arm embedded toolchain\\10 2021.10\\arm-none-eabi\\include\\sys\\_stdint.h"
 315              		.file 4 "c:/Users/Black_Life/STM32Cube/Repository/STM32Cube_FW_F4_V1.26.2/Drivers/CMSIS/Device/ST/
 316              		.file 5 "c:/Users/Black_Life/STM32Cube/Repository/STM32Cube_FW_F4_V1.26.2/Drivers/STM32F4xx_HAL_Dr
 317              		.file 6 "c:/Users/Black_Life/STM32Cube/Repository/STM32Cube_FW_F4_V1.26.2/Drivers/STM32F4xx_HAL_Dr
 318              		.file 7 "c:/Users/Black_Life/STM32Cube/Repository/STM32Cube_FW_F4_V1.26.2/Drivers/STM32F4xx_HAL_Dr
 319              		.file 8 "c:/Users/Black_Life/STM32Cube/Repository/STM32Cube_FW_F4_V1.26.2/Drivers/STM32F4xx_HAL_Dr
 320              		.file 9 "Inc/dma.h"
 321              		.file 10 "c:/Users/Black_Life/STM32Cube/Repository/STM32Cube_FW_F4_V1.26.2/Drivers/STM32F4xx_HAL_D
 322              		.file 11 "c:/Users/Black_Life/STM32Cube/Repository/STM32Cube_FW_F4_V1.26.2/Drivers/STM32F4xx_HAL_D
ARM GAS  C:\Users\BLACK_~1\AppData\Local\Temp\ccpCTeU7.s 			page 11


DEFINED SYMBOLS
                            *ABS*:00000000 stm32f4xx_it.c
C:\Users\BLACK_~1\AppData\Local\Temp\ccpCTeU7.s:20     .text.NMI_Handler:00000000 $t
C:\Users\BLACK_~1\AppData\Local\Temp\ccpCTeU7.s:26     .text.NMI_Handler:00000000 NMI_Handler
C:\Users\BLACK_~1\AppData\Local\Temp\ccpCTeU7.s:44     .text.HardFault_Handler:00000000 $t
C:\Users\BLACK_~1\AppData\Local\Temp\ccpCTeU7.s:50     .text.HardFault_Handler:00000000 HardFault_Handler
C:\Users\BLACK_~1\AppData\Local\Temp\ccpCTeU7.s:67     .text.MemManage_Handler:00000000 $t
C:\Users\BLACK_~1\AppData\Local\Temp\ccpCTeU7.s:73     .text.MemManage_Handler:00000000 MemManage_Handler
C:\Users\BLACK_~1\AppData\Local\Temp\ccpCTeU7.s:90     .text.BusFault_Handler:00000000 $t
C:\Users\BLACK_~1\AppData\Local\Temp\ccpCTeU7.s:96     .text.BusFault_Handler:00000000 BusFault_Handler
C:\Users\BLACK_~1\AppData\Local\Temp\ccpCTeU7.s:113    .text.UsageFault_Handler:00000000 $t
C:\Users\BLACK_~1\AppData\Local\Temp\ccpCTeU7.s:119    .text.UsageFault_Handler:00000000 UsageFault_Handler
C:\Users\BLACK_~1\AppData\Local\Temp\ccpCTeU7.s:136    .text.SVC_Handler:00000000 $t
C:\Users\BLACK_~1\AppData\Local\Temp\ccpCTeU7.s:142    .text.SVC_Handler:00000000 SVC_Handler
C:\Users\BLACK_~1\AppData\Local\Temp\ccpCTeU7.s:155    .text.DebugMon_Handler:00000000 $t
C:\Users\BLACK_~1\AppData\Local\Temp\ccpCTeU7.s:161    .text.DebugMon_Handler:00000000 DebugMon_Handler
C:\Users\BLACK_~1\AppData\Local\Temp\ccpCTeU7.s:174    .text.PendSV_Handler:00000000 $t
C:\Users\BLACK_~1\AppData\Local\Temp\ccpCTeU7.s:180    .text.PendSV_Handler:00000000 PendSV_Handler
C:\Users\BLACK_~1\AppData\Local\Temp\ccpCTeU7.s:193    .text.SysTick_Handler:00000000 $t
C:\Users\BLACK_~1\AppData\Local\Temp\ccpCTeU7.s:199    .text.SysTick_Handler:00000000 SysTick_Handler
C:\Users\BLACK_~1\AppData\Local\Temp\ccpCTeU7.s:223    .text.EXTI0_IRQHandler:00000000 $t
C:\Users\BLACK_~1\AppData\Local\Temp\ccpCTeU7.s:229    .text.EXTI0_IRQHandler:00000000 EXTI0_IRQHandler
C:\Users\BLACK_~1\AppData\Local\Temp\ccpCTeU7.s:250    .text.DMA2_Stream0_IRQHandler:00000000 $t
C:\Users\BLACK_~1\AppData\Local\Temp\ccpCTeU7.s:256    .text.DMA2_Stream0_IRQHandler:00000000 DMA2_Stream0_IRQHandler
C:\Users\BLACK_~1\AppData\Local\Temp\ccpCTeU7.s:276    .text.DMA2_Stream0_IRQHandler:0000000c $d
C:\Users\BLACK_~1\AppData\Local\Temp\ccpCTeU7.s:281    .text.OTG_FS_IRQHandler:00000000 $t
C:\Users\BLACK_~1\AppData\Local\Temp\ccpCTeU7.s:287    .text.OTG_FS_IRQHandler:00000000 OTG_FS_IRQHandler
C:\Users\BLACK_~1\AppData\Local\Temp\ccpCTeU7.s:307    .text.OTG_FS_IRQHandler:0000000c $d

UNDEFINED SYMBOLS
HAL_IncTick
lv_tick_inc
HAL_GPIO_EXTI_IRQHandler
HAL_DMA_IRQHandler
hdma_memtomem_dma2_stream0
HAL_PCD_IRQHandler
hpcd_USB_OTG_FS
