ARM GAS  /var/folders/k2/cd9bl_j17z77g23y6ffqb_400000gn/T//cc1140ZX.s 			page 1


   1              		.cpu cortex-m4
   2              		.eabi_attribute 27, 1
   3              		.eabi_attribute 28, 1
   4              		.eabi_attribute 20, 1
   5              		.eabi_attribute 21, 1
   6              		.eabi_attribute 23, 3
   7              		.eabi_attribute 24, 1
   8              		.eabi_attribute 25, 1
   9              		.eabi_attribute 26, 1
  10              		.eabi_attribute 30, 1
  11              		.eabi_attribute 34, 1
  12              		.eabi_attribute 18, 4
  13              		.file	"usart.c"
  14              		.text
  15              	.Ltext0:
  16              		.cfi_sections	.debug_frame
  17              		.section	.text.MX_USART1_UART_Init,"ax",%progbits
  18              		.align	1
  19              		.global	MX_USART1_UART_Init
  20              		.arch armv7e-m
  21              		.syntax unified
  22              		.thumb
  23              		.thumb_func
  24              		.fpu fpv4-sp-d16
  26              	MX_USART1_UART_Init:
  27              	.LFB130:
  28              		.file 1 "Src/usart.c"
   1:Src/usart.c   **** /**
   2:Src/usart.c   ****   ******************************************************************************
   3:Src/usart.c   ****   * @file    usart.c
   4:Src/usart.c   ****   * @brief   This file provides code for the configuration
   5:Src/usart.c   ****   *          of the USART instances.
   6:Src/usart.c   ****   ******************************************************************************
   7:Src/usart.c   ****   * @attention
   8:Src/usart.c   ****   *
   9:Src/usart.c   ****   * <h2><center>&copy; Copyright (c) 2021 STMicroelectronics.
  10:Src/usart.c   ****   * All rights reserved.</center></h2>
  11:Src/usart.c   ****   *
  12:Src/usart.c   ****   * This software component is licensed by ST under Ultimate Liberty license
  13:Src/usart.c   ****   * SLA0044, the "License"; You may not use this file except in compliance with
  14:Src/usart.c   ****   * the License. You may obtain a copy of the License at:
  15:Src/usart.c   ****   *                             www.st.com/SLA0044
  16:Src/usart.c   ****   *
  17:Src/usart.c   ****   ******************************************************************************
  18:Src/usart.c   ****   */
  19:Src/usart.c   **** 
  20:Src/usart.c   **** /* Includes ------------------------------------------------------------------*/
  21:Src/usart.c   **** #include "usart.h"
  22:Src/usart.c   **** 
  23:Src/usart.c   **** /* USER CODE BEGIN 0 */
  24:Src/usart.c   **** 
  25:Src/usart.c   **** /* USER CODE END 0 */
  26:Src/usart.c   **** 
  27:Src/usart.c   **** UART_HandleTypeDef huart1;
  28:Src/usart.c   **** UART_HandleTypeDef huart6;
  29:Src/usart.c   **** 
  30:Src/usart.c   **** /* USART1 init function */
ARM GAS  /var/folders/k2/cd9bl_j17z77g23y6ffqb_400000gn/T//cc1140ZX.s 			page 2


  31:Src/usart.c   **** 
  32:Src/usart.c   **** void MX_USART1_UART_Init(void)
  33:Src/usart.c   **** {
  29              		.loc 1 33 1 view -0
  30              		.cfi_startproc
  31              		@ args = 0, pretend = 0, frame = 0
  32              		@ frame_needed = 0, uses_anonymous_args = 0
  33 0000 08B5     		push	{r3, lr}
  34              	.LCFI0:
  35              		.cfi_def_cfa_offset 8
  36              		.cfi_offset 3, -8
  37              		.cfi_offset 14, -4
  34:Src/usart.c   **** 
  35:Src/usart.c   ****   huart1.Instance = USART1;
  38              		.loc 1 35 3 view .LVU1
  39              		.loc 1 35 19 is_stmt 0 view .LVU2
  40 0002 0A48     		ldr	r0, .L5
  41 0004 0A4B     		ldr	r3, .L5+4
  42 0006 0360     		str	r3, [r0]
  36:Src/usart.c   ****   huart1.Init.BaudRate = 115200;
  43              		.loc 1 36 3 is_stmt 1 view .LVU3
  44              		.loc 1 36 24 is_stmt 0 view .LVU4
  45 0008 4FF4E133 		mov	r3, #115200
  46 000c 4360     		str	r3, [r0, #4]
  37:Src/usart.c   ****   huart1.Init.WordLength = UART_WORDLENGTH_8B;
  47              		.loc 1 37 3 is_stmt 1 view .LVU5
  48              		.loc 1 37 26 is_stmt 0 view .LVU6
  49 000e 0023     		movs	r3, #0
  50 0010 8360     		str	r3, [r0, #8]
  38:Src/usart.c   ****   huart1.Init.StopBits = UART_STOPBITS_1;
  51              		.loc 1 38 3 is_stmt 1 view .LVU7
  52              		.loc 1 38 24 is_stmt 0 view .LVU8
  53 0012 C360     		str	r3, [r0, #12]
  39:Src/usart.c   ****   huart1.Init.Parity = UART_PARITY_NONE;
  54              		.loc 1 39 3 is_stmt 1 view .LVU9
  55              		.loc 1 39 22 is_stmt 0 view .LVU10
  56 0014 0361     		str	r3, [r0, #16]
  40:Src/usart.c   ****   huart1.Init.Mode = UART_MODE_TX_RX;
  57              		.loc 1 40 3 is_stmt 1 view .LVU11
  58              		.loc 1 40 20 is_stmt 0 view .LVU12
  59 0016 0C22     		movs	r2, #12
  60 0018 4261     		str	r2, [r0, #20]
  41:Src/usart.c   ****   huart1.Init.HwFlowCtl = UART_HWCONTROL_NONE;
  61              		.loc 1 41 3 is_stmt 1 view .LVU13
  62              		.loc 1 41 25 is_stmt 0 view .LVU14
  63 001a 8361     		str	r3, [r0, #24]
  42:Src/usart.c   ****   huart1.Init.OverSampling = UART_OVERSAMPLING_16;
  64              		.loc 1 42 3 is_stmt 1 view .LVU15
  65              		.loc 1 42 28 is_stmt 0 view .LVU16
  66 001c C361     		str	r3, [r0, #28]
  43:Src/usart.c   ****   if (HAL_UART_Init(&huart1) != HAL_OK)
  67              		.loc 1 43 3 is_stmt 1 view .LVU17
  68              		.loc 1 43 7 is_stmt 0 view .LVU18
  69 001e FFF7FEFF 		bl	HAL_UART_Init
  70              	.LVL0:
  71              		.loc 1 43 6 view .LVU19
  72 0022 00B9     		cbnz	r0, .L4
ARM GAS  /var/folders/k2/cd9bl_j17z77g23y6ffqb_400000gn/T//cc1140ZX.s 			page 3


  73              	.L1:
  44:Src/usart.c   ****   {
  45:Src/usart.c   ****     Error_Handler();
  46:Src/usart.c   ****   }
  47:Src/usart.c   **** 
  48:Src/usart.c   **** }
  74              		.loc 1 48 1 view .LVU20
  75 0024 08BD     		pop	{r3, pc}
  76              	.L4:
  45:Src/usart.c   ****   }
  77              		.loc 1 45 5 is_stmt 1 view .LVU21
  78 0026 FFF7FEFF 		bl	Error_Handler
  79              	.LVL1:
  80              		.loc 1 48 1 is_stmt 0 view .LVU22
  81 002a FBE7     		b	.L1
  82              	.L6:
  83              		.align	2
  84              	.L5:
  85 002c 00000000 		.word	.LANCHOR0
  86 0030 00100140 		.word	1073811456
  87              		.cfi_endproc
  88              	.LFE130:
  90              		.section	.text.MX_USART6_UART_Init,"ax",%progbits
  91              		.align	1
  92              		.global	MX_USART6_UART_Init
  93              		.syntax unified
  94              		.thumb
  95              		.thumb_func
  96              		.fpu fpv4-sp-d16
  98              	MX_USART6_UART_Init:
  99              	.LFB131:
  49:Src/usart.c   **** /* USART6 init function */
  50:Src/usart.c   **** 
  51:Src/usart.c   **** void MX_USART6_UART_Init(void)
  52:Src/usart.c   **** {
 100              		.loc 1 52 1 is_stmt 1 view -0
 101              		.cfi_startproc
 102              		@ args = 0, pretend = 0, frame = 0
 103              		@ frame_needed = 0, uses_anonymous_args = 0
 104 0000 08B5     		push	{r3, lr}
 105              	.LCFI1:
 106              		.cfi_def_cfa_offset 8
 107              		.cfi_offset 3, -8
 108              		.cfi_offset 14, -4
  53:Src/usart.c   **** 
  54:Src/usart.c   ****   huart6.Instance = USART6;
 109              		.loc 1 54 3 view .LVU24
 110              		.loc 1 54 19 is_stmt 0 view .LVU25
 111 0002 0A48     		ldr	r0, .L11
 112 0004 0A4B     		ldr	r3, .L11+4
 113 0006 0360     		str	r3, [r0]
  55:Src/usart.c   ****   huart6.Init.BaudRate = 115200;
 114              		.loc 1 55 3 is_stmt 1 view .LVU26
 115              		.loc 1 55 24 is_stmt 0 view .LVU27
 116 0008 4FF4E133 		mov	r3, #115200
 117 000c 4360     		str	r3, [r0, #4]
  56:Src/usart.c   ****   huart6.Init.WordLength = UART_WORDLENGTH_8B;
ARM GAS  /var/folders/k2/cd9bl_j17z77g23y6ffqb_400000gn/T//cc1140ZX.s 			page 4


 118              		.loc 1 56 3 is_stmt 1 view .LVU28
 119              		.loc 1 56 26 is_stmt 0 view .LVU29
 120 000e 0023     		movs	r3, #0
 121 0010 8360     		str	r3, [r0, #8]
  57:Src/usart.c   ****   huart6.Init.StopBits = UART_STOPBITS_1;
 122              		.loc 1 57 3 is_stmt 1 view .LVU30
 123              		.loc 1 57 24 is_stmt 0 view .LVU31
 124 0012 C360     		str	r3, [r0, #12]
  58:Src/usart.c   ****   huart6.Init.Parity = UART_PARITY_NONE;
 125              		.loc 1 58 3 is_stmt 1 view .LVU32
 126              		.loc 1 58 22 is_stmt 0 view .LVU33
 127 0014 0361     		str	r3, [r0, #16]
  59:Src/usart.c   ****   huart6.Init.Mode = UART_MODE_TX_RX;
 128              		.loc 1 59 3 is_stmt 1 view .LVU34
 129              		.loc 1 59 20 is_stmt 0 view .LVU35
 130 0016 0C22     		movs	r2, #12
 131 0018 4261     		str	r2, [r0, #20]
  60:Src/usart.c   ****   huart6.Init.HwFlowCtl = UART_HWCONTROL_NONE;
 132              		.loc 1 60 3 is_stmt 1 view .LVU36
 133              		.loc 1 60 25 is_stmt 0 view .LVU37
 134 001a 8361     		str	r3, [r0, #24]
  61:Src/usart.c   ****   huart6.Init.OverSampling = UART_OVERSAMPLING_16;
 135              		.loc 1 61 3 is_stmt 1 view .LVU38
 136              		.loc 1 61 28 is_stmt 0 view .LVU39
 137 001c C361     		str	r3, [r0, #28]
  62:Src/usart.c   ****   if (HAL_UART_Init(&huart6) != HAL_OK)
 138              		.loc 1 62 3 is_stmt 1 view .LVU40
 139              		.loc 1 62 7 is_stmt 0 view .LVU41
 140 001e FFF7FEFF 		bl	HAL_UART_Init
 141              	.LVL2:
 142              		.loc 1 62 6 view .LVU42
 143 0022 00B9     		cbnz	r0, .L10
 144              	.L7:
  63:Src/usart.c   ****   {
  64:Src/usart.c   ****     Error_Handler();
  65:Src/usart.c   ****   }
  66:Src/usart.c   **** 
  67:Src/usart.c   **** }
 145              		.loc 1 67 1 view .LVU43
 146 0024 08BD     		pop	{r3, pc}
 147              	.L10:
  64:Src/usart.c   ****   }
 148              		.loc 1 64 5 is_stmt 1 view .LVU44
 149 0026 FFF7FEFF 		bl	Error_Handler
 150              	.LVL3:
 151              		.loc 1 67 1 is_stmt 0 view .LVU45
 152 002a FBE7     		b	.L7
 153              	.L12:
 154              		.align	2
 155              	.L11:
 156 002c 00000000 		.word	.LANCHOR1
 157 0030 00140140 		.word	1073812480
 158              		.cfi_endproc
 159              	.LFE131:
 161              		.section	.text.HAL_UART_MspInit,"ax",%progbits
 162              		.align	1
 163              		.global	HAL_UART_MspInit
ARM GAS  /var/folders/k2/cd9bl_j17z77g23y6ffqb_400000gn/T//cc1140ZX.s 			page 5


 164              		.syntax unified
 165              		.thumb
 166              		.thumb_func
 167              		.fpu fpv4-sp-d16
 169              	HAL_UART_MspInit:
 170              	.LVL4:
 171              	.LFB132:
  68:Src/usart.c   **** 
  69:Src/usart.c   **** void HAL_UART_MspInit(UART_HandleTypeDef* uartHandle)
  70:Src/usart.c   **** {
 172              		.loc 1 70 1 is_stmt 1 view -0
 173              		.cfi_startproc
 174              		@ args = 0, pretend = 0, frame = 40
 175              		@ frame_needed = 0, uses_anonymous_args = 0
 176              		.loc 1 70 1 is_stmt 0 view .LVU47
 177 0000 00B5     		push	{lr}
 178              	.LCFI2:
 179              		.cfi_def_cfa_offset 4
 180              		.cfi_offset 14, -4
 181 0002 8BB0     		sub	sp, sp, #44
 182              	.LCFI3:
 183              		.cfi_def_cfa_offset 48
  71:Src/usart.c   **** 
  72:Src/usart.c   ****   GPIO_InitTypeDef GPIO_InitStruct = {0};
 184              		.loc 1 72 3 is_stmt 1 view .LVU48
 185              		.loc 1 72 20 is_stmt 0 view .LVU49
 186 0004 0023     		movs	r3, #0
 187 0006 0593     		str	r3, [sp, #20]
 188 0008 0693     		str	r3, [sp, #24]
 189 000a 0793     		str	r3, [sp, #28]
 190 000c 0893     		str	r3, [sp, #32]
 191 000e 0993     		str	r3, [sp, #36]
  73:Src/usart.c   ****   if(uartHandle->Instance==USART1)
 192              		.loc 1 73 3 is_stmt 1 view .LVU50
 193              		.loc 1 73 16 is_stmt 0 view .LVU51
 194 0010 0368     		ldr	r3, [r0]
 195              		.loc 1 73 5 view .LVU52
 196 0012 284A     		ldr	r2, .L19
 197 0014 9342     		cmp	r3, r2
 198 0016 05D0     		beq	.L17
  74:Src/usart.c   ****   {
  75:Src/usart.c   ****   /* USER CODE BEGIN USART1_MspInit 0 */
  76:Src/usart.c   **** 
  77:Src/usart.c   ****   /* USER CODE END USART1_MspInit 0 */
  78:Src/usart.c   ****     /* USART1 clock enable */
  79:Src/usart.c   ****     __HAL_RCC_USART1_CLK_ENABLE();
  80:Src/usart.c   **** 
  81:Src/usart.c   ****     __HAL_RCC_GPIOA_CLK_ENABLE();
  82:Src/usart.c   ****     /**USART1 GPIO Configuration
  83:Src/usart.c   ****     PA9     ------> USART1_TX
  84:Src/usart.c   ****     PA10     ------> USART1_RX
  85:Src/usart.c   ****     */
  86:Src/usart.c   ****     GPIO_InitStruct.Pin = GPIO_PIN_9|GPIO_PIN_10;
  87:Src/usart.c   ****     GPIO_InitStruct.Mode = GPIO_MODE_AF_PP;
  88:Src/usart.c   ****     GPIO_InitStruct.Pull = GPIO_NOPULL;
  89:Src/usart.c   ****     GPIO_InitStruct.Speed = GPIO_SPEED_FREQ_VERY_HIGH;
  90:Src/usart.c   ****     GPIO_InitStruct.Alternate = GPIO_AF7_USART1;
ARM GAS  /var/folders/k2/cd9bl_j17z77g23y6ffqb_400000gn/T//cc1140ZX.s 			page 6


  91:Src/usart.c   ****     HAL_GPIO_Init(GPIOA, &GPIO_InitStruct);
  92:Src/usart.c   **** 
  93:Src/usart.c   ****   /* USER CODE BEGIN USART1_MspInit 1 */
  94:Src/usart.c   **** 
  95:Src/usart.c   ****   /* USER CODE END USART1_MspInit 1 */
  96:Src/usart.c   ****   }
  97:Src/usart.c   ****   else if(uartHandle->Instance==USART6)
 199              		.loc 1 97 8 is_stmt 1 view .LVU53
 200              		.loc 1 97 10 is_stmt 0 view .LVU54
 201 0018 274A     		ldr	r2, .L19+4
 202 001a 9342     		cmp	r3, r2
 203 001c 26D0     		beq	.L18
 204              	.LVL5:
 205              	.L13:
  98:Src/usart.c   ****   {
  99:Src/usart.c   ****   /* USER CODE BEGIN USART6_MspInit 0 */
 100:Src/usart.c   **** 
 101:Src/usart.c   ****   /* USER CODE END USART6_MspInit 0 */
 102:Src/usart.c   ****     /* USART6 clock enable */
 103:Src/usart.c   ****     __HAL_RCC_USART6_CLK_ENABLE();
 104:Src/usart.c   **** 
 105:Src/usart.c   ****     __HAL_RCC_GPIOC_CLK_ENABLE();
 106:Src/usart.c   ****     /**USART6 GPIO Configuration
 107:Src/usart.c   ****     PC6     ------> USART6_TX
 108:Src/usart.c   ****     PC7     ------> USART6_RX
 109:Src/usart.c   ****     */
 110:Src/usart.c   ****     GPIO_InitStruct.Pin = GPIO_PIN_6|GPIO_PIN_7;
 111:Src/usart.c   ****     GPIO_InitStruct.Mode = GPIO_MODE_AF_PP;
 112:Src/usart.c   ****     GPIO_InitStruct.Pull = GPIO_NOPULL;
 113:Src/usart.c   ****     GPIO_InitStruct.Speed = GPIO_SPEED_FREQ_VERY_HIGH;
 114:Src/usart.c   ****     GPIO_InitStruct.Alternate = GPIO_AF8_USART6;
 115:Src/usart.c   ****     HAL_GPIO_Init(GPIOC, &GPIO_InitStruct);
 116:Src/usart.c   **** 
 117:Src/usart.c   ****   /* USER CODE BEGIN USART6_MspInit 1 */
 118:Src/usart.c   **** 
 119:Src/usart.c   ****   /* USER CODE END USART6_MspInit 1 */
 120:Src/usart.c   ****   }
 121:Src/usart.c   **** }
 206              		.loc 1 121 1 view .LVU55
 207 001e 0BB0     		add	sp, sp, #44
 208              	.LCFI4:
 209              		.cfi_remember_state
 210              		.cfi_def_cfa_offset 4
 211              		@ sp needed
 212 0020 5DF804FB 		ldr	pc, [sp], #4
 213              	.LVL6:
 214              	.L17:
 215              	.LCFI5:
 216              		.cfi_restore_state
  79:Src/usart.c   **** 
 217              		.loc 1 79 5 is_stmt 1 view .LVU56
 218              	.LBB2:
  79:Src/usart.c   **** 
 219              		.loc 1 79 5 view .LVU57
 220 0024 0021     		movs	r1, #0
 221 0026 0191     		str	r1, [sp, #4]
  79:Src/usart.c   **** 
ARM GAS  /var/folders/k2/cd9bl_j17z77g23y6ffqb_400000gn/T//cc1140ZX.s 			page 7


 222              		.loc 1 79 5 view .LVU58
 223 0028 244B     		ldr	r3, .L19+8
 224 002a 5A6C     		ldr	r2, [r3, #68]
 225 002c 42F01002 		orr	r2, r2, #16
 226 0030 5A64     		str	r2, [r3, #68]
  79:Src/usart.c   **** 
 227              		.loc 1 79 5 view .LVU59
 228 0032 5A6C     		ldr	r2, [r3, #68]
 229 0034 02F01002 		and	r2, r2, #16
 230 0038 0192     		str	r2, [sp, #4]
  79:Src/usart.c   **** 
 231              		.loc 1 79 5 view .LVU60
 232 003a 019A     		ldr	r2, [sp, #4]
 233              	.LBE2:
  79:Src/usart.c   **** 
 234              		.loc 1 79 5 view .LVU61
  81:Src/usart.c   ****     /**USART1 GPIO Configuration
 235              		.loc 1 81 5 view .LVU62
 236              	.LBB3:
  81:Src/usart.c   ****     /**USART1 GPIO Configuration
 237              		.loc 1 81 5 view .LVU63
 238 003c 0291     		str	r1, [sp, #8]
  81:Src/usart.c   ****     /**USART1 GPIO Configuration
 239              		.loc 1 81 5 view .LVU64
 240 003e 1A6B     		ldr	r2, [r3, #48]
 241 0040 42F00102 		orr	r2, r2, #1
 242 0044 1A63     		str	r2, [r3, #48]
  81:Src/usart.c   ****     /**USART1 GPIO Configuration
 243              		.loc 1 81 5 view .LVU65
 244 0046 1B6B     		ldr	r3, [r3, #48]
 245 0048 03F00103 		and	r3, r3, #1
 246 004c 0293     		str	r3, [sp, #8]
  81:Src/usart.c   ****     /**USART1 GPIO Configuration
 247              		.loc 1 81 5 view .LVU66
 248 004e 029B     		ldr	r3, [sp, #8]
 249              	.LBE3:
  81:Src/usart.c   ****     /**USART1 GPIO Configuration
 250              		.loc 1 81 5 view .LVU67
  86:Src/usart.c   ****     GPIO_InitStruct.Mode = GPIO_MODE_AF_PP;
 251              		.loc 1 86 5 view .LVU68
  86:Src/usart.c   ****     GPIO_InitStruct.Mode = GPIO_MODE_AF_PP;
 252              		.loc 1 86 25 is_stmt 0 view .LVU69
 253 0050 4FF4C063 		mov	r3, #1536
 254 0054 0593     		str	r3, [sp, #20]
  87:Src/usart.c   ****     GPIO_InitStruct.Pull = GPIO_NOPULL;
 255              		.loc 1 87 5 is_stmt 1 view .LVU70
  87:Src/usart.c   ****     GPIO_InitStruct.Pull = GPIO_NOPULL;
 256              		.loc 1 87 26 is_stmt 0 view .LVU71
 257 0056 0223     		movs	r3, #2
 258 0058 0693     		str	r3, [sp, #24]
  88:Src/usart.c   ****     GPIO_InitStruct.Speed = GPIO_SPEED_FREQ_VERY_HIGH;
 259              		.loc 1 88 5 is_stmt 1 view .LVU72
  89:Src/usart.c   ****     GPIO_InitStruct.Alternate = GPIO_AF7_USART1;
 260              		.loc 1 89 5 view .LVU73
  89:Src/usart.c   ****     GPIO_InitStruct.Alternate = GPIO_AF7_USART1;
 261              		.loc 1 89 27 is_stmt 0 view .LVU74
 262 005a 0323     		movs	r3, #3
ARM GAS  /var/folders/k2/cd9bl_j17z77g23y6ffqb_400000gn/T//cc1140ZX.s 			page 8


 263 005c 0893     		str	r3, [sp, #32]
  90:Src/usart.c   ****     HAL_GPIO_Init(GPIOA, &GPIO_InitStruct);
 264              		.loc 1 90 5 is_stmt 1 view .LVU75
  90:Src/usart.c   ****     HAL_GPIO_Init(GPIOA, &GPIO_InitStruct);
 265              		.loc 1 90 31 is_stmt 0 view .LVU76
 266 005e 0723     		movs	r3, #7
 267 0060 0993     		str	r3, [sp, #36]
  91:Src/usart.c   **** 
 268              		.loc 1 91 5 is_stmt 1 view .LVU77
 269 0062 05A9     		add	r1, sp, #20
 270 0064 1648     		ldr	r0, .L19+12
 271              	.LVL7:
  91:Src/usart.c   **** 
 272              		.loc 1 91 5 is_stmt 0 view .LVU78
 273 0066 FFF7FEFF 		bl	HAL_GPIO_Init
 274              	.LVL8:
 275 006a D8E7     		b	.L13
 276              	.LVL9:
 277              	.L18:
 103:Src/usart.c   **** 
 278              		.loc 1 103 5 is_stmt 1 view .LVU79
 279              	.LBB4:
 103:Src/usart.c   **** 
 280              		.loc 1 103 5 view .LVU80
 281 006c 0021     		movs	r1, #0
 282 006e 0391     		str	r1, [sp, #12]
 103:Src/usart.c   **** 
 283              		.loc 1 103 5 view .LVU81
 284 0070 124B     		ldr	r3, .L19+8
 285 0072 5A6C     		ldr	r2, [r3, #68]
 286 0074 42F02002 		orr	r2, r2, #32
 287 0078 5A64     		str	r2, [r3, #68]
 103:Src/usart.c   **** 
 288              		.loc 1 103 5 view .LVU82
 289 007a 5A6C     		ldr	r2, [r3, #68]
 290 007c 02F02002 		and	r2, r2, #32
 291 0080 0392     		str	r2, [sp, #12]
 103:Src/usart.c   **** 
 292              		.loc 1 103 5 view .LVU83
 293 0082 039A     		ldr	r2, [sp, #12]
 294              	.LBE4:
 103:Src/usart.c   **** 
 295              		.loc 1 103 5 view .LVU84
 105:Src/usart.c   ****     /**USART6 GPIO Configuration
 296              		.loc 1 105 5 view .LVU85
 297              	.LBB5:
 105:Src/usart.c   ****     /**USART6 GPIO Configuration
 298              		.loc 1 105 5 view .LVU86
 299 0084 0491     		str	r1, [sp, #16]
 105:Src/usart.c   ****     /**USART6 GPIO Configuration
 300              		.loc 1 105 5 view .LVU87
 301 0086 1A6B     		ldr	r2, [r3, #48]
 302 0088 42F00402 		orr	r2, r2, #4
 303 008c 1A63     		str	r2, [r3, #48]
 105:Src/usart.c   ****     /**USART6 GPIO Configuration
 304              		.loc 1 105 5 view .LVU88
 305 008e 1B6B     		ldr	r3, [r3, #48]
ARM GAS  /var/folders/k2/cd9bl_j17z77g23y6ffqb_400000gn/T//cc1140ZX.s 			page 9


 306 0090 03F00403 		and	r3, r3, #4
 307 0094 0493     		str	r3, [sp, #16]
 105:Src/usart.c   ****     /**USART6 GPIO Configuration
 308              		.loc 1 105 5 view .LVU89
 309 0096 049B     		ldr	r3, [sp, #16]
 310              	.LBE5:
 105:Src/usart.c   ****     /**USART6 GPIO Configuration
 311              		.loc 1 105 5 view .LVU90
 110:Src/usart.c   ****     GPIO_InitStruct.Mode = GPIO_MODE_AF_PP;
 312              		.loc 1 110 5 view .LVU91
 110:Src/usart.c   ****     GPIO_InitStruct.Mode = GPIO_MODE_AF_PP;
 313              		.loc 1 110 25 is_stmt 0 view .LVU92
 314 0098 C023     		movs	r3, #192
 315 009a 0593     		str	r3, [sp, #20]
 111:Src/usart.c   ****     GPIO_InitStruct.Pull = GPIO_NOPULL;
 316              		.loc 1 111 5 is_stmt 1 view .LVU93
 111:Src/usart.c   ****     GPIO_InitStruct.Pull = GPIO_NOPULL;
 317              		.loc 1 111 26 is_stmt 0 view .LVU94
 318 009c 0223     		movs	r3, #2
 319 009e 0693     		str	r3, [sp, #24]
 112:Src/usart.c   ****     GPIO_InitStruct.Speed = GPIO_SPEED_FREQ_VERY_HIGH;
 320              		.loc 1 112 5 is_stmt 1 view .LVU95
 113:Src/usart.c   ****     GPIO_InitStruct.Alternate = GPIO_AF8_USART6;
 321              		.loc 1 113 5 view .LVU96
 113:Src/usart.c   ****     GPIO_InitStruct.Alternate = GPIO_AF8_USART6;
 322              		.loc 1 113 27 is_stmt 0 view .LVU97
 323 00a0 0323     		movs	r3, #3
 324 00a2 0893     		str	r3, [sp, #32]
 114:Src/usart.c   ****     HAL_GPIO_Init(GPIOC, &GPIO_InitStruct);
 325              		.loc 1 114 5 is_stmt 1 view .LVU98
 114:Src/usart.c   ****     HAL_GPIO_Init(GPIOC, &GPIO_InitStruct);
 326              		.loc 1 114 31 is_stmt 0 view .LVU99
 327 00a4 0823     		movs	r3, #8
 328 00a6 0993     		str	r3, [sp, #36]
 115:Src/usart.c   **** 
 329              		.loc 1 115 5 is_stmt 1 view .LVU100
 330 00a8 05A9     		add	r1, sp, #20
 331 00aa 0648     		ldr	r0, .L19+16
 332              	.LVL10:
 115:Src/usart.c   **** 
 333              		.loc 1 115 5 is_stmt 0 view .LVU101
 334 00ac FFF7FEFF 		bl	HAL_GPIO_Init
 335              	.LVL11:
 336              		.loc 1 121 1 view .LVU102
 337 00b0 B5E7     		b	.L13
 338              	.L20:
 339 00b2 00BF     		.align	2
 340              	.L19:
 341 00b4 00100140 		.word	1073811456
 342 00b8 00140140 		.word	1073812480
 343 00bc 00380240 		.word	1073887232
 344 00c0 00000240 		.word	1073872896
 345 00c4 00080240 		.word	1073874944
 346              		.cfi_endproc
 347              	.LFE132:
 349              		.section	.text.HAL_UART_MspDeInit,"ax",%progbits
 350              		.align	1
ARM GAS  /var/folders/k2/cd9bl_j17z77g23y6ffqb_400000gn/T//cc1140ZX.s 			page 10


 351              		.global	HAL_UART_MspDeInit
 352              		.syntax unified
 353              		.thumb
 354              		.thumb_func
 355              		.fpu fpv4-sp-d16
 357              	HAL_UART_MspDeInit:
 358              	.LVL12:
 359              	.LFB133:
 122:Src/usart.c   **** 
 123:Src/usart.c   **** void HAL_UART_MspDeInit(UART_HandleTypeDef* uartHandle)
 124:Src/usart.c   **** {
 360              		.loc 1 124 1 is_stmt 1 view -0
 361              		.cfi_startproc
 362              		@ args = 0, pretend = 0, frame = 0
 363              		@ frame_needed = 0, uses_anonymous_args = 0
 364              		.loc 1 124 1 is_stmt 0 view .LVU104
 365 0000 08B5     		push	{r3, lr}
 366              	.LCFI6:
 367              		.cfi_def_cfa_offset 8
 368              		.cfi_offset 3, -8
 369              		.cfi_offset 14, -4
 125:Src/usart.c   **** 
 126:Src/usart.c   ****   if(uartHandle->Instance==USART1)
 370              		.loc 1 126 3 is_stmt 1 view .LVU105
 371              		.loc 1 126 16 is_stmt 0 view .LVU106
 372 0002 0368     		ldr	r3, [r0]
 373              		.loc 1 126 5 view .LVU107
 374 0004 0E4A     		ldr	r2, .L27
 375 0006 9342     		cmp	r3, r2
 376 0008 03D0     		beq	.L25
 127:Src/usart.c   ****   {
 128:Src/usart.c   ****   /* USER CODE BEGIN USART1_MspDeInit 0 */
 129:Src/usart.c   **** 
 130:Src/usart.c   ****   /* USER CODE END USART1_MspDeInit 0 */
 131:Src/usart.c   ****     /* Peripheral clock disable */
 132:Src/usart.c   ****     __HAL_RCC_USART1_CLK_DISABLE();
 133:Src/usart.c   **** 
 134:Src/usart.c   ****     /**USART1 GPIO Configuration
 135:Src/usart.c   ****     PA9     ------> USART1_TX
 136:Src/usart.c   ****     PA10     ------> USART1_RX
 137:Src/usart.c   ****     */
 138:Src/usart.c   ****     HAL_GPIO_DeInit(GPIOA, GPIO_PIN_9|GPIO_PIN_10);
 139:Src/usart.c   **** 
 140:Src/usart.c   ****   /* USER CODE BEGIN USART1_MspDeInit 1 */
 141:Src/usart.c   **** 
 142:Src/usart.c   ****   /* USER CODE END USART1_MspDeInit 1 */
 143:Src/usart.c   ****   }
 144:Src/usart.c   ****   else if(uartHandle->Instance==USART6)
 377              		.loc 1 144 8 is_stmt 1 view .LVU108
 378              		.loc 1 144 10 is_stmt 0 view .LVU109
 379 000a 0E4A     		ldr	r2, .L27+4
 380 000c 9342     		cmp	r3, r2
 381 000e 0CD0     		beq	.L26
 382              	.LVL13:
 383              	.L21:
 145:Src/usart.c   ****   {
 146:Src/usart.c   ****   /* USER CODE BEGIN USART6_MspDeInit 0 */
ARM GAS  /var/folders/k2/cd9bl_j17z77g23y6ffqb_400000gn/T//cc1140ZX.s 			page 11


 147:Src/usart.c   **** 
 148:Src/usart.c   ****   /* USER CODE END USART6_MspDeInit 0 */
 149:Src/usart.c   ****     /* Peripheral clock disable */
 150:Src/usart.c   ****     __HAL_RCC_USART6_CLK_DISABLE();
 151:Src/usart.c   **** 
 152:Src/usart.c   ****     /**USART6 GPIO Configuration
 153:Src/usart.c   ****     PC6     ------> USART6_TX
 154:Src/usart.c   ****     PC7     ------> USART6_RX
 155:Src/usart.c   ****     */
 156:Src/usart.c   ****     HAL_GPIO_DeInit(GPIOC, GPIO_PIN_6|GPIO_PIN_7);
 157:Src/usart.c   **** 
 158:Src/usart.c   ****   /* USER CODE BEGIN USART6_MspDeInit 1 */
 159:Src/usart.c   **** 
 160:Src/usart.c   ****   /* USER CODE END USART6_MspDeInit 1 */
 161:Src/usart.c   ****   }
 162:Src/usart.c   **** }
 384              		.loc 1 162 1 view .LVU110
 385 0010 08BD     		pop	{r3, pc}
 386              	.LVL14:
 387              	.L25:
 132:Src/usart.c   **** 
 388              		.loc 1 132 5 is_stmt 1 view .LVU111
 389 0012 02F59432 		add	r2, r2, #75776
 390 0016 536C     		ldr	r3, [r2, #68]
 391 0018 23F01003 		bic	r3, r3, #16
 392 001c 5364     		str	r3, [r2, #68]
 138:Src/usart.c   **** 
 393              		.loc 1 138 5 view .LVU112
 394 001e 4FF4C061 		mov	r1, #1536
 395 0022 0948     		ldr	r0, .L27+8
 396              	.LVL15:
 138:Src/usart.c   **** 
 397              		.loc 1 138 5 is_stmt 0 view .LVU113
 398 0024 FFF7FEFF 		bl	HAL_GPIO_DeInit
 399              	.LVL16:
 400 0028 F2E7     		b	.L21
 401              	.LVL17:
 402              	.L26:
 150:Src/usart.c   **** 
 403              		.loc 1 150 5 is_stmt 1 view .LVU114
 404 002a 02F59232 		add	r2, r2, #74752
 405 002e 536C     		ldr	r3, [r2, #68]
 406 0030 23F02003 		bic	r3, r3, #32
 407 0034 5364     		str	r3, [r2, #68]
 156:Src/usart.c   **** 
 408              		.loc 1 156 5 view .LVU115
 409 0036 C021     		movs	r1, #192
 410 0038 0448     		ldr	r0, .L27+12
 411              	.LVL18:
 156:Src/usart.c   **** 
 412              		.loc 1 156 5 is_stmt 0 view .LVU116
 413 003a FFF7FEFF 		bl	HAL_GPIO_DeInit
 414              	.LVL19:
 415              		.loc 1 162 1 view .LVU117
 416 003e E7E7     		b	.L21
 417              	.L28:
 418              		.align	2
ARM GAS  /var/folders/k2/cd9bl_j17z77g23y6ffqb_400000gn/T//cc1140ZX.s 			page 12


 419              	.L27:
 420 0040 00100140 		.word	1073811456
 421 0044 00140140 		.word	1073812480
 422 0048 00000240 		.word	1073872896
 423 004c 00080240 		.word	1073874944
 424              		.cfi_endproc
 425              	.LFE133:
 427              		.global	huart6
 428              		.global	huart1
 429              		.section	.bss.huart1,"aw",%nobits
 430              		.align	2
 431              		.set	.LANCHOR0,. + 0
 434              	huart1:
 435 0000 00000000 		.space	68
 435      00000000 
 435      00000000 
 435      00000000 
 435      00000000 
 436              		.section	.bss.huart6,"aw",%nobits
 437              		.align	2
 438              		.set	.LANCHOR1,. + 0
 441              	huart6:
 442 0000 00000000 		.space	68
 442      00000000 
 442      00000000 
 442      00000000 
 442      00000000 
 443              		.text
 444              	.Letext0:
 445              		.file 2 "/Users/nhantt/tools/stm32/gcc-arm-none-eabi-10-2020-q4-major/arm-none-eabi/include/machin
 446              		.file 3 "/Users/nhantt/tools/stm32/gcc-arm-none-eabi-10-2020-q4-major/arm-none-eabi/include/sys/_s
 447              		.file 4 "/Users/nhantt/STM32Cube/Repository/STM32Cube_FW_F4_V1.26.0/Drivers/CMSIS/Device/ST/STM32F
 448              		.file 5 "/Users/nhantt/STM32Cube/Repository/STM32Cube_FW_F4_V1.26.0/Drivers/STM32F4xx_HAL_Driver/I
 449              		.file 6 "/Users/nhantt/STM32Cube/Repository/STM32Cube_FW_F4_V1.26.0/Drivers/STM32F4xx_HAL_Driver/I
 450              		.file 7 "/Users/nhantt/STM32Cube/Repository/STM32Cube_FW_F4_V1.26.0/Drivers/STM32F4xx_HAL_Driver/I
 451              		.file 8 "/Users/nhantt/STM32Cube/Repository/STM32Cube_FW_F4_V1.26.0/Drivers/STM32F4xx_HAL_Driver/I
 452              		.file 9 "Inc/usart.h"
 453              		.file 10 "Inc/main.h"
ARM GAS  /var/folders/k2/cd9bl_j17z77g23y6ffqb_400000gn/T//cc1140ZX.s 			page 13


DEFINED SYMBOLS
                            *ABS*:0000000000000000 usart.c
/var/folders/k2/cd9bl_j17z77g23y6ffqb_400000gn/T//cc1140ZX.s:18     .text.MX_USART1_UART_Init:0000000000000000 $t
/var/folders/k2/cd9bl_j17z77g23y6ffqb_400000gn/T//cc1140ZX.s:26     .text.MX_USART1_UART_Init:0000000000000000 MX_USART1_UART_Init
/var/folders/k2/cd9bl_j17z77g23y6ffqb_400000gn/T//cc1140ZX.s:85     .text.MX_USART1_UART_Init:000000000000002c $d
/var/folders/k2/cd9bl_j17z77g23y6ffqb_400000gn/T//cc1140ZX.s:91     .text.MX_USART6_UART_Init:0000000000000000 $t
/var/folders/k2/cd9bl_j17z77g23y6ffqb_400000gn/T//cc1140ZX.s:98     .text.MX_USART6_UART_Init:0000000000000000 MX_USART6_UART_Init
/var/folders/k2/cd9bl_j17z77g23y6ffqb_400000gn/T//cc1140ZX.s:156    .text.MX_USART6_UART_Init:000000000000002c $d
/var/folders/k2/cd9bl_j17z77g23y6ffqb_400000gn/T//cc1140ZX.s:162    .text.HAL_UART_MspInit:0000000000000000 $t
/var/folders/k2/cd9bl_j17z77g23y6ffqb_400000gn/T//cc1140ZX.s:169    .text.HAL_UART_MspInit:0000000000000000 HAL_UART_MspInit
/var/folders/k2/cd9bl_j17z77g23y6ffqb_400000gn/T//cc1140ZX.s:341    .text.HAL_UART_MspInit:00000000000000b4 $d
/var/folders/k2/cd9bl_j17z77g23y6ffqb_400000gn/T//cc1140ZX.s:350    .text.HAL_UART_MspDeInit:0000000000000000 $t
/var/folders/k2/cd9bl_j17z77g23y6ffqb_400000gn/T//cc1140ZX.s:357    .text.HAL_UART_MspDeInit:0000000000000000 HAL_UART_MspDeInit
/var/folders/k2/cd9bl_j17z77g23y6ffqb_400000gn/T//cc1140ZX.s:420    .text.HAL_UART_MspDeInit:0000000000000040 $d
/var/folders/k2/cd9bl_j17z77g23y6ffqb_400000gn/T//cc1140ZX.s:441    .bss.huart6:0000000000000000 huart6
/var/folders/k2/cd9bl_j17z77g23y6ffqb_400000gn/T//cc1140ZX.s:434    .bss.huart1:0000000000000000 huart1
/var/folders/k2/cd9bl_j17z77g23y6ffqb_400000gn/T//cc1140ZX.s:430    .bss.huart1:0000000000000000 $d
/var/folders/k2/cd9bl_j17z77g23y6ffqb_400000gn/T//cc1140ZX.s:437    .bss.huart6:0000000000000000 $d

UNDEFINED SYMBOLS
HAL_UART_Init
Error_Handler
HAL_GPIO_Init
HAL_GPIO_DeInit
