ARM GAS  /var/folders/k2/cd9bl_j17z77g23y6ffqb_400000gn/T//ccCf0eOo.s 			page 1


   1              		.cpu cortex-m4
   2              		.eabi_attribute 27, 1
   3              		.eabi_attribute 28, 1
   4              		.eabi_attribute 20, 1
   5              		.eabi_attribute 21, 1
   6              		.eabi_attribute 23, 3
   7              		.eabi_attribute 24, 1
   8              		.eabi_attribute 25, 1
   9              		.eabi_attribute 26, 1
  10              		.eabi_attribute 30, 1
  11              		.eabi_attribute 34, 1
  12              		.eabi_attribute 18, 4
  13              		.file	"user_diskio.c"
  14              		.text
  15              	.Ltext0:
  16              		.cfi_sections	.debug_frame
  17              		.section	.text.USER_initialize,"ax",%progbits
  18              		.align	1
  19              		.global	USER_initialize
  20              		.arch armv7e-m
  21              		.syntax unified
  22              		.thumb
  23              		.thumb_func
  24              		.fpu fpv4-sp-d16
  26              	USER_initialize:
  27              	.LVL0:
  28              	.LFB130:
  29              		.file 1 "FATFS/Target/user_diskio.c"
   1:FATFS/Target/user_diskio.c **** /* USER CODE BEGIN Header */
   2:FATFS/Target/user_diskio.c **** /**
   3:FATFS/Target/user_diskio.c ****  ******************************************************************************
   4:FATFS/Target/user_diskio.c ****   * @file    user_diskio.c
   5:FATFS/Target/user_diskio.c ****   * @brief   This file includes a diskio driver skeleton to be completed by the user.
   6:FATFS/Target/user_diskio.c ****   ******************************************************************************
   7:FATFS/Target/user_diskio.c ****   * @attention
   8:FATFS/Target/user_diskio.c ****   *
   9:FATFS/Target/user_diskio.c ****   * <h2><center>&copy; Copyright (c) 2021 STMicroelectronics.
  10:FATFS/Target/user_diskio.c ****   * All rights reserved.</center></h2>
  11:FATFS/Target/user_diskio.c ****   *
  12:FATFS/Target/user_diskio.c ****   * This software component is licensed by ST under Ultimate Liberty license
  13:FATFS/Target/user_diskio.c ****   * SLA0044, the "License"; You may not use this file except in compliance with
  14:FATFS/Target/user_diskio.c ****   * the License. You may obtain a copy of the License at:
  15:FATFS/Target/user_diskio.c ****   *                             www.st.com/SLA0044
  16:FATFS/Target/user_diskio.c ****   *
  17:FATFS/Target/user_diskio.c ****   ******************************************************************************
  18:FATFS/Target/user_diskio.c ****   */
  19:FATFS/Target/user_diskio.c ****  /* USER CODE END Header */
  20:FATFS/Target/user_diskio.c **** 
  21:FATFS/Target/user_diskio.c **** #ifdef USE_OBSOLETE_USER_CODE_SECTION_0
  22:FATFS/Target/user_diskio.c **** /*
  23:FATFS/Target/user_diskio.c ****  * Warning: the user section 0 is no more in use (starting from CubeMx version 4.16.0)
  24:FATFS/Target/user_diskio.c ****  * To be suppressed in the future.
  25:FATFS/Target/user_diskio.c ****  * Kept to ensure backward compatibility with previous CubeMx versions when
  26:FATFS/Target/user_diskio.c ****  * migrating projects.
  27:FATFS/Target/user_diskio.c ****  * User code previously added there should be copied in the new user sections before
  28:FATFS/Target/user_diskio.c ****  * the section contents can be deleted.
  29:FATFS/Target/user_diskio.c ****  */
ARM GAS  /var/folders/k2/cd9bl_j17z77g23y6ffqb_400000gn/T//ccCf0eOo.s 			page 2


  30:FATFS/Target/user_diskio.c **** /* USER CODE BEGIN 0 */
  31:FATFS/Target/user_diskio.c **** /* USER CODE END 0 */
  32:FATFS/Target/user_diskio.c **** #endif
  33:FATFS/Target/user_diskio.c **** 
  34:FATFS/Target/user_diskio.c **** /* USER CODE BEGIN DECL */
  35:FATFS/Target/user_diskio.c **** 
  36:FATFS/Target/user_diskio.c **** /* Includes ------------------------------------------------------------------*/
  37:FATFS/Target/user_diskio.c **** #include <string.h>
  38:FATFS/Target/user_diskio.c **** #include "ff_gen_drv.h"
  39:FATFS/Target/user_diskio.c **** 
  40:FATFS/Target/user_diskio.c **** /* Private typedef -----------------------------------------------------------*/
  41:FATFS/Target/user_diskio.c **** /* Private define ------------------------------------------------------------*/
  42:FATFS/Target/user_diskio.c **** 
  43:FATFS/Target/user_diskio.c **** /* Private variables ---------------------------------------------------------*/
  44:FATFS/Target/user_diskio.c **** /* Disk status */
  45:FATFS/Target/user_diskio.c **** static volatile DSTATUS Stat = STA_NOINIT;
  46:FATFS/Target/user_diskio.c **** 
  47:FATFS/Target/user_diskio.c **** /* USER CODE END DECL */
  48:FATFS/Target/user_diskio.c **** 
  49:FATFS/Target/user_diskio.c **** /* Private function prototypes -----------------------------------------------*/
  50:FATFS/Target/user_diskio.c **** DSTATUS USER_initialize (BYTE pdrv);
  51:FATFS/Target/user_diskio.c **** DSTATUS USER_status (BYTE pdrv);
  52:FATFS/Target/user_diskio.c **** DRESULT USER_read (BYTE pdrv, BYTE *buff, DWORD sector, UINT count);
  53:FATFS/Target/user_diskio.c **** #if _USE_WRITE == 1
  54:FATFS/Target/user_diskio.c ****   DRESULT USER_write (BYTE pdrv, const BYTE *buff, DWORD sector, UINT count);
  55:FATFS/Target/user_diskio.c **** #endif /* _USE_WRITE == 1 */
  56:FATFS/Target/user_diskio.c **** #if _USE_IOCTL == 1
  57:FATFS/Target/user_diskio.c ****   DRESULT USER_ioctl (BYTE pdrv, BYTE cmd, void *buff);
  58:FATFS/Target/user_diskio.c **** #endif /* _USE_IOCTL == 1 */
  59:FATFS/Target/user_diskio.c **** 
  60:FATFS/Target/user_diskio.c **** Diskio_drvTypeDef  USER_Driver =
  61:FATFS/Target/user_diskio.c **** {
  62:FATFS/Target/user_diskio.c ****   USER_initialize,
  63:FATFS/Target/user_diskio.c ****   USER_status,
  64:FATFS/Target/user_diskio.c ****   USER_read,
  65:FATFS/Target/user_diskio.c **** #if  _USE_WRITE
  66:FATFS/Target/user_diskio.c ****   USER_write,
  67:FATFS/Target/user_diskio.c **** #endif  /* _USE_WRITE == 1 */
  68:FATFS/Target/user_diskio.c **** #if  _USE_IOCTL == 1
  69:FATFS/Target/user_diskio.c ****   USER_ioctl,
  70:FATFS/Target/user_diskio.c **** #endif /* _USE_IOCTL == 1 */
  71:FATFS/Target/user_diskio.c **** };
  72:FATFS/Target/user_diskio.c **** 
  73:FATFS/Target/user_diskio.c **** /* Private functions ---------------------------------------------------------*/
  74:FATFS/Target/user_diskio.c **** 
  75:FATFS/Target/user_diskio.c **** /**
  76:FATFS/Target/user_diskio.c ****   * @brief  Initializes a Drive
  77:FATFS/Target/user_diskio.c ****   * @param  pdrv: Physical drive number (0..)
  78:FATFS/Target/user_diskio.c ****   * @retval DSTATUS: Operation status
  79:FATFS/Target/user_diskio.c ****   */
  80:FATFS/Target/user_diskio.c **** DSTATUS USER_initialize (
  81:FATFS/Target/user_diskio.c **** 	BYTE pdrv           /* Physical drive nmuber to identify the drive */
  82:FATFS/Target/user_diskio.c **** )
  83:FATFS/Target/user_diskio.c **** {
  30              		.loc 1 83 1 view -0
  31              		.cfi_startproc
  32              		@ args = 0, pretend = 0, frame = 0
ARM GAS  /var/folders/k2/cd9bl_j17z77g23y6ffqb_400000gn/T//ccCf0eOo.s 			page 3


  33              		@ frame_needed = 0, uses_anonymous_args = 0
  34              		@ link register save eliminated.
  84:FATFS/Target/user_diskio.c ****   /* USER CODE BEGIN INIT */
  85:FATFS/Target/user_diskio.c ****     Stat = STA_NOINIT;
  35              		.loc 1 85 5 view .LVU1
  36              		.loc 1 85 10 is_stmt 0 view .LVU2
  37 0000 024B     		ldr	r3, .L2
  38 0002 0122     		movs	r2, #1
  39 0004 1A70     		strb	r2, [r3]
  86:FATFS/Target/user_diskio.c ****     return Stat;
  40              		.loc 1 86 5 is_stmt 1 view .LVU3
  41              		.loc 1 86 12 is_stmt 0 view .LVU4
  42 0006 1878     		ldrb	r0, [r3]	@ zero_extendqisi2
  43              	.LVL1:
  87:FATFS/Target/user_diskio.c ****   /* USER CODE END INIT */
  88:FATFS/Target/user_diskio.c **** }
  44              		.loc 1 88 1 view .LVU5
  45 0008 7047     		bx	lr
  46              	.L3:
  47 000a 00BF     		.align	2
  48              	.L2:
  49 000c 00000000 		.word	.LANCHOR0
  50              		.cfi_endproc
  51              	.LFE130:
  53              		.section	.text.USER_status,"ax",%progbits
  54              		.align	1
  55              		.global	USER_status
  56              		.syntax unified
  57              		.thumb
  58              		.thumb_func
  59              		.fpu fpv4-sp-d16
  61              	USER_status:
  62              	.LVL2:
  63              	.LFB131:
  89:FATFS/Target/user_diskio.c **** 
  90:FATFS/Target/user_diskio.c **** /**
  91:FATFS/Target/user_diskio.c ****   * @brief  Gets Disk Status
  92:FATFS/Target/user_diskio.c ****   * @param  pdrv: Physical drive number (0..)
  93:FATFS/Target/user_diskio.c ****   * @retval DSTATUS: Operation status
  94:FATFS/Target/user_diskio.c ****   */
  95:FATFS/Target/user_diskio.c **** DSTATUS USER_status (
  96:FATFS/Target/user_diskio.c **** 	BYTE pdrv       /* Physical drive number to identify the drive */
  97:FATFS/Target/user_diskio.c **** )
  98:FATFS/Target/user_diskio.c **** {
  64              		.loc 1 98 1 is_stmt 1 view -0
  65              		.cfi_startproc
  66              		@ args = 0, pretend = 0, frame = 0
  67              		@ frame_needed = 0, uses_anonymous_args = 0
  68              		@ link register save eliminated.
  99:FATFS/Target/user_diskio.c ****   /* USER CODE BEGIN STATUS */
 100:FATFS/Target/user_diskio.c ****     Stat = STA_NOINIT;
  69              		.loc 1 100 5 view .LVU7
  70              		.loc 1 100 10 is_stmt 0 view .LVU8
  71 0000 024B     		ldr	r3, .L5
  72 0002 0122     		movs	r2, #1
  73 0004 1A70     		strb	r2, [r3]
 101:FATFS/Target/user_diskio.c ****     return Stat;
ARM GAS  /var/folders/k2/cd9bl_j17z77g23y6ffqb_400000gn/T//ccCf0eOo.s 			page 4


  74              		.loc 1 101 5 is_stmt 1 view .LVU9
  75              		.loc 1 101 12 is_stmt 0 view .LVU10
  76 0006 1878     		ldrb	r0, [r3]	@ zero_extendqisi2
  77              	.LVL3:
 102:FATFS/Target/user_diskio.c ****   /* USER CODE END STATUS */
 103:FATFS/Target/user_diskio.c **** }
  78              		.loc 1 103 1 view .LVU11
  79 0008 7047     		bx	lr
  80              	.L6:
  81 000a 00BF     		.align	2
  82              	.L5:
  83 000c 00000000 		.word	.LANCHOR0
  84              		.cfi_endproc
  85              	.LFE131:
  87              		.section	.text.USER_read,"ax",%progbits
  88              		.align	1
  89              		.global	USER_read
  90              		.syntax unified
  91              		.thumb
  92              		.thumb_func
  93              		.fpu fpv4-sp-d16
  95              	USER_read:
  96              	.LVL4:
  97              	.LFB132:
 104:FATFS/Target/user_diskio.c **** 
 105:FATFS/Target/user_diskio.c **** /**
 106:FATFS/Target/user_diskio.c ****   * @brief  Reads Sector(s)
 107:FATFS/Target/user_diskio.c ****   * @param  pdrv: Physical drive number (0..)
 108:FATFS/Target/user_diskio.c ****   * @param  *buff: Data buffer to store read data
 109:FATFS/Target/user_diskio.c ****   * @param  sector: Sector address (LBA)
 110:FATFS/Target/user_diskio.c ****   * @param  count: Number of sectors to read (1..128)
 111:FATFS/Target/user_diskio.c ****   * @retval DRESULT: Operation result
 112:FATFS/Target/user_diskio.c ****   */
 113:FATFS/Target/user_diskio.c **** DRESULT USER_read (
 114:FATFS/Target/user_diskio.c **** 	BYTE pdrv,      /* Physical drive nmuber to identify the drive */
 115:FATFS/Target/user_diskio.c **** 	BYTE *buff,     /* Data buffer to store read data */
 116:FATFS/Target/user_diskio.c **** 	DWORD sector,   /* Sector address in LBA */
 117:FATFS/Target/user_diskio.c **** 	UINT count      /* Number of sectors to read */
 118:FATFS/Target/user_diskio.c **** )
 119:FATFS/Target/user_diskio.c **** {
  98              		.loc 1 119 1 is_stmt 1 view -0
  99              		.cfi_startproc
 100              		@ args = 0, pretend = 0, frame = 0
 101              		@ frame_needed = 0, uses_anonymous_args = 0
 102              		@ link register save eliminated.
 120:FATFS/Target/user_diskio.c ****   /* USER CODE BEGIN READ */
 121:FATFS/Target/user_diskio.c ****     return RES_OK;
 103              		.loc 1 121 5 view .LVU13
 122:FATFS/Target/user_diskio.c ****   /* USER CODE END READ */
 123:FATFS/Target/user_diskio.c **** }
 104              		.loc 1 123 1 is_stmt 0 view .LVU14
 105 0000 0020     		movs	r0, #0
 106              	.LVL5:
 107              		.loc 1 123 1 view .LVU15
 108 0002 7047     		bx	lr
 109              		.cfi_endproc
 110              	.LFE132:
ARM GAS  /var/folders/k2/cd9bl_j17z77g23y6ffqb_400000gn/T//ccCf0eOo.s 			page 5


 112              		.section	.text.USER_write,"ax",%progbits
 113              		.align	1
 114              		.global	USER_write
 115              		.syntax unified
 116              		.thumb
 117              		.thumb_func
 118              		.fpu fpv4-sp-d16
 120              	USER_write:
 121              	.LVL6:
 122              	.LFB133:
 124:FATFS/Target/user_diskio.c **** 
 125:FATFS/Target/user_diskio.c **** /**
 126:FATFS/Target/user_diskio.c ****   * @brief  Writes Sector(s)
 127:FATFS/Target/user_diskio.c ****   * @param  pdrv: Physical drive number (0..)
 128:FATFS/Target/user_diskio.c ****   * @param  *buff: Data to be written
 129:FATFS/Target/user_diskio.c ****   * @param  sector: Sector address (LBA)
 130:FATFS/Target/user_diskio.c ****   * @param  count: Number of sectors to write (1..128)
 131:FATFS/Target/user_diskio.c ****   * @retval DRESULT: Operation result
 132:FATFS/Target/user_diskio.c ****   */
 133:FATFS/Target/user_diskio.c **** #if _USE_WRITE == 1
 134:FATFS/Target/user_diskio.c **** DRESULT USER_write (
 135:FATFS/Target/user_diskio.c **** 	BYTE pdrv,          /* Physical drive nmuber to identify the drive */
 136:FATFS/Target/user_diskio.c **** 	const BYTE *buff,   /* Data to be written */
 137:FATFS/Target/user_diskio.c **** 	DWORD sector,       /* Sector address in LBA */
 138:FATFS/Target/user_diskio.c **** 	UINT count          /* Number of sectors to write */
 139:FATFS/Target/user_diskio.c **** )
 140:FATFS/Target/user_diskio.c **** {
 123              		.loc 1 140 1 is_stmt 1 view -0
 124              		.cfi_startproc
 125              		@ args = 0, pretend = 0, frame = 0
 126              		@ frame_needed = 0, uses_anonymous_args = 0
 127              		@ link register save eliminated.
 141:FATFS/Target/user_diskio.c ****   /* USER CODE BEGIN WRITE */
 142:FATFS/Target/user_diskio.c ****   /* USER CODE HERE */
 143:FATFS/Target/user_diskio.c ****     return RES_OK;
 128              		.loc 1 143 5 view .LVU17
 144:FATFS/Target/user_diskio.c ****   /* USER CODE END WRITE */
 145:FATFS/Target/user_diskio.c **** }
 129              		.loc 1 145 1 is_stmt 0 view .LVU18
 130 0000 0020     		movs	r0, #0
 131              	.LVL7:
 132              		.loc 1 145 1 view .LVU19
 133 0002 7047     		bx	lr
 134              		.cfi_endproc
 135              	.LFE133:
 137              		.section	.text.USER_ioctl,"ax",%progbits
 138              		.align	1
 139              		.global	USER_ioctl
 140              		.syntax unified
 141              		.thumb
 142              		.thumb_func
 143              		.fpu fpv4-sp-d16
 145              	USER_ioctl:
 146              	.LVL8:
 147              	.LFB134:
 146:FATFS/Target/user_diskio.c **** #endif /* _USE_WRITE == 1 */
 147:FATFS/Target/user_diskio.c **** 
ARM GAS  /var/folders/k2/cd9bl_j17z77g23y6ffqb_400000gn/T//ccCf0eOo.s 			page 6


 148:FATFS/Target/user_diskio.c **** /**
 149:FATFS/Target/user_diskio.c ****   * @brief  I/O control operation
 150:FATFS/Target/user_diskio.c ****   * @param  pdrv: Physical drive number (0..)
 151:FATFS/Target/user_diskio.c ****   * @param  cmd: Control code
 152:FATFS/Target/user_diskio.c ****   * @param  *buff: Buffer to send/receive control data
 153:FATFS/Target/user_diskio.c ****   * @retval DRESULT: Operation result
 154:FATFS/Target/user_diskio.c ****   */
 155:FATFS/Target/user_diskio.c **** #if _USE_IOCTL == 1
 156:FATFS/Target/user_diskio.c **** DRESULT USER_ioctl (
 157:FATFS/Target/user_diskio.c **** 	BYTE pdrv,      /* Physical drive nmuber (0..) */
 158:FATFS/Target/user_diskio.c **** 	BYTE cmd,       /* Control code */
 159:FATFS/Target/user_diskio.c **** 	void *buff      /* Buffer to send/receive control data */
 160:FATFS/Target/user_diskio.c **** )
 161:FATFS/Target/user_diskio.c **** {
 148              		.loc 1 161 1 is_stmt 1 view -0
 149              		.cfi_startproc
 150              		@ args = 0, pretend = 0, frame = 0
 151              		@ frame_needed = 0, uses_anonymous_args = 0
 152              		@ link register save eliminated.
 162:FATFS/Target/user_diskio.c ****   /* USER CODE BEGIN IOCTL */
 163:FATFS/Target/user_diskio.c ****     DRESULT res = RES_ERROR;
 153              		.loc 1 163 5 view .LVU21
 164:FATFS/Target/user_diskio.c ****     return res;
 154              		.loc 1 164 5 view .LVU22
 165:FATFS/Target/user_diskio.c ****   /* USER CODE END IOCTL */
 166:FATFS/Target/user_diskio.c **** }
 155              		.loc 1 166 1 is_stmt 0 view .LVU23
 156 0000 0120     		movs	r0, #1
 157              	.LVL9:
 158              		.loc 1 166 1 view .LVU24
 159 0002 7047     		bx	lr
 160              		.cfi_endproc
 161              	.LFE134:
 163              		.global	USER_Driver
 164              		.section	.data.Stat,"aw"
 165              		.set	.LANCHOR0,. + 0
 168              	Stat:
 169 0000 01       		.byte	1
 170              		.section	.data.USER_Driver,"aw"
 171              		.align	2
 174              	USER_Driver:
 175 0000 00000000 		.word	USER_initialize
 176 0004 00000000 		.word	USER_status
 177 0008 00000000 		.word	USER_read
 178 000c 00000000 		.word	USER_write
 179 0010 00000000 		.word	USER_ioctl
 180              		.text
 181              	.Letext0:
 182              		.file 2 "/Users/nhantt/STM32Cube/Repository/STM32Cube_FW_F4_V1.26.0/Middlewares/Third_Party/FatFs/
 183              		.file 3 "/Users/nhantt/STM32Cube/Repository/STM32Cube_FW_F4_V1.26.0/Middlewares/Third_Party/FatFs/
 184              		.file 4 "/Users/nhantt/STM32Cube/Repository/STM32Cube_FW_F4_V1.26.0/Middlewares/Third_Party/FatFs/
ARM GAS  /var/folders/k2/cd9bl_j17z77g23y6ffqb_400000gn/T//ccCf0eOo.s 			page 7


DEFINED SYMBOLS
                            *ABS*:0000000000000000 user_diskio.c
/var/folders/k2/cd9bl_j17z77g23y6ffqb_400000gn/T//ccCf0eOo.s:18     .text.USER_initialize:0000000000000000 $t
/var/folders/k2/cd9bl_j17z77g23y6ffqb_400000gn/T//ccCf0eOo.s:26     .text.USER_initialize:0000000000000000 USER_initialize
/var/folders/k2/cd9bl_j17z77g23y6ffqb_400000gn/T//ccCf0eOo.s:49     .text.USER_initialize:000000000000000c $d
/var/folders/k2/cd9bl_j17z77g23y6ffqb_400000gn/T//ccCf0eOo.s:54     .text.USER_status:0000000000000000 $t
/var/folders/k2/cd9bl_j17z77g23y6ffqb_400000gn/T//ccCf0eOo.s:61     .text.USER_status:0000000000000000 USER_status
/var/folders/k2/cd9bl_j17z77g23y6ffqb_400000gn/T//ccCf0eOo.s:83     .text.USER_status:000000000000000c $d
/var/folders/k2/cd9bl_j17z77g23y6ffqb_400000gn/T//ccCf0eOo.s:88     .text.USER_read:0000000000000000 $t
/var/folders/k2/cd9bl_j17z77g23y6ffqb_400000gn/T//ccCf0eOo.s:95     .text.USER_read:0000000000000000 USER_read
/var/folders/k2/cd9bl_j17z77g23y6ffqb_400000gn/T//ccCf0eOo.s:113    .text.USER_write:0000000000000000 $t
/var/folders/k2/cd9bl_j17z77g23y6ffqb_400000gn/T//ccCf0eOo.s:120    .text.USER_write:0000000000000000 USER_write
/var/folders/k2/cd9bl_j17z77g23y6ffqb_400000gn/T//ccCf0eOo.s:138    .text.USER_ioctl:0000000000000000 $t
/var/folders/k2/cd9bl_j17z77g23y6ffqb_400000gn/T//ccCf0eOo.s:145    .text.USER_ioctl:0000000000000000 USER_ioctl
/var/folders/k2/cd9bl_j17z77g23y6ffqb_400000gn/T//ccCf0eOo.s:174    .data.USER_Driver:0000000000000000 USER_Driver
/var/folders/k2/cd9bl_j17z77g23y6ffqb_400000gn/T//ccCf0eOo.s:168    .data.Stat:0000000000000000 Stat
/var/folders/k2/cd9bl_j17z77g23y6ffqb_400000gn/T//ccCf0eOo.s:171    .data.USER_Driver:0000000000000000 $d

NO UNDEFINED SYMBOLS
